ARM GAS  C:\Users\Vento\AppData\Local\Temp\cc87Es61.s 			page 1


   1              		.cpu cortex-m3
   2              		.eabi_attribute 20, 1
   3              		.eabi_attribute 21, 1
   4              		.eabi_attribute 23, 3
   5              		.eabi_attribute 24, 1
   6              		.eabi_attribute 25, 1
   7              		.eabi_attribute 26, 1
   8              		.eabi_attribute 30, 1
   9              		.eabi_attribute 34, 1
  10              		.eabi_attribute 18, 4
  11              		.file	"font.c"
  12              		.text
  13              	.Ltext0:
  14              		.cfi_sections	.debug_frame
  15              		.global	Font_11x18
  16              		.global	Font_7x10
  17              		.section	.data.Font_11x18,"aw"
  18              		.align	2
  21              	Font_11x18:
  22 0000 0B       		.byte	11
  23 0001 12       		.byte	18
  24 0002 0000     		.space	2
  25 0004 00000000 		.word	Font11x18
  26              		.section	.data.Font_7x10,"aw"
  27              		.align	2
  30              	Font_7x10:
  31 0000 07       		.byte	7
  32 0001 0A       		.byte	10
  33 0002 0000     		.space	2
  34 0004 00000000 		.word	Font7x10
  35              		.section	.rodata.Font11x18,"a"
  36              		.align	2
  39              	Font11x18:
  40 0000 0000     		.short	0
  41 0002 0000     		.short	0
  42 0004 0000     		.short	0
  43 0006 0000     		.short	0
  44 0008 0000     		.short	0
  45 000a 0000     		.short	0
  46 000c 0000     		.short	0
  47 000e 0000     		.short	0
  48 0010 0000     		.short	0
  49 0012 0000     		.short	0
  50 0014 0000     		.short	0
  51 0016 0000     		.short	0
  52 0018 0000     		.short	0
  53 001a 0000     		.short	0
  54 001c 0000     		.short	0
  55 001e 0000     		.short	0
  56 0020 0000     		.short	0
  57 0022 0000     		.short	0
  58 0024 0000     		.short	0
  59 0026 000C     		.short	3072
  60 0028 000C     		.short	3072
  61 002a 000C     		.short	3072
  62 002c 000C     		.short	3072
  63 002e 000C     		.short	3072
ARM GAS  C:\Users\Vento\AppData\Local\Temp\cc87Es61.s 			page 2


  64 0030 000C     		.short	3072
  65 0032 000C     		.short	3072
  66 0034 000C     		.short	3072
  67 0036 000C     		.short	3072
  68 0038 000C     		.short	3072
  69 003a 000C     		.short	3072
  70 003c 0000     		.short	0
  71 003e 000C     		.short	3072
  72 0040 000C     		.short	3072
  73 0042 0000     		.short	0
  74 0044 0000     		.short	0
  75 0046 0000     		.short	0
  76 0048 0000     		.short	0
  77 004a 001B     		.short	6912
  78 004c 001B     		.short	6912
  79 004e 001B     		.short	6912
  80 0050 001B     		.short	6912
  81 0052 001B     		.short	6912
  82 0054 0000     		.short	0
  83 0056 0000     		.short	0
  84 0058 0000     		.short	0
  85 005a 0000     		.short	0
  86 005c 0000     		.short	0
  87 005e 0000     		.short	0
  88 0060 0000     		.short	0
  89 0062 0000     		.short	0
  90 0064 0000     		.short	0
  91 0066 0000     		.short	0
  92 0068 0000     		.short	0
  93 006a 0000     		.short	0
  94 006c 0000     		.short	0
  95 006e 8019     		.short	6528
  96 0070 8019     		.short	6528
  97 0072 8019     		.short	6528
  98 0074 8019     		.short	6528
  99 0076 C07F     		.short	32704
 100 0078 C07F     		.short	32704
 101 007a 8019     		.short	6528
 102 007c 0033     		.short	13056
 103 007e C07F     		.short	32704
 104 0080 C07F     		.short	32704
 105 0082 0033     		.short	13056
 106 0084 0033     		.short	13056
 107 0086 0033     		.short	13056
 108 0088 0033     		.short	13056
 109 008a 0000     		.short	0
 110 008c 0000     		.short	0
 111 008e 0000     		.short	0
 112 0090 0000     		.short	0
 113 0092 001E     		.short	7680
 114 0094 003F     		.short	16128
 115 0096 8075     		.short	30080
 116 0098 8065     		.short	25984
 117 009a 0074     		.short	29696
 118 009c 003C     		.short	15360
 119 009e 001E     		.short	7680
 120 00a0 0007     		.short	1792
ARM GAS  C:\Users\Vento\AppData\Local\Temp\cc87Es61.s 			page 3


 121 00a2 8005     		.short	1408
 122 00a4 8065     		.short	25984
 123 00a6 8065     		.short	25984
 124 00a8 8075     		.short	30080
 125 00aa 003F     		.short	16128
 126 00ac 001E     		.short	7680
 127 00ae 0004     		.short	1024
 128 00b0 0004     		.short	1024
 129 00b2 0000     		.short	0
 130 00b4 0000     		.short	0
 131 00b6 0070     		.short	28672
 132 00b8 00D8     		.short	-10240
 133 00ba 40D8     		.short	-10176
 134 00bc C0D8     		.short	-10048
 135 00be 80D9     		.short	-9856
 136 00c0 0073     		.short	29440
 137 00c2 0006     		.short	1536
 138 00c4 000C     		.short	3072
 139 00c6 801B     		.short	7040
 140 00c8 C036     		.short	14016
 141 00ca C066     		.short	26304
 142 00cc C046     		.short	18112
 143 00ce C006     		.short	1728
 144 00d0 8003     		.short	896
 145 00d2 0000     		.short	0
 146 00d4 0000     		.short	0
 147 00d6 0000     		.short	0
 148 00d8 0000     		.short	0
 149 00da 001E     		.short	7680
 150 00dc 003F     		.short	16128
 151 00de 0033     		.short	13056
 152 00e0 0033     		.short	13056
 153 00e2 0033     		.short	13056
 154 00e4 001E     		.short	7680
 155 00e6 000C     		.short	3072
 156 00e8 C03C     		.short	15552
 157 00ea C066     		.short	26304
 158 00ec 8063     		.short	25472
 159 00ee 8061     		.short	24960
 160 00f0 8063     		.short	25472
 161 00f2 C03E     		.short	16064
 162 00f4 801C     		.short	7296
 163 00f6 0000     		.short	0
 164 00f8 0000     		.short	0
 165 00fa 0000     		.short	0
 166 00fc 0000     		.short	0
 167 00fe 000C     		.short	3072
 168 0100 000C     		.short	3072
 169 0102 000C     		.short	3072
 170 0104 000C     		.short	3072
 171 0106 000C     		.short	3072
 172 0108 0000     		.short	0
 173 010a 0000     		.short	0
 174 010c 0000     		.short	0
 175 010e 0000     		.short	0
 176 0110 0000     		.short	0
 177 0112 0000     		.short	0
ARM GAS  C:\Users\Vento\AppData\Local\Temp\cc87Es61.s 			page 4


 178 0114 0000     		.short	0
 179 0116 0000     		.short	0
 180 0118 0000     		.short	0
 181 011a 0000     		.short	0
 182 011c 0000     		.short	0
 183 011e 0000     		.short	0
 184 0120 8000     		.short	128
 185 0122 0001     		.short	256
 186 0124 0003     		.short	768
 187 0126 0006     		.short	1536
 188 0128 0006     		.short	1536
 189 012a 0004     		.short	1024
 190 012c 000C     		.short	3072
 191 012e 000C     		.short	3072
 192 0130 000C     		.short	3072
 193 0132 000C     		.short	3072
 194 0134 000C     		.short	3072
 195 0136 000C     		.short	3072
 196 0138 0004     		.short	1024
 197 013a 0006     		.short	1536
 198 013c 0006     		.short	1536
 199 013e 0003     		.short	768
 200 0140 0001     		.short	256
 201 0142 8000     		.short	128
 202 0144 0020     		.short	8192
 203 0146 0010     		.short	4096
 204 0148 0018     		.short	6144
 205 014a 000C     		.short	3072
 206 014c 000C     		.short	3072
 207 014e 0004     		.short	1024
 208 0150 0006     		.short	1536
 209 0152 0006     		.short	1536
 210 0154 0006     		.short	1536
 211 0156 0006     		.short	1536
 212 0158 0006     		.short	1536
 213 015a 0006     		.short	1536
 214 015c 0004     		.short	1024
 215 015e 000C     		.short	3072
 216 0160 000C     		.short	3072
 217 0162 0018     		.short	6144
 218 0164 0010     		.short	4096
 219 0166 0020     		.short	8192
 220 0168 0000     		.short	0
 221 016a 000C     		.short	3072
 222 016c 002D     		.short	11520
 223 016e 003F     		.short	16128
 224 0170 001E     		.short	7680
 225 0172 0033     		.short	13056
 226 0174 0000     		.short	0
 227 0176 0000     		.short	0
 228 0178 0000     		.short	0
 229 017a 0000     		.short	0
 230 017c 0000     		.short	0
 231 017e 0000     		.short	0
 232 0180 0000     		.short	0
 233 0182 0000     		.short	0
 234 0184 0000     		.short	0
ARM GAS  C:\Users\Vento\AppData\Local\Temp\cc87Es61.s 			page 5


 235 0186 0000     		.short	0
 236 0188 0000     		.short	0
 237 018a 0000     		.short	0
 238 018c 0000     		.short	0
 239 018e 0000     		.short	0
 240 0190 0000     		.short	0
 241 0192 000C     		.short	3072
 242 0194 000C     		.short	3072
 243 0196 000C     		.short	3072
 244 0198 000C     		.short	3072
 245 019a C0FF     		.short	-64
 246 019c C0FF     		.short	-64
 247 019e 000C     		.short	3072
 248 01a0 000C     		.short	3072
 249 01a2 000C     		.short	3072
 250 01a4 000C     		.short	3072
 251 01a6 0000     		.short	0
 252 01a8 0000     		.short	0
 253 01aa 0000     		.short	0
 254 01ac 0000     		.short	0
 255 01ae 0000     		.short	0
 256 01b0 0000     		.short	0
 257 01b2 0000     		.short	0
 258 01b4 0000     		.short	0
 259 01b6 0000     		.short	0
 260 01b8 0000     		.short	0
 261 01ba 0000     		.short	0
 262 01bc 0000     		.short	0
 263 01be 0000     		.short	0
 264 01c0 0000     		.short	0
 265 01c2 0000     		.short	0
 266 01c4 0000     		.short	0
 267 01c6 0000     		.short	0
 268 01c8 0000     		.short	0
 269 01ca 000C     		.short	3072
 270 01cc 000C     		.short	3072
 271 01ce 0004     		.short	1024
 272 01d0 0004     		.short	1024
 273 01d2 0008     		.short	2048
 274 01d4 0000     		.short	0
 275 01d6 0000     		.short	0
 276 01d8 0000     		.short	0
 277 01da 0000     		.short	0
 278 01dc 0000     		.short	0
 279 01de 0000     		.short	0
 280 01e0 0000     		.short	0
 281 01e2 0000     		.short	0
 282 01e4 0000     		.short	0
 283 01e6 001E     		.short	7680
 284 01e8 001E     		.short	7680
 285 01ea 0000     		.short	0
 286 01ec 0000     		.short	0
 287 01ee 0000     		.short	0
 288 01f0 0000     		.short	0
 289 01f2 0000     		.short	0
 290 01f4 0000     		.short	0
 291 01f6 0000     		.short	0
ARM GAS  C:\Users\Vento\AppData\Local\Temp\cc87Es61.s 			page 6


 292 01f8 0000     		.short	0
 293 01fa 0000     		.short	0
 294 01fc 0000     		.short	0
 295 01fe 0000     		.short	0
 296 0200 0000     		.short	0
 297 0202 0000     		.short	0
 298 0204 0000     		.short	0
 299 0206 0000     		.short	0
 300 0208 0000     		.short	0
 301 020a 0000     		.short	0
 302 020c 0000     		.short	0
 303 020e 0000     		.short	0
 304 0210 0000     		.short	0
 305 0212 000C     		.short	3072
 306 0214 000C     		.short	3072
 307 0216 0000     		.short	0
 308 0218 0000     		.short	0
 309 021a 0000     		.short	0
 310 021c 0000     		.short	0
 311 021e 0003     		.short	768
 312 0220 0003     		.short	768
 313 0222 0003     		.short	768
 314 0224 0006     		.short	1536
 315 0226 0006     		.short	1536
 316 0228 0006     		.short	1536
 317 022a 0006     		.short	1536
 318 022c 000C     		.short	3072
 319 022e 000C     		.short	3072
 320 0230 000C     		.short	3072
 321 0232 000C     		.short	3072
 322 0234 0018     		.short	6144
 323 0236 0018     		.short	6144
 324 0238 0018     		.short	6144
 325 023a 0000     		.short	0
 326 023c 0000     		.short	0
 327 023e 0000     		.short	0
 328 0240 0000     		.short	0
 329 0242 001E     		.short	7680
 330 0244 003F     		.short	16128
 331 0246 0033     		.short	13056
 332 0248 8061     		.short	24960
 333 024a 8061     		.short	24960
 334 024c 8061     		.short	24960
 335 024e 806D     		.short	28032
 336 0250 806D     		.short	28032
 337 0252 8061     		.short	24960
 338 0254 8061     		.short	24960
 339 0256 8061     		.short	24960
 340 0258 0033     		.short	13056
 341 025a 003F     		.short	16128
 342 025c 001E     		.short	7680
 343 025e 0000     		.short	0
 344 0260 0000     		.short	0
 345 0262 0000     		.short	0
 346 0264 0000     		.short	0
 347 0266 0006     		.short	1536
 348 0268 000E     		.short	3584
ARM GAS  C:\Users\Vento\AppData\Local\Temp\cc87Es61.s 			page 7


 349 026a 001E     		.short	7680
 350 026c 0036     		.short	13824
 351 026e 0026     		.short	9728
 352 0270 0006     		.short	1536
 353 0272 0006     		.short	1536
 354 0274 0006     		.short	1536
 355 0276 0006     		.short	1536
 356 0278 0006     		.short	1536
 357 027a 0006     		.short	1536
 358 027c 0006     		.short	1536
 359 027e 0006     		.short	1536
 360 0280 0006     		.short	1536
 361 0282 0000     		.short	0
 362 0284 0000     		.short	0
 363 0286 0000     		.short	0
 364 0288 0000     		.short	0
 365 028a 001E     		.short	7680
 366 028c 003F     		.short	16128
 367 028e 8073     		.short	29568
 368 0290 8061     		.short	24960
 369 0292 8061     		.short	24960
 370 0294 8001     		.short	384
 371 0296 0003     		.short	768
 372 0298 0006     		.short	1536
 373 029a 000C     		.short	3072
 374 029c 0018     		.short	6144
 375 029e 0030     		.short	12288
 376 02a0 0060     		.short	24576
 377 02a2 807F     		.short	32640
 378 02a4 807F     		.short	32640
 379 02a6 0000     		.short	0
 380 02a8 0000     		.short	0
 381 02aa 0000     		.short	0
 382 02ac 0000     		.short	0
 383 02ae 001C     		.short	7168
 384 02b0 003E     		.short	15872
 385 02b2 0063     		.short	25344
 386 02b4 0063     		.short	25344
 387 02b6 0003     		.short	768
 388 02b8 000E     		.short	3584
 389 02ba 000E     		.short	3584
 390 02bc 0003     		.short	768
 391 02be 8001     		.short	384
 392 02c0 8001     		.short	384
 393 02c2 8061     		.short	24960
 394 02c4 8073     		.short	29568
 395 02c6 003F     		.short	16128
 396 02c8 001E     		.short	7680
 397 02ca 0000     		.short	0
 398 02cc 0000     		.short	0
 399 02ce 0000     		.short	0
 400 02d0 0000     		.short	0
 401 02d2 0006     		.short	1536
 402 02d4 000E     		.short	3584
 403 02d6 000E     		.short	3584
 404 02d8 001E     		.short	7680
 405 02da 001E     		.short	7680
ARM GAS  C:\Users\Vento\AppData\Local\Temp\cc87Es61.s 			page 8


 406 02dc 0016     		.short	5632
 407 02de 0036     		.short	13824
 408 02e0 0036     		.short	13824
 409 02e2 0066     		.short	26112
 410 02e4 807F     		.short	32640
 411 02e6 807F     		.short	32640
 412 02e8 0006     		.short	1536
 413 02ea 0006     		.short	1536
 414 02ec 0006     		.short	1536
 415 02ee 0000     		.short	0
 416 02f0 0000     		.short	0
 417 02f2 0000     		.short	0
 418 02f4 0000     		.short	0
 419 02f6 007F     		.short	32512
 420 02f8 007F     		.short	32512
 421 02fa 0060     		.short	24576
 422 02fc 0060     		.short	24576
 423 02fe 0060     		.short	24576
 424 0300 006E     		.short	28160
 425 0302 007F     		.short	32512
 426 0304 8063     		.short	25472
 427 0306 8001     		.short	384
 428 0308 8001     		.short	384
 429 030a 8061     		.short	24960
 430 030c 8073     		.short	29568
 431 030e 003F     		.short	16128
 432 0310 001E     		.short	7680
 433 0312 0000     		.short	0
 434 0314 0000     		.short	0
 435 0316 0000     		.short	0
 436 0318 0000     		.short	0
 437 031a 001E     		.short	7680
 438 031c 003F     		.short	16128
 439 031e 8033     		.short	13184
 440 0320 8061     		.short	24960
 441 0322 0060     		.short	24576
 442 0324 006E     		.short	28160
 443 0326 007F     		.short	32512
 444 0328 8073     		.short	29568
 445 032a 8061     		.short	24960
 446 032c 8061     		.short	24960
 447 032e 8061     		.short	24960
 448 0330 8033     		.short	13184
 449 0332 003F     		.short	16128
 450 0334 001E     		.short	7680
 451 0336 0000     		.short	0
 452 0338 0000     		.short	0
 453 033a 0000     		.short	0
 454 033c 0000     		.short	0
 455 033e 807F     		.short	32640
 456 0340 807F     		.short	32640
 457 0342 8001     		.short	384
 458 0344 0003     		.short	768
 459 0346 0003     		.short	768
 460 0348 0006     		.short	1536
 461 034a 0006     		.short	1536
 462 034c 000C     		.short	3072
ARM GAS  C:\Users\Vento\AppData\Local\Temp\cc87Es61.s 			page 9


 463 034e 000C     		.short	3072
 464 0350 000C     		.short	3072
 465 0352 0008     		.short	2048
 466 0354 0018     		.short	6144
 467 0356 0018     		.short	6144
 468 0358 0018     		.short	6144
 469 035a 0000     		.short	0
 470 035c 0000     		.short	0
 471 035e 0000     		.short	0
 472 0360 0000     		.short	0
 473 0362 001E     		.short	7680
 474 0364 003F     		.short	16128
 475 0366 8063     		.short	25472
 476 0368 8061     		.short	24960
 477 036a 8061     		.short	24960
 478 036c 0021     		.short	8448
 479 036e 001E     		.short	7680
 480 0370 003F     		.short	16128
 481 0372 8061     		.short	24960
 482 0374 8061     		.short	24960
 483 0376 8061     		.short	24960
 484 0378 8061     		.short	24960
 485 037a 003F     		.short	16128
 486 037c 001E     		.short	7680
 487 037e 0000     		.short	0
 488 0380 0000     		.short	0
 489 0382 0000     		.short	0
 490 0384 0000     		.short	0
 491 0386 001E     		.short	7680
 492 0388 003F     		.short	16128
 493 038a 0073     		.short	29440
 494 038c 8061     		.short	24960
 495 038e 8061     		.short	24960
 496 0390 8061     		.short	24960
 497 0392 8073     		.short	29568
 498 0394 803F     		.short	16256
 499 0396 801D     		.short	7552
 500 0398 8001     		.short	384
 501 039a 8061     		.short	24960
 502 039c 0073     		.short	29440
 503 039e 003F     		.short	16128
 504 03a0 001E     		.short	7680
 505 03a2 0000     		.short	0
 506 03a4 0000     		.short	0
 507 03a6 0000     		.short	0
 508 03a8 0000     		.short	0
 509 03aa 0000     		.short	0
 510 03ac 0000     		.short	0
 511 03ae 0000     		.short	0
 512 03b0 0000     		.short	0
 513 03b2 000C     		.short	3072
 514 03b4 000C     		.short	3072
 515 03b6 0000     		.short	0
 516 03b8 0000     		.short	0
 517 03ba 0000     		.short	0
 518 03bc 0000     		.short	0
 519 03be 0000     		.short	0
ARM GAS  C:\Users\Vento\AppData\Local\Temp\cc87Es61.s 			page 10


 520 03c0 0000     		.short	0
 521 03c2 000C     		.short	3072
 522 03c4 000C     		.short	3072
 523 03c6 0000     		.short	0
 524 03c8 0000     		.short	0
 525 03ca 0000     		.short	0
 526 03cc 0000     		.short	0
 527 03ce 0000     		.short	0
 528 03d0 0000     		.short	0
 529 03d2 0000     		.short	0
 530 03d4 0000     		.short	0
 531 03d6 0000     		.short	0
 532 03d8 000C     		.short	3072
 533 03da 000C     		.short	3072
 534 03dc 0000     		.short	0
 535 03de 0000     		.short	0
 536 03e0 0000     		.short	0
 537 03e2 0000     		.short	0
 538 03e4 0000     		.short	0
 539 03e6 000C     		.short	3072
 540 03e8 000C     		.short	3072
 541 03ea 0004     		.short	1024
 542 03ec 0004     		.short	1024
 543 03ee 0008     		.short	2048
 544 03f0 0000     		.short	0
 545 03f2 0000     		.short	0
 546 03f4 0000     		.short	0
 547 03f6 0000     		.short	0
 548 03f8 8000     		.short	128
 549 03fa 8003     		.short	896
 550 03fc 000E     		.short	3584
 551 03fe 0038     		.short	14336
 552 0400 0060     		.short	24576
 553 0402 0038     		.short	14336
 554 0404 000E     		.short	3584
 555 0406 8003     		.short	896
 556 0408 8000     		.short	128
 557 040a 0000     		.short	0
 558 040c 0000     		.short	0
 559 040e 0000     		.short	0
 560 0410 0000     		.short	0
 561 0412 0000     		.short	0
 562 0414 0000     		.short	0
 563 0416 0000     		.short	0
 564 0418 0000     		.short	0
 565 041a 0000     		.short	0
 566 041c 0000     		.short	0
 567 041e 807F     		.short	32640
 568 0420 807F     		.short	32640
 569 0422 0000     		.short	0
 570 0424 0000     		.short	0
 571 0426 807F     		.short	32640
 572 0428 807F     		.short	32640
 573 042a 0000     		.short	0
 574 042c 0000     		.short	0
 575 042e 0000     		.short	0
 576 0430 0000     		.short	0
ARM GAS  C:\Users\Vento\AppData\Local\Temp\cc87Es61.s 			page 11


 577 0432 0000     		.short	0
 578 0434 0000     		.short	0
 579 0436 0000     		.short	0
 580 0438 0000     		.short	0
 581 043a 0000     		.short	0
 582 043c 0000     		.short	0
 583 043e 0000     		.short	0
 584 0440 0040     		.short	16384
 585 0442 0070     		.short	28672
 586 0444 001C     		.short	7168
 587 0446 0007     		.short	1792
 588 0448 8001     		.short	384
 589 044a 0007     		.short	1792
 590 044c 001C     		.short	7168
 591 044e 0070     		.short	28672
 592 0450 0040     		.short	16384
 593 0452 0000     		.short	0
 594 0454 0000     		.short	0
 595 0456 0000     		.short	0
 596 0458 0000     		.short	0
 597 045a 0000     		.short	0
 598 045c 0000     		.short	0
 599 045e 001F     		.short	7936
 600 0460 803F     		.short	16256
 601 0462 C071     		.short	29120
 602 0464 C060     		.short	24768
 603 0466 C000     		.short	192
 604 0468 C001     		.short	448
 605 046a 8003     		.short	896
 606 046c 0007     		.short	1792
 607 046e 000E     		.short	3584
 608 0470 000C     		.short	3072
 609 0472 000C     		.short	3072
 610 0474 0000     		.short	0
 611 0476 000C     		.short	3072
 612 0478 000C     		.short	3072
 613 047a 0000     		.short	0
 614 047c 0000     		.short	0
 615 047e 0000     		.short	0
 616 0480 0000     		.short	0
 617 0482 001E     		.short	7680
 618 0484 003F     		.short	16128
 619 0486 8031     		.short	12672
 620 0488 8071     		.short	29056
 621 048a 8063     		.short	25472
 622 048c 806F     		.short	28544
 623 048e 806D     		.short	28032
 624 0490 806D     		.short	28032
 625 0492 806F     		.short	28544
 626 0494 8067     		.short	26496
 627 0496 0060     		.short	24576
 628 0498 0032     		.short	12800
 629 049a 003E     		.short	15872
 630 049c 001C     		.short	7168
 631 049e 0000     		.short	0
 632 04a0 0000     		.short	0
 633 04a2 0000     		.short	0
ARM GAS  C:\Users\Vento\AppData\Local\Temp\cc87Es61.s 			page 12


 634 04a4 0000     		.short	0
 635 04a6 000E     		.short	3584
 636 04a8 000E     		.short	3584
 637 04aa 001B     		.short	6912
 638 04ac 001B     		.short	6912
 639 04ae 001B     		.short	6912
 640 04b0 001B     		.short	6912
 641 04b2 8031     		.short	12672
 642 04b4 8031     		.short	12672
 643 04b6 803F     		.short	16256
 644 04b8 803F     		.short	16256
 645 04ba 8031     		.short	12672
 646 04bc C060     		.short	24768
 647 04be C060     		.short	24768
 648 04c0 C060     		.short	24768
 649 04c2 0000     		.short	0
 650 04c4 0000     		.short	0
 651 04c6 0000     		.short	0
 652 04c8 0000     		.short	0
 653 04ca 007C     		.short	31744
 654 04cc 007E     		.short	32256
 655 04ce 0063     		.short	25344
 656 04d0 0063     		.short	25344
 657 04d2 0063     		.short	25344
 658 04d4 0063     		.short	25344
 659 04d6 007E     		.short	32256
 660 04d8 007E     		.short	32256
 661 04da 0063     		.short	25344
 662 04dc 8061     		.short	24960
 663 04de 8061     		.short	24960
 664 04e0 8063     		.short	25472
 665 04e2 007F     		.short	32512
 666 04e4 007E     		.short	32256
 667 04e6 0000     		.short	0
 668 04e8 0000     		.short	0
 669 04ea 0000     		.short	0
 670 04ec 0000     		.short	0
 671 04ee 001E     		.short	7680
 672 04f0 003F     		.short	16128
 673 04f2 8031     		.short	12672
 674 04f4 8061     		.short	24960
 675 04f6 0060     		.short	24576
 676 04f8 0060     		.short	24576
 677 04fa 0060     		.short	24576
 678 04fc 0060     		.short	24576
 679 04fe 0060     		.short	24576
 680 0500 0060     		.short	24576
 681 0502 8061     		.short	24960
 682 0504 8031     		.short	12672
 683 0506 003F     		.short	16128
 684 0508 001E     		.short	7680
 685 050a 0000     		.short	0
 686 050c 0000     		.short	0
 687 050e 0000     		.short	0
 688 0510 0000     		.short	0
 689 0512 007C     		.short	31744
 690 0514 007F     		.short	32512
ARM GAS  C:\Users\Vento\AppData\Local\Temp\cc87Es61.s 			page 13


 691 0516 0063     		.short	25344
 692 0518 8063     		.short	25472
 693 051a 8061     		.short	24960
 694 051c 8061     		.short	24960
 695 051e 8061     		.short	24960
 696 0520 8061     		.short	24960
 697 0522 8061     		.short	24960
 698 0524 8061     		.short	24960
 699 0526 0063     		.short	25344
 700 0528 0063     		.short	25344
 701 052a 007E     		.short	32256
 702 052c 007C     		.short	31744
 703 052e 0000     		.short	0
 704 0530 0000     		.short	0
 705 0532 0000     		.short	0
 706 0534 0000     		.short	0
 707 0536 807F     		.short	32640
 708 0538 807F     		.short	32640
 709 053a 0060     		.short	24576
 710 053c 0060     		.short	24576
 711 053e 0060     		.short	24576
 712 0540 0060     		.short	24576
 713 0542 007F     		.short	32512
 714 0544 007F     		.short	32512
 715 0546 0060     		.short	24576
 716 0548 0060     		.short	24576
 717 054a 0060     		.short	24576
 718 054c 0060     		.short	24576
 719 054e 807F     		.short	32640
 720 0550 807F     		.short	32640
 721 0552 0000     		.short	0
 722 0554 0000     		.short	0
 723 0556 0000     		.short	0
 724 0558 0000     		.short	0
 725 055a 807F     		.short	32640
 726 055c 807F     		.short	32640
 727 055e 0060     		.short	24576
 728 0560 0060     		.short	24576
 729 0562 0060     		.short	24576
 730 0564 0060     		.short	24576
 731 0566 007F     		.short	32512
 732 0568 007F     		.short	32512
 733 056a 0060     		.short	24576
 734 056c 0060     		.short	24576
 735 056e 0060     		.short	24576
 736 0570 0060     		.short	24576
 737 0572 0060     		.short	24576
 738 0574 0060     		.short	24576
 739 0576 0000     		.short	0
 740 0578 0000     		.short	0
 741 057a 0000     		.short	0
 742 057c 0000     		.short	0
 743 057e 001E     		.short	7680
 744 0580 003F     		.short	16128
 745 0582 8031     		.short	12672
 746 0584 8061     		.short	24960
 747 0586 0060     		.short	24576
ARM GAS  C:\Users\Vento\AppData\Local\Temp\cc87Es61.s 			page 14


 748 0588 0060     		.short	24576
 749 058a 0060     		.short	24576
 750 058c 8063     		.short	25472
 751 058e 8063     		.short	25472
 752 0590 8061     		.short	24960
 753 0592 8061     		.short	24960
 754 0594 8031     		.short	12672
 755 0596 803F     		.short	16256
 756 0598 001E     		.short	7680
 757 059a 0000     		.short	0
 758 059c 0000     		.short	0
 759 059e 0000     		.short	0
 760 05a0 0000     		.short	0
 761 05a2 8061     		.short	24960
 762 05a4 8061     		.short	24960
 763 05a6 8061     		.short	24960
 764 05a8 8061     		.short	24960
 765 05aa 8061     		.short	24960
 766 05ac 8061     		.short	24960
 767 05ae 807F     		.short	32640
 768 05b0 807F     		.short	32640
 769 05b2 8061     		.short	24960
 770 05b4 8061     		.short	24960
 771 05b6 8061     		.short	24960
 772 05b8 8061     		.short	24960
 773 05ba 8061     		.short	24960
 774 05bc 8061     		.short	24960
 775 05be 0000     		.short	0
 776 05c0 0000     		.short	0
 777 05c2 0000     		.short	0
 778 05c4 0000     		.short	0
 779 05c6 003F     		.short	16128
 780 05c8 003F     		.short	16128
 781 05ca 000C     		.short	3072
 782 05cc 000C     		.short	3072
 783 05ce 000C     		.short	3072
 784 05d0 000C     		.short	3072
 785 05d2 000C     		.short	3072
 786 05d4 000C     		.short	3072
 787 05d6 000C     		.short	3072
 788 05d8 000C     		.short	3072
 789 05da 000C     		.short	3072
 790 05dc 000C     		.short	3072
 791 05de 003F     		.short	16128
 792 05e0 003F     		.short	16128
 793 05e2 0000     		.short	0
 794 05e4 0000     		.short	0
 795 05e6 0000     		.short	0
 796 05e8 0000     		.short	0
 797 05ea 8001     		.short	384
 798 05ec 8001     		.short	384
 799 05ee 8001     		.short	384
 800 05f0 8001     		.short	384
 801 05f2 8001     		.short	384
 802 05f4 8001     		.short	384
 803 05f6 8001     		.short	384
 804 05f8 8001     		.short	384
ARM GAS  C:\Users\Vento\AppData\Local\Temp\cc87Es61.s 			page 15


 805 05fa 8001     		.short	384
 806 05fc 8061     		.short	24960
 807 05fe 8061     		.short	24960
 808 0600 8073     		.short	29568
 809 0602 003F     		.short	16128
 810 0604 001E     		.short	7680
 811 0606 0000     		.short	0
 812 0608 0000     		.short	0
 813 060a 0000     		.short	0
 814 060c 0000     		.short	0
 815 060e C060     		.short	24768
 816 0610 8061     		.short	24960
 817 0612 0063     		.short	25344
 818 0614 0066     		.short	26112
 819 0616 0066     		.short	26112
 820 0618 006C     		.short	27648
 821 061a 0078     		.short	30720
 822 061c 007C     		.short	31744
 823 061e 0066     		.short	26112
 824 0620 0066     		.short	26112
 825 0622 0063     		.short	25344
 826 0624 8061     		.short	24960
 827 0626 8061     		.short	24960
 828 0628 C060     		.short	24768
 829 062a 0000     		.short	0
 830 062c 0000     		.short	0
 831 062e 0000     		.short	0
 832 0630 0000     		.short	0
 833 0632 0060     		.short	24576
 834 0634 0060     		.short	24576
 835 0636 0060     		.short	24576
 836 0638 0060     		.short	24576
 837 063a 0060     		.short	24576
 838 063c 0060     		.short	24576
 839 063e 0060     		.short	24576
 840 0640 0060     		.short	24576
 841 0642 0060     		.short	24576
 842 0644 0060     		.short	24576
 843 0646 0060     		.short	24576
 844 0648 0060     		.short	24576
 845 064a 807F     		.short	32640
 846 064c 807F     		.short	32640
 847 064e 0000     		.short	0
 848 0650 0000     		.short	0
 849 0652 0000     		.short	0
 850 0654 0000     		.short	0
 851 0656 C071     		.short	29120
 852 0658 C071     		.short	29120
 853 065a C07B     		.short	31680
 854 065c C07A     		.short	31424
 855 065e C06A     		.short	27328
 856 0660 C06A     		.short	27328
 857 0662 C06E     		.short	28352
 858 0664 C064     		.short	25792
 859 0666 C060     		.short	24768
 860 0668 C060     		.short	24768
 861 066a C060     		.short	24768
ARM GAS  C:\Users\Vento\AppData\Local\Temp\cc87Es61.s 			page 16


 862 066c C060     		.short	24768
 863 066e C060     		.short	24768
 864 0670 C060     		.short	24768
 865 0672 0000     		.short	0
 866 0674 0000     		.short	0
 867 0676 0000     		.short	0
 868 0678 0000     		.short	0
 869 067a 8071     		.short	29056
 870 067c 8071     		.short	29056
 871 067e 8079     		.short	31104
 872 0680 8079     		.short	31104
 873 0682 8079     		.short	31104
 874 0684 806D     		.short	28032
 875 0686 806D     		.short	28032
 876 0688 806D     		.short	28032
 877 068a 8065     		.short	25984
 878 068c 8067     		.short	26496
 879 068e 8067     		.short	26496
 880 0690 8067     		.short	26496
 881 0692 8063     		.short	25472
 882 0694 8063     		.short	25472
 883 0696 0000     		.short	0
 884 0698 0000     		.short	0
 885 069a 0000     		.short	0
 886 069c 0000     		.short	0
 887 069e 001E     		.short	7680
 888 06a0 003F     		.short	16128
 889 06a2 0033     		.short	13056
 890 06a4 8061     		.short	24960
 891 06a6 8061     		.short	24960
 892 06a8 8061     		.short	24960
 893 06aa 8061     		.short	24960
 894 06ac 8061     		.short	24960
 895 06ae 8061     		.short	24960
 896 06b0 8061     		.short	24960
 897 06b2 8061     		.short	24960
 898 06b4 0033     		.short	13056
 899 06b6 003F     		.short	16128
 900 06b8 001E     		.short	7680
 901 06ba 0000     		.short	0
 902 06bc 0000     		.short	0
 903 06be 0000     		.short	0
 904 06c0 0000     		.short	0
 905 06c2 007E     		.short	32256
 906 06c4 007F     		.short	32512
 907 06c6 8063     		.short	25472
 908 06c8 8061     		.short	24960
 909 06ca 8061     		.short	24960
 910 06cc 8061     		.short	24960
 911 06ce 8063     		.short	25472
 912 06d0 007F     		.short	32512
 913 06d2 007E     		.short	32256
 914 06d4 0060     		.short	24576
 915 06d6 0060     		.short	24576
 916 06d8 0060     		.short	24576
 917 06da 0060     		.short	24576
 918 06dc 0060     		.short	24576
ARM GAS  C:\Users\Vento\AppData\Local\Temp\cc87Es61.s 			page 17


 919 06de 0000     		.short	0
 920 06e0 0000     		.short	0
 921 06e2 0000     		.short	0
 922 06e4 0000     		.short	0
 923 06e6 001E     		.short	7680
 924 06e8 003F     		.short	16128
 925 06ea 0033     		.short	13056
 926 06ec 8061     		.short	24960
 927 06ee 8061     		.short	24960
 928 06f0 8061     		.short	24960
 929 06f2 8061     		.short	24960
 930 06f4 8061     		.short	24960
 931 06f6 8061     		.short	24960
 932 06f8 8065     		.short	25984
 933 06fa 8067     		.short	26496
 934 06fc 0033     		.short	13056
 935 06fe 803F     		.short	16256
 936 0700 401E     		.short	7744
 937 0702 0000     		.short	0
 938 0704 0000     		.short	0
 939 0706 0000     		.short	0
 940 0708 0000     		.short	0
 941 070a 007E     		.short	32256
 942 070c 007F     		.short	32512
 943 070e 8063     		.short	25472
 944 0710 8061     		.short	24960
 945 0712 8061     		.short	24960
 946 0714 8063     		.short	25472
 947 0716 007F     		.short	32512
 948 0718 007E     		.short	32256
 949 071a 0066     		.short	26112
 950 071c 0063     		.short	25344
 951 071e 0063     		.short	25344
 952 0720 8061     		.short	24960
 953 0722 8061     		.short	24960
 954 0724 C060     		.short	24768
 955 0726 0000     		.short	0
 956 0728 0000     		.short	0
 957 072a 0000     		.short	0
 958 072c 0000     		.short	0
 959 072e 000E     		.short	3584
 960 0730 001F     		.short	7936
 961 0732 8031     		.short	12672
 962 0734 8031     		.short	12672
 963 0736 0030     		.short	12288
 964 0738 0038     		.short	14336
 965 073a 001E     		.short	7680
 966 073c 0007     		.short	1792
 967 073e 8003     		.short	896
 968 0740 8061     		.short	24960
 969 0742 8061     		.short	24960
 970 0744 8031     		.short	12672
 971 0746 003F     		.short	16128
 972 0748 001E     		.short	7680
 973 074a 0000     		.short	0
 974 074c 0000     		.short	0
 975 074e 0000     		.short	0
ARM GAS  C:\Users\Vento\AppData\Local\Temp\cc87Es61.s 			page 18


 976 0750 0000     		.short	0
 977 0752 C0FF     		.short	-64
 978 0754 C0FF     		.short	-64
 979 0756 000C     		.short	3072
 980 0758 000C     		.short	3072
 981 075a 000C     		.short	3072
 982 075c 000C     		.short	3072
 983 075e 000C     		.short	3072
 984 0760 000C     		.short	3072
 985 0762 000C     		.short	3072
 986 0764 000C     		.short	3072
 987 0766 000C     		.short	3072
 988 0768 000C     		.short	3072
 989 076a 000C     		.short	3072
 990 076c 000C     		.short	3072
 991 076e 0000     		.short	0
 992 0770 0000     		.short	0
 993 0772 0000     		.short	0
 994 0774 0000     		.short	0
 995 0776 8061     		.short	24960
 996 0778 8061     		.short	24960
 997 077a 8061     		.short	24960
 998 077c 8061     		.short	24960
 999 077e 8061     		.short	24960
 1000 0780 8061     		.short	24960
 1001 0782 8061     		.short	24960
 1002 0784 8061     		.short	24960
 1003 0786 8061     		.short	24960
 1004 0788 8061     		.short	24960
 1005 078a 8061     		.short	24960
 1006 078c 8073     		.short	29568
 1007 078e 003F     		.short	16128
 1008 0790 001E     		.short	7680
 1009 0792 0000     		.short	0
 1010 0794 0000     		.short	0
 1011 0796 0000     		.short	0
 1012 0798 0000     		.short	0
 1013 079a C060     		.short	24768
 1014 079c C060     		.short	24768
 1015 079e C060     		.short	24768
 1016 07a0 8031     		.short	12672
 1017 07a2 8031     		.short	12672
 1018 07a4 8031     		.short	12672
 1019 07a6 001B     		.short	6912
 1020 07a8 001B     		.short	6912
 1021 07aa 001B     		.short	6912
 1022 07ac 001B     		.short	6912
 1023 07ae 000E     		.short	3584
 1024 07b0 000E     		.short	3584
 1025 07b2 000E     		.short	3584
 1026 07b4 0004     		.short	1024
 1027 07b6 0000     		.short	0
 1028 07b8 0000     		.short	0
 1029 07ba 0000     		.short	0
 1030 07bc 0000     		.short	0
 1031 07be C0C0     		.short	-16192
 1032 07c0 C0C0     		.short	-16192
ARM GAS  C:\Users\Vento\AppData\Local\Temp\cc87Es61.s 			page 19


 1033 07c2 C0C0     		.short	-16192
 1034 07c4 C0C0     		.short	-16192
 1035 07c6 C0C0     		.short	-16192
 1036 07c8 C0CC     		.short	-13120
 1037 07ca 804C     		.short	19584
 1038 07cc 804C     		.short	19584
 1039 07ce 805E     		.short	24192
 1040 07d0 8052     		.short	21120
 1041 07d2 8052     		.short	21120
 1042 07d4 8073     		.short	29568
 1043 07d6 8061     		.short	24960
 1044 07d8 8061     		.short	24960
 1045 07da 0000     		.short	0
 1046 07dc 0000     		.short	0
 1047 07de 0000     		.short	0
 1048 07e0 0000     		.short	0
 1049 07e2 C0C0     		.short	-16192
 1050 07e4 8060     		.short	24704
 1051 07e6 8061     		.short	24960
 1052 07e8 0033     		.short	13056
 1053 07ea 003B     		.short	15104
 1054 07ec 001E     		.short	7680
 1055 07ee 000C     		.short	3072
 1056 07f0 000C     		.short	3072
 1057 07f2 001E     		.short	7680
 1058 07f4 001F     		.short	7936
 1059 07f6 003B     		.short	15104
 1060 07f8 8071     		.short	29056
 1061 07fa 8061     		.short	24960
 1062 07fc C0C0     		.short	-16192
 1063 07fe 0000     		.short	0
 1064 0800 0000     		.short	0
 1065 0802 0000     		.short	0
 1066 0804 0000     		.short	0
 1067 0806 C0C0     		.short	-16192
 1068 0808 8061     		.short	24960
 1069 080a 8061     		.short	24960
 1070 080c 0033     		.short	13056
 1071 080e 0033     		.short	13056
 1072 0810 001E     		.short	7680
 1073 0812 001E     		.short	7680
 1074 0814 000C     		.short	3072
 1075 0816 000C     		.short	3072
 1076 0818 000C     		.short	3072
 1077 081a 000C     		.short	3072
 1078 081c 000C     		.short	3072
 1079 081e 000C     		.short	3072
 1080 0820 000C     		.short	3072
 1081 0822 0000     		.short	0
 1082 0824 0000     		.short	0
 1083 0826 0000     		.short	0
 1084 0828 0000     		.short	0
 1085 082a 803F     		.short	16256
 1086 082c 803F     		.short	16256
 1087 082e 8001     		.short	384
 1088 0830 0003     		.short	768
 1089 0832 0003     		.short	768
ARM GAS  C:\Users\Vento\AppData\Local\Temp\cc87Es61.s 			page 20


 1090 0834 0006     		.short	1536
 1091 0836 000C     		.short	3072
 1092 0838 000C     		.short	3072
 1093 083a 0018     		.short	6144
 1094 083c 0018     		.short	6144
 1095 083e 0030     		.short	12288
 1096 0840 0060     		.short	24576
 1097 0842 807F     		.short	32640
 1098 0844 807F     		.short	32640
 1099 0846 0000     		.short	0
 1100 0848 0000     		.short	0
 1101 084a 0000     		.short	0
 1102 084c 000F     		.short	3840
 1103 084e 000F     		.short	3840
 1104 0850 000C     		.short	3072
 1105 0852 000C     		.short	3072
 1106 0854 000C     		.short	3072
 1107 0856 000C     		.short	3072
 1108 0858 000C     		.short	3072
 1109 085a 000C     		.short	3072
 1110 085c 000C     		.short	3072
 1111 085e 000C     		.short	3072
 1112 0860 000C     		.short	3072
 1113 0862 000C     		.short	3072
 1114 0864 000C     		.short	3072
 1115 0866 000C     		.short	3072
 1116 0868 000C     		.short	3072
 1117 086a 000C     		.short	3072
 1118 086c 000F     		.short	3840
 1119 086e 000F     		.short	3840
 1120 0870 0000     		.short	0
 1121 0872 0018     		.short	6144
 1122 0874 0018     		.short	6144
 1123 0876 0018     		.short	6144
 1124 0878 000C     		.short	3072
 1125 087a 000C     		.short	3072
 1126 087c 000C     		.short	3072
 1127 087e 000C     		.short	3072
 1128 0880 0006     		.short	1536
 1129 0882 0006     		.short	1536
 1130 0884 0006     		.short	1536
 1131 0886 0006     		.short	1536
 1132 0888 0003     		.short	768
 1133 088a 0003     		.short	768
 1134 088c 0003     		.short	768
 1135 088e 0000     		.short	0
 1136 0890 0000     		.short	0
 1137 0892 0000     		.short	0
 1138 0894 001E     		.short	7680
 1139 0896 001E     		.short	7680
 1140 0898 0006     		.short	1536
 1141 089a 0006     		.short	1536
 1142 089c 0006     		.short	1536
 1143 089e 0006     		.short	1536
 1144 08a0 0006     		.short	1536
 1145 08a2 0006     		.short	1536
 1146 08a4 0006     		.short	1536
ARM GAS  C:\Users\Vento\AppData\Local\Temp\cc87Es61.s 			page 21


 1147 08a6 0006     		.short	1536
 1148 08a8 0006     		.short	1536
 1149 08aa 0006     		.short	1536
 1150 08ac 0006     		.short	1536
 1151 08ae 0006     		.short	1536
 1152 08b0 0006     		.short	1536
 1153 08b2 0006     		.short	1536
 1154 08b4 001E     		.short	7680
 1155 08b6 001E     		.short	7680
 1156 08b8 0000     		.short	0
 1157 08ba 000C     		.short	3072
 1158 08bc 000C     		.short	3072
 1159 08be 001E     		.short	7680
 1160 08c0 0012     		.short	4608
 1161 08c2 0033     		.short	13056
 1162 08c4 0033     		.short	13056
 1163 08c6 8061     		.short	24960
 1164 08c8 8061     		.short	24960
 1165 08ca 0000     		.short	0
 1166 08cc 0000     		.short	0
 1167 08ce 0000     		.short	0
 1168 08d0 0000     		.short	0
 1169 08d2 0000     		.short	0
 1170 08d4 0000     		.short	0
 1171 08d6 0000     		.short	0
 1172 08d8 0000     		.short	0
 1173 08da 0000     		.short	0
 1174 08dc 0000     		.short	0
 1175 08de 0000     		.short	0
 1176 08e0 0000     		.short	0
 1177 08e2 0000     		.short	0
 1178 08e4 0000     		.short	0
 1179 08e6 0000     		.short	0
 1180 08e8 0000     		.short	0
 1181 08ea 0000     		.short	0
 1182 08ec 0000     		.short	0
 1183 08ee 0000     		.short	0
 1184 08f0 0000     		.short	0
 1185 08f2 0000     		.short	0
 1186 08f4 0000     		.short	0
 1187 08f6 0000     		.short	0
 1188 08f8 0000     		.short	0
 1189 08fa 0000     		.short	0
 1190 08fc E0FF     		.short	-32
 1191 08fe 0000     		.short	0
 1192 0900 0000     		.short	0
 1193 0902 0038     		.short	14336
 1194 0904 0018     		.short	6144
 1195 0906 000C     		.short	3072
 1196 0908 0000     		.short	0
 1197 090a 0000     		.short	0
 1198 090c 0000     		.short	0
 1199 090e 0000     		.short	0
 1200 0910 0000     		.short	0
 1201 0912 0000     		.short	0
 1202 0914 0000     		.short	0
 1203 0916 0000     		.short	0
ARM GAS  C:\Users\Vento\AppData\Local\Temp\cc87Es61.s 			page 22


 1204 0918 0000     		.short	0
 1205 091a 0000     		.short	0
 1206 091c 0000     		.short	0
 1207 091e 0000     		.short	0
 1208 0920 0000     		.short	0
 1209 0922 0000     		.short	0
 1210 0924 0000     		.short	0
 1211 0926 0000     		.short	0
 1212 0928 0000     		.short	0
 1213 092a 0000     		.short	0
 1214 092c 0000     		.short	0
 1215 092e 001F     		.short	7936
 1216 0930 803F     		.short	16256
 1217 0932 8061     		.short	24960
 1218 0934 8001     		.short	384
 1219 0936 801F     		.short	8064
 1220 0938 803F     		.short	16256
 1221 093a 8061     		.short	24960
 1222 093c 8063     		.short	25472
 1223 093e 807F     		.short	32640
 1224 0940 C038     		.short	14528
 1225 0942 0000     		.short	0
 1226 0944 0000     		.short	0
 1227 0946 0000     		.short	0
 1228 0948 0000     		.short	0
 1229 094a 0060     		.short	24576
 1230 094c 0060     		.short	24576
 1231 094e 0060     		.short	24576
 1232 0950 0060     		.short	24576
 1233 0952 006E     		.short	28160
 1234 0954 007F     		.short	32512
 1235 0956 8073     		.short	29568
 1236 0958 8061     		.short	24960
 1237 095a 8061     		.short	24960
 1238 095c 8061     		.short	24960
 1239 095e 8061     		.short	24960
 1240 0960 8073     		.short	29568
 1241 0962 007F     		.short	32512
 1242 0964 006E     		.short	28160
 1243 0966 0000     		.short	0
 1244 0968 0000     		.short	0
 1245 096a 0000     		.short	0
 1246 096c 0000     		.short	0
 1247 096e 0000     		.short	0
 1248 0970 0000     		.short	0
 1249 0972 0000     		.short	0
 1250 0974 0000     		.short	0
 1251 0976 001E     		.short	7680
 1252 0978 003F     		.short	16128
 1253 097a 8073     		.short	29568
 1254 097c 8061     		.short	24960
 1255 097e 0060     		.short	24576
 1256 0980 0060     		.short	24576
 1257 0982 8061     		.short	24960
 1258 0984 8073     		.short	29568
 1259 0986 003F     		.short	16128
 1260 0988 001E     		.short	7680
ARM GAS  C:\Users\Vento\AppData\Local\Temp\cc87Es61.s 			page 23


 1261 098a 0000     		.short	0
 1262 098c 0000     		.short	0
 1263 098e 0000     		.short	0
 1264 0990 0000     		.short	0
 1265 0992 8001     		.short	384
 1266 0994 8001     		.short	384
 1267 0996 8001     		.short	384
 1268 0998 8001     		.short	384
 1269 099a 801D     		.short	7552
 1270 099c 803F     		.short	16256
 1271 099e 8073     		.short	29568
 1272 09a0 8061     		.short	24960
 1273 09a2 8061     		.short	24960
 1274 09a4 8061     		.short	24960
 1275 09a6 8061     		.short	24960
 1276 09a8 8073     		.short	29568
 1277 09aa 803F     		.short	16256
 1278 09ac 801D     		.short	7552
 1279 09ae 0000     		.short	0
 1280 09b0 0000     		.short	0
 1281 09b2 0000     		.short	0
 1282 09b4 0000     		.short	0
 1283 09b6 0000     		.short	0
 1284 09b8 0000     		.short	0
 1285 09ba 0000     		.short	0
 1286 09bc 0000     		.short	0
 1287 09be 001E     		.short	7680
 1288 09c0 003F     		.short	16128
 1289 09c2 0073     		.short	29440
 1290 09c4 8061     		.short	24960
 1291 09c6 807F     		.short	32640
 1292 09c8 807F     		.short	32640
 1293 09ca 0060     		.short	24576
 1294 09cc 8071     		.short	29056
 1295 09ce 003F     		.short	16128
 1296 09d0 001E     		.short	7680
 1297 09d2 0000     		.short	0
 1298 09d4 0000     		.short	0
 1299 09d6 0000     		.short	0
 1300 09d8 0000     		.short	0
 1301 09da C007     		.short	1984
 1302 09dc C00F     		.short	4032
 1303 09de 000C     		.short	3072
 1304 09e0 000C     		.short	3072
 1305 09e2 807F     		.short	32640
 1306 09e4 807F     		.short	32640
 1307 09e6 000C     		.short	3072
 1308 09e8 000C     		.short	3072
 1309 09ea 000C     		.short	3072
 1310 09ec 000C     		.short	3072
 1311 09ee 000C     		.short	3072
 1312 09f0 000C     		.short	3072
 1313 09f2 000C     		.short	3072
 1314 09f4 000C     		.short	3072
 1315 09f6 0000     		.short	0
 1316 09f8 0000     		.short	0
 1317 09fa 0000     		.short	0
ARM GAS  C:\Users\Vento\AppData\Local\Temp\cc87Es61.s 			page 24


 1318 09fc 0000     		.short	0
 1319 09fe 0000     		.short	0
 1320 0a00 0000     		.short	0
 1321 0a02 0000     		.short	0
 1322 0a04 801D     		.short	7552
 1323 0a06 803F     		.short	16256
 1324 0a08 8073     		.short	29568
 1325 0a0a 8061     		.short	24960
 1326 0a0c 8061     		.short	24960
 1327 0a0e 8061     		.short	24960
 1328 0a10 8061     		.short	24960
 1329 0a12 8073     		.short	29568
 1330 0a14 803F     		.short	16256
 1331 0a16 801D     		.short	7552
 1332 0a18 8001     		.short	384
 1333 0a1a 8063     		.short	25472
 1334 0a1c 007F     		.short	32512
 1335 0a1e 003E     		.short	15872
 1336 0a20 0000     		.short	0
 1337 0a22 0060     		.short	24576
 1338 0a24 0060     		.short	24576
 1339 0a26 0060     		.short	24576
 1340 0a28 0060     		.short	24576
 1341 0a2a 006F     		.short	28416
 1342 0a2c 807F     		.short	32640
 1343 0a2e 8071     		.short	29056
 1344 0a30 8061     		.short	24960
 1345 0a32 8061     		.short	24960
 1346 0a34 8061     		.short	24960
 1347 0a36 8061     		.short	24960
 1348 0a38 8061     		.short	24960
 1349 0a3a 8061     		.short	24960
 1350 0a3c 8061     		.short	24960
 1351 0a3e 0000     		.short	0
 1352 0a40 0000     		.short	0
 1353 0a42 0000     		.short	0
 1354 0a44 0000     		.short	0
 1355 0a46 0006     		.short	1536
 1356 0a48 0006     		.short	1536
 1357 0a4a 0000     		.short	0
 1358 0a4c 0000     		.short	0
 1359 0a4e 003E     		.short	15872
 1360 0a50 003E     		.short	15872
 1361 0a52 0006     		.short	1536
 1362 0a54 0006     		.short	1536
 1363 0a56 0006     		.short	1536
 1364 0a58 0006     		.short	1536
 1365 0a5a 0006     		.short	1536
 1366 0a5c 0006     		.short	1536
 1367 0a5e 0006     		.short	1536
 1368 0a60 0006     		.short	1536
 1369 0a62 0000     		.short	0
 1370 0a64 0000     		.short	0
 1371 0a66 0000     		.short	0
 1372 0a68 0006     		.short	1536
 1373 0a6a 0006     		.short	1536
 1374 0a6c 0000     		.short	0
ARM GAS  C:\Users\Vento\AppData\Local\Temp\cc87Es61.s 			page 25


 1375 0a6e 0000     		.short	0
 1376 0a70 003E     		.short	15872
 1377 0a72 003E     		.short	15872
 1378 0a74 0006     		.short	1536
 1379 0a76 0006     		.short	1536
 1380 0a78 0006     		.short	1536
 1381 0a7a 0006     		.short	1536
 1382 0a7c 0006     		.short	1536
 1383 0a7e 0006     		.short	1536
 1384 0a80 0006     		.short	1536
 1385 0a82 0006     		.short	1536
 1386 0a84 0006     		.short	1536
 1387 0a86 0046     		.short	17920
 1388 0a88 007E     		.short	32256
 1389 0a8a 003C     		.short	15360
 1390 0a8c 0000     		.short	0
 1391 0a8e 0060     		.short	24576
 1392 0a90 0060     		.short	24576
 1393 0a92 0060     		.short	24576
 1394 0a94 0060     		.short	24576
 1395 0a96 8061     		.short	24960
 1396 0a98 0063     		.short	25344
 1397 0a9a 0066     		.short	26112
 1398 0a9c 006C     		.short	27648
 1399 0a9e 007C     		.short	31744
 1400 0aa0 0076     		.short	30208
 1401 0aa2 0063     		.short	25344
 1402 0aa4 0063     		.short	25344
 1403 0aa6 8061     		.short	24960
 1404 0aa8 C060     		.short	24768
 1405 0aaa 0000     		.short	0
 1406 0aac 0000     		.short	0
 1407 0aae 0000     		.short	0
 1408 0ab0 0000     		.short	0
 1409 0ab2 003E     		.short	15872
 1410 0ab4 003E     		.short	15872
 1411 0ab6 0006     		.short	1536
 1412 0ab8 0006     		.short	1536
 1413 0aba 0006     		.short	1536
 1414 0abc 0006     		.short	1536
 1415 0abe 0006     		.short	1536
 1416 0ac0 0006     		.short	1536
 1417 0ac2 0006     		.short	1536
 1418 0ac4 0006     		.short	1536
 1419 0ac6 0006     		.short	1536
 1420 0ac8 0006     		.short	1536
 1421 0aca 0006     		.short	1536
 1422 0acc 0006     		.short	1536
 1423 0ace 0000     		.short	0
 1424 0ad0 0000     		.short	0
 1425 0ad2 0000     		.short	0
 1426 0ad4 0000     		.short	0
 1427 0ad6 0000     		.short	0
 1428 0ad8 0000     		.short	0
 1429 0ada 0000     		.short	0
 1430 0adc 0000     		.short	0
 1431 0ade 80DD     		.short	-8832
ARM GAS  C:\Users\Vento\AppData\Local\Temp\cc87Es61.s 			page 26


 1432 0ae0 C0FF     		.short	-64
 1433 0ae2 C0CE     		.short	-12608
 1434 0ae4 C0CC     		.short	-13120
 1435 0ae6 C0CC     		.short	-13120
 1436 0ae8 C0CC     		.short	-13120
 1437 0aea C0CC     		.short	-13120
 1438 0aec C0CC     		.short	-13120
 1439 0aee C0CC     		.short	-13120
 1440 0af0 C0CC     		.short	-13120
 1441 0af2 0000     		.short	0
 1442 0af4 0000     		.short	0
 1443 0af6 0000     		.short	0
 1444 0af8 0000     		.short	0
 1445 0afa 0000     		.short	0
 1446 0afc 0000     		.short	0
 1447 0afe 0000     		.short	0
 1448 0b00 0000     		.short	0
 1449 0b02 006F     		.short	28416
 1450 0b04 807F     		.short	32640
 1451 0b06 8071     		.short	29056
 1452 0b08 8061     		.short	24960
 1453 0b0a 8061     		.short	24960
 1454 0b0c 8061     		.short	24960
 1455 0b0e 8061     		.short	24960
 1456 0b10 8061     		.short	24960
 1457 0b12 8061     		.short	24960
 1458 0b14 8061     		.short	24960
 1459 0b16 0000     		.short	0
 1460 0b18 0000     		.short	0
 1461 0b1a 0000     		.short	0
 1462 0b1c 0000     		.short	0
 1463 0b1e 0000     		.short	0
 1464 0b20 0000     		.short	0
 1465 0b22 0000     		.short	0
 1466 0b24 0000     		.short	0
 1467 0b26 001E     		.short	7680
 1468 0b28 003F     		.short	16128
 1469 0b2a 8073     		.short	29568
 1470 0b2c 8061     		.short	24960
 1471 0b2e 8061     		.short	24960
 1472 0b30 8061     		.short	24960
 1473 0b32 8061     		.short	24960
 1474 0b34 8073     		.short	29568
 1475 0b36 003F     		.short	16128
 1476 0b38 001E     		.short	7680
 1477 0b3a 0000     		.short	0
 1478 0b3c 0000     		.short	0
 1479 0b3e 0000     		.short	0
 1480 0b40 0000     		.short	0
 1481 0b42 0000     		.short	0
 1482 0b44 0000     		.short	0
 1483 0b46 0000     		.short	0
 1484 0b48 006E     		.short	28160
 1485 0b4a 007F     		.short	32512
 1486 0b4c 8073     		.short	29568
 1487 0b4e 8061     		.short	24960
 1488 0b50 8061     		.short	24960
ARM GAS  C:\Users\Vento\AppData\Local\Temp\cc87Es61.s 			page 27


 1489 0b52 8061     		.short	24960
 1490 0b54 8061     		.short	24960
 1491 0b56 8073     		.short	29568
 1492 0b58 007F     		.short	32512
 1493 0b5a 006E     		.short	28160
 1494 0b5c 0060     		.short	24576
 1495 0b5e 0060     		.short	24576
 1496 0b60 0060     		.short	24576
 1497 0b62 0060     		.short	24576
 1498 0b64 0000     		.short	0
 1499 0b66 0000     		.short	0
 1500 0b68 0000     		.short	0
 1501 0b6a 0000     		.short	0
 1502 0b6c 801D     		.short	7552
 1503 0b6e 803F     		.short	16256
 1504 0b70 8073     		.short	29568
 1505 0b72 8061     		.short	24960
 1506 0b74 8061     		.short	24960
 1507 0b76 8061     		.short	24960
 1508 0b78 8061     		.short	24960
 1509 0b7a 8073     		.short	29568
 1510 0b7c 803F     		.short	16256
 1511 0b7e 801D     		.short	7552
 1512 0b80 8001     		.short	384
 1513 0b82 8001     		.short	384
 1514 0b84 8001     		.short	384
 1515 0b86 8001     		.short	384
 1516 0b88 0000     		.short	0
 1517 0b8a 0000     		.short	0
 1518 0b8c 0000     		.short	0
 1519 0b8e 0000     		.short	0
 1520 0b90 0000     		.short	0
 1521 0b92 0067     		.short	26368
 1522 0b94 803F     		.short	16256
 1523 0b96 0039     		.short	14592
 1524 0b98 0030     		.short	12288
 1525 0b9a 0030     		.short	12288
 1526 0b9c 0030     		.short	12288
 1527 0b9e 0030     		.short	12288
 1528 0ba0 0030     		.short	12288
 1529 0ba2 0030     		.short	12288
 1530 0ba4 0030     		.short	12288
 1531 0ba6 0000     		.short	0
 1532 0ba8 0000     		.short	0
 1533 0baa 0000     		.short	0
 1534 0bac 0000     		.short	0
 1535 0bae 0000     		.short	0
 1536 0bb0 0000     		.short	0
 1537 0bb2 0000     		.short	0
 1538 0bb4 0000     		.short	0
 1539 0bb6 001E     		.short	7680
 1540 0bb8 803F     		.short	16256
 1541 0bba 8061     		.short	24960
 1542 0bbc 0060     		.short	24576
 1543 0bbe 007F     		.short	32512
 1544 0bc0 803F     		.short	16256
 1545 0bc2 8001     		.short	384
ARM GAS  C:\Users\Vento\AppData\Local\Temp\cc87Es61.s 			page 28


 1546 0bc4 8061     		.short	24960
 1547 0bc6 007F     		.short	32512
 1548 0bc8 001E     		.short	7680
 1549 0bca 0000     		.short	0
 1550 0bcc 0000     		.short	0
 1551 0bce 0000     		.short	0
 1552 0bd0 0000     		.short	0
 1553 0bd2 0000     		.short	0
 1554 0bd4 0008     		.short	2048
 1555 0bd6 0018     		.short	6144
 1556 0bd8 0018     		.short	6144
 1557 0bda 007F     		.short	32512
 1558 0bdc 007F     		.short	32512
 1559 0bde 0018     		.short	6144
 1560 0be0 0018     		.short	6144
 1561 0be2 0018     		.short	6144
 1562 0be4 0018     		.short	6144
 1563 0be6 0018     		.short	6144
 1564 0be8 0018     		.short	6144
 1565 0bea 801F     		.short	8064
 1566 0bec 800F     		.short	3968
 1567 0bee 0000     		.short	0
 1568 0bf0 0000     		.short	0
 1569 0bf2 0000     		.short	0
 1570 0bf4 0000     		.short	0
 1571 0bf6 0000     		.short	0
 1572 0bf8 0000     		.short	0
 1573 0bfa 0000     		.short	0
 1574 0bfc 0000     		.short	0
 1575 0bfe 8061     		.short	24960
 1576 0c00 8061     		.short	24960
 1577 0c02 8061     		.short	24960
 1578 0c04 8061     		.short	24960
 1579 0c06 8061     		.short	24960
 1580 0c08 8061     		.short	24960
 1581 0c0a 8061     		.short	24960
 1582 0c0c 8063     		.short	25472
 1583 0c0e 807F     		.short	32640
 1584 0c10 803D     		.short	15744
 1585 0c12 0000     		.short	0
 1586 0c14 0000     		.short	0
 1587 0c16 0000     		.short	0
 1588 0c18 0000     		.short	0
 1589 0c1a 0000     		.short	0
 1590 0c1c 0000     		.short	0
 1591 0c1e 0000     		.short	0
 1592 0c20 0000     		.short	0
 1593 0c22 C060     		.short	24768
 1594 0c24 8031     		.short	12672
 1595 0c26 8031     		.short	12672
 1596 0c28 8031     		.short	12672
 1597 0c2a 001B     		.short	6912
 1598 0c2c 001B     		.short	6912
 1599 0c2e 001B     		.short	6912
 1600 0c30 000E     		.short	3584
 1601 0c32 000E     		.short	3584
 1602 0c34 0006     		.short	1536
ARM GAS  C:\Users\Vento\AppData\Local\Temp\cc87Es61.s 			page 29


 1603 0c36 0000     		.short	0
 1604 0c38 0000     		.short	0
 1605 0c3a 0000     		.short	0
 1606 0c3c 0000     		.short	0
 1607 0c3e 0000     		.short	0
 1608 0c40 0000     		.short	0
 1609 0c42 0000     		.short	0
 1610 0c44 0000     		.short	0
 1611 0c46 80DD     		.short	-8832
 1612 0c48 80DD     		.short	-8832
 1613 0c4a 80DD     		.short	-8832
 1614 0c4c 0055     		.short	21760
 1615 0c4e 0055     		.short	21760
 1616 0c50 0055     		.short	21760
 1617 0c52 0077     		.short	30464
 1618 0c54 0077     		.short	30464
 1619 0c56 0022     		.short	8704
 1620 0c58 0022     		.short	8704
 1621 0c5a 0000     		.short	0
 1622 0c5c 0000     		.short	0
 1623 0c5e 0000     		.short	0
 1624 0c60 0000     		.short	0
 1625 0c62 0000     		.short	0
 1626 0c64 0000     		.short	0
 1627 0c66 0000     		.short	0
 1628 0c68 0000     		.short	0
 1629 0c6a 8061     		.short	24960
 1630 0c6c 0033     		.short	13056
 1631 0c6e 0033     		.short	13056
 1632 0c70 001E     		.short	7680
 1633 0c72 000C     		.short	3072
 1634 0c74 000C     		.short	3072
 1635 0c76 001E     		.short	7680
 1636 0c78 0033     		.short	13056
 1637 0c7a 0033     		.short	13056
 1638 0c7c 8061     		.short	24960
 1639 0c7e 0000     		.short	0
 1640 0c80 0000     		.short	0
 1641 0c82 0000     		.short	0
 1642 0c84 0000     		.short	0
 1643 0c86 0000     		.short	0
 1644 0c88 0000     		.short	0
 1645 0c8a 0000     		.short	0
 1646 0c8c 8061     		.short	24960
 1647 0c8e 8061     		.short	24960
 1648 0c90 8031     		.short	12672
 1649 0c92 0033     		.short	13056
 1650 0c94 0033     		.short	13056
 1651 0c96 001B     		.short	6912
 1652 0c98 001B     		.short	6912
 1653 0c9a 001B     		.short	6912
 1654 0c9c 000E     		.short	3584
 1655 0c9e 000E     		.short	3584
 1656 0ca0 000E     		.short	3584
 1657 0ca2 001C     		.short	7168
 1658 0ca4 007C     		.short	31744
 1659 0ca6 0070     		.short	28672
ARM GAS  C:\Users\Vento\AppData\Local\Temp\cc87Es61.s 			page 30


 1660 0ca8 0000     		.short	0
 1661 0caa 0000     		.short	0
 1662 0cac 0000     		.short	0
 1663 0cae 0000     		.short	0
 1664 0cb0 0000     		.short	0
 1665 0cb2 C07F     		.short	32704
 1666 0cb4 C07F     		.short	32704
 1667 0cb6 8001     		.short	384
 1668 0cb8 0003     		.short	768
 1669 0cba 0006     		.short	1536
 1670 0cbc 000C     		.short	3072
 1671 0cbe 0018     		.short	6144
 1672 0cc0 0030     		.short	12288
 1673 0cc2 C07F     		.short	32704
 1674 0cc4 C07F     		.short	32704
 1675 0cc6 0000     		.short	0
 1676 0cc8 0000     		.short	0
 1677 0cca 0000     		.short	0
 1678 0ccc 8003     		.short	896
 1679 0cce 8007     		.short	1920
 1680 0cd0 0006     		.short	1536
 1681 0cd2 0006     		.short	1536
 1682 0cd4 0006     		.short	1536
 1683 0cd6 0006     		.short	1536
 1684 0cd8 0006     		.short	1536
 1685 0cda 000E     		.short	3584
 1686 0cdc 001C     		.short	7168
 1687 0cde 001C     		.short	7168
 1688 0ce0 000E     		.short	3584
 1689 0ce2 0006     		.short	1536
 1690 0ce4 0006     		.short	1536
 1691 0ce6 0006     		.short	1536
 1692 0ce8 0006     		.short	1536
 1693 0cea 0006     		.short	1536
 1694 0cec 8007     		.short	1920
 1695 0cee 8003     		.short	896
 1696 0cf0 0006     		.short	1536
 1697 0cf2 0006     		.short	1536
 1698 0cf4 0006     		.short	1536
 1699 0cf6 0006     		.short	1536
 1700 0cf8 0006     		.short	1536
 1701 0cfa 0006     		.short	1536
 1702 0cfc 0006     		.short	1536
 1703 0cfe 0006     		.short	1536
 1704 0d00 0006     		.short	1536
 1705 0d02 0006     		.short	1536
 1706 0d04 0006     		.short	1536
 1707 0d06 0006     		.short	1536
 1708 0d08 0006     		.short	1536
 1709 0d0a 0006     		.short	1536
 1710 0d0c 0006     		.short	1536
 1711 0d0e 0006     		.short	1536
 1712 0d10 0006     		.short	1536
 1713 0d12 0006     		.short	1536
 1714 0d14 0038     		.short	14336
 1715 0d16 003C     		.short	15360
 1716 0d18 000C     		.short	3072
ARM GAS  C:\Users\Vento\AppData\Local\Temp\cc87Es61.s 			page 31


 1717 0d1a 000C     		.short	3072
 1718 0d1c 000C     		.short	3072
 1719 0d1e 000C     		.short	3072
 1720 0d20 000C     		.short	3072
 1721 0d22 000E     		.short	3584
 1722 0d24 0007     		.short	1792
 1723 0d26 0007     		.short	1792
 1724 0d28 000E     		.short	3584
 1725 0d2a 000C     		.short	3072
 1726 0d2c 000C     		.short	3072
 1727 0d2e 000C     		.short	3072
 1728 0d30 000C     		.short	3072
 1729 0d32 000C     		.short	3072
 1730 0d34 003C     		.short	15360
 1731 0d36 0038     		.short	14336
 1732 0d38 0000     		.short	0
 1733 0d3a 0000     		.short	0
 1734 0d3c 0000     		.short	0
 1735 0d3e 0000     		.short	0
 1736 0d40 0000     		.short	0
 1737 0d42 0000     		.short	0
 1738 0d44 0000     		.short	0
 1739 0d46 8038     		.short	14464
 1740 0d48 807F     		.short	32640
 1741 0d4a 0047     		.short	18176
 1742 0d4c 0000     		.short	0
 1743 0d4e 0000     		.short	0
 1744 0d50 0000     		.short	0
 1745 0d52 0000     		.short	0
 1746 0d54 0000     		.short	0
 1747 0d56 0000     		.short	0
 1748 0d58 0000     		.short	0
 1749 0d5a 0000     		.short	0
 1750              		.section	.rodata.Font7x10,"a"
 1751              		.align	2
 1754              	Font7x10:
 1755 0000 0000     		.short	0
 1756 0002 0000     		.short	0
 1757 0004 0000     		.short	0
 1758 0006 0000     		.short	0
 1759 0008 0000     		.short	0
 1760 000a 0000     		.short	0
 1761 000c 0000     		.short	0
 1762 000e 0000     		.short	0
 1763 0010 0000     		.short	0
 1764 0012 0000     		.short	0
 1765 0014 0010     		.short	4096
 1766 0016 0010     		.short	4096
 1767 0018 0010     		.short	4096
 1768 001a 0010     		.short	4096
 1769 001c 0010     		.short	4096
 1770 001e 0010     		.short	4096
 1771 0020 0000     		.short	0
 1772 0022 0010     		.short	4096
 1773 0024 0000     		.short	0
 1774 0026 0000     		.short	0
 1775 0028 0028     		.short	10240
ARM GAS  C:\Users\Vento\AppData\Local\Temp\cc87Es61.s 			page 32


 1776 002a 0028     		.short	10240
 1777 002c 0028     		.short	10240
 1778 002e 0000     		.short	0
 1779 0030 0000     		.short	0
 1780 0032 0000     		.short	0
 1781 0034 0000     		.short	0
 1782 0036 0000     		.short	0
 1783 0038 0000     		.short	0
 1784 003a 0000     		.short	0
 1785 003c 0024     		.short	9216
 1786 003e 0024     		.short	9216
 1787 0040 007C     		.short	31744
 1788 0042 0024     		.short	9216
 1789 0044 0048     		.short	18432
 1790 0046 007C     		.short	31744
 1791 0048 0048     		.short	18432
 1792 004a 0048     		.short	18432
 1793 004c 0000     		.short	0
 1794 004e 0000     		.short	0
 1795 0050 0038     		.short	14336
 1796 0052 0054     		.short	21504
 1797 0054 0050     		.short	20480
 1798 0056 0038     		.short	14336
 1799 0058 0014     		.short	5120
 1800 005a 0054     		.short	21504
 1801 005c 0054     		.short	21504
 1802 005e 0038     		.short	14336
 1803 0060 0010     		.short	4096
 1804 0062 0000     		.short	0
 1805 0064 0020     		.short	8192
 1806 0066 0054     		.short	21504
 1807 0068 0058     		.short	22528
 1808 006a 0030     		.short	12288
 1809 006c 0028     		.short	10240
 1810 006e 0054     		.short	21504
 1811 0070 0014     		.short	5120
 1812 0072 0008     		.short	2048
 1813 0074 0000     		.short	0
 1814 0076 0000     		.short	0
 1815 0078 0010     		.short	4096
 1816 007a 0028     		.short	10240
 1817 007c 0028     		.short	10240
 1818 007e 0010     		.short	4096
 1819 0080 0034     		.short	13312
 1820 0082 0048     		.short	18432
 1821 0084 0048     		.short	18432
 1822 0086 0034     		.short	13312
 1823 0088 0000     		.short	0
 1824 008a 0000     		.short	0
 1825 008c 0010     		.short	4096
 1826 008e 0010     		.short	4096
 1827 0090 0010     		.short	4096
 1828 0092 0000     		.short	0
 1829 0094 0000     		.short	0
 1830 0096 0000     		.short	0
 1831 0098 0000     		.short	0
 1832 009a 0000     		.short	0
ARM GAS  C:\Users\Vento\AppData\Local\Temp\cc87Es61.s 			page 33


 1833 009c 0000     		.short	0
 1834 009e 0000     		.short	0
 1835 00a0 0008     		.short	2048
 1836 00a2 0010     		.short	4096
 1837 00a4 0020     		.short	8192
 1838 00a6 0020     		.short	8192
 1839 00a8 0020     		.short	8192
 1840 00aa 0020     		.short	8192
 1841 00ac 0020     		.short	8192
 1842 00ae 0020     		.short	8192
 1843 00b0 0010     		.short	4096
 1844 00b2 0008     		.short	2048
 1845 00b4 0020     		.short	8192
 1846 00b6 0010     		.short	4096
 1847 00b8 0008     		.short	2048
 1848 00ba 0008     		.short	2048
 1849 00bc 0008     		.short	2048
 1850 00be 0008     		.short	2048
 1851 00c0 0008     		.short	2048
 1852 00c2 0008     		.short	2048
 1853 00c4 0010     		.short	4096
 1854 00c6 0020     		.short	8192
 1855 00c8 0010     		.short	4096
 1856 00ca 0038     		.short	14336
 1857 00cc 0010     		.short	4096
 1858 00ce 0028     		.short	10240
 1859 00d0 0000     		.short	0
 1860 00d2 0000     		.short	0
 1861 00d4 0000     		.short	0
 1862 00d6 0000     		.short	0
 1863 00d8 0000     		.short	0
 1864 00da 0000     		.short	0
 1865 00dc 0000     		.short	0
 1866 00de 0000     		.short	0
 1867 00e0 0010     		.short	4096
 1868 00e2 0010     		.short	4096
 1869 00e4 007C     		.short	31744
 1870 00e6 0010     		.short	4096
 1871 00e8 0010     		.short	4096
 1872 00ea 0000     		.short	0
 1873 00ec 0000     		.short	0
 1874 00ee 0000     		.short	0
 1875 00f0 0000     		.short	0
 1876 00f2 0000     		.short	0
 1877 00f4 0000     		.short	0
 1878 00f6 0000     		.short	0
 1879 00f8 0000     		.short	0
 1880 00fa 0000     		.short	0
 1881 00fc 0000     		.short	0
 1882 00fe 0010     		.short	4096
 1883 0100 0010     		.short	4096
 1884 0102 0010     		.short	4096
 1885 0104 0000     		.short	0
 1886 0106 0000     		.short	0
 1887 0108 0000     		.short	0
 1888 010a 0000     		.short	0
 1889 010c 0000     		.short	0
ARM GAS  C:\Users\Vento\AppData\Local\Temp\cc87Es61.s 			page 34


 1890 010e 0038     		.short	14336
 1891 0110 0000     		.short	0
 1892 0112 0000     		.short	0
 1893 0114 0000     		.short	0
 1894 0116 0000     		.short	0
 1895 0118 0000     		.short	0
 1896 011a 0000     		.short	0
 1897 011c 0000     		.short	0
 1898 011e 0000     		.short	0
 1899 0120 0000     		.short	0
 1900 0122 0000     		.short	0
 1901 0124 0000     		.short	0
 1902 0126 0010     		.short	4096
 1903 0128 0000     		.short	0
 1904 012a 0000     		.short	0
 1905 012c 0008     		.short	2048
 1906 012e 0008     		.short	2048
 1907 0130 0010     		.short	4096
 1908 0132 0010     		.short	4096
 1909 0134 0010     		.short	4096
 1910 0136 0010     		.short	4096
 1911 0138 0020     		.short	8192
 1912 013a 0020     		.short	8192
 1913 013c 0000     		.short	0
 1914 013e 0000     		.short	0
 1915 0140 0038     		.short	14336
 1916 0142 0044     		.short	17408
 1917 0144 0044     		.short	17408
 1918 0146 0054     		.short	21504
 1919 0148 0044     		.short	17408
 1920 014a 0044     		.short	17408
 1921 014c 0044     		.short	17408
 1922 014e 0038     		.short	14336
 1923 0150 0000     		.short	0
 1924 0152 0000     		.short	0
 1925 0154 0010     		.short	4096
 1926 0156 0030     		.short	12288
 1927 0158 0050     		.short	20480
 1928 015a 0010     		.short	4096
 1929 015c 0010     		.short	4096
 1930 015e 0010     		.short	4096
 1931 0160 0010     		.short	4096
 1932 0162 0010     		.short	4096
 1933 0164 0000     		.short	0
 1934 0166 0000     		.short	0
 1935 0168 0038     		.short	14336
 1936 016a 0044     		.short	17408
 1937 016c 0044     		.short	17408
 1938 016e 0004     		.short	1024
 1939 0170 0008     		.short	2048
 1940 0172 0010     		.short	4096
 1941 0174 0020     		.short	8192
 1942 0176 007C     		.short	31744
 1943 0178 0000     		.short	0
 1944 017a 0000     		.short	0
 1945 017c 0038     		.short	14336
 1946 017e 0044     		.short	17408
ARM GAS  C:\Users\Vento\AppData\Local\Temp\cc87Es61.s 			page 35


 1947 0180 0004     		.short	1024
 1948 0182 0018     		.short	6144
 1949 0184 0004     		.short	1024
 1950 0186 0004     		.short	1024
 1951 0188 0044     		.short	17408
 1952 018a 0038     		.short	14336
 1953 018c 0000     		.short	0
 1954 018e 0000     		.short	0
 1955 0190 0008     		.short	2048
 1956 0192 0018     		.short	6144
 1957 0194 0028     		.short	10240
 1958 0196 0028     		.short	10240
 1959 0198 0048     		.short	18432
 1960 019a 007C     		.short	31744
 1961 019c 0008     		.short	2048
 1962 019e 0008     		.short	2048
 1963 01a0 0000     		.short	0
 1964 01a2 0000     		.short	0
 1965 01a4 007C     		.short	31744
 1966 01a6 0040     		.short	16384
 1967 01a8 0040     		.short	16384
 1968 01aa 0078     		.short	30720
 1969 01ac 0004     		.short	1024
 1970 01ae 0004     		.short	1024
 1971 01b0 0044     		.short	17408
 1972 01b2 0038     		.short	14336
 1973 01b4 0000     		.short	0
 1974 01b6 0000     		.short	0
 1975 01b8 0038     		.short	14336
 1976 01ba 0044     		.short	17408
 1977 01bc 0040     		.short	16384
 1978 01be 0078     		.short	30720
 1979 01c0 0044     		.short	17408
 1980 01c2 0044     		.short	17408
 1981 01c4 0044     		.short	17408
 1982 01c6 0038     		.short	14336
 1983 01c8 0000     		.short	0
 1984 01ca 0000     		.short	0
 1985 01cc 007C     		.short	31744
 1986 01ce 0004     		.short	1024
 1987 01d0 0008     		.short	2048
 1988 01d2 0010     		.short	4096
 1989 01d4 0010     		.short	4096
 1990 01d6 0020     		.short	8192
 1991 01d8 0020     		.short	8192
 1992 01da 0020     		.short	8192
 1993 01dc 0000     		.short	0
 1994 01de 0000     		.short	0
 1995 01e0 0038     		.short	14336
 1996 01e2 0044     		.short	17408
 1997 01e4 0044     		.short	17408
 1998 01e6 0038     		.short	14336
 1999 01e8 0044     		.short	17408
 2000 01ea 0044     		.short	17408
 2001 01ec 0044     		.short	17408
 2002 01ee 0038     		.short	14336
 2003 01f0 0000     		.short	0
ARM GAS  C:\Users\Vento\AppData\Local\Temp\cc87Es61.s 			page 36


 2004 01f2 0000     		.short	0
 2005 01f4 0038     		.short	14336
 2006 01f6 0044     		.short	17408
 2007 01f8 0044     		.short	17408
 2008 01fa 0044     		.short	17408
 2009 01fc 003C     		.short	15360
 2010 01fe 0004     		.short	1024
 2011 0200 0044     		.short	17408
 2012 0202 0038     		.short	14336
 2013 0204 0000     		.short	0
 2014 0206 0000     		.short	0
 2015 0208 0000     		.short	0
 2016 020a 0000     		.short	0
 2017 020c 0010     		.short	4096
 2018 020e 0000     		.short	0
 2019 0210 0000     		.short	0
 2020 0212 0000     		.short	0
 2021 0214 0000     		.short	0
 2022 0216 0010     		.short	4096
 2023 0218 0000     		.short	0
 2024 021a 0000     		.short	0
 2025 021c 0000     		.short	0
 2026 021e 0000     		.short	0
 2027 0220 0000     		.short	0
 2028 0222 0010     		.short	4096
 2029 0224 0000     		.short	0
 2030 0226 0000     		.short	0
 2031 0228 0000     		.short	0
 2032 022a 0010     		.short	4096
 2033 022c 0010     		.short	4096
 2034 022e 0010     		.short	4096
 2035 0230 0000     		.short	0
 2036 0232 0000     		.short	0
 2037 0234 000C     		.short	3072
 2038 0236 0030     		.short	12288
 2039 0238 0040     		.short	16384
 2040 023a 0030     		.short	12288
 2041 023c 000C     		.short	3072
 2042 023e 0000     		.short	0
 2043 0240 0000     		.short	0
 2044 0242 0000     		.short	0
 2045 0244 0000     		.short	0
 2046 0246 0000     		.short	0
 2047 0248 0000     		.short	0
 2048 024a 007C     		.short	31744
 2049 024c 0000     		.short	0
 2050 024e 007C     		.short	31744
 2051 0250 0000     		.short	0
 2052 0252 0000     		.short	0
 2053 0254 0000     		.short	0
 2054 0256 0000     		.short	0
 2055 0258 0000     		.short	0
 2056 025a 0000     		.short	0
 2057 025c 0060     		.short	24576
 2058 025e 0018     		.short	6144
 2059 0260 0004     		.short	1024
 2060 0262 0018     		.short	6144
ARM GAS  C:\Users\Vento\AppData\Local\Temp\cc87Es61.s 			page 37


 2061 0264 0060     		.short	24576
 2062 0266 0000     		.short	0
 2063 0268 0000     		.short	0
 2064 026a 0000     		.short	0
 2065 026c 0038     		.short	14336
 2066 026e 0044     		.short	17408
 2067 0270 0004     		.short	1024
 2068 0272 0008     		.short	2048
 2069 0274 0010     		.short	4096
 2070 0276 0010     		.short	4096
 2071 0278 0000     		.short	0
 2072 027a 0010     		.short	4096
 2073 027c 0000     		.short	0
 2074 027e 0000     		.short	0
 2075 0280 0038     		.short	14336
 2076 0282 0044     		.short	17408
 2077 0284 004C     		.short	19456
 2078 0286 0054     		.short	21504
 2079 0288 005C     		.short	23552
 2080 028a 0040     		.short	16384
 2081 028c 0040     		.short	16384
 2082 028e 0038     		.short	14336
 2083 0290 0000     		.short	0
 2084 0292 0000     		.short	0
 2085 0294 0010     		.short	4096
 2086 0296 0028     		.short	10240
 2087 0298 0028     		.short	10240
 2088 029a 0028     		.short	10240
 2089 029c 0028     		.short	10240
 2090 029e 007C     		.short	31744
 2091 02a0 0044     		.short	17408
 2092 02a2 0044     		.short	17408
 2093 02a4 0000     		.short	0
 2094 02a6 0000     		.short	0
 2095 02a8 0078     		.short	30720
 2096 02aa 0044     		.short	17408
 2097 02ac 0044     		.short	17408
 2098 02ae 0078     		.short	30720
 2099 02b0 0044     		.short	17408
 2100 02b2 0044     		.short	17408
 2101 02b4 0044     		.short	17408
 2102 02b6 0078     		.short	30720
 2103 02b8 0000     		.short	0
 2104 02ba 0000     		.short	0
 2105 02bc 0038     		.short	14336
 2106 02be 0044     		.short	17408
 2107 02c0 0040     		.short	16384
 2108 02c2 0040     		.short	16384
 2109 02c4 0040     		.short	16384
 2110 02c6 0040     		.short	16384
 2111 02c8 0044     		.short	17408
 2112 02ca 0038     		.short	14336
 2113 02cc 0000     		.short	0
 2114 02ce 0000     		.short	0
 2115 02d0 0070     		.short	28672
 2116 02d2 0048     		.short	18432
 2117 02d4 0044     		.short	17408
ARM GAS  C:\Users\Vento\AppData\Local\Temp\cc87Es61.s 			page 38


 2118 02d6 0044     		.short	17408
 2119 02d8 0044     		.short	17408
 2120 02da 0044     		.short	17408
 2121 02dc 0048     		.short	18432
 2122 02de 0070     		.short	28672
 2123 02e0 0000     		.short	0
 2124 02e2 0000     		.short	0
 2125 02e4 007C     		.short	31744
 2126 02e6 0040     		.short	16384
 2127 02e8 0040     		.short	16384
 2128 02ea 007C     		.short	31744
 2129 02ec 0040     		.short	16384
 2130 02ee 0040     		.short	16384
 2131 02f0 0040     		.short	16384
 2132 02f2 007C     		.short	31744
 2133 02f4 0000     		.short	0
 2134 02f6 0000     		.short	0
 2135 02f8 007C     		.short	31744
 2136 02fa 0040     		.short	16384
 2137 02fc 0040     		.short	16384
 2138 02fe 0078     		.short	30720
 2139 0300 0040     		.short	16384
 2140 0302 0040     		.short	16384
 2141 0304 0040     		.short	16384
 2142 0306 0040     		.short	16384
 2143 0308 0000     		.short	0
 2144 030a 0000     		.short	0
 2145 030c 0038     		.short	14336
 2146 030e 0044     		.short	17408
 2147 0310 0040     		.short	16384
 2148 0312 0040     		.short	16384
 2149 0314 005C     		.short	23552
 2150 0316 0044     		.short	17408
 2151 0318 0044     		.short	17408
 2152 031a 0038     		.short	14336
 2153 031c 0000     		.short	0
 2154 031e 0000     		.short	0
 2155 0320 0044     		.short	17408
 2156 0322 0044     		.short	17408
 2157 0324 0044     		.short	17408
 2158 0326 007C     		.short	31744
 2159 0328 0044     		.short	17408
 2160 032a 0044     		.short	17408
 2161 032c 0044     		.short	17408
 2162 032e 0044     		.short	17408
 2163 0330 0000     		.short	0
 2164 0332 0000     		.short	0
 2165 0334 0038     		.short	14336
 2166 0336 0010     		.short	4096
 2167 0338 0010     		.short	4096
 2168 033a 0010     		.short	4096
 2169 033c 0010     		.short	4096
 2170 033e 0010     		.short	4096
 2171 0340 0010     		.short	4096
 2172 0342 0038     		.short	14336
 2173 0344 0000     		.short	0
 2174 0346 0000     		.short	0
ARM GAS  C:\Users\Vento\AppData\Local\Temp\cc87Es61.s 			page 39


 2175 0348 0004     		.short	1024
 2176 034a 0004     		.short	1024
 2177 034c 0004     		.short	1024
 2178 034e 0004     		.short	1024
 2179 0350 0004     		.short	1024
 2180 0352 0004     		.short	1024
 2181 0354 0044     		.short	17408
 2182 0356 0038     		.short	14336
 2183 0358 0000     		.short	0
 2184 035a 0000     		.short	0
 2185 035c 0044     		.short	17408
 2186 035e 0048     		.short	18432
 2187 0360 0050     		.short	20480
 2188 0362 0060     		.short	24576
 2189 0364 0050     		.short	20480
 2190 0366 0048     		.short	18432
 2191 0368 0048     		.short	18432
 2192 036a 0044     		.short	17408
 2193 036c 0000     		.short	0
 2194 036e 0000     		.short	0
 2195 0370 0040     		.short	16384
 2196 0372 0040     		.short	16384
 2197 0374 0040     		.short	16384
 2198 0376 0040     		.short	16384
 2199 0378 0040     		.short	16384
 2200 037a 0040     		.short	16384
 2201 037c 0040     		.short	16384
 2202 037e 007C     		.short	31744
 2203 0380 0000     		.short	0
 2204 0382 0000     		.short	0
 2205 0384 0044     		.short	17408
 2206 0386 006C     		.short	27648
 2207 0388 006C     		.short	27648
 2208 038a 0054     		.short	21504
 2209 038c 0044     		.short	17408
 2210 038e 0044     		.short	17408
 2211 0390 0044     		.short	17408
 2212 0392 0044     		.short	17408
 2213 0394 0000     		.short	0
 2214 0396 0000     		.short	0
 2215 0398 0044     		.short	17408
 2216 039a 0064     		.short	25600
 2217 039c 0064     		.short	25600
 2218 039e 0054     		.short	21504
 2219 03a0 0054     		.short	21504
 2220 03a2 004C     		.short	19456
 2221 03a4 004C     		.short	19456
 2222 03a6 0044     		.short	17408
 2223 03a8 0000     		.short	0
 2224 03aa 0000     		.short	0
 2225 03ac 0038     		.short	14336
 2226 03ae 0044     		.short	17408
 2227 03b0 0044     		.short	17408
 2228 03b2 0044     		.short	17408
 2229 03b4 0044     		.short	17408
 2230 03b6 0044     		.short	17408
 2231 03b8 0044     		.short	17408
ARM GAS  C:\Users\Vento\AppData\Local\Temp\cc87Es61.s 			page 40


 2232 03ba 0038     		.short	14336
 2233 03bc 0000     		.short	0
 2234 03be 0000     		.short	0
 2235 03c0 0078     		.short	30720
 2236 03c2 0044     		.short	17408
 2237 03c4 0044     		.short	17408
 2238 03c6 0044     		.short	17408
 2239 03c8 0078     		.short	30720
 2240 03ca 0040     		.short	16384
 2241 03cc 0040     		.short	16384
 2242 03ce 0040     		.short	16384
 2243 03d0 0000     		.short	0
 2244 03d2 0000     		.short	0
 2245 03d4 0038     		.short	14336
 2246 03d6 0044     		.short	17408
 2247 03d8 0044     		.short	17408
 2248 03da 0044     		.short	17408
 2249 03dc 0044     		.short	17408
 2250 03de 0044     		.short	17408
 2251 03e0 0054     		.short	21504
 2252 03e2 0038     		.short	14336
 2253 03e4 0004     		.short	1024
 2254 03e6 0000     		.short	0
 2255 03e8 0078     		.short	30720
 2256 03ea 0044     		.short	17408
 2257 03ec 0044     		.short	17408
 2258 03ee 0044     		.short	17408
 2259 03f0 0078     		.short	30720
 2260 03f2 0048     		.short	18432
 2261 03f4 0048     		.short	18432
 2262 03f6 0044     		.short	17408
 2263 03f8 0000     		.short	0
 2264 03fa 0000     		.short	0
 2265 03fc 0038     		.short	14336
 2266 03fe 0044     		.short	17408
 2267 0400 0040     		.short	16384
 2268 0402 0030     		.short	12288
 2269 0404 0008     		.short	2048
 2270 0406 0004     		.short	1024
 2271 0408 0044     		.short	17408
 2272 040a 0038     		.short	14336
 2273 040c 0000     		.short	0
 2274 040e 0000     		.short	0
 2275 0410 007C     		.short	31744
 2276 0412 0010     		.short	4096
 2277 0414 0010     		.short	4096
 2278 0416 0010     		.short	4096
 2279 0418 0010     		.short	4096
 2280 041a 0010     		.short	4096
 2281 041c 0010     		.short	4096
 2282 041e 0010     		.short	4096
 2283 0420 0000     		.short	0
 2284 0422 0000     		.short	0
 2285 0424 0044     		.short	17408
 2286 0426 0044     		.short	17408
 2287 0428 0044     		.short	17408
 2288 042a 0044     		.short	17408
ARM GAS  C:\Users\Vento\AppData\Local\Temp\cc87Es61.s 			page 41


 2289 042c 0044     		.short	17408
 2290 042e 0044     		.short	17408
 2291 0430 0044     		.short	17408
 2292 0432 0038     		.short	14336
 2293 0434 0000     		.short	0
 2294 0436 0000     		.short	0
 2295 0438 0044     		.short	17408
 2296 043a 0044     		.short	17408
 2297 043c 0044     		.short	17408
 2298 043e 0028     		.short	10240
 2299 0440 0028     		.short	10240
 2300 0442 0028     		.short	10240
 2301 0444 0010     		.short	4096
 2302 0446 0010     		.short	4096
 2303 0448 0000     		.short	0
 2304 044a 0000     		.short	0
 2305 044c 0044     		.short	17408
 2306 044e 0044     		.short	17408
 2307 0450 0054     		.short	21504
 2308 0452 0054     		.short	21504
 2309 0454 0054     		.short	21504
 2310 0456 006C     		.short	27648
 2311 0458 0028     		.short	10240
 2312 045a 0028     		.short	10240
 2313 045c 0000     		.short	0
 2314 045e 0000     		.short	0
 2315 0460 0044     		.short	17408
 2316 0462 0028     		.short	10240
 2317 0464 0028     		.short	10240
 2318 0466 0010     		.short	4096
 2319 0468 0010     		.short	4096
 2320 046a 0028     		.short	10240
 2321 046c 0028     		.short	10240
 2322 046e 0044     		.short	17408
 2323 0470 0000     		.short	0
 2324 0472 0000     		.short	0
 2325 0474 0044     		.short	17408
 2326 0476 0044     		.short	17408
 2327 0478 0028     		.short	10240
 2328 047a 0028     		.short	10240
 2329 047c 0010     		.short	4096
 2330 047e 0010     		.short	4096
 2331 0480 0010     		.short	4096
 2332 0482 0010     		.short	4096
 2333 0484 0000     		.short	0
 2334 0486 0000     		.short	0
 2335 0488 007C     		.short	31744
 2336 048a 0004     		.short	1024
 2337 048c 0008     		.short	2048
 2338 048e 0010     		.short	4096
 2339 0490 0010     		.short	4096
 2340 0492 0020     		.short	8192
 2341 0494 0040     		.short	16384
 2342 0496 007C     		.short	31744
 2343 0498 0000     		.short	0
 2344 049a 0000     		.short	0
 2345 049c 0018     		.short	6144
ARM GAS  C:\Users\Vento\AppData\Local\Temp\cc87Es61.s 			page 42


 2346 049e 0010     		.short	4096
 2347 04a0 0010     		.short	4096
 2348 04a2 0010     		.short	4096
 2349 04a4 0010     		.short	4096
 2350 04a6 0010     		.short	4096
 2351 04a8 0010     		.short	4096
 2352 04aa 0010     		.short	4096
 2353 04ac 0010     		.short	4096
 2354 04ae 0018     		.short	6144
 2355 04b0 0020     		.short	8192
 2356 04b2 0020     		.short	8192
 2357 04b4 0010     		.short	4096
 2358 04b6 0010     		.short	4096
 2359 04b8 0010     		.short	4096
 2360 04ba 0010     		.short	4096
 2361 04bc 0008     		.short	2048
 2362 04be 0008     		.short	2048
 2363 04c0 0000     		.short	0
 2364 04c2 0000     		.short	0
 2365 04c4 0030     		.short	12288
 2366 04c6 0010     		.short	4096
 2367 04c8 0010     		.short	4096
 2368 04ca 0010     		.short	4096
 2369 04cc 0010     		.short	4096
 2370 04ce 0010     		.short	4096
 2371 04d0 0010     		.short	4096
 2372 04d2 0010     		.short	4096
 2373 04d4 0010     		.short	4096
 2374 04d6 0030     		.short	12288
 2375 04d8 0010     		.short	4096
 2376 04da 0028     		.short	10240
 2377 04dc 0028     		.short	10240
 2378 04de 0044     		.short	17408
 2379 04e0 0000     		.short	0
 2380 04e2 0000     		.short	0
 2381 04e4 0000     		.short	0
 2382 04e6 0000     		.short	0
 2383 04e8 0000     		.short	0
 2384 04ea 0000     		.short	0
 2385 04ec 0000     		.short	0
 2386 04ee 0000     		.short	0
 2387 04f0 0000     		.short	0
 2388 04f2 0000     		.short	0
 2389 04f4 0000     		.short	0
 2390 04f6 0000     		.short	0
 2391 04f8 0000     		.short	0
 2392 04fa 0000     		.short	0
 2393 04fc 0000     		.short	0
 2394 04fe 00FE     		.short	-512
 2395 0500 0020     		.short	8192
 2396 0502 0010     		.short	4096
 2397 0504 0000     		.short	0
 2398 0506 0000     		.short	0
 2399 0508 0000     		.short	0
 2400 050a 0000     		.short	0
 2401 050c 0000     		.short	0
 2402 050e 0000     		.short	0
ARM GAS  C:\Users\Vento\AppData\Local\Temp\cc87Es61.s 			page 43


 2403 0510 0000     		.short	0
 2404 0512 0000     		.short	0
 2405 0514 0000     		.short	0
 2406 0516 0000     		.short	0
 2407 0518 0038     		.short	14336
 2408 051a 0044     		.short	17408
 2409 051c 003C     		.short	15360
 2410 051e 0044     		.short	17408
 2411 0520 004C     		.short	19456
 2412 0522 0034     		.short	13312
 2413 0524 0000     		.short	0
 2414 0526 0000     		.short	0
 2415 0528 0040     		.short	16384
 2416 052a 0040     		.short	16384
 2417 052c 0058     		.short	22528
 2418 052e 0064     		.short	25600
 2419 0530 0044     		.short	17408
 2420 0532 0044     		.short	17408
 2421 0534 0064     		.short	25600
 2422 0536 0058     		.short	22528
 2423 0538 0000     		.short	0
 2424 053a 0000     		.short	0
 2425 053c 0000     		.short	0
 2426 053e 0000     		.short	0
 2427 0540 0038     		.short	14336
 2428 0542 0044     		.short	17408
 2429 0544 0040     		.short	16384
 2430 0546 0040     		.short	16384
 2431 0548 0044     		.short	17408
 2432 054a 0038     		.short	14336
 2433 054c 0000     		.short	0
 2434 054e 0000     		.short	0
 2435 0550 0004     		.short	1024
 2436 0552 0004     		.short	1024
 2437 0554 0034     		.short	13312
 2438 0556 004C     		.short	19456
 2439 0558 0044     		.short	17408
 2440 055a 0044     		.short	17408
 2441 055c 004C     		.short	19456
 2442 055e 0034     		.short	13312
 2443 0560 0000     		.short	0
 2444 0562 0000     		.short	0
 2445 0564 0000     		.short	0
 2446 0566 0000     		.short	0
 2447 0568 0038     		.short	14336
 2448 056a 0044     		.short	17408
 2449 056c 007C     		.short	31744
 2450 056e 0040     		.short	16384
 2451 0570 0044     		.short	17408
 2452 0572 0038     		.short	14336
 2453 0574 0000     		.short	0
 2454 0576 0000     		.short	0
 2455 0578 000C     		.short	3072
 2456 057a 0010     		.short	4096
 2457 057c 007C     		.short	31744
 2458 057e 0010     		.short	4096
 2459 0580 0010     		.short	4096
ARM GAS  C:\Users\Vento\AppData\Local\Temp\cc87Es61.s 			page 44


 2460 0582 0010     		.short	4096
 2461 0584 0010     		.short	4096
 2462 0586 0010     		.short	4096
 2463 0588 0000     		.short	0
 2464 058a 0000     		.short	0
 2465 058c 0000     		.short	0
 2466 058e 0000     		.short	0
 2467 0590 0034     		.short	13312
 2468 0592 004C     		.short	19456
 2469 0594 0044     		.short	17408
 2470 0596 0044     		.short	17408
 2471 0598 004C     		.short	19456
 2472 059a 0034     		.short	13312
 2473 059c 0004     		.short	1024
 2474 059e 0078     		.short	30720
 2475 05a0 0040     		.short	16384
 2476 05a2 0040     		.short	16384
 2477 05a4 0058     		.short	22528
 2478 05a6 0064     		.short	25600
 2479 05a8 0044     		.short	17408
 2480 05aa 0044     		.short	17408
 2481 05ac 0044     		.short	17408
 2482 05ae 0044     		.short	17408
 2483 05b0 0000     		.short	0
 2484 05b2 0000     		.short	0
 2485 05b4 0010     		.short	4096
 2486 05b6 0000     		.short	0
 2487 05b8 0070     		.short	28672
 2488 05ba 0010     		.short	4096
 2489 05bc 0010     		.short	4096
 2490 05be 0010     		.short	4096
 2491 05c0 0010     		.short	4096
 2492 05c2 0010     		.short	4096
 2493 05c4 0000     		.short	0
 2494 05c6 0000     		.short	0
 2495 05c8 0010     		.short	4096
 2496 05ca 0000     		.short	0
 2497 05cc 0070     		.short	28672
 2498 05ce 0010     		.short	4096
 2499 05d0 0010     		.short	4096
 2500 05d2 0010     		.short	4096
 2501 05d4 0010     		.short	4096
 2502 05d6 0010     		.short	4096
 2503 05d8 0010     		.short	4096
 2504 05da 00E0     		.short	-8192
 2505 05dc 0040     		.short	16384
 2506 05de 0040     		.short	16384
 2507 05e0 0048     		.short	18432
 2508 05e2 0050     		.short	20480
 2509 05e4 0060     		.short	24576
 2510 05e6 0050     		.short	20480
 2511 05e8 0048     		.short	18432
 2512 05ea 0044     		.short	17408
 2513 05ec 0000     		.short	0
 2514 05ee 0000     		.short	0
 2515 05f0 0070     		.short	28672
 2516 05f2 0010     		.short	4096
ARM GAS  C:\Users\Vento\AppData\Local\Temp\cc87Es61.s 			page 45


 2517 05f4 0010     		.short	4096
 2518 05f6 0010     		.short	4096
 2519 05f8 0010     		.short	4096
 2520 05fa 0010     		.short	4096
 2521 05fc 0010     		.short	4096
 2522 05fe 0010     		.short	4096
 2523 0600 0000     		.short	0
 2524 0602 0000     		.short	0
 2525 0604 0000     		.short	0
 2526 0606 0000     		.short	0
 2527 0608 0078     		.short	30720
 2528 060a 0054     		.short	21504
 2529 060c 0054     		.short	21504
 2530 060e 0054     		.short	21504
 2531 0610 0054     		.short	21504
 2532 0612 0054     		.short	21504
 2533 0614 0000     		.short	0
 2534 0616 0000     		.short	0
 2535 0618 0000     		.short	0
 2536 061a 0000     		.short	0
 2537 061c 0058     		.short	22528
 2538 061e 0064     		.short	25600
 2539 0620 0044     		.short	17408
 2540 0622 0044     		.short	17408
 2541 0624 0044     		.short	17408
 2542 0626 0044     		.short	17408
 2543 0628 0000     		.short	0
 2544 062a 0000     		.short	0
 2545 062c 0000     		.short	0
 2546 062e 0000     		.short	0
 2547 0630 0038     		.short	14336
 2548 0632 0044     		.short	17408
 2549 0634 0044     		.short	17408
 2550 0636 0044     		.short	17408
 2551 0638 0044     		.short	17408
 2552 063a 0038     		.short	14336
 2553 063c 0000     		.short	0
 2554 063e 0000     		.short	0
 2555 0640 0000     		.short	0
 2556 0642 0000     		.short	0
 2557 0644 0058     		.short	22528
 2558 0646 0064     		.short	25600
 2559 0648 0044     		.short	17408
 2560 064a 0044     		.short	17408
 2561 064c 0064     		.short	25600
 2562 064e 0058     		.short	22528
 2563 0650 0040     		.short	16384
 2564 0652 0040     		.short	16384
 2565 0654 0000     		.short	0
 2566 0656 0000     		.short	0
 2567 0658 0034     		.short	13312
 2568 065a 004C     		.short	19456
 2569 065c 0044     		.short	17408
 2570 065e 0044     		.short	17408
 2571 0660 004C     		.short	19456
 2572 0662 0034     		.short	13312
 2573 0664 0004     		.short	1024
ARM GAS  C:\Users\Vento\AppData\Local\Temp\cc87Es61.s 			page 46


 2574 0666 0004     		.short	1024
 2575 0668 0000     		.short	0
 2576 066a 0000     		.short	0
 2577 066c 0058     		.short	22528
 2578 066e 0064     		.short	25600
 2579 0670 0040     		.short	16384
 2580 0672 0040     		.short	16384
 2581 0674 0040     		.short	16384
 2582 0676 0040     		.short	16384
 2583 0678 0000     		.short	0
 2584 067a 0000     		.short	0
 2585 067c 0000     		.short	0
 2586 067e 0000     		.short	0
 2587 0680 0038     		.short	14336
 2588 0682 0044     		.short	17408
 2589 0684 0030     		.short	12288
 2590 0686 0008     		.short	2048
 2591 0688 0044     		.short	17408
 2592 068a 0038     		.short	14336
 2593 068c 0000     		.short	0
 2594 068e 0000     		.short	0
 2595 0690 0020     		.short	8192
 2596 0692 0020     		.short	8192
 2597 0694 0078     		.short	30720
 2598 0696 0020     		.short	8192
 2599 0698 0020     		.short	8192
 2600 069a 0020     		.short	8192
 2601 069c 0020     		.short	8192
 2602 069e 0018     		.short	6144
 2603 06a0 0000     		.short	0
 2604 06a2 0000     		.short	0
 2605 06a4 0000     		.short	0
 2606 06a6 0000     		.short	0
 2607 06a8 0044     		.short	17408
 2608 06aa 0044     		.short	17408
 2609 06ac 0044     		.short	17408
 2610 06ae 0044     		.short	17408
 2611 06b0 004C     		.short	19456
 2612 06b2 0034     		.short	13312
 2613 06b4 0000     		.short	0
 2614 06b6 0000     		.short	0
 2615 06b8 0000     		.short	0
 2616 06ba 0000     		.short	0
 2617 06bc 0044     		.short	17408
 2618 06be 0044     		.short	17408
 2619 06c0 0028     		.short	10240
 2620 06c2 0028     		.short	10240
 2621 06c4 0028     		.short	10240
 2622 06c6 0010     		.short	4096
 2623 06c8 0000     		.short	0
 2624 06ca 0000     		.short	0
 2625 06cc 0000     		.short	0
 2626 06ce 0000     		.short	0
 2627 06d0 0054     		.short	21504
 2628 06d2 0054     		.short	21504
 2629 06d4 0054     		.short	21504
 2630 06d6 006C     		.short	27648
ARM GAS  C:\Users\Vento\AppData\Local\Temp\cc87Es61.s 			page 47


 2631 06d8 0028     		.short	10240
 2632 06da 0028     		.short	10240
 2633 06dc 0000     		.short	0
 2634 06de 0000     		.short	0
 2635 06e0 0000     		.short	0
 2636 06e2 0000     		.short	0
 2637 06e4 0044     		.short	17408
 2638 06e6 0028     		.short	10240
 2639 06e8 0010     		.short	4096
 2640 06ea 0010     		.short	4096
 2641 06ec 0028     		.short	10240
 2642 06ee 0044     		.short	17408
 2643 06f0 0000     		.short	0
 2644 06f2 0000     		.short	0
 2645 06f4 0000     		.short	0
 2646 06f6 0000     		.short	0
 2647 06f8 0044     		.short	17408
 2648 06fa 0044     		.short	17408
 2649 06fc 0028     		.short	10240
 2650 06fe 0028     		.short	10240
 2651 0700 0010     		.short	4096
 2652 0702 0010     		.short	4096
 2653 0704 0010     		.short	4096
 2654 0706 0060     		.short	24576
 2655 0708 0000     		.short	0
 2656 070a 0000     		.short	0
 2657 070c 007C     		.short	31744
 2658 070e 0008     		.short	2048
 2659 0710 0010     		.short	4096
 2660 0712 0020     		.short	8192
 2661 0714 0040     		.short	16384
 2662 0716 007C     		.short	31744
 2663 0718 0000     		.short	0
 2664 071a 0000     		.short	0
 2665 071c 0018     		.short	6144
 2666 071e 0010     		.short	4096
 2667 0720 0010     		.short	4096
 2668 0722 0010     		.short	4096
 2669 0724 0020     		.short	8192
 2670 0726 0020     		.short	8192
 2671 0728 0010     		.short	4096
 2672 072a 0010     		.short	4096
 2673 072c 0010     		.short	4096
 2674 072e 0018     		.short	6144
 2675 0730 0010     		.short	4096
 2676 0732 0010     		.short	4096
 2677 0734 0010     		.short	4096
 2678 0736 0010     		.short	4096
 2679 0738 0010     		.short	4096
 2680 073a 0010     		.short	4096
 2681 073c 0010     		.short	4096
 2682 073e 0010     		.short	4096
 2683 0740 0010     		.short	4096
 2684 0742 0010     		.short	4096
 2685 0744 0030     		.short	12288
 2686 0746 0010     		.short	4096
 2687 0748 0010     		.short	4096
ARM GAS  C:\Users\Vento\AppData\Local\Temp\cc87Es61.s 			page 48


 2688 074a 0010     		.short	4096
 2689 074c 0008     		.short	2048
 2690 074e 0008     		.short	2048
 2691 0750 0010     		.short	4096
 2692 0752 0010     		.short	4096
 2693 0754 0010     		.short	4096
 2694 0756 0030     		.short	12288
 2695 0758 0000     		.short	0
 2696 075a 0000     		.short	0
 2697 075c 0000     		.short	0
 2698 075e 0074     		.short	29696
 2699 0760 004C     		.short	19456
 2700 0762 0000     		.short	0
 2701 0764 0000     		.short	0
 2702 0766 0000     		.short	0
 2703 0768 0000     		.short	0
 2704 076a 0000     		.short	0
 2705              		.text
 2706              	.Letext0:
 2707              		.file 1 "d:\\tools\\gcc-arm-none-eabi-10.3-2021.07\\arm-none-eabi\\include\\machine\\_default_type
 2708              		.file 2 "d:\\tools\\gcc-arm-none-eabi-10.3-2021.07\\arm-none-eabi\\include\\sys\\_stdint.h"
 2709              		.file 3 "Core/Inc/font.h"
 2710              		.file 4 "Core/Src/font.c"
ARM GAS  C:\Users\Vento\AppData\Local\Temp\cc87Es61.s 			page 49


DEFINED SYMBOLS
                            *ABS*:00000000 font.c
C:\Users\Vento\AppData\Local\Temp\cc87Es61.s:21     .data.Font_11x18:00000000 Font_11x18
C:\Users\Vento\AppData\Local\Temp\cc87Es61.s:30     .data.Font_7x10:00000000 Font_7x10
C:\Users\Vento\AppData\Local\Temp\cc87Es61.s:18     .data.Font_11x18:00000000 $d
C:\Users\Vento\AppData\Local\Temp\cc87Es61.s:39     .rodata.Font11x18:00000000 Font11x18
C:\Users\Vento\AppData\Local\Temp\cc87Es61.s:27     .data.Font_7x10:00000000 $d
C:\Users\Vento\AppData\Local\Temp\cc87Es61.s:1754   .rodata.Font7x10:00000000 Font7x10
C:\Users\Vento\AppData\Local\Temp\cc87Es61.s:36     .rodata.Font11x18:00000000 $d
C:\Users\Vento\AppData\Local\Temp\cc87Es61.s:1751   .rodata.Font7x10:00000000 $d

NO UNDEFINED SYMBOLS
