ARM GAS  C:\Users\Admin\AppData\Local\Temp\cckVv68f.s 			page 1


   1              		.cpu cortex-m3
   2              		.eabi_attribute 20, 1
   3              		.eabi_attribute 21, 1
   4              		.eabi_attribute 23, 3
   5              		.eabi_attribute 24, 1
   6              		.eabi_attribute 25, 1
   7              		.eabi_attribute 26, 1
   8              		.eabi_attribute 30, 1
   9              		.eabi_attribute 34, 1
  10              		.eabi_attribute 18, 4
  11              		.file	"main.c"
  12              		.text
  13              	.Ltext0:
  14              		.cfi_sections	.debug_frame
  15              		.section	.text.HAL_TIM_PeriodElapsedCallback,"ax",%progbits
  16              		.align	1
  17              		.global	HAL_TIM_PeriodElapsedCallback
  18              		.arch armv7-m
  19              		.syntax unified
  20              		.thumb
  21              		.thumb_func
  22              		.fpu softvfp
  24              	HAL_TIM_PeriodElapsedCallback:
  25              	.LVL0:
  26              	.LFB71:
  27              		.file 1 "Core/Src/main.c"
   1:Core/Src/main.c **** /* USER CODE BEGIN Header */
   2:Core/Src/main.c **** /**
   3:Core/Src/main.c ****   ******************************************************************************
   4:Core/Src/main.c ****   * @file           : main.c
   5:Core/Src/main.c ****   * @brief          : Main program body
   6:Core/Src/main.c ****   ******************************************************************************
   7:Core/Src/main.c ****   * @attention
   8:Core/Src/main.c ****   *
   9:Core/Src/main.c ****   * Copyright (c) 2022 STMicroelectronics.
  10:Core/Src/main.c ****   * All rights reserved.
  11:Core/Src/main.c ****   *
  12:Core/Src/main.c ****   * This software is licensed under terms that can be found in the LICENSE file
  13:Core/Src/main.c ****   * in the root directory of this software component.
  14:Core/Src/main.c ****   * If no LICENSE file comes with this software, it is provided AS-IS.
  15:Core/Src/main.c ****   *
  16:Core/Src/main.c ****   ******************************************************************************
  17:Core/Src/main.c ****   */
  18:Core/Src/main.c **** /* USER CODE END Header */
  19:Core/Src/main.c **** /* Includes ------------------------------------------------------------------*/
  20:Core/Src/main.c **** #include "main.h"
  21:Core/Src/main.c **** #include "cmsis_os.h"
  22:Core/Src/main.c **** #include "i2c.h"
  23:Core/Src/main.c **** #include "spi.h"
  24:Core/Src/main.c **** #include "usart.h"
  25:Core/Src/main.c **** #include "gpio.h"
  26:Core/Src/main.c **** 
  27:Core/Src/main.c **** /* Private includes ----------------------------------------------------------*/
  28:Core/Src/main.c **** /* USER CODE BEGIN Includes */
  29:Core/Src/main.c **** 
  30:Core/Src/main.c **** /* USER CODE END Includes */
  31:Core/Src/main.c **** 
ARM GAS  C:\Users\Admin\AppData\Local\Temp\cckVv68f.s 			page 2


  32:Core/Src/main.c **** /* Private typedef -----------------------------------------------------------*/
  33:Core/Src/main.c **** /* USER CODE BEGIN PTD */
  34:Core/Src/main.c **** 
  35:Core/Src/main.c **** /* USER CODE END PTD */
  36:Core/Src/main.c **** 
  37:Core/Src/main.c **** /* Private define ------------------------------------------------------------*/
  38:Core/Src/main.c **** /* USER CODE BEGIN PD */
  39:Core/Src/main.c **** /* USER CODE END PD */
  40:Core/Src/main.c **** 
  41:Core/Src/main.c **** /* Private macro -------------------------------------------------------------*/
  42:Core/Src/main.c **** /* USER CODE BEGIN PM */
  43:Core/Src/main.c **** 
  44:Core/Src/main.c **** /* USER CODE END PM */
  45:Core/Src/main.c **** 
  46:Core/Src/main.c **** /* Private variables ---------------------------------------------------------*/
  47:Core/Src/main.c **** 
  48:Core/Src/main.c **** /* USER CODE BEGIN PV */
  49:Core/Src/main.c **** 
  50:Core/Src/main.c **** /* USER CODE END PV */
  51:Core/Src/main.c **** 
  52:Core/Src/main.c **** /* Private function prototypes -----------------------------------------------*/
  53:Core/Src/main.c **** void SystemClock_Config(void);
  54:Core/Src/main.c **** void MX_FREERTOS_Init(void);
  55:Core/Src/main.c **** /* USER CODE BEGIN PFP */
  56:Core/Src/main.c **** 
  57:Core/Src/main.c **** /* USER CODE END PFP */
  58:Core/Src/main.c **** 
  59:Core/Src/main.c **** /* Private user code ---------------------------------------------------------*/
  60:Core/Src/main.c **** /* USER CODE BEGIN 0 */
  61:Core/Src/main.c **** 
  62:Core/Src/main.c **** /* USER CODE END 0 */
  63:Core/Src/main.c **** 
  64:Core/Src/main.c **** /**
  65:Core/Src/main.c ****   * @brief  The application entry point.
  66:Core/Src/main.c ****   * @retval int
  67:Core/Src/main.c ****   */
  68:Core/Src/main.c **** int main(void)
  69:Core/Src/main.c **** {
  70:Core/Src/main.c ****   /* USER CODE BEGIN 1 */
  71:Core/Src/main.c **** 
  72:Core/Src/main.c ****   /* USER CODE END 1 */
  73:Core/Src/main.c **** 
  74:Core/Src/main.c ****   /* MCU Configuration--------------------------------------------------------*/
  75:Core/Src/main.c **** 
  76:Core/Src/main.c ****   /* Reset of all peripherals, Initializes the Flash interface and the Systick. */
  77:Core/Src/main.c ****   HAL_Init();
  78:Core/Src/main.c **** 
  79:Core/Src/main.c ****   /* USER CODE BEGIN Init */
  80:Core/Src/main.c **** 
  81:Core/Src/main.c ****   /* USER CODE END Init */
  82:Core/Src/main.c **** 
  83:Core/Src/main.c ****   /* Configure the system clock */
  84:Core/Src/main.c ****   SystemClock_Config();
  85:Core/Src/main.c **** 
  86:Core/Src/main.c ****   /* USER CODE BEGIN SysInit */
  87:Core/Src/main.c **** 
  88:Core/Src/main.c ****   /* USER CODE END SysInit */
ARM GAS  C:\Users\Admin\AppData\Local\Temp\cckVv68f.s 			page 3


  89:Core/Src/main.c **** 
  90:Core/Src/main.c ****   /* Initialize all configured peripherals */
  91:Core/Src/main.c ****   MX_GPIO_Init();
  92:Core/Src/main.c ****   MX_I2C1_Init();
  93:Core/Src/main.c ****   MX_SPI2_Init();
  94:Core/Src/main.c ****   MX_USART1_UART_Init();
  95:Core/Src/main.c ****   /* USER CODE BEGIN 2 */
  96:Core/Src/main.c **** 
  97:Core/Src/main.c ****   /* USER CODE END 2 */
  98:Core/Src/main.c **** 
  99:Core/Src/main.c ****   /* Init scheduler */
 100:Core/Src/main.c ****   osKernelInitialize();  /* Call init function for freertos objects (in freertos.c) */
 101:Core/Src/main.c ****   MX_FREERTOS_Init();
 102:Core/Src/main.c ****   /* Start scheduler */
 103:Core/Src/main.c ****   osKernelStart();
 104:Core/Src/main.c **** 
 105:Core/Src/main.c ****   /* We should never get here as control is now taken by the scheduler */
 106:Core/Src/main.c ****   /* Infinite loop */
 107:Core/Src/main.c ****   /* USER CODE BEGIN WHILE */
 108:Core/Src/main.c ****   while (1)
 109:Core/Src/main.c ****   {
 110:Core/Src/main.c ****     /* USER CODE END WHILE */
 111:Core/Src/main.c **** 
 112:Core/Src/main.c ****     /* USER CODE BEGIN 3 */
 113:Core/Src/main.c ****   }
 114:Core/Src/main.c ****   /* USER CODE END 3 */
 115:Core/Src/main.c **** }
 116:Core/Src/main.c **** 
 117:Core/Src/main.c **** /**
 118:Core/Src/main.c ****   * @brief System Clock Configuration
 119:Core/Src/main.c ****   * @retval None
 120:Core/Src/main.c ****   */
 121:Core/Src/main.c **** void SystemClock_Config(void)
 122:Core/Src/main.c **** {
 123:Core/Src/main.c ****   RCC_OscInitTypeDef RCC_OscInitStruct = {0};
 124:Core/Src/main.c ****   RCC_ClkInitTypeDef RCC_ClkInitStruct = {0};
 125:Core/Src/main.c **** 
 126:Core/Src/main.c ****   /** Initializes the RCC Oscillators according to the specified parameters
 127:Core/Src/main.c ****   * in the RCC_OscInitTypeDef structure.
 128:Core/Src/main.c ****   */
 129:Core/Src/main.c ****   RCC_OscInitStruct.OscillatorType = RCC_OSCILLATORTYPE_HSE;
 130:Core/Src/main.c ****   RCC_OscInitStruct.HSEState = RCC_HSE_ON;
 131:Core/Src/main.c ****   RCC_OscInitStruct.HSEPredivValue = RCC_HSE_PREDIV_DIV1;
 132:Core/Src/main.c ****   RCC_OscInitStruct.HSIState = RCC_HSI_ON;
 133:Core/Src/main.c ****   RCC_OscInitStruct.PLL.PLLState = RCC_PLL_ON;
 134:Core/Src/main.c ****   RCC_OscInitStruct.PLL.PLLSource = RCC_PLLSOURCE_HSE;
 135:Core/Src/main.c ****   RCC_OscInitStruct.PLL.PLLMUL = RCC_PLL_MUL9;
 136:Core/Src/main.c ****   if (HAL_RCC_OscConfig(&RCC_OscInitStruct) != HAL_OK)
 137:Core/Src/main.c ****   {
 138:Core/Src/main.c ****     Error_Handler();
 139:Core/Src/main.c ****   }
 140:Core/Src/main.c ****   /** Initializes the CPU, AHB and APB buses clocks
 141:Core/Src/main.c ****   */
 142:Core/Src/main.c ****   RCC_ClkInitStruct.ClockType = RCC_CLOCKTYPE_HCLK|RCC_CLOCKTYPE_SYSCLK
 143:Core/Src/main.c ****                               |RCC_CLOCKTYPE_PCLK1|RCC_CLOCKTYPE_PCLK2;
 144:Core/Src/main.c ****   RCC_ClkInitStruct.SYSCLKSource = RCC_SYSCLKSOURCE_PLLCLK;
 145:Core/Src/main.c ****   RCC_ClkInitStruct.AHBCLKDivider = RCC_SYSCLK_DIV1;
ARM GAS  C:\Users\Admin\AppData\Local\Temp\cckVv68f.s 			page 4


 146:Core/Src/main.c ****   RCC_ClkInitStruct.APB1CLKDivider = RCC_HCLK_DIV2;
 147:Core/Src/main.c ****   RCC_ClkInitStruct.APB2CLKDivider = RCC_HCLK_DIV1;
 148:Core/Src/main.c **** 
 149:Core/Src/main.c ****   if (HAL_RCC_ClockConfig(&RCC_ClkInitStruct, FLASH_LATENCY_2) != HAL_OK)
 150:Core/Src/main.c ****   {
 151:Core/Src/main.c ****     Error_Handler();
 152:Core/Src/main.c ****   }
 153:Core/Src/main.c **** }
 154:Core/Src/main.c **** 
 155:Core/Src/main.c **** /* USER CODE BEGIN 4 */
 156:Core/Src/main.c **** 
 157:Core/Src/main.c **** /* USER CODE END 4 */
 158:Core/Src/main.c **** 
 159:Core/Src/main.c **** /**
 160:Core/Src/main.c ****   * @brief  Period elapsed callback in non blocking mode
 161:Core/Src/main.c ****   * @note   This function is called  when TIM1 interrupt took place, inside
 162:Core/Src/main.c ****   * HAL_TIM_IRQHandler(). It makes a direct call to HAL_IncTick() to increment
 163:Core/Src/main.c ****   * a global variable "uwTick" used as application time base.
 164:Core/Src/main.c ****   * @param  htim : TIM handle
 165:Core/Src/main.c ****   * @retval None
 166:Core/Src/main.c ****   */
 167:Core/Src/main.c **** void HAL_TIM_PeriodElapsedCallback(TIM_HandleTypeDef *htim)
 168:Core/Src/main.c **** {
  28              		.loc 1 168 1 view -0
  29              		.cfi_startproc
  30              		@ args = 0, pretend = 0, frame = 0
  31              		@ frame_needed = 0, uses_anonymous_args = 0
  32              		.loc 1 168 1 is_stmt 0 view .LVU1
  33 0000 08B5     		push	{r3, lr}
  34              	.LCFI0:
  35              		.cfi_def_cfa_offset 8
  36              		.cfi_offset 3, -8
  37              		.cfi_offset 14, -4
 169:Core/Src/main.c ****   /* USER CODE BEGIN Callback 0 */
 170:Core/Src/main.c **** 
 171:Core/Src/main.c ****   /* USER CODE END Callback 0 */
 172:Core/Src/main.c ****   if (htim->Instance == TIM1) {
  38              		.loc 1 172 3 is_stmt 1 view .LVU2
  39              		.loc 1 172 11 is_stmt 0 view .LVU3
  40 0002 0268     		ldr	r2, [r0]
  41              		.loc 1 172 6 view .LVU4
  42 0004 034B     		ldr	r3, .L5
  43 0006 9A42     		cmp	r2, r3
  44 0008 00D0     		beq	.L4
  45              	.LVL1:
  46              	.L1:
 173:Core/Src/main.c ****     HAL_IncTick();
 174:Core/Src/main.c ****   }
 175:Core/Src/main.c ****   /* USER CODE BEGIN Callback 1 */
 176:Core/Src/main.c **** 
 177:Core/Src/main.c ****   /* USER CODE END Callback 1 */
 178:Core/Src/main.c **** }
  47              		.loc 1 178 1 view .LVU5
  48 000a 08BD     		pop	{r3, pc}
  49              	.LVL2:
  50              	.L4:
 173:Core/Src/main.c ****     HAL_IncTick();
ARM GAS  C:\Users\Admin\AppData\Local\Temp\cckVv68f.s 			page 5


  51              		.loc 1 173 5 is_stmt 1 view .LVU6
  52 000c FFF7FEFF 		bl	HAL_IncTick
  53              	.LVL3:
  54              		.loc 1 178 1 is_stmt 0 view .LVU7
  55 0010 FBE7     		b	.L1
  56              	.L6:
  57 0012 00BF     		.align	2
  58              	.L5:
  59 0014 002C0140 		.word	1073818624
  60              		.cfi_endproc
  61              	.LFE71:
  63              		.section	.text.Error_Handler,"ax",%progbits
  64              		.align	1
  65              		.global	Error_Handler
  66              		.syntax unified
  67              		.thumb
  68              		.thumb_func
  69              		.fpu softvfp
  71              	Error_Handler:
  72              	.LFB72:
 179:Core/Src/main.c **** 
 180:Core/Src/main.c **** /**
 181:Core/Src/main.c ****   * @brief  This function is executed in case of error occurrence.
 182:Core/Src/main.c ****   * @retval None
 183:Core/Src/main.c ****   */
 184:Core/Src/main.c **** void Error_Handler(void)
 185:Core/Src/main.c **** {
  73              		.loc 1 185 1 is_stmt 1 view -0
  74              		.cfi_startproc
  75              		@ Volatile: function does not return.
  76              		@ args = 0, pretend = 0, frame = 0
  77              		@ frame_needed = 0, uses_anonymous_args = 0
  78              		@ link register save eliminated.
 186:Core/Src/main.c ****   /* USER CODE BEGIN Error_Handler_Debug */
 187:Core/Src/main.c ****   /* User can add his own implementation to report the HAL error return state */
 188:Core/Src/main.c ****   __disable_irq();
  79              		.loc 1 188 3 view .LVU9
  80              	.LBB4:
  81              	.LBI4:
  82              		.file 2 "Drivers/CMSIS/Include/cmsis_gcc.h"
   1:Drivers/CMSIS/Include/cmsis_gcc.h **** /**************************************************************************//**
   2:Drivers/CMSIS/Include/cmsis_gcc.h ****  * @file     cmsis_gcc.h
   3:Drivers/CMSIS/Include/cmsis_gcc.h ****  * @brief    CMSIS compiler GCC header file
   4:Drivers/CMSIS/Include/cmsis_gcc.h ****  * @version  V5.0.4
   5:Drivers/CMSIS/Include/cmsis_gcc.h ****  * @date     09. April 2018
   6:Drivers/CMSIS/Include/cmsis_gcc.h ****  ******************************************************************************/
   7:Drivers/CMSIS/Include/cmsis_gcc.h **** /*
   8:Drivers/CMSIS/Include/cmsis_gcc.h ****  * Copyright (c) 2009-2018 Arm Limited. All rights reserved.
   9:Drivers/CMSIS/Include/cmsis_gcc.h ****  *
  10:Drivers/CMSIS/Include/cmsis_gcc.h ****  * SPDX-License-Identifier: Apache-2.0
  11:Drivers/CMSIS/Include/cmsis_gcc.h ****  *
  12:Drivers/CMSIS/Include/cmsis_gcc.h ****  * Licensed under the Apache License, Version 2.0 (the License); you may
  13:Drivers/CMSIS/Include/cmsis_gcc.h ****  * not use this file except in compliance with the License.
  14:Drivers/CMSIS/Include/cmsis_gcc.h ****  * You may obtain a copy of the License at
  15:Drivers/CMSIS/Include/cmsis_gcc.h ****  *
  16:Drivers/CMSIS/Include/cmsis_gcc.h ****  * www.apache.org/licenses/LICENSE-2.0
  17:Drivers/CMSIS/Include/cmsis_gcc.h ****  *
ARM GAS  C:\Users\Admin\AppData\Local\Temp\cckVv68f.s 			page 6


  18:Drivers/CMSIS/Include/cmsis_gcc.h ****  * Unless required by applicable law or agreed to in writing, software
  19:Drivers/CMSIS/Include/cmsis_gcc.h ****  * distributed under the License is distributed on an AS IS BASIS, WITHOUT
  20:Drivers/CMSIS/Include/cmsis_gcc.h ****  * WARRANTIES OR CONDITIONS OF ANY KIND, either express or implied.
  21:Drivers/CMSIS/Include/cmsis_gcc.h ****  * See the License for the specific language governing permissions and
  22:Drivers/CMSIS/Include/cmsis_gcc.h ****  * limitations under the License.
  23:Drivers/CMSIS/Include/cmsis_gcc.h ****  */
  24:Drivers/CMSIS/Include/cmsis_gcc.h **** 
  25:Drivers/CMSIS/Include/cmsis_gcc.h **** #ifndef __CMSIS_GCC_H
  26:Drivers/CMSIS/Include/cmsis_gcc.h **** #define __CMSIS_GCC_H
  27:Drivers/CMSIS/Include/cmsis_gcc.h **** 
  28:Drivers/CMSIS/Include/cmsis_gcc.h **** /* ignore some GCC warnings */
  29:Drivers/CMSIS/Include/cmsis_gcc.h **** #pragma GCC diagnostic push
  30:Drivers/CMSIS/Include/cmsis_gcc.h **** #pragma GCC diagnostic ignored "-Wsign-conversion"
  31:Drivers/CMSIS/Include/cmsis_gcc.h **** #pragma GCC diagnostic ignored "-Wconversion"
  32:Drivers/CMSIS/Include/cmsis_gcc.h **** #pragma GCC diagnostic ignored "-Wunused-parameter"
  33:Drivers/CMSIS/Include/cmsis_gcc.h **** 
  34:Drivers/CMSIS/Include/cmsis_gcc.h **** /* Fallback for __has_builtin */
  35:Drivers/CMSIS/Include/cmsis_gcc.h **** #ifndef __has_builtin
  36:Drivers/CMSIS/Include/cmsis_gcc.h ****   #define __has_builtin(x) (0)
  37:Drivers/CMSIS/Include/cmsis_gcc.h **** #endif
  38:Drivers/CMSIS/Include/cmsis_gcc.h **** 
  39:Drivers/CMSIS/Include/cmsis_gcc.h **** /* CMSIS compiler specific defines */
  40:Drivers/CMSIS/Include/cmsis_gcc.h **** #ifndef   __ASM
  41:Drivers/CMSIS/Include/cmsis_gcc.h ****   #define __ASM                                  __asm
  42:Drivers/CMSIS/Include/cmsis_gcc.h **** #endif
  43:Drivers/CMSIS/Include/cmsis_gcc.h **** #ifndef   __INLINE
  44:Drivers/CMSIS/Include/cmsis_gcc.h ****   #define __INLINE                               inline
  45:Drivers/CMSIS/Include/cmsis_gcc.h **** #endif
  46:Drivers/CMSIS/Include/cmsis_gcc.h **** #ifndef   __STATIC_INLINE
  47:Drivers/CMSIS/Include/cmsis_gcc.h ****   #define __STATIC_INLINE                        static inline
  48:Drivers/CMSIS/Include/cmsis_gcc.h **** #endif
  49:Drivers/CMSIS/Include/cmsis_gcc.h **** #ifndef   __STATIC_FORCEINLINE                 
  50:Drivers/CMSIS/Include/cmsis_gcc.h ****   #define __STATIC_FORCEINLINE                   __attribute__((always_inline)) static inline
  51:Drivers/CMSIS/Include/cmsis_gcc.h **** #endif                                           
  52:Drivers/CMSIS/Include/cmsis_gcc.h **** #ifndef   __NO_RETURN
  53:Drivers/CMSIS/Include/cmsis_gcc.h ****   #define __NO_RETURN                            __attribute__((__noreturn__))
  54:Drivers/CMSIS/Include/cmsis_gcc.h **** #endif
  55:Drivers/CMSIS/Include/cmsis_gcc.h **** #ifndef   __USED
  56:Drivers/CMSIS/Include/cmsis_gcc.h ****   #define __USED                                 __attribute__((used))
  57:Drivers/CMSIS/Include/cmsis_gcc.h **** #endif
  58:Drivers/CMSIS/Include/cmsis_gcc.h **** #ifndef   __WEAK
  59:Drivers/CMSIS/Include/cmsis_gcc.h ****   #define __WEAK                                 __attribute__((weak))
  60:Drivers/CMSIS/Include/cmsis_gcc.h **** #endif
  61:Drivers/CMSIS/Include/cmsis_gcc.h **** #ifndef   __PACKED
  62:Drivers/CMSIS/Include/cmsis_gcc.h ****   #define __PACKED                               __attribute__((packed, aligned(1)))
  63:Drivers/CMSIS/Include/cmsis_gcc.h **** #endif
  64:Drivers/CMSIS/Include/cmsis_gcc.h **** #ifndef   __PACKED_STRUCT
  65:Drivers/CMSIS/Include/cmsis_gcc.h ****   #define __PACKED_STRUCT                        struct __attribute__((packed, aligned(1)))
  66:Drivers/CMSIS/Include/cmsis_gcc.h **** #endif
  67:Drivers/CMSIS/Include/cmsis_gcc.h **** #ifndef   __PACKED_UNION
  68:Drivers/CMSIS/Include/cmsis_gcc.h ****   #define __PACKED_UNION                         union __attribute__((packed, aligned(1)))
  69:Drivers/CMSIS/Include/cmsis_gcc.h **** #endif
  70:Drivers/CMSIS/Include/cmsis_gcc.h **** #ifndef   __UNALIGNED_UINT32        /* deprecated */
  71:Drivers/CMSIS/Include/cmsis_gcc.h ****   #pragma GCC diagnostic push
  72:Drivers/CMSIS/Include/cmsis_gcc.h ****   #pragma GCC diagnostic ignored "-Wpacked"
  73:Drivers/CMSIS/Include/cmsis_gcc.h ****   #pragma GCC diagnostic ignored "-Wattributes"
  74:Drivers/CMSIS/Include/cmsis_gcc.h ****   struct __attribute__((packed)) T_UINT32 { uint32_t v; };
ARM GAS  C:\Users\Admin\AppData\Local\Temp\cckVv68f.s 			page 7


  75:Drivers/CMSIS/Include/cmsis_gcc.h ****   #pragma GCC diagnostic pop
  76:Drivers/CMSIS/Include/cmsis_gcc.h ****   #define __UNALIGNED_UINT32(x)                  (((struct T_UINT32 *)(x))->v)
  77:Drivers/CMSIS/Include/cmsis_gcc.h **** #endif
  78:Drivers/CMSIS/Include/cmsis_gcc.h **** #ifndef   __UNALIGNED_UINT16_WRITE
  79:Drivers/CMSIS/Include/cmsis_gcc.h ****   #pragma GCC diagnostic push
  80:Drivers/CMSIS/Include/cmsis_gcc.h ****   #pragma GCC diagnostic ignored "-Wpacked"
  81:Drivers/CMSIS/Include/cmsis_gcc.h ****   #pragma GCC diagnostic ignored "-Wattributes"
  82:Drivers/CMSIS/Include/cmsis_gcc.h ****   __PACKED_STRUCT T_UINT16_WRITE { uint16_t v; };
  83:Drivers/CMSIS/Include/cmsis_gcc.h ****   #pragma GCC diagnostic pop
  84:Drivers/CMSIS/Include/cmsis_gcc.h ****   #define __UNALIGNED_UINT16_WRITE(addr, val)    (void)((((struct T_UINT16_WRITE *)(void *)(addr))-
  85:Drivers/CMSIS/Include/cmsis_gcc.h **** #endif
  86:Drivers/CMSIS/Include/cmsis_gcc.h **** #ifndef   __UNALIGNED_UINT16_READ
  87:Drivers/CMSIS/Include/cmsis_gcc.h ****   #pragma GCC diagnostic push
  88:Drivers/CMSIS/Include/cmsis_gcc.h ****   #pragma GCC diagnostic ignored "-Wpacked"
  89:Drivers/CMSIS/Include/cmsis_gcc.h ****   #pragma GCC diagnostic ignored "-Wattributes"
  90:Drivers/CMSIS/Include/cmsis_gcc.h ****   __PACKED_STRUCT T_UINT16_READ { uint16_t v; };
  91:Drivers/CMSIS/Include/cmsis_gcc.h ****   #pragma GCC diagnostic pop
  92:Drivers/CMSIS/Include/cmsis_gcc.h ****   #define __UNALIGNED_UINT16_READ(addr)          (((const struct T_UINT16_READ *)(const void *)(add
  93:Drivers/CMSIS/Include/cmsis_gcc.h **** #endif
  94:Drivers/CMSIS/Include/cmsis_gcc.h **** #ifndef   __UNALIGNED_UINT32_WRITE
  95:Drivers/CMSIS/Include/cmsis_gcc.h ****   #pragma GCC diagnostic push
  96:Drivers/CMSIS/Include/cmsis_gcc.h ****   #pragma GCC diagnostic ignored "-Wpacked"
  97:Drivers/CMSIS/Include/cmsis_gcc.h ****   #pragma GCC diagnostic ignored "-Wattributes"
  98:Drivers/CMSIS/Include/cmsis_gcc.h ****   __PACKED_STRUCT T_UINT32_WRITE { uint32_t v; };
  99:Drivers/CMSIS/Include/cmsis_gcc.h ****   #pragma GCC diagnostic pop
 100:Drivers/CMSIS/Include/cmsis_gcc.h ****   #define __UNALIGNED_UINT32_WRITE(addr, val)    (void)((((struct T_UINT32_WRITE *)(void *)(addr))-
 101:Drivers/CMSIS/Include/cmsis_gcc.h **** #endif
 102:Drivers/CMSIS/Include/cmsis_gcc.h **** #ifndef   __UNALIGNED_UINT32_READ
 103:Drivers/CMSIS/Include/cmsis_gcc.h ****   #pragma GCC diagnostic push
 104:Drivers/CMSIS/Include/cmsis_gcc.h ****   #pragma GCC diagnostic ignored "-Wpacked"
 105:Drivers/CMSIS/Include/cmsis_gcc.h ****   #pragma GCC diagnostic ignored "-Wattributes"
 106:Drivers/CMSIS/Include/cmsis_gcc.h ****   __PACKED_STRUCT T_UINT32_READ { uint32_t v; };
 107:Drivers/CMSIS/Include/cmsis_gcc.h ****   #pragma GCC diagnostic pop
 108:Drivers/CMSIS/Include/cmsis_gcc.h ****   #define __UNALIGNED_UINT32_READ(addr)          (((const struct T_UINT32_READ *)(const void *)(add
 109:Drivers/CMSIS/Include/cmsis_gcc.h **** #endif
 110:Drivers/CMSIS/Include/cmsis_gcc.h **** #ifndef   __ALIGNED
 111:Drivers/CMSIS/Include/cmsis_gcc.h ****   #define __ALIGNED(x)                           __attribute__((aligned(x)))
 112:Drivers/CMSIS/Include/cmsis_gcc.h **** #endif
 113:Drivers/CMSIS/Include/cmsis_gcc.h **** #ifndef   __RESTRICT
 114:Drivers/CMSIS/Include/cmsis_gcc.h ****   #define __RESTRICT                             __restrict
 115:Drivers/CMSIS/Include/cmsis_gcc.h **** #endif
 116:Drivers/CMSIS/Include/cmsis_gcc.h **** 
 117:Drivers/CMSIS/Include/cmsis_gcc.h **** 
 118:Drivers/CMSIS/Include/cmsis_gcc.h **** /* ###########################  Core Function Access  ########################### */
 119:Drivers/CMSIS/Include/cmsis_gcc.h **** /** \ingroup  CMSIS_Core_FunctionInterface
 120:Drivers/CMSIS/Include/cmsis_gcc.h ****     \defgroup CMSIS_Core_RegAccFunctions CMSIS Core Register Access Functions
 121:Drivers/CMSIS/Include/cmsis_gcc.h ****   @{
 122:Drivers/CMSIS/Include/cmsis_gcc.h ****  */
 123:Drivers/CMSIS/Include/cmsis_gcc.h **** 
 124:Drivers/CMSIS/Include/cmsis_gcc.h **** /**
 125:Drivers/CMSIS/Include/cmsis_gcc.h ****   \brief   Enable IRQ Interrupts
 126:Drivers/CMSIS/Include/cmsis_gcc.h ****   \details Enables IRQ interrupts by clearing the I-bit in the CPSR.
 127:Drivers/CMSIS/Include/cmsis_gcc.h ****            Can only be executed in Privileged modes.
 128:Drivers/CMSIS/Include/cmsis_gcc.h ****  */
 129:Drivers/CMSIS/Include/cmsis_gcc.h **** __STATIC_FORCEINLINE void __enable_irq(void)
 130:Drivers/CMSIS/Include/cmsis_gcc.h **** {
 131:Drivers/CMSIS/Include/cmsis_gcc.h ****   __ASM volatile ("cpsie i" : : : "memory");
ARM GAS  C:\Users\Admin\AppData\Local\Temp\cckVv68f.s 			page 8


 132:Drivers/CMSIS/Include/cmsis_gcc.h **** }
 133:Drivers/CMSIS/Include/cmsis_gcc.h **** 
 134:Drivers/CMSIS/Include/cmsis_gcc.h **** 
 135:Drivers/CMSIS/Include/cmsis_gcc.h **** /**
 136:Drivers/CMSIS/Include/cmsis_gcc.h ****   \brief   Disable IRQ Interrupts
 137:Drivers/CMSIS/Include/cmsis_gcc.h ****   \details Disables IRQ interrupts by setting the I-bit in the CPSR.
 138:Drivers/CMSIS/Include/cmsis_gcc.h ****            Can only be executed in Privileged modes.
 139:Drivers/CMSIS/Include/cmsis_gcc.h ****  */
 140:Drivers/CMSIS/Include/cmsis_gcc.h **** __STATIC_FORCEINLINE void __disable_irq(void)
  83              		.loc 2 140 27 view .LVU10
  84              	.LBB5:
 141:Drivers/CMSIS/Include/cmsis_gcc.h **** {
 142:Drivers/CMSIS/Include/cmsis_gcc.h ****   __ASM volatile ("cpsid i" : : : "memory");
  85              		.loc 2 142 3 view .LVU11
  86              		.syntax unified
  87              	@ 142 "Drivers/CMSIS/Include/cmsis_gcc.h" 1
  88 0000 72B6     		cpsid i
  89              	@ 0 "" 2
  90              		.thumb
  91              		.syntax unified
  92              	.L8:
  93              	.LBE5:
  94              	.LBE4:
 189:Core/Src/main.c ****   while (1)
  95              		.loc 1 189 3 discriminator 1 view .LVU12
 190:Core/Src/main.c ****   {
 191:Core/Src/main.c ****   }
  96              		.loc 1 191 3 discriminator 1 view .LVU13
 189:Core/Src/main.c ****   while (1)
  97              		.loc 1 189 9 discriminator 1 view .LVU14
  98 0002 FEE7     		b	.L8
  99              		.cfi_endproc
 100              	.LFE72:
 102              		.section	.text.SystemClock_Config,"ax",%progbits
 103              		.align	1
 104              		.global	SystemClock_Config
 105              		.syntax unified
 106              		.thumb
 107              		.thumb_func
 108              		.fpu softvfp
 110              	SystemClock_Config:
 111              	.LFB70:
 122:Core/Src/main.c ****   RCC_OscInitTypeDef RCC_OscInitStruct = {0};
 112              		.loc 1 122 1 view -0
 113              		.cfi_startproc
 114              		@ args = 0, pretend = 0, frame = 64
 115              		@ frame_needed = 0, uses_anonymous_args = 0
 116 0000 00B5     		push	{lr}
 117              	.LCFI1:
 118              		.cfi_def_cfa_offset 4
 119              		.cfi_offset 14, -4
 120 0002 91B0     		sub	sp, sp, #68
 121              	.LCFI2:
 122              		.cfi_def_cfa_offset 72
 123:Core/Src/main.c ****   RCC_ClkInitTypeDef RCC_ClkInitStruct = {0};
 123              		.loc 1 123 3 view .LVU16
 123:Core/Src/main.c ****   RCC_ClkInitTypeDef RCC_ClkInitStruct = {0};
ARM GAS  C:\Users\Admin\AppData\Local\Temp\cckVv68f.s 			page 9


 124              		.loc 1 123 22 is_stmt 0 view .LVU17
 125 0004 0023     		movs	r3, #0
 126 0006 0993     		str	r3, [sp, #36]
 127 0008 0B93     		str	r3, [sp, #44]
 128 000a 0C93     		str	r3, [sp, #48]
 124:Core/Src/main.c **** 
 129              		.loc 1 124 3 is_stmt 1 view .LVU18
 124:Core/Src/main.c **** 
 130              		.loc 1 124 22 is_stmt 0 view .LVU19
 131 000c 0193     		str	r3, [sp, #4]
 132 000e 0293     		str	r3, [sp, #8]
 133 0010 0393     		str	r3, [sp, #12]
 134 0012 0493     		str	r3, [sp, #16]
 135 0014 0593     		str	r3, [sp, #20]
 129:Core/Src/main.c ****   RCC_OscInitStruct.HSEState = RCC_HSE_ON;
 136              		.loc 1 129 3 is_stmt 1 view .LVU20
 129:Core/Src/main.c ****   RCC_OscInitStruct.HSEState = RCC_HSE_ON;
 137              		.loc 1 129 36 is_stmt 0 view .LVU21
 138 0016 0121     		movs	r1, #1
 139 0018 0691     		str	r1, [sp, #24]
 130:Core/Src/main.c ****   RCC_OscInitStruct.HSEPredivValue = RCC_HSE_PREDIV_DIV1;
 140              		.loc 1 130 3 is_stmt 1 view .LVU22
 130:Core/Src/main.c ****   RCC_OscInitStruct.HSEPredivValue = RCC_HSE_PREDIV_DIV1;
 141              		.loc 1 130 30 is_stmt 0 view .LVU23
 142 001a 4FF48032 		mov	r2, #65536
 143 001e 0792     		str	r2, [sp, #28]
 131:Core/Src/main.c ****   RCC_OscInitStruct.HSIState = RCC_HSI_ON;
 144              		.loc 1 131 3 is_stmt 1 view .LVU24
 131:Core/Src/main.c ****   RCC_OscInitStruct.HSIState = RCC_HSI_ON;
 145              		.loc 1 131 36 is_stmt 0 view .LVU25
 146 0020 0893     		str	r3, [sp, #32]
 132:Core/Src/main.c ****   RCC_OscInitStruct.PLL.PLLState = RCC_PLL_ON;
 147              		.loc 1 132 3 is_stmt 1 view .LVU26
 132:Core/Src/main.c ****   RCC_OscInitStruct.PLL.PLLState = RCC_PLL_ON;
 148              		.loc 1 132 30 is_stmt 0 view .LVU27
 149 0022 0A91     		str	r1, [sp, #40]
 133:Core/Src/main.c ****   RCC_OscInitStruct.PLL.PLLSource = RCC_PLLSOURCE_HSE;
 150              		.loc 1 133 3 is_stmt 1 view .LVU28
 133:Core/Src/main.c ****   RCC_OscInitStruct.PLL.PLLSource = RCC_PLLSOURCE_HSE;
 151              		.loc 1 133 34 is_stmt 0 view .LVU29
 152 0024 0223     		movs	r3, #2
 153 0026 0D93     		str	r3, [sp, #52]
 134:Core/Src/main.c ****   RCC_OscInitStruct.PLL.PLLMUL = RCC_PLL_MUL9;
 154              		.loc 1 134 3 is_stmt 1 view .LVU30
 134:Core/Src/main.c ****   RCC_OscInitStruct.PLL.PLLMUL = RCC_PLL_MUL9;
 155              		.loc 1 134 35 is_stmt 0 view .LVU31
 156 0028 0E92     		str	r2, [sp, #56]
 135:Core/Src/main.c ****   if (HAL_RCC_OscConfig(&RCC_OscInitStruct) != HAL_OK)
 157              		.loc 1 135 3 is_stmt 1 view .LVU32
 135:Core/Src/main.c ****   if (HAL_RCC_OscConfig(&RCC_OscInitStruct) != HAL_OK)
 158              		.loc 1 135 32 is_stmt 0 view .LVU33
 159 002a 4FF4E013 		mov	r3, #1835008
 160 002e 0F93     		str	r3, [sp, #60]
 136:Core/Src/main.c ****   {
 161              		.loc 1 136 3 is_stmt 1 view .LVU34
 136:Core/Src/main.c ****   {
 162              		.loc 1 136 7 is_stmt 0 view .LVU35
ARM GAS  C:\Users\Admin\AppData\Local\Temp\cckVv68f.s 			page 10


 163 0030 06A8     		add	r0, sp, #24
 164 0032 FFF7FEFF 		bl	HAL_RCC_OscConfig
 165              	.LVL4:
 136:Core/Src/main.c ****   {
 166              		.loc 1 136 6 view .LVU36
 167 0036 80B9     		cbnz	r0, .L13
 142:Core/Src/main.c ****                               |RCC_CLOCKTYPE_PCLK1|RCC_CLOCKTYPE_PCLK2;
 168              		.loc 1 142 3 is_stmt 1 view .LVU37
 142:Core/Src/main.c ****                               |RCC_CLOCKTYPE_PCLK1|RCC_CLOCKTYPE_PCLK2;
 169              		.loc 1 142 31 is_stmt 0 view .LVU38
 170 0038 0F23     		movs	r3, #15
 171 003a 0193     		str	r3, [sp, #4]
 144:Core/Src/main.c ****   RCC_ClkInitStruct.AHBCLKDivider = RCC_SYSCLK_DIV1;
 172              		.loc 1 144 3 is_stmt 1 view .LVU39
 144:Core/Src/main.c ****   RCC_ClkInitStruct.AHBCLKDivider = RCC_SYSCLK_DIV1;
 173              		.loc 1 144 34 is_stmt 0 view .LVU40
 174 003c 0221     		movs	r1, #2
 175 003e 0291     		str	r1, [sp, #8]
 145:Core/Src/main.c ****   RCC_ClkInitStruct.APB1CLKDivider = RCC_HCLK_DIV2;
 176              		.loc 1 145 3 is_stmt 1 view .LVU41
 145:Core/Src/main.c ****   RCC_ClkInitStruct.APB1CLKDivider = RCC_HCLK_DIV2;
 177              		.loc 1 145 35 is_stmt 0 view .LVU42
 178 0040 0023     		movs	r3, #0
 179 0042 0393     		str	r3, [sp, #12]
 146:Core/Src/main.c ****   RCC_ClkInitStruct.APB2CLKDivider = RCC_HCLK_DIV1;
 180              		.loc 1 146 3 is_stmt 1 view .LVU43
 146:Core/Src/main.c ****   RCC_ClkInitStruct.APB2CLKDivider = RCC_HCLK_DIV1;
 181              		.loc 1 146 36 is_stmt 0 view .LVU44
 182 0044 4FF48062 		mov	r2, #1024
 183 0048 0492     		str	r2, [sp, #16]
 147:Core/Src/main.c **** 
 184              		.loc 1 147 3 is_stmt 1 view .LVU45
 147:Core/Src/main.c **** 
 185              		.loc 1 147 36 is_stmt 0 view .LVU46
 186 004a 0593     		str	r3, [sp, #20]
 149:Core/Src/main.c ****   {
 187              		.loc 1 149 3 is_stmt 1 view .LVU47
 149:Core/Src/main.c ****   {
 188              		.loc 1 149 7 is_stmt 0 view .LVU48
 189 004c 01A8     		add	r0, sp, #4
 190 004e FFF7FEFF 		bl	HAL_RCC_ClockConfig
 191              	.LVL5:
 149:Core/Src/main.c ****   {
 192              		.loc 1 149 6 view .LVU49
 193 0052 20B9     		cbnz	r0, .L14
 153:Core/Src/main.c **** 
 194              		.loc 1 153 1 view .LVU50
 195 0054 11B0     		add	sp, sp, #68
 196              	.LCFI3:
 197              		.cfi_remember_state
 198              		.cfi_def_cfa_offset 4
 199              		@ sp needed
 200 0056 5DF804FB 		ldr	pc, [sp], #4
 201              	.L13:
 202              	.LCFI4:
 203              		.cfi_restore_state
 138:Core/Src/main.c ****   }
ARM GAS  C:\Users\Admin\AppData\Local\Temp\cckVv68f.s 			page 11


 204              		.loc 1 138 5 is_stmt 1 view .LVU51
 205 005a FFF7FEFF 		bl	Error_Handler
 206              	.LVL6:
 207              	.L14:
 151:Core/Src/main.c ****   }
 208              		.loc 1 151 5 view .LVU52
 209 005e FFF7FEFF 		bl	Error_Handler
 210              	.LVL7:
 211              		.cfi_endproc
 212              	.LFE70:
 214              		.section	.text.main,"ax",%progbits
 215              		.align	1
 216              		.global	main
 217              		.syntax unified
 218              		.thumb
 219              		.thumb_func
 220              		.fpu softvfp
 222              	main:
 223              	.LFB69:
  69:Core/Src/main.c ****   /* USER CODE BEGIN 1 */
 224              		.loc 1 69 1 view -0
 225              		.cfi_startproc
 226              		@ Volatile: function does not return.
 227              		@ args = 0, pretend = 0, frame = 0
 228              		@ frame_needed = 0, uses_anonymous_args = 0
 229 0000 08B5     		push	{r3, lr}
 230              	.LCFI5:
 231              		.cfi_def_cfa_offset 8
 232              		.cfi_offset 3, -8
 233              		.cfi_offset 14, -4
  77:Core/Src/main.c **** 
 234              		.loc 1 77 3 view .LVU54
 235 0002 FFF7FEFF 		bl	HAL_Init
 236              	.LVL8:
  84:Core/Src/main.c **** 
 237              		.loc 1 84 3 view .LVU55
 238 0006 FFF7FEFF 		bl	SystemClock_Config
 239              	.LVL9:
  91:Core/Src/main.c ****   MX_I2C1_Init();
 240              		.loc 1 91 3 view .LVU56
 241 000a FFF7FEFF 		bl	MX_GPIO_Init
 242              	.LVL10:
  92:Core/Src/main.c ****   MX_SPI2_Init();
 243              		.loc 1 92 3 view .LVU57
 244 000e FFF7FEFF 		bl	MX_I2C1_Init
 245              	.LVL11:
  93:Core/Src/main.c ****   MX_USART1_UART_Init();
 246              		.loc 1 93 3 view .LVU58
 247 0012 FFF7FEFF 		bl	MX_SPI2_Init
 248              	.LVL12:
  94:Core/Src/main.c ****   /* USER CODE BEGIN 2 */
 249              		.loc 1 94 3 view .LVU59
 250 0016 FFF7FEFF 		bl	MX_USART1_UART_Init
 251              	.LVL13:
 100:Core/Src/main.c ****   MX_FREERTOS_Init();
 252              		.loc 1 100 3 view .LVU60
 253 001a FFF7FEFF 		bl	osKernelInitialize
ARM GAS  C:\Users\Admin\AppData\Local\Temp\cckVv68f.s 			page 12


 254              	.LVL14:
 101:Core/Src/main.c ****   /* Start scheduler */
 255              		.loc 1 101 3 view .LVU61
 256 001e FFF7FEFF 		bl	MX_FREERTOS_Init
 257              	.LVL15:
 103:Core/Src/main.c **** 
 258              		.loc 1 103 3 view .LVU62
 259 0022 FFF7FEFF 		bl	osKernelStart
 260              	.LVL16:
 261              	.L16:
 108:Core/Src/main.c ****   {
 262              		.loc 1 108 3 discriminator 1 view .LVU63
 113:Core/Src/main.c ****   /* USER CODE END 3 */
 263              		.loc 1 113 3 discriminator 1 view .LVU64
 108:Core/Src/main.c ****   {
 264              		.loc 1 108 9 discriminator 1 view .LVU65
 265 0026 FEE7     		b	.L16
 266              		.cfi_endproc
 267              	.LFE69:
 269              		.text
 270              	.Letext0:
 271              		.file 3 "c:\\program files (x86)\\gnu arm embedded toolchain\\9 2020-q2-update\\arm-none-eabi\\inc
 272              		.file 4 "c:\\program files (x86)\\gnu arm embedded toolchain\\9 2020-q2-update\\arm-none-eabi\\inc
 273              		.file 5 "Drivers/CMSIS/Include/core_cm3.h"
 274              		.file 6 "Drivers/CMSIS/Device/ST/STM32F1xx/Include/system_stm32f1xx.h"
 275              		.file 7 "Drivers/CMSIS/Device/ST/STM32F1xx/Include/stm32f103xb.h"
 276              		.file 8 "Drivers/STM32F1xx_HAL_Driver/Inc/stm32f1xx_hal_def.h"
 277              		.file 9 "Drivers/STM32F1xx_HAL_Driver/Inc/stm32f1xx_hal_rcc.h"
 278              		.file 10 "Drivers/STM32F1xx_HAL_Driver/Inc/stm32f1xx_hal_rcc_ex.h"
 279              		.file 11 "Drivers/STM32F1xx_HAL_Driver/Inc/stm32f1xx_hal_dma.h"
 280              		.file 12 "Drivers/STM32F1xx_HAL_Driver/Inc/stm32f1xx_hal_i2c.h"
 281              		.file 13 "Drivers/STM32F1xx_HAL_Driver/Inc/stm32f1xx_hal_spi.h"
 282              		.file 14 "Drivers/STM32F1xx_HAL_Driver/Inc/stm32f1xx_hal_tim.h"
 283              		.file 15 "Drivers/STM32F1xx_HAL_Driver/Inc/stm32f1xx_hal.h"
 284              		.file 16 "Core/Inc/i2c.h"
 285              		.file 17 "Core/Inc/spi.h"
 286              		.file 18 "Core/Inc/gpio.h"
 287              		.file 19 "Core/Inc/usart.h"
 288              		.file 20 "Middlewares/Third_Party/FreeRTOS/Source/CMSIS_RTOS_V2/cmsis_os2.h"
ARM GAS  C:\Users\Admin\AppData\Local\Temp\cckVv68f.s 			page 13


DEFINED SYMBOLS
                            *ABS*:00000000 main.c
C:\Users\Admin\AppData\Local\Temp\cckVv68f.s:16     .text.HAL_TIM_PeriodElapsedCallback:00000000 $t
C:\Users\Admin\AppData\Local\Temp\cckVv68f.s:24     .text.HAL_TIM_PeriodElapsedCallback:00000000 HAL_TIM_PeriodElapsedCallback
C:\Users\Admin\AppData\Local\Temp\cckVv68f.s:59     .text.HAL_TIM_PeriodElapsedCallback:00000014 $d
C:\Users\Admin\AppData\Local\Temp\cckVv68f.s:64     .text.Error_Handler:00000000 $t
C:\Users\Admin\AppData\Local\Temp\cckVv68f.s:71     .text.Error_Handler:00000000 Error_Handler
C:\Users\Admin\AppData\Local\Temp\cckVv68f.s:103    .text.SystemClock_Config:00000000 $t
C:\Users\Admin\AppData\Local\Temp\cckVv68f.s:110    .text.SystemClock_Config:00000000 SystemClock_Config
C:\Users\Admin\AppData\Local\Temp\cckVv68f.s:215    .text.main:00000000 $t
C:\Users\Admin\AppData\Local\Temp\cckVv68f.s:222    .text.main:00000000 main

UNDEFINED SYMBOLS
HAL_IncTick
HAL_RCC_OscConfig
HAL_RCC_ClockConfig
HAL_Init
MX_GPIO_Init
MX_I2C1_Init
MX_SPI2_Init
MX_USART1_UART_Init
osKernelInitialize
MX_FREERTOS_Init
osKernelStart
