ARM GAS  C:\Users\Admin\AppData\Local\Temp\ccFiMjpK.s 			page 1


   1              		.cpu cortex-m3
   2              		.eabi_attribute 20, 1
   3              		.eabi_attribute 21, 1
   4              		.eabi_attribute 23, 3
   5              		.eabi_attribute 24, 1
   6              		.eabi_attribute 25, 1
   7              		.eabi_attribute 26, 1
   8              		.eabi_attribute 30, 1
   9              		.eabi_attribute 34, 1
  10              		.eabi_attribute 18, 4
  11              		.file	"usart.c"
  12              		.text
  13              	.Ltext0:
  14              		.cfi_sections	.debug_frame
  15              		.section	.text.HAL_UART_MspInit,"ax",%progbits
  16              		.align	1
  17              		.global	HAL_UART_MspInit
  18              		.arch armv7-m
  19              		.syntax unified
  20              		.thumb
  21              		.thumb_func
  22              		.fpu softvfp
  24              	HAL_UART_MspInit:
  25              	.LVL0:
  26              	.LFB66:
  27              		.file 1 "Core/Src/usart.c"
   1:Core/Src/usart.c **** /* USER CODE BEGIN Header */
   2:Core/Src/usart.c **** /**
   3:Core/Src/usart.c ****   ******************************************************************************
   4:Core/Src/usart.c ****   * @file    usart.c
   5:Core/Src/usart.c ****   * @brief   This file provides code for the configuration
   6:Core/Src/usart.c ****   *          of the USART instances.
   7:Core/Src/usart.c ****   ******************************************************************************
   8:Core/Src/usart.c ****   * @attention
   9:Core/Src/usart.c ****   *
  10:Core/Src/usart.c ****   * Copyright (c) 2022 STMicroelectronics.
  11:Core/Src/usart.c ****   * All rights reserved.
  12:Core/Src/usart.c ****   *
  13:Core/Src/usart.c ****   * This software is licensed under terms that can be found in the LICENSE file
  14:Core/Src/usart.c ****   * in the root directory of this software component.
  15:Core/Src/usart.c ****   * If no LICENSE file comes with this software, it is provided AS-IS.
  16:Core/Src/usart.c ****   *
  17:Core/Src/usart.c ****   ******************************************************************************
  18:Core/Src/usart.c ****   */
  19:Core/Src/usart.c **** /* USER CODE END Header */
  20:Core/Src/usart.c **** /* Includes ------------------------------------------------------------------*/
  21:Core/Src/usart.c **** #include "usart.h"
  22:Core/Src/usart.c **** 
  23:Core/Src/usart.c **** /* USER CODE BEGIN 0 */
  24:Core/Src/usart.c **** 
  25:Core/Src/usart.c **** /* USER CODE END 0 */
  26:Core/Src/usart.c **** 
  27:Core/Src/usart.c **** UART_HandleTypeDef huart1;
  28:Core/Src/usart.c **** 
  29:Core/Src/usart.c **** 
  30:Core/Src/usart.c **** /* USART1 init function */
  31:Core/Src/usart.c **** 
ARM GAS  C:\Users\Admin\AppData\Local\Temp\ccFiMjpK.s 			page 2


  32:Core/Src/usart.c **** void MX_USART1_UART_Init(void)
  33:Core/Src/usart.c **** {
  34:Core/Src/usart.c **** 
  35:Core/Src/usart.c ****   /* USER CODE BEGIN USART1_Init 0 */
  36:Core/Src/usart.c **** 
  37:Core/Src/usart.c ****   /* USER CODE END USART1_Init 0 */
  38:Core/Src/usart.c **** 
  39:Core/Src/usart.c ****   /* USER CODE BEGIN USART1_Init 1 */
  40:Core/Src/usart.c **** 
  41:Core/Src/usart.c ****   /* USER CODE END USART1_Init 1 */
  42:Core/Src/usart.c ****   HAL_UART_MspInit(&huart1);
  43:Core/Src/usart.c ****   huart1.Instance = USART1;
  44:Core/Src/usart.c ****   huart1.Init.BaudRate = 115200;
  45:Core/Src/usart.c ****   huart1.Init.WordLength = UART_WORDLENGTH_8B;
  46:Core/Src/usart.c ****   huart1.Init.StopBits = UART_STOPBITS_1;
  47:Core/Src/usart.c ****   huart1.Init.Parity = UART_PARITY_NONE;
  48:Core/Src/usart.c ****   huart1.Init.Mode = UART_MODE_TX_RX;
  49:Core/Src/usart.c ****   huart1.Init.HwFlowCtl = UART_HWCONTROL_NONE;
  50:Core/Src/usart.c ****   huart1.Init.OverSampling = UART_OVERSAMPLING_16;
  51:Core/Src/usart.c ****   if (HAL_UART_Init(&huart1) != HAL_OK)
  52:Core/Src/usart.c ****   {
  53:Core/Src/usart.c ****     Error_Handler();
  54:Core/Src/usart.c ****   }
  55:Core/Src/usart.c ****   /* USER CODE BEGIN USART1_Init 2 */
  56:Core/Src/usart.c **** 
  57:Core/Src/usart.c ****   /* USER CODE END USART1_Init 2 */
  58:Core/Src/usart.c **** 
  59:Core/Src/usart.c **** }
  60:Core/Src/usart.c **** 
  61:Core/Src/usart.c **** void HAL_UART_MspInit(UART_HandleTypeDef* uartHandle)
  62:Core/Src/usart.c **** {
  28              		.loc 1 62 1 view -0
  29              		.cfi_startproc
  30              		@ args = 0, pretend = 0, frame = 24
  31              		@ frame_needed = 0, uses_anonymous_args = 0
  32              		.loc 1 62 1 is_stmt 0 view .LVU1
  33 0000 30B5     		push	{r4, r5, lr}
  34              	.LCFI0:
  35              		.cfi_def_cfa_offset 12
  36              		.cfi_offset 4, -12
  37              		.cfi_offset 5, -8
  38              		.cfi_offset 14, -4
  39 0002 87B0     		sub	sp, sp, #28
  40              	.LCFI1:
  41              		.cfi_def_cfa_offset 40
  63:Core/Src/usart.c **** 
  64:Core/Src/usart.c ****   GPIO_InitTypeDef GPIO_InitStruct = {0};
  42              		.loc 1 64 3 is_stmt 1 view .LVU2
  43              		.loc 1 64 20 is_stmt 0 view .LVU3
  44 0004 0023     		movs	r3, #0
  45 0006 0293     		str	r3, [sp, #8]
  46 0008 0393     		str	r3, [sp, #12]
  47 000a 0493     		str	r3, [sp, #16]
  48 000c 0593     		str	r3, [sp, #20]
  65:Core/Src/usart.c ****   if(uartHandle->Instance == USART1)
  49              		.loc 1 65 3 is_stmt 1 view .LVU4
  50              		.loc 1 65 16 is_stmt 0 view .LVU5
ARM GAS  C:\Users\Admin\AppData\Local\Temp\ccFiMjpK.s 			page 3


  51 000e 0268     		ldr	r2, [r0]
  52              		.loc 1 65 5 view .LVU6
  53 0010 1B4B     		ldr	r3, .L5
  54 0012 9A42     		cmp	r2, r3
  55 0014 01D0     		beq	.L4
  56              	.LVL1:
  57              	.L1:
  66:Core/Src/usart.c ****   {
  67:Core/Src/usart.c ****   /* USER CODE BEGIN USART1_MspInit 0 */
  68:Core/Src/usart.c **** 
  69:Core/Src/usart.c ****   /* USER CODE END USART1_MspInit 0 */
  70:Core/Src/usart.c ****     /* USART1 clock enable */
  71:Core/Src/usart.c ****     __HAL_RCC_USART1_CLK_ENABLE();
  72:Core/Src/usart.c **** 
  73:Core/Src/usart.c ****     __HAL_RCC_GPIOA_CLK_ENABLE();
  74:Core/Src/usart.c ****     /**USART1 GPIO Configuration
  75:Core/Src/usart.c ****     PA9     ------> USART1_TX
  76:Core/Src/usart.c ****     PA10     ------> USART1_RX
  77:Core/Src/usart.c ****     */
  78:Core/Src/usart.c ****     GPIO_InitStruct.Pin = GPIO_PIN_9;
  79:Core/Src/usart.c ****     GPIO_InitStruct.Mode = GPIO_MODE_AF_PP;
  80:Core/Src/usart.c ****     GPIO_InitStruct.Speed = GPIO_SPEED_FREQ_HIGH;
  81:Core/Src/usart.c ****     HAL_GPIO_Init(GPIOA, &GPIO_InitStruct);
  82:Core/Src/usart.c **** 
  83:Core/Src/usart.c ****     GPIO_InitStruct.Pin = GPIO_PIN_10;
  84:Core/Src/usart.c ****     GPIO_InitStruct.Mode = GPIO_MODE_INPUT;
  85:Core/Src/usart.c ****     GPIO_InitStruct.Pull = GPIO_NOPULL;
  86:Core/Src/usart.c ****     HAL_GPIO_Init(GPIOA, &GPIO_InitStruct);
  87:Core/Src/usart.c **** 
  88:Core/Src/usart.c ****     /* USART1 interrupt Init */
  89:Core/Src/usart.c ****     HAL_NVIC_SetPriority(USART1_IRQn, 5, 0);
  90:Core/Src/usart.c ****     HAL_NVIC_EnableIRQ(USART1_IRQn);
  91:Core/Src/usart.c ****   /* USER CODE BEGIN USART1_MspInit 1 */
  92:Core/Src/usart.c **** 
  93:Core/Src/usart.c ****   /* USER CODE END USART1_MspInit 1 */
  94:Core/Src/usart.c ****   }
  95:Core/Src/usart.c **** }
  58              		.loc 1 95 1 view .LVU7
  59 0016 07B0     		add	sp, sp, #28
  60              	.LCFI2:
  61              		.cfi_remember_state
  62              		.cfi_def_cfa_offset 12
  63              		@ sp needed
  64 0018 30BD     		pop	{r4, r5, pc}
  65              	.LVL2:
  66              	.L4:
  67              	.LCFI3:
  68              		.cfi_restore_state
  71:Core/Src/usart.c **** 
  69              		.loc 1 71 5 is_stmt 1 view .LVU8
  70              	.LBB2:
  71:Core/Src/usart.c **** 
  71              		.loc 1 71 5 view .LVU9
  71:Core/Src/usart.c **** 
  72              		.loc 1 71 5 view .LVU10
  73 001a 03F55843 		add	r3, r3, #55296
  74 001e 9A69     		ldr	r2, [r3, #24]
ARM GAS  C:\Users\Admin\AppData\Local\Temp\ccFiMjpK.s 			page 4


  75 0020 42F48042 		orr	r2, r2, #16384
  76 0024 9A61     		str	r2, [r3, #24]
  71:Core/Src/usart.c **** 
  77              		.loc 1 71 5 view .LVU11
  78 0026 9A69     		ldr	r2, [r3, #24]
  79 0028 02F48042 		and	r2, r2, #16384
  80 002c 0092     		str	r2, [sp]
  71:Core/Src/usart.c **** 
  81              		.loc 1 71 5 view .LVU12
  82 002e 009A     		ldr	r2, [sp]
  83              	.LBE2:
  71:Core/Src/usart.c **** 
  84              		.loc 1 71 5 view .LVU13
  73:Core/Src/usart.c ****     /**USART1 GPIO Configuration
  85              		.loc 1 73 5 view .LVU14
  86              	.LBB3:
  73:Core/Src/usart.c ****     /**USART1 GPIO Configuration
  87              		.loc 1 73 5 view .LVU15
  73:Core/Src/usart.c ****     /**USART1 GPIO Configuration
  88              		.loc 1 73 5 view .LVU16
  89 0030 9A69     		ldr	r2, [r3, #24]
  90 0032 42F00402 		orr	r2, r2, #4
  91 0036 9A61     		str	r2, [r3, #24]
  73:Core/Src/usart.c ****     /**USART1 GPIO Configuration
  92              		.loc 1 73 5 view .LVU17
  93 0038 9B69     		ldr	r3, [r3, #24]
  94 003a 03F00403 		and	r3, r3, #4
  95 003e 0193     		str	r3, [sp, #4]
  73:Core/Src/usart.c ****     /**USART1 GPIO Configuration
  96              		.loc 1 73 5 view .LVU18
  97 0040 019B     		ldr	r3, [sp, #4]
  98              	.LBE3:
  73:Core/Src/usart.c ****     /**USART1 GPIO Configuration
  99              		.loc 1 73 5 view .LVU19
  78:Core/Src/usart.c ****     GPIO_InitStruct.Mode = GPIO_MODE_AF_PP;
 100              		.loc 1 78 5 view .LVU20
  78:Core/Src/usart.c ****     GPIO_InitStruct.Mode = GPIO_MODE_AF_PP;
 101              		.loc 1 78 25 is_stmt 0 view .LVU21
 102 0042 4FF40073 		mov	r3, #512
 103 0046 0293     		str	r3, [sp, #8]
  79:Core/Src/usart.c ****     GPIO_InitStruct.Speed = GPIO_SPEED_FREQ_HIGH;
 104              		.loc 1 79 5 is_stmt 1 view .LVU22
  79:Core/Src/usart.c ****     GPIO_InitStruct.Speed = GPIO_SPEED_FREQ_HIGH;
 105              		.loc 1 79 26 is_stmt 0 view .LVU23
 106 0048 0223     		movs	r3, #2
 107 004a 0393     		str	r3, [sp, #12]
  80:Core/Src/usart.c ****     HAL_GPIO_Init(GPIOA, &GPIO_InitStruct);
 108              		.loc 1 80 5 is_stmt 1 view .LVU24
  80:Core/Src/usart.c ****     HAL_GPIO_Init(GPIOA, &GPIO_InitStruct);
 109              		.loc 1 80 27 is_stmt 0 view .LVU25
 110 004c 0323     		movs	r3, #3
 111 004e 0593     		str	r3, [sp, #20]
  81:Core/Src/usart.c **** 
 112              		.loc 1 81 5 is_stmt 1 view .LVU26
 113 0050 0C4D     		ldr	r5, .L5+4
 114 0052 02A9     		add	r1, sp, #8
 115 0054 2846     		mov	r0, r5
ARM GAS  C:\Users\Admin\AppData\Local\Temp\ccFiMjpK.s 			page 5


 116              	.LVL3:
  81:Core/Src/usart.c **** 
 117              		.loc 1 81 5 is_stmt 0 view .LVU27
 118 0056 FFF7FEFF 		bl	HAL_GPIO_Init
 119              	.LVL4:
  83:Core/Src/usart.c ****     GPIO_InitStruct.Mode = GPIO_MODE_INPUT;
 120              		.loc 1 83 5 is_stmt 1 view .LVU28
  83:Core/Src/usart.c ****     GPIO_InitStruct.Mode = GPIO_MODE_INPUT;
 121              		.loc 1 83 25 is_stmt 0 view .LVU29
 122 005a 4FF48063 		mov	r3, #1024
 123 005e 0293     		str	r3, [sp, #8]
  84:Core/Src/usart.c ****     GPIO_InitStruct.Pull = GPIO_NOPULL;
 124              		.loc 1 84 5 is_stmt 1 view .LVU30
  84:Core/Src/usart.c ****     GPIO_InitStruct.Pull = GPIO_NOPULL;
 125              		.loc 1 84 26 is_stmt 0 view .LVU31
 126 0060 0024     		movs	r4, #0
 127 0062 0394     		str	r4, [sp, #12]
  85:Core/Src/usart.c ****     HAL_GPIO_Init(GPIOA, &GPIO_InitStruct);
 128              		.loc 1 85 5 is_stmt 1 view .LVU32
  85:Core/Src/usart.c ****     HAL_GPIO_Init(GPIOA, &GPIO_InitStruct);
 129              		.loc 1 85 26 is_stmt 0 view .LVU33
 130 0064 0494     		str	r4, [sp, #16]
  86:Core/Src/usart.c **** 
 131              		.loc 1 86 5 is_stmt 1 view .LVU34
 132 0066 02A9     		add	r1, sp, #8
 133 0068 2846     		mov	r0, r5
 134 006a FFF7FEFF 		bl	HAL_GPIO_Init
 135              	.LVL5:
  89:Core/Src/usart.c ****     HAL_NVIC_EnableIRQ(USART1_IRQn);
 136              		.loc 1 89 5 view .LVU35
 137 006e 2246     		mov	r2, r4
 138 0070 0521     		movs	r1, #5
 139 0072 2520     		movs	r0, #37
 140 0074 FFF7FEFF 		bl	HAL_NVIC_SetPriority
 141              	.LVL6:
  90:Core/Src/usart.c ****   /* USER CODE BEGIN USART1_MspInit 1 */
 142              		.loc 1 90 5 view .LVU36
 143 0078 2520     		movs	r0, #37
 144 007a FFF7FEFF 		bl	HAL_NVIC_EnableIRQ
 145              	.LVL7:
 146              		.loc 1 95 1 is_stmt 0 view .LVU37
 147 007e CAE7     		b	.L1
 148              	.L6:
 149              		.align	2
 150              	.L5:
 151 0080 00380140 		.word	1073821696
 152 0084 00080140 		.word	1073809408
 153              		.cfi_endproc
 154              	.LFE66:
 156              		.section	.text.MX_USART1_UART_Init,"ax",%progbits
 157              		.align	1
 158              		.global	MX_USART1_UART_Init
 159              		.syntax unified
 160              		.thumb
 161              		.thumb_func
 162              		.fpu softvfp
 164              	MX_USART1_UART_Init:
ARM GAS  C:\Users\Admin\AppData\Local\Temp\ccFiMjpK.s 			page 6


 165              	.LFB65:
  33:Core/Src/usart.c **** 
 166              		.loc 1 33 1 is_stmt 1 view -0
 167              		.cfi_startproc
 168              		@ args = 0, pretend = 0, frame = 0
 169              		@ frame_needed = 0, uses_anonymous_args = 0
 170 0000 10B5     		push	{r4, lr}
 171              	.LCFI4:
 172              		.cfi_def_cfa_offset 8
 173              		.cfi_offset 4, -8
 174              		.cfi_offset 14, -4
  42:Core/Src/usart.c ****   huart1.Instance = USART1;
 175              		.loc 1 42 3 view .LVU39
 176 0002 0C4C     		ldr	r4, .L11
 177 0004 2046     		mov	r0, r4
 178 0006 FFF7FEFF 		bl	HAL_UART_MspInit
 179              	.LVL8:
  43:Core/Src/usart.c ****   huart1.Init.BaudRate = 115200;
 180              		.loc 1 43 3 view .LVU40
  43:Core/Src/usart.c ****   huart1.Init.BaudRate = 115200;
 181              		.loc 1 43 19 is_stmt 0 view .LVU41
 182 000a 0B4B     		ldr	r3, .L11+4
 183 000c 2360     		str	r3, [r4]
  44:Core/Src/usart.c ****   huart1.Init.WordLength = UART_WORDLENGTH_8B;
 184              		.loc 1 44 3 is_stmt 1 view .LVU42
  44:Core/Src/usart.c ****   huart1.Init.WordLength = UART_WORDLENGTH_8B;
 185              		.loc 1 44 24 is_stmt 0 view .LVU43
 186 000e 4FF4E133 		mov	r3, #115200
 187 0012 6360     		str	r3, [r4, #4]
  45:Core/Src/usart.c ****   huart1.Init.StopBits = UART_STOPBITS_1;
 188              		.loc 1 45 3 is_stmt 1 view .LVU44
  45:Core/Src/usart.c ****   huart1.Init.StopBits = UART_STOPBITS_1;
 189              		.loc 1 45 26 is_stmt 0 view .LVU45
 190 0014 0023     		movs	r3, #0
 191 0016 A360     		str	r3, [r4, #8]
  46:Core/Src/usart.c ****   huart1.Init.Parity = UART_PARITY_NONE;
 192              		.loc 1 46 3 is_stmt 1 view .LVU46
  46:Core/Src/usart.c ****   huart1.Init.Parity = UART_PARITY_NONE;
 193              		.loc 1 46 24 is_stmt 0 view .LVU47
 194 0018 E360     		str	r3, [r4, #12]
  47:Core/Src/usart.c ****   huart1.Init.Mode = UART_MODE_TX_RX;
 195              		.loc 1 47 3 is_stmt 1 view .LVU48
  47:Core/Src/usart.c ****   huart1.Init.Mode = UART_MODE_TX_RX;
 196              		.loc 1 47 22 is_stmt 0 view .LVU49
 197 001a 2361     		str	r3, [r4, #16]
  48:Core/Src/usart.c ****   huart1.Init.HwFlowCtl = UART_HWCONTROL_NONE;
 198              		.loc 1 48 3 is_stmt 1 view .LVU50
  48:Core/Src/usart.c ****   huart1.Init.HwFlowCtl = UART_HWCONTROL_NONE;
 199              		.loc 1 48 20 is_stmt 0 view .LVU51
 200 001c 0C22     		movs	r2, #12
 201 001e 6261     		str	r2, [r4, #20]
  49:Core/Src/usart.c ****   huart1.Init.OverSampling = UART_OVERSAMPLING_16;
 202              		.loc 1 49 3 is_stmt 1 view .LVU52
  49:Core/Src/usart.c ****   huart1.Init.OverSampling = UART_OVERSAMPLING_16;
 203              		.loc 1 49 25 is_stmt 0 view .LVU53
 204 0020 A361     		str	r3, [r4, #24]
  50:Core/Src/usart.c ****   if (HAL_UART_Init(&huart1) != HAL_OK)
ARM GAS  C:\Users\Admin\AppData\Local\Temp\ccFiMjpK.s 			page 7


 205              		.loc 1 50 3 is_stmt 1 view .LVU54
  50:Core/Src/usart.c ****   if (HAL_UART_Init(&huart1) != HAL_OK)
 206              		.loc 1 50 28 is_stmt 0 view .LVU55
 207 0022 E361     		str	r3, [r4, #28]
  51:Core/Src/usart.c ****   {
 208              		.loc 1 51 3 is_stmt 1 view .LVU56
  51:Core/Src/usart.c ****   {
 209              		.loc 1 51 7 is_stmt 0 view .LVU57
 210 0024 2046     		mov	r0, r4
 211 0026 FFF7FEFF 		bl	HAL_UART_Init
 212              	.LVL9:
  51:Core/Src/usart.c ****   {
 213              		.loc 1 51 6 view .LVU58
 214 002a 00B9     		cbnz	r0, .L10
 215              	.L7:
  59:Core/Src/usart.c **** 
 216              		.loc 1 59 1 view .LVU59
 217 002c 10BD     		pop	{r4, pc}
 218              	.L10:
  53:Core/Src/usart.c ****   }
 219              		.loc 1 53 5 is_stmt 1 view .LVU60
 220 002e FFF7FEFF 		bl	Error_Handler
 221              	.LVL10:
  59:Core/Src/usart.c **** 
 222              		.loc 1 59 1 is_stmt 0 view .LVU61
 223 0032 FBE7     		b	.L7
 224              	.L12:
 225              		.align	2
 226              	.L11:
 227 0034 00000000 		.word	huart1
 228 0038 00380140 		.word	1073821696
 229              		.cfi_endproc
 230              	.LFE65:
 232              		.section	.text.HAL_UART_MspDeInit,"ax",%progbits
 233              		.align	1
 234              		.global	HAL_UART_MspDeInit
 235              		.syntax unified
 236              		.thumb
 237              		.thumb_func
 238              		.fpu softvfp
 240              	HAL_UART_MspDeInit:
 241              	.LVL11:
 242              	.LFB67:
  96:Core/Src/usart.c **** 
  97:Core/Src/usart.c **** void HAL_UART_MspDeInit(UART_HandleTypeDef* uartHandle)
  98:Core/Src/usart.c **** {
 243              		.loc 1 98 1 is_stmt 1 view -0
 244              		.cfi_startproc
 245              		@ args = 0, pretend = 0, frame = 0
 246              		@ frame_needed = 0, uses_anonymous_args = 0
 247              		.loc 1 98 1 is_stmt 0 view .LVU63
 248 0000 08B5     		push	{r3, lr}
 249              	.LCFI5:
 250              		.cfi_def_cfa_offset 8
 251              		.cfi_offset 3, -8
 252              		.cfi_offset 14, -4
  99:Core/Src/usart.c **** 
ARM GAS  C:\Users\Admin\AppData\Local\Temp\ccFiMjpK.s 			page 8


 100:Core/Src/usart.c ****   if(uartHandle->Instance==USART1)
 253              		.loc 1 100 3 is_stmt 1 view .LVU64
 254              		.loc 1 100 16 is_stmt 0 view .LVU65
 255 0002 0268     		ldr	r2, [r0]
 256              		.loc 1 100 5 view .LVU66
 257 0004 084B     		ldr	r3, .L17
 258 0006 9A42     		cmp	r2, r3
 259 0008 00D0     		beq	.L16
 260              	.LVL12:
 261              	.L13:
 101:Core/Src/usart.c ****   {
 102:Core/Src/usart.c ****   /* USER CODE BEGIN USART1_MspDeInit 0 */
 103:Core/Src/usart.c **** 
 104:Core/Src/usart.c ****   /* USER CODE END USART1_MspDeInit 0 */
 105:Core/Src/usart.c ****     /* Peripheral clock disable */
 106:Core/Src/usart.c ****     __HAL_RCC_USART1_CLK_DISABLE();
 107:Core/Src/usart.c **** 
 108:Core/Src/usart.c ****     /**USART1 GPIO Configuration
 109:Core/Src/usart.c ****     PA9     ------> USART1_TX
 110:Core/Src/usart.c ****     PA10     ------> USART1_RX
 111:Core/Src/usart.c ****     */
 112:Core/Src/usart.c ****     HAL_GPIO_DeInit(GPIOA, GPIO_PIN_9|GPIO_PIN_10);
 113:Core/Src/usart.c **** 
 114:Core/Src/usart.c ****     /* USART1 interrupt Deinit */
 115:Core/Src/usart.c ****     HAL_NVIC_DisableIRQ(USART1_IRQn);
 116:Core/Src/usart.c ****   /* USER CODE BEGIN USART1_MspDeInit 1 */
 117:Core/Src/usart.c **** 
 118:Core/Src/usart.c ****   /* USER CODE END USART1_MspDeInit 1 */
 119:Core/Src/usart.c ****   }
 120:Core/Src/usart.c **** }
 262              		.loc 1 120 1 view .LVU67
 263 000a 08BD     		pop	{r3, pc}
 264              	.LVL13:
 265              	.L16:
 106:Core/Src/usart.c **** 
 266              		.loc 1 106 5 is_stmt 1 view .LVU68
 267 000c 074A     		ldr	r2, .L17+4
 268 000e 9369     		ldr	r3, [r2, #24]
 269 0010 23F48043 		bic	r3, r3, #16384
 270 0014 9361     		str	r3, [r2, #24]
 112:Core/Src/usart.c **** 
 271              		.loc 1 112 5 view .LVU69
 272 0016 4FF4C061 		mov	r1, #1536
 273 001a 0548     		ldr	r0, .L17+8
 274              	.LVL14:
 112:Core/Src/usart.c **** 
 275              		.loc 1 112 5 is_stmt 0 view .LVU70
 276 001c FFF7FEFF 		bl	HAL_GPIO_DeInit
 277              	.LVL15:
 115:Core/Src/usart.c ****   /* USER CODE BEGIN USART1_MspDeInit 1 */
 278              		.loc 1 115 5 is_stmt 1 view .LVU71
 279 0020 2520     		movs	r0, #37
 280 0022 FFF7FEFF 		bl	HAL_NVIC_DisableIRQ
 281              	.LVL16:
 282              		.loc 1 120 1 is_stmt 0 view .LVU72
 283 0026 F0E7     		b	.L13
 284              	.L18:
ARM GAS  C:\Users\Admin\AppData\Local\Temp\ccFiMjpK.s 			page 9


 285              		.align	2
 286              	.L17:
 287 0028 00380140 		.word	1073821696
 288 002c 00100240 		.word	1073876992
 289 0030 00080140 		.word	1073809408
 290              		.cfi_endproc
 291              	.LFE67:
 293              		.comm	huart1,68,4
 294              		.text
 295              	.Letext0:
 296              		.file 2 "c:\\program files (x86)\\gnu arm embedded toolchain\\9 2020-q2-update\\arm-none-eabi\\inc
 297              		.file 3 "c:\\program files (x86)\\gnu arm embedded toolchain\\9 2020-q2-update\\arm-none-eabi\\inc
 298              		.file 4 "Drivers/CMSIS/Include/core_cm3.h"
 299              		.file 5 "Drivers/CMSIS/Device/ST/STM32F1xx/Include/system_stm32f1xx.h"
 300              		.file 6 "Drivers/CMSIS/Device/ST/STM32F1xx/Include/stm32f103xb.h"
 301              		.file 7 "Drivers/STM32F1xx_HAL_Driver/Inc/stm32f1xx_hal_def.h"
 302              		.file 8 "Drivers/STM32F1xx_HAL_Driver/Inc/stm32f1xx_hal_gpio.h"
 303              		.file 9 "Drivers/STM32F1xx_HAL_Driver/Inc/stm32f1xx_hal_dma.h"
 304              		.file 10 "Drivers/STM32F1xx_HAL_Driver/Inc/stm32f1xx_hal_uart.h"
 305              		.file 11 "Drivers/STM32F1xx_HAL_Driver/Inc/stm32f1xx_hal.h"
 306              		.file 12 "Drivers/STM32F1xx_HAL_Driver/Inc/stm32f1xx_hal_cortex.h"
 307              		.file 13 "Core/Inc/main.h"
ARM GAS  C:\Users\Admin\AppData\Local\Temp\ccFiMjpK.s 			page 10


DEFINED SYMBOLS
                            *ABS*:00000000 usart.c
C:\Users\Admin\AppData\Local\Temp\ccFiMjpK.s:16     .text.HAL_UART_MspInit:00000000 $t
C:\Users\Admin\AppData\Local\Temp\ccFiMjpK.s:24     .text.HAL_UART_MspInit:00000000 HAL_UART_MspInit
C:\Users\Admin\AppData\Local\Temp\ccFiMjpK.s:151    .text.HAL_UART_MspInit:00000080 $d
C:\Users\Admin\AppData\Local\Temp\ccFiMjpK.s:157    .text.MX_USART1_UART_Init:00000000 $t
C:\Users\Admin\AppData\Local\Temp\ccFiMjpK.s:164    .text.MX_USART1_UART_Init:00000000 MX_USART1_UART_Init
C:\Users\Admin\AppData\Local\Temp\ccFiMjpK.s:227    .text.MX_USART1_UART_Init:00000034 $d
                            *COM*:00000044 huart1
C:\Users\Admin\AppData\Local\Temp\ccFiMjpK.s:233    .text.HAL_UART_MspDeInit:00000000 $t
C:\Users\Admin\AppData\Local\Temp\ccFiMjpK.s:240    .text.HAL_UART_MspDeInit:00000000 HAL_UART_MspDeInit
C:\Users\Admin\AppData\Local\Temp\ccFiMjpK.s:287    .text.HAL_UART_MspDeInit:00000028 $d

UNDEFINED SYMBOLS
HAL_GPIO_Init
HAL_NVIC_SetPriority
HAL_NVIC_EnableIRQ
HAL_UART_Init
Error_Handler
HAL_GPIO_DeInit
HAL_NVIC_DisableIRQ
