                                      1 ;--------------------------------------------------------
                                      2 ; File Created by SDCC : free open source ANSI-C Compiler
                                      3 ; Version 4.1.0 #12072 (MINGW64)
                                      4 ;--------------------------------------------------------
                                      5 	.module stm8s_iwdg
                                      6 	.optsdcc -mstm8
                                      7 	
                                      8 ;--------------------------------------------------------
                                      9 ; Public variables in this module
                                     10 ;--------------------------------------------------------
                                     11 	.globl _assert_failed
                                     12 	.globl _IWDG_WriteAccessCmd
                                     13 	.globl _IWDG_SetPrescaler
                                     14 	.globl _IWDG_SetReload
                                     15 	.globl _IWDG_ReloadCounter
                                     16 	.globl _IWDG_Enable
                                     17 ;--------------------------------------------------------
                                     18 ; ram data
                                     19 ;--------------------------------------------------------
                                     20 	.area DATA
                                     21 ;--------------------------------------------------------
                                     22 ; ram data
                                     23 ;--------------------------------------------------------
                                     24 	.area INITIALIZED
                                     25 ;--------------------------------------------------------
                                     26 ; absolute external ram data
                                     27 ;--------------------------------------------------------
                                     28 	.area DABS (ABS)
                                     29 
                                     30 ; default segment ordering for linker
                                     31 	.area HOME
                                     32 	.area GSINIT
                                     33 	.area GSFINAL
                                     34 	.area CONST
                                     35 	.area INITIALIZER
                                     36 	.area CODE
                                     37 
                                     38 ;--------------------------------------------------------
                                     39 ; global & static initialisations
                                     40 ;--------------------------------------------------------
                                     41 	.area HOME
                                     42 	.area GSINIT
                                     43 	.area GSFINAL
                                     44 	.area GSINIT
                                     45 ;--------------------------------------------------------
                                     46 ; Home
                                     47 ;--------------------------------------------------------
                                     48 	.area HOME
                                     49 	.area HOME
                                     50 ;--------------------------------------------------------
                                     51 ; code
                                     52 ;--------------------------------------------------------
                                     53 	.area CODE
                                     54 ;	C:\Users\Admin\.platformio\packages\framework-ststm8spl\Libraries\STM8S_StdPeriph_Driver\src\stm8s_iwdg.c: 48: void IWDG_WriteAccessCmd(IWDG_WriteAccess_TypeDef IWDG_WriteAccess)
                                     55 ;	-----------------------------------------
                                     56 ;	 function IWDG_WriteAccessCmd
                                     57 ;	-----------------------------------------
      000000                         58 _IWDG_WriteAccessCmd:
                                     59 ;	C:\Users\Admin\.platformio\packages\framework-ststm8spl\Libraries\STM8S_StdPeriph_Driver\src\stm8s_iwdg.c: 51: assert_param(IS_IWDG_WRITEACCESS_MODE_OK(IWDG_WriteAccess));
      000000 7B 03            [ 1]   60 	ld	a, (0x03, sp)
      000002 A1 55            [ 1]   61 	cp	a, #0x55
      000004 27 13            [ 1]   62 	jreq	00104$
      000006 0D 03            [ 1]   63 	tnz	(0x03, sp)
      000008 27 0F            [ 1]   64 	jreq	00104$
      00000A 4B 33            [ 1]   65 	push	#0x33
      00000C 5F               [ 1]   66 	clrw	x
      00000D 89               [ 2]   67 	pushw	x
      00000E 4B 00            [ 1]   68 	push	#0x00
      000010 4Br00            [ 1]   69 	push	#<(___str_0+0)
      000012 4Bs00            [ 1]   70 	push	#((___str_0+0) >> 8)
      000014 CDr00r00         [ 4]   71 	call	_assert_failed
      000017 5B 06            [ 2]   72 	addw	sp, #6
      000019                         73 00104$:
                                     74 ;	C:\Users\Admin\.platformio\packages\framework-ststm8spl\Libraries\STM8S_StdPeriph_Driver\src\stm8s_iwdg.c: 53: IWDG->KR = (uint8_t)IWDG_WriteAccess; /* Write Access */
      000019 AE 50 E0         [ 2]   75 	ldw	x, #0x50e0
      00001C 7B 03            [ 1]   76 	ld	a, (0x03, sp)
      00001E F7               [ 1]   77 	ld	(x), a
                                     78 ;	C:\Users\Admin\.platformio\packages\framework-ststm8spl\Libraries\STM8S_StdPeriph_Driver\src\stm8s_iwdg.c: 54: }
      00001F 81               [ 4]   79 	ret
                                     80 ;	C:\Users\Admin\.platformio\packages\framework-ststm8spl\Libraries\STM8S_StdPeriph_Driver\src\stm8s_iwdg.c: 63: void IWDG_SetPrescaler(IWDG_Prescaler_TypeDef IWDG_Prescaler)
                                     81 ;	-----------------------------------------
                                     82 ;	 function IWDG_SetPrescaler
                                     83 ;	-----------------------------------------
      000020                         84 _IWDG_SetPrescaler:
                                     85 ;	C:\Users\Admin\.platformio\packages\framework-ststm8spl\Libraries\STM8S_StdPeriph_Driver\src\stm8s_iwdg.c: 66: assert_param(IS_IWDG_PRESCALER_OK(IWDG_Prescaler));
      000020 0D 03            [ 1]   86 	tnz	(0x03, sp)
      000022 27 32            [ 1]   87 	jreq	00104$
      000024 7B 03            [ 1]   88 	ld	a, (0x03, sp)
      000026 4A               [ 1]   89 	dec	a
      000027 27 2D            [ 1]   90 	jreq	00104$
      000029 7B 03            [ 1]   91 	ld	a, (0x03, sp)
      00002B A1 02            [ 1]   92 	cp	a, #0x02
      00002D 27 27            [ 1]   93 	jreq	00104$
      00002F 7B 03            [ 1]   94 	ld	a, (0x03, sp)
      000031 A1 03            [ 1]   95 	cp	a, #0x03
      000033 27 21            [ 1]   96 	jreq	00104$
      000035 7B 03            [ 1]   97 	ld	a, (0x03, sp)
      000037 A1 04            [ 1]   98 	cp	a, #0x04
      000039 27 1B            [ 1]   99 	jreq	00104$
      00003B 7B 03            [ 1]  100 	ld	a, (0x03, sp)
      00003D A1 05            [ 1]  101 	cp	a, #0x05
      00003F 27 15            [ 1]  102 	jreq	00104$
      000041 7B 03            [ 1]  103 	ld	a, (0x03, sp)
      000043 A1 06            [ 1]  104 	cp	a, #0x06
      000045 27 0F            [ 1]  105 	jreq	00104$
      000047 4B 42            [ 1]  106 	push	#0x42
      000049 5F               [ 1]  107 	clrw	x
      00004A 89               [ 2]  108 	pushw	x
      00004B 4B 00            [ 1]  109 	push	#0x00
      00004D 4Br00            [ 1]  110 	push	#<(___str_0+0)
      00004F 4Bs00            [ 1]  111 	push	#((___str_0+0) >> 8)
      000051 CDr00r00         [ 4]  112 	call	_assert_failed
      000054 5B 06            [ 2]  113 	addw	sp, #6
      000056                        114 00104$:
                                    115 ;	C:\Users\Admin\.platformio\packages\framework-ststm8spl\Libraries\STM8S_StdPeriph_Driver\src\stm8s_iwdg.c: 68: IWDG->PR = (uint8_t)IWDG_Prescaler;
      000056 AE 50 E1         [ 2]  116 	ldw	x, #0x50e1
      000059 7B 03            [ 1]  117 	ld	a, (0x03, sp)
      00005B F7               [ 1]  118 	ld	(x), a
                                    119 ;	C:\Users\Admin\.platformio\packages\framework-ststm8spl\Libraries\STM8S_StdPeriph_Driver\src\stm8s_iwdg.c: 69: }
      00005C 81               [ 4]  120 	ret
                                    121 ;	C:\Users\Admin\.platformio\packages\framework-ststm8spl\Libraries\STM8S_StdPeriph_Driver\src\stm8s_iwdg.c: 78: void IWDG_SetReload(uint8_t IWDG_Reload)
                                    122 ;	-----------------------------------------
                                    123 ;	 function IWDG_SetReload
                                    124 ;	-----------------------------------------
      00005D                        125 _IWDG_SetReload:
                                    126 ;	C:\Users\Admin\.platformio\packages\framework-ststm8spl\Libraries\STM8S_StdPeriph_Driver\src\stm8s_iwdg.c: 80: IWDG->RLR = IWDG_Reload;
      00005D AE 50 E2         [ 2]  127 	ldw	x, #0x50e2
      000060 7B 03            [ 1]  128 	ld	a, (0x03, sp)
      000062 F7               [ 1]  129 	ld	(x), a
                                    130 ;	C:\Users\Admin\.platformio\packages\framework-ststm8spl\Libraries\STM8S_StdPeriph_Driver\src\stm8s_iwdg.c: 81: }
      000063 81               [ 4]  131 	ret
                                    132 ;	C:\Users\Admin\.platformio\packages\framework-ststm8spl\Libraries\STM8S_StdPeriph_Driver\src\stm8s_iwdg.c: 89: void IWDG_ReloadCounter(void)
                                    133 ;	-----------------------------------------
                                    134 ;	 function IWDG_ReloadCounter
                                    135 ;	-----------------------------------------
      000064                        136 _IWDG_ReloadCounter:
                                    137 ;	C:\Users\Admin\.platformio\packages\framework-ststm8spl\Libraries\STM8S_StdPeriph_Driver\src\stm8s_iwdg.c: 91: IWDG->KR = IWDG_KEY_REFRESH;
      000064 35 AA 50 E0      [ 1]  138 	mov	0x50e0+0, #0xaa
                                    139 ;	C:\Users\Admin\.platformio\packages\framework-ststm8spl\Libraries\STM8S_StdPeriph_Driver\src\stm8s_iwdg.c: 92: }
      000068 81               [ 4]  140 	ret
                                    141 ;	C:\Users\Admin\.platformio\packages\framework-ststm8spl\Libraries\STM8S_StdPeriph_Driver\src\stm8s_iwdg.c: 99: void IWDG_Enable(void)
                                    142 ;	-----------------------------------------
                                    143 ;	 function IWDG_Enable
                                    144 ;	-----------------------------------------
      000069                        145 _IWDG_Enable:
                                    146 ;	C:\Users\Admin\.platformio\packages\framework-ststm8spl\Libraries\STM8S_StdPeriph_Driver\src\stm8s_iwdg.c: 101: IWDG->KR = IWDG_KEY_ENABLE;
      000069 35 CC 50 E0      [ 1]  147 	mov	0x50e0+0, #0xcc
                                    148 ;	C:\Users\Admin\.platformio\packages\framework-ststm8spl\Libraries\STM8S_StdPeriph_Driver\src\stm8s_iwdg.c: 102: }
      00006D 81               [ 4]  149 	ret
                                    150 	.area CODE
                                    151 	.area CONST
                                    152 	.area CONST
      000000                        153 ___str_0:
      000000 43 3A                  154 	.ascii "C:"
      000002 5C                     155 	.db 0x5c
      000003 55 73 65 72 73         156 	.ascii "Users"
      000008 5C                     157 	.db 0x5c
      000009 41 64 6D 69 6E         158 	.ascii "Admin"
      00000E 5C                     159 	.db 0x5c
      00000F 2E 70 6C 61 74 66 6F   160 	.ascii ".platformio"
             72 6D 69 6F
      00001A 5C                     161 	.db 0x5c
      00001B 70 61 63 6B 61 67 65   162 	.ascii "packages"
             73
      000023 5C                     163 	.db 0x5c
      000024 66 72 61 6D 65 77 6F   164 	.ascii "framework-ststm8spl"
             72 6B 2D 73 74 73 74
             6D 38 73 70 6C
      000037 5C                     165 	.db 0x5c
      000038 4C 69 62 72 61 72 69   166 	.ascii "Libraries"
             65 73
      000041 5C                     167 	.db 0x5c
      000042 53 54 4D 38 53 5F 53   168 	.ascii "STM8S_StdPeriph_Driver"
             74 64 50 65 72 69 70
             68 5F 44 72 69 76 65
             72
      000058 5C                     169 	.db 0x5c
      000059 73 72 63               170 	.ascii "src"
      00005C 5C                     171 	.db 0x5c
      00005D 73 74 6D 38 73 5F 69   172 	.ascii "stm8s_iwdg.c"
             77 64 67 2E 63
      000069 00                     173 	.db 0x00
                                    174 	.area CODE
                                    175 	.area INITIALIZER
                                    176 	.area CABS (ABS)
