                                      1 ;--------------------------------------------------------
                                      2 ; File Created by SDCC : free open source ANSI-C Compiler
                                      3 ; Version 4.1.0 #12072 (MINGW64)
                                      4 ;--------------------------------------------------------
                                      5 	.module stm8s_i2c
                                      6 	.optsdcc -mstm8
                                      7 	
                                      8 ;--------------------------------------------------------
                                      9 ; Public variables in this module
                                     10 ;--------------------------------------------------------
                                     11 	.globl _assert_failed
                                     12 	.globl _I2C_DeInit
                                     13 	.globl _I2C_Init
                                     14 	.globl _I2C_Cmd
                                     15 	.globl _I2C_GeneralCallCmd
                                     16 	.globl _I2C_GenerateSTART
                                     17 	.globl _I2C_GenerateSTOP
                                     18 	.globl _I2C_SoftwareResetCmd
                                     19 	.globl _I2C_StretchClockCmd
                                     20 	.globl _I2C_AcknowledgeConfig
                                     21 	.globl _I2C_ITConfig
                                     22 	.globl _I2C_FastModeDutyCycleConfig
                                     23 	.globl _I2C_ReceiveData
                                     24 	.globl _I2C_Send7bitAddress
                                     25 	.globl _I2C_SendData
                                     26 	.globl _I2C_CheckEvent
                                     27 	.globl _I2C_GetLastEvent
                                     28 	.globl _I2C_GetFlagStatus
                                     29 	.globl _I2C_ClearFlag
                                     30 	.globl _I2C_GetITStatus
                                     31 	.globl _I2C_ClearITPendingBit
                                     32 ;--------------------------------------------------------
                                     33 ; ram data
                                     34 ;--------------------------------------------------------
                                     35 	.area DATA
                                     36 ;--------------------------------------------------------
                                     37 ; ram data
                                     38 ;--------------------------------------------------------
                                     39 	.area INITIALIZED
                                     40 ;--------------------------------------------------------
                                     41 ; absolute external ram data
                                     42 ;--------------------------------------------------------
                                     43 	.area DABS (ABS)
                                     44 
                                     45 ; default segment ordering for linker
                                     46 	.area HOME
                                     47 	.area GSINIT
                                     48 	.area GSFINAL
                                     49 	.area CONST
                                     50 	.area INITIALIZER
                                     51 	.area CODE
                                     52 
                                     53 ;--------------------------------------------------------
                                     54 ; global & static initialisations
                                     55 ;--------------------------------------------------------
                                     56 	.area HOME
                                     57 	.area GSINIT
                                     58 	.area GSFINAL
                                     59 	.area GSINIT
                                     60 ;--------------------------------------------------------
                                     61 ; Home
                                     62 ;--------------------------------------------------------
                                     63 	.area HOME
                                     64 	.area HOME
                                     65 ;--------------------------------------------------------
                                     66 ; code
                                     67 ;--------------------------------------------------------
                                     68 	.area CODE
                                     69 ;	C:\Users\Admin\.platformio\packages\framework-ststm8spl\Libraries\STM8S_StdPeriph_Driver\src\stm8s_i2c.c: 67: void I2C_DeInit(void)
                                     70 ;	-----------------------------------------
                                     71 ;	 function I2C_DeInit
                                     72 ;	-----------------------------------------
      000000                         73 _I2C_DeInit:
                                     74 ;	C:\Users\Admin\.platformio\packages\framework-ststm8spl\Libraries\STM8S_StdPeriph_Driver\src\stm8s_i2c.c: 69: I2C->CR1 = I2C_CR1_RESET_VALUE;
      000000 35 00 52 10      [ 1]   75 	mov	0x5210+0, #0x00
                                     76 ;	C:\Users\Admin\.platformio\packages\framework-ststm8spl\Libraries\STM8S_StdPeriph_Driver\src\stm8s_i2c.c: 70: I2C->CR2 = I2C_CR2_RESET_VALUE;
      000004 35 00 52 11      [ 1]   77 	mov	0x5211+0, #0x00
                                     78 ;	C:\Users\Admin\.platformio\packages\framework-ststm8spl\Libraries\STM8S_StdPeriph_Driver\src\stm8s_i2c.c: 71: I2C->FREQR = I2C_FREQR_RESET_VALUE;
      000008 35 00 52 12      [ 1]   79 	mov	0x5212+0, #0x00
                                     80 ;	C:\Users\Admin\.platformio\packages\framework-ststm8spl\Libraries\STM8S_StdPeriph_Driver\src\stm8s_i2c.c: 72: I2C->OARL = I2C_OARL_RESET_VALUE;
      00000C 35 00 52 13      [ 1]   81 	mov	0x5213+0, #0x00
                                     82 ;	C:\Users\Admin\.platformio\packages\framework-ststm8spl\Libraries\STM8S_StdPeriph_Driver\src\stm8s_i2c.c: 73: I2C->OARH = I2C_OARH_RESET_VALUE;
      000010 35 00 52 14      [ 1]   83 	mov	0x5214+0, #0x00
                                     84 ;	C:\Users\Admin\.platformio\packages\framework-ststm8spl\Libraries\STM8S_StdPeriph_Driver\src\stm8s_i2c.c: 74: I2C->ITR = I2C_ITR_RESET_VALUE;
      000014 35 00 52 1A      [ 1]   85 	mov	0x521a+0, #0x00
                                     86 ;	C:\Users\Admin\.platformio\packages\framework-ststm8spl\Libraries\STM8S_StdPeriph_Driver\src\stm8s_i2c.c: 75: I2C->CCRL = I2C_CCRL_RESET_VALUE;
      000018 35 00 52 1B      [ 1]   87 	mov	0x521b+0, #0x00
                                     88 ;	C:\Users\Admin\.platformio\packages\framework-ststm8spl\Libraries\STM8S_StdPeriph_Driver\src\stm8s_i2c.c: 76: I2C->CCRH = I2C_CCRH_RESET_VALUE;
      00001C 35 00 52 1C      [ 1]   89 	mov	0x521c+0, #0x00
                                     90 ;	C:\Users\Admin\.platformio\packages\framework-ststm8spl\Libraries\STM8S_StdPeriph_Driver\src\stm8s_i2c.c: 77: I2C->TRISER = I2C_TRISER_RESET_VALUE;
      000020 35 02 52 1D      [ 1]   91 	mov	0x521d+0, #0x02
                                     92 ;	C:\Users\Admin\.platformio\packages\framework-ststm8spl\Libraries\STM8S_StdPeriph_Driver\src\stm8s_i2c.c: 78: }
      000024 81               [ 4]   93 	ret
                                     94 ;	C:\Users\Admin\.platformio\packages\framework-ststm8spl\Libraries\STM8S_StdPeriph_Driver\src\stm8s_i2c.c: 96: void I2C_Init(uint32_t OutputClockFrequencyHz, uint16_t OwnAddress, 
                                     95 ;	-----------------------------------------
                                     96 ;	 function I2C_Init
                                     97 ;	-----------------------------------------
      000025                         98 _I2C_Init:
      000025 52 07            [ 2]   99 	sub	sp, #7
                                    100 ;	C:\Users\Admin\.platformio\packages\framework-ststm8spl\Libraries\STM8S_StdPeriph_Driver\src\stm8s_i2c.c: 102: uint8_t tmpccrh = 0;
      000027 0F 05            [ 1]  101 	clr	(0x05, sp)
                                    102 ;	C:\Users\Admin\.platformio\packages\framework-ststm8spl\Libraries\STM8S_StdPeriph_Driver\src\stm8s_i2c.c: 105: assert_param(IS_I2C_ACK_OK(Ack));
      000029 0D 11            [ 1]  103 	tnz	(0x11, sp)
      00002B 27 1A            [ 1]  104 	jreq	00114$
      00002D 7B 11            [ 1]  105 	ld	a, (0x11, sp)
      00002F 4A               [ 1]  106 	dec	a
      000030 27 15            [ 1]  107 	jreq	00114$
      000032 7B 11            [ 1]  108 	ld	a, (0x11, sp)
      000034 A1 02            [ 1]  109 	cp	a, #0x02
      000036 27 0F            [ 1]  110 	jreq	00114$
      000038 4B 69            [ 1]  111 	push	#0x69
      00003A 5F               [ 1]  112 	clrw	x
      00003B 89               [ 2]  113 	pushw	x
      00003C 4B 00            [ 1]  114 	push	#0x00
      00003E 4Br00            [ 1]  115 	push	#<(___str_0+0)
      000040 4Bs00            [ 1]  116 	push	#((___str_0+0) >> 8)
      000042 CDr00r00         [ 4]  117 	call	_assert_failed
      000045 5B 06            [ 2]  118 	addw	sp, #6
      000047                        119 00114$:
                                    120 ;	C:\Users\Admin\.platformio\packages\framework-ststm8spl\Libraries\STM8S_StdPeriph_Driver\src\stm8s_i2c.c: 106: assert_param(IS_I2C_ADDMODE_OK(AddMode));
      000047 0D 12            [ 1]  121 	tnz	(0x12, sp)
      000049 27 15            [ 1]  122 	jreq	00122$
      00004B 7B 12            [ 1]  123 	ld	a, (0x12, sp)
      00004D A1 80            [ 1]  124 	cp	a, #0x80
      00004F 27 0F            [ 1]  125 	jreq	00122$
      000051 4B 6A            [ 1]  126 	push	#0x6a
      000053 5F               [ 1]  127 	clrw	x
      000054 89               [ 2]  128 	pushw	x
      000055 4B 00            [ 1]  129 	push	#0x00
      000057 4Br00            [ 1]  130 	push	#<(___str_0+0)
      000059 4Bs00            [ 1]  131 	push	#((___str_0+0) >> 8)
      00005B CDr00r00         [ 4]  132 	call	_assert_failed
      00005E 5B 06            [ 2]  133 	addw	sp, #6
      000060                        134 00122$:
                                    135 ;	C:\Users\Admin\.platformio\packages\framework-ststm8spl\Libraries\STM8S_StdPeriph_Driver\src\stm8s_i2c.c: 107: assert_param(IS_I2C_OWN_ADDRESS_OK(OwnAddress));
      000060 1E 0E            [ 2]  136 	ldw	x, (0x0e, sp)
      000062 A3 03 FF         [ 2]  137 	cpw	x, #0x03ff
      000065 23 0F            [ 2]  138 	jrule	00127$
      000067 4B 6B            [ 1]  139 	push	#0x6b
      000069 5F               [ 1]  140 	clrw	x
      00006A 89               [ 2]  141 	pushw	x
      00006B 4B 00            [ 1]  142 	push	#0x00
      00006D 4Br00            [ 1]  143 	push	#<(___str_0+0)
      00006F 4Bs00            [ 1]  144 	push	#((___str_0+0) >> 8)
      000071 CDr00r00         [ 4]  145 	call	_assert_failed
      000074 5B 06            [ 2]  146 	addw	sp, #6
      000076                        147 00127$:
                                    148 ;	C:\Users\Admin\.platformio\packages\framework-ststm8spl\Libraries\STM8S_StdPeriph_Driver\src\stm8s_i2c.c: 108: assert_param(IS_I2C_DUTYCYCLE_OK(I2C_DutyCycle));  
      000076 0D 10            [ 1]  149 	tnz	(0x10, sp)
      000078 27 15            [ 1]  150 	jreq	00129$
      00007A 7B 10            [ 1]  151 	ld	a, (0x10, sp)
      00007C A1 40            [ 1]  152 	cp	a, #0x40
      00007E 27 0F            [ 1]  153 	jreq	00129$
      000080 4B 6C            [ 1]  154 	push	#0x6c
      000082 5F               [ 1]  155 	clrw	x
      000083 89               [ 2]  156 	pushw	x
      000084 4B 00            [ 1]  157 	push	#0x00
      000086 4Br00            [ 1]  158 	push	#<(___str_0+0)
      000088 4Bs00            [ 1]  159 	push	#((___str_0+0) >> 8)
      00008A CDr00r00         [ 4]  160 	call	_assert_failed
      00008D 5B 06            [ 2]  161 	addw	sp, #6
      00008F                        162 00129$:
                                    163 ;	C:\Users\Admin\.platformio\packages\framework-ststm8spl\Libraries\STM8S_StdPeriph_Driver\src\stm8s_i2c.c: 109: assert_param(IS_I2C_INPUT_CLOCK_FREQ_OK(InputClockFrequencyMHz));
      00008F 7B 13            [ 1]  164 	ld	a, (0x13, sp)
      000091 A1 01            [ 1]  165 	cp	a, #0x01
      000093 25 06            [ 1]  166 	jrc	00133$
      000095 7B 13            [ 1]  167 	ld	a, (0x13, sp)
      000097 A1 10            [ 1]  168 	cp	a, #0x10
      000099 23 0F            [ 2]  169 	jrule	00134$
      00009B                        170 00133$:
      00009B 4B 6D            [ 1]  171 	push	#0x6d
      00009D 5F               [ 1]  172 	clrw	x
      00009E 89               [ 2]  173 	pushw	x
      00009F 4B 00            [ 1]  174 	push	#0x00
      0000A1 4Br00            [ 1]  175 	push	#<(___str_0+0)
      0000A3 4Bs00            [ 1]  176 	push	#((___str_0+0) >> 8)
      0000A5 CDr00r00         [ 4]  177 	call	_assert_failed
      0000A8 5B 06            [ 2]  178 	addw	sp, #6
      0000AA                        179 00134$:
                                    180 ;	C:\Users\Admin\.platformio\packages\framework-ststm8spl\Libraries\STM8S_StdPeriph_Driver\src\stm8s_i2c.c: 110: assert_param(IS_I2C_OUTPUT_CLOCK_FREQ_OK(OutputClockFrequencyHz));
      0000AA 1E 0C            [ 2]  181 	ldw	x, (0x0c, sp)
      0000AC A3 00 01         [ 2]  182 	cpw	x, #0x0001
      0000AF 7B 0B            [ 1]  183 	ld	a, (0x0b, sp)
      0000B1 A2 00            [ 1]  184 	sbc	a, #0x00
      0000B3 7B 0A            [ 1]  185 	ld	a, (0x0a, sp)
      0000B5 A2 00            [ 1]  186 	sbc	a, #0x00
      0000B7 25 0E            [ 1]  187 	jrc	00138$
      0000B9 AE 1A 80         [ 2]  188 	ldw	x, #0x1a80
      0000BC 13 0C            [ 2]  189 	cpw	x, (0x0c, sp)
      0000BE A6 06            [ 1]  190 	ld	a, #0x06
      0000C0 12 0B            [ 1]  191 	sbc	a, (0x0b, sp)
      0000C2 4F               [ 1]  192 	clr	a
      0000C3 12 0A            [ 1]  193 	sbc	a, (0x0a, sp)
      0000C5 24 0F            [ 1]  194 	jrnc	00139$
      0000C7                        195 00138$:
      0000C7 4B 6E            [ 1]  196 	push	#0x6e
      0000C9 5F               [ 1]  197 	clrw	x
      0000CA 89               [ 2]  198 	pushw	x
      0000CB 4B 00            [ 1]  199 	push	#0x00
      0000CD 4Br00            [ 1]  200 	push	#<(___str_0+0)
      0000CF 4Bs00            [ 1]  201 	push	#((___str_0+0) >> 8)
      0000D1 CDr00r00         [ 4]  202 	call	_assert_failed
      0000D4 5B 06            [ 2]  203 	addw	sp, #6
      0000D6                        204 00139$:
                                    205 ;	C:\Users\Admin\.platformio\packages\framework-ststm8spl\Libraries\STM8S_StdPeriph_Driver\src\stm8s_i2c.c: 115: I2C->FREQR &= (uint8_t)(~I2C_FREQR_FREQ);
      0000D6 C6 52 12         [ 1]  206 	ld	a, 0x5212
      0000D9 A4 C0            [ 1]  207 	and	a, #0xc0
      0000DB C7 52 12         [ 1]  208 	ld	0x5212, a
                                    209 ;	C:\Users\Admin\.platformio\packages\framework-ststm8spl\Libraries\STM8S_StdPeriph_Driver\src\stm8s_i2c.c: 117: I2C->FREQR |= InputClockFrequencyMHz;
      0000DE C6 52 12         [ 1]  210 	ld	a, 0x5212
      0000E1 1A 13            [ 1]  211 	or	a, (0x13, sp)
      0000E3 C7 52 12         [ 1]  212 	ld	0x5212, a
                                    213 ;	C:\Users\Admin\.platformio\packages\framework-ststm8spl\Libraries\STM8S_StdPeriph_Driver\src\stm8s_i2c.c: 121: I2C->CR1 &= (uint8_t)(~I2C_CR1_PE);
      0000E6 72 11 52 10      [ 1]  214 	bres	21008, #0
                                    215 ;	C:\Users\Admin\.platformio\packages\framework-ststm8spl\Libraries\STM8S_StdPeriph_Driver\src\stm8s_i2c.c: 124: I2C->CCRH &= (uint8_t)(~(I2C_CCRH_FS | I2C_CCRH_DUTY | I2C_CCRH_CCR));
      0000EA C6 52 1C         [ 1]  216 	ld	a, 0x521c
      0000ED A4 30            [ 1]  217 	and	a, #0x30
      0000EF C7 52 1C         [ 1]  218 	ld	0x521c, a
                                    219 ;	C:\Users\Admin\.platformio\packages\framework-ststm8spl\Libraries\STM8S_StdPeriph_Driver\src\stm8s_i2c.c: 125: I2C->CCRL &= (uint8_t)(~I2C_CCRL_CCR);
      0000F2 C6 52 1B         [ 1]  220 	ld	a, 0x521b
      0000F5 35 00 52 1B      [ 1]  221 	mov	0x521b+0, #0x00
                                    222 ;	C:\Users\Admin\.platformio\packages\framework-ststm8spl\Libraries\STM8S_StdPeriph_Driver\src\stm8s_i2c.c: 136: result = (uint16_t) ((InputClockFrequencyMHz * 1000000) / (OutputClockFrequencyHz * 3));
      0000F9 5F               [ 1]  223 	clrw	x
      0000FA 7B 13            [ 1]  224 	ld	a, (0x13, sp)
      0000FC 97               [ 1]  225 	ld	xl, a
      0000FD 90 5F            [ 1]  226 	clrw	y
      0000FF 89               [ 2]  227 	pushw	x
      000100 90 89            [ 2]  228 	pushw	y
      000102 4B 40            [ 1]  229 	push	#0x40
      000104 4B 42            [ 1]  230 	push	#0x42
      000106 4B 0F            [ 1]  231 	push	#0x0f
      000108 4B 00            [ 1]  232 	push	#0x00
      00010A CDr00r00         [ 4]  233 	call	__mullong
      00010D 5B 08            [ 2]  234 	addw	sp, #8
      00010F 1F 03            [ 2]  235 	ldw	(0x03, sp), x
      000111 17 01            [ 2]  236 	ldw	(0x01, sp), y
                                    237 ;	C:\Users\Admin\.platformio\packages\framework-ststm8spl\Libraries\STM8S_StdPeriph_Driver\src\stm8s_i2c.c: 128: if (OutputClockFrequencyHz > I2C_MAX_STANDARD_FREQ) /* FAST MODE */
      000113 AE 86 A0         [ 2]  238 	ldw	x, #0x86a0
      000116 13 0C            [ 2]  239 	cpw	x, (0x0c, sp)
      000118 A6 01            [ 1]  240 	ld	a, #0x01
      00011A 12 0B            [ 1]  241 	sbc	a, (0x0b, sp)
      00011C 4F               [ 1]  242 	clr	a
      00011D 12 0A            [ 1]  243 	sbc	a, (0x0a, sp)
      00011F 24 7C            [ 1]  244 	jrnc	00109$
                                    245 ;	C:\Users\Admin\.platformio\packages\framework-ststm8spl\Libraries\STM8S_StdPeriph_Driver\src\stm8s_i2c.c: 131: tmpccrh = I2C_CCRH_FS;
      000121 A6 80            [ 1]  246 	ld	a, #0x80
      000123 6B 05            [ 1]  247 	ld	(0x05, sp), a
                                    248 ;	C:\Users\Admin\.platformio\packages\framework-ststm8spl\Libraries\STM8S_StdPeriph_Driver\src\stm8s_i2c.c: 133: if (I2C_DutyCycle == I2C_DUTYCYCLE_2)
      000125 0D 10            [ 1]  249 	tnz	(0x10, sp)
      000127 26 21            [ 1]  250 	jrne	00102$
                                    251 ;	C:\Users\Admin\.platformio\packages\framework-ststm8spl\Libraries\STM8S_StdPeriph_Driver\src\stm8s_i2c.c: 136: result = (uint16_t) ((InputClockFrequencyMHz * 1000000) / (OutputClockFrequencyHz * 3));
      000129 1E 0C            [ 2]  252 	ldw	x, (0x0c, sp)
      00012B 89               [ 2]  253 	pushw	x
      00012C 1E 0C            [ 2]  254 	ldw	x, (0x0c, sp)
      00012E 89               [ 2]  255 	pushw	x
      00012F 4B 03            [ 1]  256 	push	#0x03
      000131 5F               [ 1]  257 	clrw	x
      000132 89               [ 2]  258 	pushw	x
      000133 4B 00            [ 1]  259 	push	#0x00
      000135 CDr00r00         [ 4]  260 	call	__mullong
      000138 5B 08            [ 2]  261 	addw	sp, #8
      00013A 89               [ 2]  262 	pushw	x
      00013B 90 89            [ 2]  263 	pushw	y
      00013D 1E 07            [ 2]  264 	ldw	x, (0x07, sp)
      00013F 89               [ 2]  265 	pushw	x
      000140 1E 07            [ 2]  266 	ldw	x, (0x07, sp)
      000142 89               [ 2]  267 	pushw	x
      000143 CDr00r00         [ 4]  268 	call	__divulong
      000146 5B 08            [ 2]  269 	addw	sp, #8
      000148 20 26            [ 2]  270 	jra	00103$
      00014A                        271 00102$:
                                    272 ;	C:\Users\Admin\.platformio\packages\framework-ststm8spl\Libraries\STM8S_StdPeriph_Driver\src\stm8s_i2c.c: 141: result = (uint16_t) ((InputClockFrequencyMHz * 1000000) / (OutputClockFrequencyHz * 25));
      00014A 1E 0C            [ 2]  273 	ldw	x, (0x0c, sp)
      00014C 89               [ 2]  274 	pushw	x
      00014D 1E 0C            [ 2]  275 	ldw	x, (0x0c, sp)
      00014F 89               [ 2]  276 	pushw	x
      000150 4B 19            [ 1]  277 	push	#0x19
      000152 5F               [ 1]  278 	clrw	x
      000153 89               [ 2]  279 	pushw	x
      000154 4B 00            [ 1]  280 	push	#0x00
      000156 CDr00r00         [ 4]  281 	call	__mullong
      000159 5B 08            [ 2]  282 	addw	sp, #8
      00015B 9F               [ 1]  283 	ld	a, xl
      00015C 88               [ 1]  284 	push	a
      00015D 9E               [ 1]  285 	ld	a, xh
      00015E 88               [ 1]  286 	push	a
      00015F 90 89            [ 2]  287 	pushw	y
      000161 1E 07            [ 2]  288 	ldw	x, (0x07, sp)
      000163 89               [ 2]  289 	pushw	x
      000164 1E 07            [ 2]  290 	ldw	x, (0x07, sp)
      000166 89               [ 2]  291 	pushw	x
      000167 CDr00r00         [ 4]  292 	call	__divulong
      00016A 5B 08            [ 2]  293 	addw	sp, #8
                                    294 ;	C:\Users\Admin\.platformio\packages\framework-ststm8spl\Libraries\STM8S_StdPeriph_Driver\src\stm8s_i2c.c: 143: tmpccrh |= I2C_CCRH_DUTY;
      00016C A6 C0            [ 1]  295 	ld	a, #0xc0
      00016E 6B 05            [ 1]  296 	ld	(0x05, sp), a
      000170                        297 00103$:
                                    298 ;	C:\Users\Admin\.platformio\packages\framework-ststm8spl\Libraries\STM8S_StdPeriph_Driver\src\stm8s_i2c.c: 147: if (result < (uint16_t)0x01)
      000170 A3 00 01         [ 2]  299 	cpw	x, #0x0001
      000173 24 02            [ 1]  300 	jrnc	00105$
                                    301 ;	C:\Users\Admin\.platformio\packages\framework-ststm8spl\Libraries\STM8S_StdPeriph_Driver\src\stm8s_i2c.c: 150: result = (uint16_t)0x0001;
      000175 5F               [ 1]  302 	clrw	x
      000176 5C               [ 1]  303 	incw	x
      000177                        304 00105$:
                                    305 ;	C:\Users\Admin\.platformio\packages\framework-ststm8spl\Libraries\STM8S_StdPeriph_Driver\src\stm8s_i2c.c: 156: tmpval = ((InputClockFrequencyMHz * 3) / 10) + 1;
      000177 7B 13            [ 1]  306 	ld	a, (0x13, sp)
      000179 6B 07            [ 1]  307 	ld	(0x07, sp), a
      00017B 0F 06            [ 1]  308 	clr	(0x06, sp)
      00017D 89               [ 2]  309 	pushw	x
      00017E 1E 08            [ 2]  310 	ldw	x, (0x08, sp)
      000180 58               [ 2]  311 	sllw	x
      000181 72 FB 08         [ 2]  312 	addw	x, (0x08, sp)
      000184 51               [ 1]  313 	exgw	x, y
      000185 85               [ 2]  314 	popw	x
      000186 89               [ 2]  315 	pushw	x
      000187 4B 0A            [ 1]  316 	push	#0x0a
      000189 4B 00            [ 1]  317 	push	#0x00
      00018B 90 89            [ 2]  318 	pushw	y
      00018D CDr00r00         [ 4]  319 	call	__divsint
      000190 5B 04            [ 2]  320 	addw	sp, #4
      000192 1F 08            [ 2]  321 	ldw	(0x08, sp), x
      000194 85               [ 2]  322 	popw	x
      000195 7B 07            [ 1]  323 	ld	a, (0x07, sp)
      000197 4C               [ 1]  324 	inc	a
                                    325 ;	C:\Users\Admin\.platformio\packages\framework-ststm8spl\Libraries\STM8S_StdPeriph_Driver\src\stm8s_i2c.c: 157: I2C->TRISER = (uint8_t)tmpval;
      000198 C7 52 1D         [ 1]  326 	ld	0x521d, a
      00019B 20 23            [ 2]  327 	jra	00110$
      00019D                        328 00109$:
                                    329 ;	C:\Users\Admin\.platformio\packages\framework-ststm8spl\Libraries\STM8S_StdPeriph_Driver\src\stm8s_i2c.c: 164: result = (uint16_t)((InputClockFrequencyMHz * 1000000) / (OutputClockFrequencyHz << (uint8_t)1));
      00019D 1E 0C            [ 2]  330 	ldw	x, (0x0c, sp)
      00019F 16 0A            [ 2]  331 	ldw	y, (0x0a, sp)
      0001A1 58               [ 2]  332 	sllw	x
      0001A2 90 59            [ 2]  333 	rlcw	y
      0001A4 89               [ 2]  334 	pushw	x
      0001A5 90 89            [ 2]  335 	pushw	y
      0001A7 1E 07            [ 2]  336 	ldw	x, (0x07, sp)
      0001A9 89               [ 2]  337 	pushw	x
      0001AA 1E 07            [ 2]  338 	ldw	x, (0x07, sp)
      0001AC 89               [ 2]  339 	pushw	x
      0001AD CDr00r00         [ 4]  340 	call	__divulong
      0001B0 5B 08            [ 2]  341 	addw	sp, #8
                                    342 ;	C:\Users\Admin\.platformio\packages\framework-ststm8spl\Libraries\STM8S_StdPeriph_Driver\src\stm8s_i2c.c: 167: if (result < (uint16_t)0x0004)
      0001B2 A3 00 04         [ 2]  343 	cpw	x, #0x0004
      0001B5 24 03            [ 1]  344 	jrnc	00107$
                                    345 ;	C:\Users\Admin\.platformio\packages\framework-ststm8spl\Libraries\STM8S_StdPeriph_Driver\src\stm8s_i2c.c: 170: result = (uint16_t)0x0004;
      0001B7 AE 00 04         [ 2]  346 	ldw	x, #0x0004
      0001BA                        347 00107$:
                                    348 ;	C:\Users\Admin\.platformio\packages\framework-ststm8spl\Libraries\STM8S_StdPeriph_Driver\src\stm8s_i2c.c: 176: I2C->TRISER = (uint8_t)(InputClockFrequencyMHz + (uint8_t)1);
      0001BA 7B 13            [ 1]  349 	ld	a, (0x13, sp)
      0001BC 4C               [ 1]  350 	inc	a
      0001BD C7 52 1D         [ 1]  351 	ld	0x521d, a
      0001C0                        352 00110$:
                                    353 ;	C:\Users\Admin\.platformio\packages\framework-ststm8spl\Libraries\STM8S_StdPeriph_Driver\src\stm8s_i2c.c: 181: I2C->CCRL = (uint8_t)result;
      0001C0 9F               [ 1]  354 	ld	a, xl
      0001C1 C7 52 1B         [ 1]  355 	ld	0x521b, a
                                    356 ;	C:\Users\Admin\.platformio\packages\framework-ststm8spl\Libraries\STM8S_StdPeriph_Driver\src\stm8s_i2c.c: 182: I2C->CCRH = (uint8_t)((uint8_t)((uint8_t)(result >> 8) & I2C_CCRH_CCR) | tmpccrh);
      0001C4 9E               [ 1]  357 	ld	a, xh
      0001C5 A4 0F            [ 1]  358 	and	a, #0x0f
      0001C7 1A 05            [ 1]  359 	or	a, (0x05, sp)
      0001C9 C7 52 1C         [ 1]  360 	ld	0x521c, a
                                    361 ;	C:\Users\Admin\.platformio\packages\framework-ststm8spl\Libraries\STM8S_StdPeriph_Driver\src\stm8s_i2c.c: 185: I2C->CR1 |= I2C_CR1_PE;
      0001CC 72 10 52 10      [ 1]  362 	bset	21008, #0
                                    363 ;	C:\Users\Admin\.platformio\packages\framework-ststm8spl\Libraries\STM8S_StdPeriph_Driver\src\stm8s_i2c.c: 188: I2C_AcknowledgeConfig(Ack);
      0001D0 7B 11            [ 1]  364 	ld	a, (0x11, sp)
      0001D2 88               [ 1]  365 	push	a
      0001D3 CDr02rF7         [ 4]  366 	call	_I2C_AcknowledgeConfig
      0001D6 84               [ 1]  367 	pop	a
                                    368 ;	C:\Users\Admin\.platformio\packages\framework-ststm8spl\Libraries\STM8S_StdPeriph_Driver\src\stm8s_i2c.c: 191: I2C->OARL = (uint8_t)(OwnAddress);
      0001D7 7B 0F            [ 1]  369 	ld	a, (0x0f, sp)
      0001D9 C7 52 13         [ 1]  370 	ld	0x5213, a
                                    371 ;	C:\Users\Admin\.platformio\packages\framework-ststm8spl\Libraries\STM8S_StdPeriph_Driver\src\stm8s_i2c.c: 192: I2C->OARH = (uint8_t)((uint8_t)(AddMode | I2C_OARH_ADDCONF) |
      0001DC 7B 12            [ 1]  372 	ld	a, (0x12, sp)
      0001DE AA 40            [ 1]  373 	or	a, #0x40
      0001E0 6B 07            [ 1]  374 	ld	(0x07, sp), a
                                    375 ;	C:\Users\Admin\.platformio\packages\framework-ststm8spl\Libraries\STM8S_StdPeriph_Driver\src\stm8s_i2c.c: 193: (uint8_t)((OwnAddress & (uint16_t)0x0300) >> (uint8_t)7));
      0001E2 4F               [ 1]  376 	clr	a
      0001E3 97               [ 1]  377 	ld	xl, a
      0001E4 7B 0E            [ 1]  378 	ld	a, (0x0e, sp)
      0001E6 A4 03            [ 1]  379 	and	a, #0x03
      0001E8 95               [ 1]  380 	ld	xh, a
      0001E9 A6 80            [ 1]  381 	ld	a, #0x80
      0001EB 62               [ 2]  382 	div	x, a
      0001EC 9F               [ 1]  383 	ld	a, xl
      0001ED 1A 07            [ 1]  384 	or	a, (0x07, sp)
      0001EF C7 52 14         [ 1]  385 	ld	0x5214, a
                                    386 ;	C:\Users\Admin\.platformio\packages\framework-ststm8spl\Libraries\STM8S_StdPeriph_Driver\src\stm8s_i2c.c: 194: }
      0001F2 5B 07            [ 2]  387 	addw	sp, #7
      0001F4 81               [ 4]  388 	ret
                                    389 ;	C:\Users\Admin\.platformio\packages\framework-ststm8spl\Libraries\STM8S_StdPeriph_Driver\src\stm8s_i2c.c: 202: void I2C_Cmd(FunctionalState NewState)
                                    390 ;	-----------------------------------------
                                    391 ;	 function I2C_Cmd
                                    392 ;	-----------------------------------------
      0001F5                        393 _I2C_Cmd:
                                    394 ;	C:\Users\Admin\.platformio\packages\framework-ststm8spl\Libraries\STM8S_StdPeriph_Driver\src\stm8s_i2c.c: 205: assert_param(IS_FUNCTIONALSTATE_OK(NewState));
      0001F5 0D 03            [ 1]  395 	tnz	(0x03, sp)
      0001F7 27 14            [ 1]  396 	jreq	00107$
      0001F9 7B 03            [ 1]  397 	ld	a, (0x03, sp)
      0001FB 4A               [ 1]  398 	dec	a
      0001FC 27 0F            [ 1]  399 	jreq	00107$
      0001FE 4B CD            [ 1]  400 	push	#0xcd
      000200 5F               [ 1]  401 	clrw	x
      000201 89               [ 2]  402 	pushw	x
      000202 4B 00            [ 1]  403 	push	#0x00
      000204 4Br00            [ 1]  404 	push	#<(___str_0+0)
      000206 4Bs00            [ 1]  405 	push	#((___str_0+0) >> 8)
      000208 CDr00r00         [ 4]  406 	call	_assert_failed
      00020B 5B 06            [ 2]  407 	addw	sp, #6
      00020D                        408 00107$:
                                    409 ;	C:\Users\Admin\.platformio\packages\framework-ststm8spl\Libraries\STM8S_StdPeriph_Driver\src\stm8s_i2c.c: 210: I2C->CR1 |= I2C_CR1_PE;
      00020D C6 52 10         [ 1]  410 	ld	a, 0x5210
                                    411 ;	C:\Users\Admin\.platformio\packages\framework-ststm8spl\Libraries\STM8S_StdPeriph_Driver\src\stm8s_i2c.c: 207: if (NewState != DISABLE)
      000210 0D 03            [ 1]  412 	tnz	(0x03, sp)
      000212 27 06            [ 1]  413 	jreq	00102$
                                    414 ;	C:\Users\Admin\.platformio\packages\framework-ststm8spl\Libraries\STM8S_StdPeriph_Driver\src\stm8s_i2c.c: 210: I2C->CR1 |= I2C_CR1_PE;
      000214 AA 01            [ 1]  415 	or	a, #0x01
      000216 C7 52 10         [ 1]  416 	ld	0x5210, a
      000219 81               [ 4]  417 	ret
      00021A                        418 00102$:
                                    419 ;	C:\Users\Admin\.platformio\packages\framework-ststm8spl\Libraries\STM8S_StdPeriph_Driver\src\stm8s_i2c.c: 215: I2C->CR1 &= (uint8_t)(~I2C_CR1_PE);
      00021A A4 FE            [ 1]  420 	and	a, #0xfe
      00021C C7 52 10         [ 1]  421 	ld	0x5210, a
                                    422 ;	C:\Users\Admin\.platformio\packages\framework-ststm8spl\Libraries\STM8S_StdPeriph_Driver\src\stm8s_i2c.c: 217: }
      00021F 81               [ 4]  423 	ret
                                    424 ;	C:\Users\Admin\.platformio\packages\framework-ststm8spl\Libraries\STM8S_StdPeriph_Driver\src\stm8s_i2c.c: 225: void I2C_GeneralCallCmd(FunctionalState NewState)
                                    425 ;	-----------------------------------------
                                    426 ;	 function I2C_GeneralCallCmd
                                    427 ;	-----------------------------------------
      000220                        428 _I2C_GeneralCallCmd:
                                    429 ;	C:\Users\Admin\.platformio\packages\framework-ststm8spl\Libraries\STM8S_StdPeriph_Driver\src\stm8s_i2c.c: 228: assert_param(IS_FUNCTIONALSTATE_OK(NewState));
      000220 0D 03            [ 1]  430 	tnz	(0x03, sp)
      000222 27 14            [ 1]  431 	jreq	00107$
      000224 7B 03            [ 1]  432 	ld	a, (0x03, sp)
      000226 4A               [ 1]  433 	dec	a
      000227 27 0F            [ 1]  434 	jreq	00107$
      000229 4B E4            [ 1]  435 	push	#0xe4
      00022B 5F               [ 1]  436 	clrw	x
      00022C 89               [ 2]  437 	pushw	x
      00022D 4B 00            [ 1]  438 	push	#0x00
      00022F 4Br00            [ 1]  439 	push	#<(___str_0+0)
      000231 4Bs00            [ 1]  440 	push	#((___str_0+0) >> 8)
      000233 CDr00r00         [ 4]  441 	call	_assert_failed
      000236 5B 06            [ 2]  442 	addw	sp, #6
      000238                        443 00107$:
                                    444 ;	C:\Users\Admin\.platformio\packages\framework-ststm8spl\Libraries\STM8S_StdPeriph_Driver\src\stm8s_i2c.c: 233: I2C->CR1 |= I2C_CR1_ENGC;
      000238 C6 52 10         [ 1]  445 	ld	a, 0x5210
                                    446 ;	C:\Users\Admin\.platformio\packages\framework-ststm8spl\Libraries\STM8S_StdPeriph_Driver\src\stm8s_i2c.c: 230: if (NewState != DISABLE)
      00023B 0D 03            [ 1]  447 	tnz	(0x03, sp)
      00023D 27 06            [ 1]  448 	jreq	00102$
                                    449 ;	C:\Users\Admin\.platformio\packages\framework-ststm8spl\Libraries\STM8S_StdPeriph_Driver\src\stm8s_i2c.c: 233: I2C->CR1 |= I2C_CR1_ENGC;
      00023F AA 40            [ 1]  450 	or	a, #0x40
      000241 C7 52 10         [ 1]  451 	ld	0x5210, a
      000244 81               [ 4]  452 	ret
      000245                        453 00102$:
                                    454 ;	C:\Users\Admin\.platformio\packages\framework-ststm8spl\Libraries\STM8S_StdPeriph_Driver\src\stm8s_i2c.c: 238: I2C->CR1 &= (uint8_t)(~I2C_CR1_ENGC);
      000245 A4 BF            [ 1]  455 	and	a, #0xbf
      000247 C7 52 10         [ 1]  456 	ld	0x5210, a
                                    457 ;	C:\Users\Admin\.platformio\packages\framework-ststm8spl\Libraries\STM8S_StdPeriph_Driver\src\stm8s_i2c.c: 240: }
      00024A 81               [ 4]  458 	ret
                                    459 ;	C:\Users\Admin\.platformio\packages\framework-ststm8spl\Libraries\STM8S_StdPeriph_Driver\src\stm8s_i2c.c: 250: void I2C_GenerateSTART(FunctionalState NewState)
                                    460 ;	-----------------------------------------
                                    461 ;	 function I2C_GenerateSTART
                                    462 ;	-----------------------------------------
      00024B                        463 _I2C_GenerateSTART:
                                    464 ;	C:\Users\Admin\.platformio\packages\framework-ststm8spl\Libraries\STM8S_StdPeriph_Driver\src\stm8s_i2c.c: 253: assert_param(IS_FUNCTIONALSTATE_OK(NewState));
      00024B 0D 03            [ 1]  465 	tnz	(0x03, sp)
      00024D 27 14            [ 1]  466 	jreq	00107$
      00024F 7B 03            [ 1]  467 	ld	a, (0x03, sp)
      000251 4A               [ 1]  468 	dec	a
      000252 27 0F            [ 1]  469 	jreq	00107$
      000254 4B FD            [ 1]  470 	push	#0xfd
      000256 5F               [ 1]  471 	clrw	x
      000257 89               [ 2]  472 	pushw	x
      000258 4B 00            [ 1]  473 	push	#0x00
      00025A 4Br00            [ 1]  474 	push	#<(___str_0+0)
      00025C 4Bs00            [ 1]  475 	push	#((___str_0+0) >> 8)
      00025E CDr00r00         [ 4]  476 	call	_assert_failed
      000261 5B 06            [ 2]  477 	addw	sp, #6
      000263                        478 00107$:
                                    479 ;	C:\Users\Admin\.platformio\packages\framework-ststm8spl\Libraries\STM8S_StdPeriph_Driver\src\stm8s_i2c.c: 258: I2C->CR2 |= I2C_CR2_START;
      000263 C6 52 11         [ 1]  480 	ld	a, 0x5211
                                    481 ;	C:\Users\Admin\.platformio\packages\framework-ststm8spl\Libraries\STM8S_StdPeriph_Driver\src\stm8s_i2c.c: 255: if (NewState != DISABLE)
      000266 0D 03            [ 1]  482 	tnz	(0x03, sp)
      000268 27 06            [ 1]  483 	jreq	00102$
                                    484 ;	C:\Users\Admin\.platformio\packages\framework-ststm8spl\Libraries\STM8S_StdPeriph_Driver\src\stm8s_i2c.c: 258: I2C->CR2 |= I2C_CR2_START;
      00026A AA 01            [ 1]  485 	or	a, #0x01
      00026C C7 52 11         [ 1]  486 	ld	0x5211, a
      00026F 81               [ 4]  487 	ret
      000270                        488 00102$:
                                    489 ;	C:\Users\Admin\.platformio\packages\framework-ststm8spl\Libraries\STM8S_StdPeriph_Driver\src\stm8s_i2c.c: 263: I2C->CR2 &= (uint8_t)(~I2C_CR2_START);
      000270 A4 FE            [ 1]  490 	and	a, #0xfe
      000272 C7 52 11         [ 1]  491 	ld	0x5211, a
                                    492 ;	C:\Users\Admin\.platformio\packages\framework-ststm8spl\Libraries\STM8S_StdPeriph_Driver\src\stm8s_i2c.c: 265: }
      000275 81               [ 4]  493 	ret
                                    494 ;	C:\Users\Admin\.platformio\packages\framework-ststm8spl\Libraries\STM8S_StdPeriph_Driver\src\stm8s_i2c.c: 273: void I2C_GenerateSTOP(FunctionalState NewState)
                                    495 ;	-----------------------------------------
                                    496 ;	 function I2C_GenerateSTOP
                                    497 ;	-----------------------------------------
      000276                        498 _I2C_GenerateSTOP:
                                    499 ;	C:\Users\Admin\.platformio\packages\framework-ststm8spl\Libraries\STM8S_StdPeriph_Driver\src\stm8s_i2c.c: 276: assert_param(IS_FUNCTIONALSTATE_OK(NewState));
      000276 0D 03            [ 1]  500 	tnz	(0x03, sp)
      000278 27 14            [ 1]  501 	jreq	00107$
      00027A 7B 03            [ 1]  502 	ld	a, (0x03, sp)
      00027C 4A               [ 1]  503 	dec	a
      00027D 27 0F            [ 1]  504 	jreq	00107$
      00027F 4B 14            [ 1]  505 	push	#0x14
      000281 4B 01            [ 1]  506 	push	#0x01
      000283 5F               [ 1]  507 	clrw	x
      000284 89               [ 2]  508 	pushw	x
      000285 4Br00            [ 1]  509 	push	#<(___str_0+0)
      000287 4Bs00            [ 1]  510 	push	#((___str_0+0) >> 8)
      000289 CDr00r00         [ 4]  511 	call	_assert_failed
      00028C 5B 06            [ 2]  512 	addw	sp, #6
      00028E                        513 00107$:
                                    514 ;	C:\Users\Admin\.platformio\packages\framework-ststm8spl\Libraries\STM8S_StdPeriph_Driver\src\stm8s_i2c.c: 281: I2C->CR2 |= I2C_CR2_STOP;
      00028E C6 52 11         [ 1]  515 	ld	a, 0x5211
                                    516 ;	C:\Users\Admin\.platformio\packages\framework-ststm8spl\Libraries\STM8S_StdPeriph_Driver\src\stm8s_i2c.c: 278: if (NewState != DISABLE)
      000291 0D 03            [ 1]  517 	tnz	(0x03, sp)
      000293 27 06            [ 1]  518 	jreq	00102$
                                    519 ;	C:\Users\Admin\.platformio\packages\framework-ststm8spl\Libraries\STM8S_StdPeriph_Driver\src\stm8s_i2c.c: 281: I2C->CR2 |= I2C_CR2_STOP;
      000295 AA 02            [ 1]  520 	or	a, #0x02
      000297 C7 52 11         [ 1]  521 	ld	0x5211, a
      00029A 81               [ 4]  522 	ret
      00029B                        523 00102$:
                                    524 ;	C:\Users\Admin\.platformio\packages\framework-ststm8spl\Libraries\STM8S_StdPeriph_Driver\src\stm8s_i2c.c: 286: I2C->CR2 &= (uint8_t)(~I2C_CR2_STOP);
      00029B A4 FD            [ 1]  525 	and	a, #0xfd
      00029D C7 52 11         [ 1]  526 	ld	0x5211, a
                                    527 ;	C:\Users\Admin\.platformio\packages\framework-ststm8spl\Libraries\STM8S_StdPeriph_Driver\src\stm8s_i2c.c: 288: }
      0002A0 81               [ 4]  528 	ret
                                    529 ;	C:\Users\Admin\.platformio\packages\framework-ststm8spl\Libraries\STM8S_StdPeriph_Driver\src\stm8s_i2c.c: 296: void I2C_SoftwareResetCmd(FunctionalState NewState)
                                    530 ;	-----------------------------------------
                                    531 ;	 function I2C_SoftwareResetCmd
                                    532 ;	-----------------------------------------
      0002A1                        533 _I2C_SoftwareResetCmd:
                                    534 ;	C:\Users\Admin\.platformio\packages\framework-ststm8spl\Libraries\STM8S_StdPeriph_Driver\src\stm8s_i2c.c: 299: assert_param(IS_FUNCTIONALSTATE_OK(NewState));
      0002A1 0D 03            [ 1]  535 	tnz	(0x03, sp)
      0002A3 27 14            [ 1]  536 	jreq	00107$
      0002A5 7B 03            [ 1]  537 	ld	a, (0x03, sp)
      0002A7 4A               [ 1]  538 	dec	a
      0002A8 27 0F            [ 1]  539 	jreq	00107$
      0002AA 4B 2B            [ 1]  540 	push	#0x2b
      0002AC 4B 01            [ 1]  541 	push	#0x01
      0002AE 5F               [ 1]  542 	clrw	x
      0002AF 89               [ 2]  543 	pushw	x
      0002B0 4Br00            [ 1]  544 	push	#<(___str_0+0)
      0002B2 4Bs00            [ 1]  545 	push	#((___str_0+0) >> 8)
      0002B4 CDr00r00         [ 4]  546 	call	_assert_failed
      0002B7 5B 06            [ 2]  547 	addw	sp, #6
      0002B9                        548 00107$:
                                    549 ;	C:\Users\Admin\.platformio\packages\framework-ststm8spl\Libraries\STM8S_StdPeriph_Driver\src\stm8s_i2c.c: 304: I2C->CR2 |= I2C_CR2_SWRST;
      0002B9 C6 52 11         [ 1]  550 	ld	a, 0x5211
                                    551 ;	C:\Users\Admin\.platformio\packages\framework-ststm8spl\Libraries\STM8S_StdPeriph_Driver\src\stm8s_i2c.c: 301: if (NewState != DISABLE)
      0002BC 0D 03            [ 1]  552 	tnz	(0x03, sp)
      0002BE 27 06            [ 1]  553 	jreq	00102$
                                    554 ;	C:\Users\Admin\.platformio\packages\framework-ststm8spl\Libraries\STM8S_StdPeriph_Driver\src\stm8s_i2c.c: 304: I2C->CR2 |= I2C_CR2_SWRST;
      0002C0 AA 80            [ 1]  555 	or	a, #0x80
      0002C2 C7 52 11         [ 1]  556 	ld	0x5211, a
      0002C5 81               [ 4]  557 	ret
      0002C6                        558 00102$:
                                    559 ;	C:\Users\Admin\.platformio\packages\framework-ststm8spl\Libraries\STM8S_StdPeriph_Driver\src\stm8s_i2c.c: 309: I2C->CR2 &= (uint8_t)(~I2C_CR2_SWRST);
      0002C6 A4 7F            [ 1]  560 	and	a, #0x7f
      0002C8 C7 52 11         [ 1]  561 	ld	0x5211, a
                                    562 ;	C:\Users\Admin\.platformio\packages\framework-ststm8spl\Libraries\STM8S_StdPeriph_Driver\src\stm8s_i2c.c: 311: }
      0002CB 81               [ 4]  563 	ret
                                    564 ;	C:\Users\Admin\.platformio\packages\framework-ststm8spl\Libraries\STM8S_StdPeriph_Driver\src\stm8s_i2c.c: 320: void I2C_StretchClockCmd(FunctionalState NewState)
                                    565 ;	-----------------------------------------
                                    566 ;	 function I2C_StretchClockCmd
                                    567 ;	-----------------------------------------
      0002CC                        568 _I2C_StretchClockCmd:
                                    569 ;	C:\Users\Admin\.platformio\packages\framework-ststm8spl\Libraries\STM8S_StdPeriph_Driver\src\stm8s_i2c.c: 323: assert_param(IS_FUNCTIONALSTATE_OK(NewState));
      0002CC 0D 03            [ 1]  570 	tnz	(0x03, sp)
      0002CE 27 14            [ 1]  571 	jreq	00107$
      0002D0 7B 03            [ 1]  572 	ld	a, (0x03, sp)
      0002D2 4A               [ 1]  573 	dec	a
      0002D3 27 0F            [ 1]  574 	jreq	00107$
      0002D5 4B 43            [ 1]  575 	push	#0x43
      0002D7 4B 01            [ 1]  576 	push	#0x01
      0002D9 5F               [ 1]  577 	clrw	x
      0002DA 89               [ 2]  578 	pushw	x
      0002DB 4Br00            [ 1]  579 	push	#<(___str_0+0)
      0002DD 4Bs00            [ 1]  580 	push	#((___str_0+0) >> 8)
      0002DF CDr00r00         [ 4]  581 	call	_assert_failed
      0002E2 5B 06            [ 2]  582 	addw	sp, #6
      0002E4                        583 00107$:
                                    584 ;	C:\Users\Admin\.platformio\packages\framework-ststm8spl\Libraries\STM8S_StdPeriph_Driver\src\stm8s_i2c.c: 328: I2C->CR1 &= (uint8_t)(~I2C_CR1_NOSTRETCH);
      0002E4 C6 52 10         [ 1]  585 	ld	a, 0x5210
                                    586 ;	C:\Users\Admin\.platformio\packages\framework-ststm8spl\Libraries\STM8S_StdPeriph_Driver\src\stm8s_i2c.c: 325: if (NewState != DISABLE)
      0002E7 0D 03            [ 1]  587 	tnz	(0x03, sp)
      0002E9 27 06            [ 1]  588 	jreq	00102$
                                    589 ;	C:\Users\Admin\.platformio\packages\framework-ststm8spl\Libraries\STM8S_StdPeriph_Driver\src\stm8s_i2c.c: 328: I2C->CR1 &= (uint8_t)(~I2C_CR1_NOSTRETCH);
      0002EB A4 7F            [ 1]  590 	and	a, #0x7f
      0002ED C7 52 10         [ 1]  591 	ld	0x5210, a
      0002F0 81               [ 4]  592 	ret
      0002F1                        593 00102$:
                                    594 ;	C:\Users\Admin\.platformio\packages\framework-ststm8spl\Libraries\STM8S_StdPeriph_Driver\src\stm8s_i2c.c: 334: I2C->CR1 |= I2C_CR1_NOSTRETCH;
      0002F1 AA 80            [ 1]  595 	or	a, #0x80
      0002F3 C7 52 10         [ 1]  596 	ld	0x5210, a
                                    597 ;	C:\Users\Admin\.platformio\packages\framework-ststm8spl\Libraries\STM8S_StdPeriph_Driver\src\stm8s_i2c.c: 336: }
      0002F6 81               [ 4]  598 	ret
                                    599 ;	C:\Users\Admin\.platformio\packages\framework-ststm8spl\Libraries\STM8S_StdPeriph_Driver\src\stm8s_i2c.c: 345: void I2C_AcknowledgeConfig(I2C_Ack_TypeDef Ack)
                                    600 ;	-----------------------------------------
                                    601 ;	 function I2C_AcknowledgeConfig
                                    602 ;	-----------------------------------------
      0002F7                        603 _I2C_AcknowledgeConfig:
      0002F7 88               [ 1]  604 	push	a
                                    605 ;	C:\Users\Admin\.platformio\packages\framework-ststm8spl\Libraries\STM8S_StdPeriph_Driver\src\stm8s_i2c.c: 348: assert_param(IS_I2C_ACK_OK(Ack));
      0002F8 7B 04            [ 1]  606 	ld	a, (0x04, sp)
      0002FA 4A               [ 1]  607 	dec	a
      0002FB 26 05            [ 1]  608 	jrne	00143$
      0002FD A6 01            [ 1]  609 	ld	a, #0x01
      0002FF 6B 01            [ 1]  610 	ld	(0x01, sp), a
      000301 C5                     611 	.byte 0xc5
      000302                        612 00143$:
      000302 0F 01            [ 1]  613 	clr	(0x01, sp)
      000304                        614 00144$:
      000304 0D 04            [ 1]  615 	tnz	(0x04, sp)
      000306 27 19            [ 1]  616 	jreq	00110$
      000308 0D 01            [ 1]  617 	tnz	(0x01, sp)
      00030A 26 15            [ 1]  618 	jrne	00110$
      00030C 7B 04            [ 1]  619 	ld	a, (0x04, sp)
      00030E A1 02            [ 1]  620 	cp	a, #0x02
      000310 27 0F            [ 1]  621 	jreq	00110$
      000312 4B 5C            [ 1]  622 	push	#0x5c
      000314 4B 01            [ 1]  623 	push	#0x01
      000316 5F               [ 1]  624 	clrw	x
      000317 89               [ 2]  625 	pushw	x
      000318 4Br00            [ 1]  626 	push	#<(___str_0+0)
      00031A 4Bs00            [ 1]  627 	push	#((___str_0+0) >> 8)
      00031C CDr00r00         [ 4]  628 	call	_assert_failed
      00031F 5B 06            [ 2]  629 	addw	sp, #6
      000321                        630 00110$:
                                    631 ;	C:\Users\Admin\.platformio\packages\framework-ststm8spl\Libraries\STM8S_StdPeriph_Driver\src\stm8s_i2c.c: 353: I2C->CR2 &= (uint8_t)(~I2C_CR2_ACK);
      000321 C6 52 11         [ 1]  632 	ld	a, 0x5211
                                    633 ;	C:\Users\Admin\.platformio\packages\framework-ststm8spl\Libraries\STM8S_StdPeriph_Driver\src\stm8s_i2c.c: 350: if (Ack == I2C_ACK_NONE)
      000324 0D 04            [ 1]  634 	tnz	(0x04, sp)
      000326 26 07            [ 1]  635 	jrne	00105$
                                    636 ;	C:\Users\Admin\.platformio\packages\framework-ststm8spl\Libraries\STM8S_StdPeriph_Driver\src\stm8s_i2c.c: 353: I2C->CR2 &= (uint8_t)(~I2C_CR2_ACK);
      000328 A4 FB            [ 1]  637 	and	a, #0xfb
      00032A C7 52 11         [ 1]  638 	ld	0x5211, a
      00032D 20 1B            [ 2]  639 	jra	00107$
      00032F                        640 00105$:
                                    641 ;	C:\Users\Admin\.platformio\packages\framework-ststm8spl\Libraries\STM8S_StdPeriph_Driver\src\stm8s_i2c.c: 358: I2C->CR2 |= I2C_CR2_ACK;
      00032F AA 04            [ 1]  642 	or	a, #0x04
      000331 C7 52 11         [ 1]  643 	ld	0x5211, a
                                    644 ;	C:\Users\Admin\.platformio\packages\framework-ststm8spl\Libraries\STM8S_StdPeriph_Driver\src\stm8s_i2c.c: 353: I2C->CR2 &= (uint8_t)(~I2C_CR2_ACK);
      000334 C6 52 11         [ 1]  645 	ld	a, 0x5211
      000337 97               [ 1]  646 	ld	xl, a
                                    647 ;	C:\Users\Admin\.platformio\packages\framework-ststm8spl\Libraries\STM8S_StdPeriph_Driver\src\stm8s_i2c.c: 360: if (Ack == I2C_ACK_CURR)
      000338 7B 01            [ 1]  648 	ld	a, (0x01, sp)
      00033A 27 08            [ 1]  649 	jreq	00102$
                                    650 ;	C:\Users\Admin\.platformio\packages\framework-ststm8spl\Libraries\STM8S_StdPeriph_Driver\src\stm8s_i2c.c: 363: I2C->CR2 &= (uint8_t)(~I2C_CR2_POS);
      00033C 9F               [ 1]  651 	ld	a, xl
      00033D A4 F7            [ 1]  652 	and	a, #0xf7
      00033F C7 52 11         [ 1]  653 	ld	0x5211, a
      000342 20 06            [ 2]  654 	jra	00107$
      000344                        655 00102$:
                                    656 ;	C:\Users\Admin\.platformio\packages\framework-ststm8spl\Libraries\STM8S_StdPeriph_Driver\src\stm8s_i2c.c: 368: I2C->CR2 |= I2C_CR2_POS;
      000344 9F               [ 1]  657 	ld	a, xl
      000345 AA 08            [ 1]  658 	or	a, #0x08
      000347 C7 52 11         [ 1]  659 	ld	0x5211, a
      00034A                        660 00107$:
                                    661 ;	C:\Users\Admin\.platformio\packages\framework-ststm8spl\Libraries\STM8S_StdPeriph_Driver\src\stm8s_i2c.c: 371: }
      00034A 84               [ 1]  662 	pop	a
      00034B 81               [ 4]  663 	ret
                                    664 ;	C:\Users\Admin\.platformio\packages\framework-ststm8spl\Libraries\STM8S_StdPeriph_Driver\src\stm8s_i2c.c: 381: void I2C_ITConfig(I2C_IT_TypeDef I2C_IT, FunctionalState NewState)
                                    665 ;	-----------------------------------------
                                    666 ;	 function I2C_ITConfig
                                    667 ;	-----------------------------------------
      00034C                        668 _I2C_ITConfig:
      00034C 88               [ 1]  669 	push	a
                                    670 ;	C:\Users\Admin\.platformio\packages\framework-ststm8spl\Libraries\STM8S_StdPeriph_Driver\src\stm8s_i2c.c: 384: assert_param(IS_I2C_INTERRUPT_OK(I2C_IT));
      00034D 7B 04            [ 1]  671 	ld	a, (0x04, sp)
      00034F 4A               [ 1]  672 	dec	a
      000350 27 33            [ 1]  673 	jreq	00107$
      000352 7B 04            [ 1]  674 	ld	a, (0x04, sp)
      000354 A1 02            [ 1]  675 	cp	a, #0x02
      000356 27 2D            [ 1]  676 	jreq	00107$
      000358 7B 04            [ 1]  677 	ld	a, (0x04, sp)
      00035A A1 04            [ 1]  678 	cp	a, #0x04
      00035C 27 27            [ 1]  679 	jreq	00107$
      00035E 7B 04            [ 1]  680 	ld	a, (0x04, sp)
      000360 A1 03            [ 1]  681 	cp	a, #0x03
      000362 27 21            [ 1]  682 	jreq	00107$
      000364 7B 04            [ 1]  683 	ld	a, (0x04, sp)
      000366 A1 05            [ 1]  684 	cp	a, #0x05
      000368 27 1B            [ 1]  685 	jreq	00107$
      00036A 7B 04            [ 1]  686 	ld	a, (0x04, sp)
      00036C A1 06            [ 1]  687 	cp	a, #0x06
      00036E 27 15            [ 1]  688 	jreq	00107$
      000370 7B 04            [ 1]  689 	ld	a, (0x04, sp)
      000372 A1 07            [ 1]  690 	cp	a, #0x07
      000374 27 0F            [ 1]  691 	jreq	00107$
      000376 4B 80            [ 1]  692 	push	#0x80
      000378 4B 01            [ 1]  693 	push	#0x01
      00037A 5F               [ 1]  694 	clrw	x
      00037B 89               [ 2]  695 	pushw	x
      00037C 4Br00            [ 1]  696 	push	#<(___str_0+0)
      00037E 4Bs00            [ 1]  697 	push	#((___str_0+0) >> 8)
      000380 CDr00r00         [ 4]  698 	call	_assert_failed
      000383 5B 06            [ 2]  699 	addw	sp, #6
      000385                        700 00107$:
                                    701 ;	C:\Users\Admin\.platformio\packages\framework-ststm8spl\Libraries\STM8S_StdPeriph_Driver\src\stm8s_i2c.c: 385: assert_param(IS_FUNCTIONALSTATE_OK(NewState));
      000385 0D 05            [ 1]  702 	tnz	(0x05, sp)
      000387 27 14            [ 1]  703 	jreq	00127$
      000389 7B 05            [ 1]  704 	ld	a, (0x05, sp)
      00038B 4A               [ 1]  705 	dec	a
      00038C 27 0F            [ 1]  706 	jreq	00127$
      00038E 4B 81            [ 1]  707 	push	#0x81
      000390 4B 01            [ 1]  708 	push	#0x01
      000392 5F               [ 1]  709 	clrw	x
      000393 89               [ 2]  710 	pushw	x
      000394 4Br00            [ 1]  711 	push	#<(___str_0+0)
      000396 4Bs00            [ 1]  712 	push	#((___str_0+0) >> 8)
      000398 CDr00r00         [ 4]  713 	call	_assert_failed
      00039B 5B 06            [ 2]  714 	addw	sp, #6
      00039D                        715 00127$:
                                    716 ;	C:\Users\Admin\.platformio\packages\framework-ststm8spl\Libraries\STM8S_StdPeriph_Driver\src\stm8s_i2c.c: 390: I2C->ITR |= (uint8_t)I2C_IT;
      00039D C6 52 1A         [ 1]  717 	ld	a, 0x521a
                                    718 ;	C:\Users\Admin\.platformio\packages\framework-ststm8spl\Libraries\STM8S_StdPeriph_Driver\src\stm8s_i2c.c: 387: if (NewState != DISABLE)
      0003A0 0D 05            [ 1]  719 	tnz	(0x05, sp)
      0003A2 27 07            [ 1]  720 	jreq	00102$
                                    721 ;	C:\Users\Admin\.platformio\packages\framework-ststm8spl\Libraries\STM8S_StdPeriph_Driver\src\stm8s_i2c.c: 390: I2C->ITR |= (uint8_t)I2C_IT;
      0003A4 1A 04            [ 1]  722 	or	a, (0x04, sp)
      0003A6 C7 52 1A         [ 1]  723 	ld	0x521a, a
      0003A9 20 0C            [ 2]  724 	jra	00104$
      0003AB                        725 00102$:
                                    726 ;	C:\Users\Admin\.platformio\packages\framework-ststm8spl\Libraries\STM8S_StdPeriph_Driver\src\stm8s_i2c.c: 395: I2C->ITR &= (uint8_t)(~(uint8_t)I2C_IT);
      0003AB 88               [ 1]  727 	push	a
      0003AC 7B 05            [ 1]  728 	ld	a, (0x05, sp)
      0003AE 43               [ 1]  729 	cpl	a
      0003AF 6B 02            [ 1]  730 	ld	(0x02, sp), a
      0003B1 84               [ 1]  731 	pop	a
      0003B2 14 01            [ 1]  732 	and	a, (0x01, sp)
      0003B4 C7 52 1A         [ 1]  733 	ld	0x521a, a
      0003B7                        734 00104$:
                                    735 ;	C:\Users\Admin\.platformio\packages\framework-ststm8spl\Libraries\STM8S_StdPeriph_Driver\src\stm8s_i2c.c: 397: }
      0003B7 84               [ 1]  736 	pop	a
      0003B8 81               [ 4]  737 	ret
                                    738 ;	C:\Users\Admin\.platformio\packages\framework-ststm8spl\Libraries\STM8S_StdPeriph_Driver\src\stm8s_i2c.c: 405: void I2C_FastModeDutyCycleConfig(I2C_DutyCycle_TypeDef I2C_DutyCycle)
                                    739 ;	-----------------------------------------
                                    740 ;	 function I2C_FastModeDutyCycleConfig
                                    741 ;	-----------------------------------------
      0003B9                        742 _I2C_FastModeDutyCycleConfig:
                                    743 ;	C:\Users\Admin\.platformio\packages\framework-ststm8spl\Libraries\STM8S_StdPeriph_Driver\src\stm8s_i2c.c: 408: assert_param(IS_I2C_DUTYCYCLE_OK(I2C_DutyCycle));
      0003B9 7B 03            [ 1]  744 	ld	a, (0x03, sp)
      0003BB A0 40            [ 1]  745 	sub	a, #0x40
      0003BD 26 02            [ 1]  746 	jrne	00127$
      0003BF 4C               [ 1]  747 	inc	a
      0003C0 21                     748 	.byte 0x21
      0003C1                        749 00127$:
      0003C1 4F               [ 1]  750 	clr	a
      0003C2                        751 00128$:
      0003C2 0D 03            [ 1]  752 	tnz	(0x03, sp)
      0003C4 27 14            [ 1]  753 	jreq	00107$
      0003C6 4D               [ 1]  754 	tnz	a
      0003C7 26 11            [ 1]  755 	jrne	00107$
      0003C9 88               [ 1]  756 	push	a
      0003CA 4B 98            [ 1]  757 	push	#0x98
      0003CC 4B 01            [ 1]  758 	push	#0x01
      0003CE 5F               [ 1]  759 	clrw	x
      0003CF 89               [ 2]  760 	pushw	x
      0003D0 4Br00            [ 1]  761 	push	#<(___str_0+0)
      0003D2 4Bs00            [ 1]  762 	push	#((___str_0+0) >> 8)
      0003D4 CDr00r00         [ 4]  763 	call	_assert_failed
      0003D7 5B 06            [ 2]  764 	addw	sp, #6
      0003D9 84               [ 1]  765 	pop	a
      0003DA                        766 00107$:
                                    767 ;	C:\Users\Admin\.platformio\packages\framework-ststm8spl\Libraries\STM8S_StdPeriph_Driver\src\stm8s_i2c.c: 413: I2C->CCRH |= I2C_CCRH_DUTY;
      0003DA AE 52 1C         [ 2]  768 	ldw	x, #0x521c
      0003DD 88               [ 1]  769 	push	a
      0003DE F6               [ 1]  770 	ld	a, (x)
      0003DF 97               [ 1]  771 	ld	xl, a
      0003E0 84               [ 1]  772 	pop	a
                                    773 ;	C:\Users\Admin\.platformio\packages\framework-ststm8spl\Libraries\STM8S_StdPeriph_Driver\src\stm8s_i2c.c: 410: if (I2C_DutyCycle == I2C_DUTYCYCLE_16_9)
      0003E1 4D               [ 1]  774 	tnz	a
      0003E2 27 07            [ 1]  775 	jreq	00102$
                                    776 ;	C:\Users\Admin\.platformio\packages\framework-ststm8spl\Libraries\STM8S_StdPeriph_Driver\src\stm8s_i2c.c: 413: I2C->CCRH |= I2C_CCRH_DUTY;
      0003E4 9F               [ 1]  777 	ld	a, xl
      0003E5 AA 40            [ 1]  778 	or	a, #0x40
      0003E7 C7 52 1C         [ 1]  779 	ld	0x521c, a
      0003EA 81               [ 4]  780 	ret
      0003EB                        781 00102$:
                                    782 ;	C:\Users\Admin\.platformio\packages\framework-ststm8spl\Libraries\STM8S_StdPeriph_Driver\src\stm8s_i2c.c: 418: I2C->CCRH &= (uint8_t)(~I2C_CCRH_DUTY);
      0003EB 9F               [ 1]  783 	ld	a, xl
      0003EC A4 BF            [ 1]  784 	and	a, #0xbf
      0003EE C7 52 1C         [ 1]  785 	ld	0x521c, a
                                    786 ;	C:\Users\Admin\.platformio\packages\framework-ststm8spl\Libraries\STM8S_StdPeriph_Driver\src\stm8s_i2c.c: 420: }
      0003F1 81               [ 4]  787 	ret
                                    788 ;	C:\Users\Admin\.platformio\packages\framework-ststm8spl\Libraries\STM8S_StdPeriph_Driver\src\stm8s_i2c.c: 427: uint8_t I2C_ReceiveData(void)
                                    789 ;	-----------------------------------------
                                    790 ;	 function I2C_ReceiveData
                                    791 ;	-----------------------------------------
      0003F2                        792 _I2C_ReceiveData:
                                    793 ;	C:\Users\Admin\.platformio\packages\framework-ststm8spl\Libraries\STM8S_StdPeriph_Driver\src\stm8s_i2c.c: 430: return ((uint8_t)I2C->DR);
      0003F2 C6 52 16         [ 1]  794 	ld	a, 0x5216
                                    795 ;	C:\Users\Admin\.platformio\packages\framework-ststm8spl\Libraries\STM8S_StdPeriph_Driver\src\stm8s_i2c.c: 431: }
      0003F5 81               [ 4]  796 	ret
                                    797 ;	C:\Users\Admin\.platformio\packages\framework-ststm8spl\Libraries\STM8S_StdPeriph_Driver\src\stm8s_i2c.c: 440: void I2C_Send7bitAddress(uint8_t Address, I2C_Direction_TypeDef Direction)
                                    798 ;	-----------------------------------------
                                    799 ;	 function I2C_Send7bitAddress
                                    800 ;	-----------------------------------------
      0003F6                        801 _I2C_Send7bitAddress:
                                    802 ;	C:\Users\Admin\.platformio\packages\framework-ststm8spl\Libraries\STM8S_StdPeriph_Driver\src\stm8s_i2c.c: 443: assert_param(IS_I2C_ADDRESS_OK(Address));
      0003F6 7B 03            [ 1]  803 	ld	a, (0x03, sp)
      0003F8 44               [ 1]  804 	srl	a
      0003F9 24 0F            [ 1]  805 	jrnc	00104$
      0003FB 4B BB            [ 1]  806 	push	#0xbb
      0003FD 4B 01            [ 1]  807 	push	#0x01
      0003FF 5F               [ 1]  808 	clrw	x
      000400 89               [ 2]  809 	pushw	x
      000401 4Br00            [ 1]  810 	push	#<(___str_0+0)
      000403 4Bs00            [ 1]  811 	push	#((___str_0+0) >> 8)
      000405 CDr00r00         [ 4]  812 	call	_assert_failed
      000408 5B 06            [ 2]  813 	addw	sp, #6
      00040A                        814 00104$:
                                    815 ;	C:\Users\Admin\.platformio\packages\framework-ststm8spl\Libraries\STM8S_StdPeriph_Driver\src\stm8s_i2c.c: 444: assert_param(IS_I2C_DIRECTION_OK(Direction));
      00040A 0D 04            [ 1]  816 	tnz	(0x04, sp)
      00040C 27 14            [ 1]  817 	jreq	00106$
      00040E 7B 04            [ 1]  818 	ld	a, (0x04, sp)
      000410 4A               [ 1]  819 	dec	a
      000411 27 0F            [ 1]  820 	jreq	00106$
      000413 4B BC            [ 1]  821 	push	#0xbc
      000415 4B 01            [ 1]  822 	push	#0x01
      000417 5F               [ 1]  823 	clrw	x
      000418 89               [ 2]  824 	pushw	x
      000419 4Br00            [ 1]  825 	push	#<(___str_0+0)
      00041B 4Bs00            [ 1]  826 	push	#((___str_0+0) >> 8)
      00041D CDr00r00         [ 4]  827 	call	_assert_failed
      000420 5B 06            [ 2]  828 	addw	sp, #6
      000422                        829 00106$:
                                    830 ;	C:\Users\Admin\.platformio\packages\framework-ststm8spl\Libraries\STM8S_StdPeriph_Driver\src\stm8s_i2c.c: 447: Address &= (uint8_t)0xFE;
      000422 04 03            [ 1]  831 	srl	(0x03, sp)
      000424 08 03            [ 1]  832 	sll	(0x03, sp)
                                    833 ;	C:\Users\Admin\.platformio\packages\framework-ststm8spl\Libraries\STM8S_StdPeriph_Driver\src\stm8s_i2c.c: 450: I2C->DR = (uint8_t)(Address | (uint8_t)Direction);
      000426 7B 03            [ 1]  834 	ld	a, (0x03, sp)
      000428 1A 04            [ 1]  835 	or	a, (0x04, sp)
      00042A C7 52 16         [ 1]  836 	ld	0x5216, a
                                    837 ;	C:\Users\Admin\.platformio\packages\framework-ststm8spl\Libraries\STM8S_StdPeriph_Driver\src\stm8s_i2c.c: 451: }
      00042D 81               [ 4]  838 	ret
                                    839 ;	C:\Users\Admin\.platformio\packages\framework-ststm8spl\Libraries\STM8S_StdPeriph_Driver\src\stm8s_i2c.c: 458: void I2C_SendData(uint8_t Data)
                                    840 ;	-----------------------------------------
                                    841 ;	 function I2C_SendData
                                    842 ;	-----------------------------------------
      00042E                        843 _I2C_SendData:
                                    844 ;	C:\Users\Admin\.platformio\packages\framework-ststm8spl\Libraries\STM8S_StdPeriph_Driver\src\stm8s_i2c.c: 461: I2C->DR = Data;
      00042E AE 52 16         [ 2]  845 	ldw	x, #0x5216
      000431 7B 03            [ 1]  846 	ld	a, (0x03, sp)
      000433 F7               [ 1]  847 	ld	(x), a
                                    848 ;	C:\Users\Admin\.platformio\packages\framework-ststm8spl\Libraries\STM8S_StdPeriph_Driver\src\stm8s_i2c.c: 462: }
      000434 81               [ 4]  849 	ret
                                    850 ;	C:\Users\Admin\.platformio\packages\framework-ststm8spl\Libraries\STM8S_StdPeriph_Driver\src\stm8s_i2c.c: 578: ErrorStatus I2C_CheckEvent(I2C_Event_TypeDef I2C_Event)
                                    851 ;	-----------------------------------------
                                    852 ;	 function I2C_CheckEvent
                                    853 ;	-----------------------------------------
      000435                        854 _I2C_CheckEvent:
      000435 52 06            [ 2]  855 	sub	sp, #6
                                    856 ;	C:\Users\Admin\.platformio\packages\framework-ststm8spl\Libraries\STM8S_StdPeriph_Driver\src\stm8s_i2c.c: 580: __IO uint16_t lastevent = 0x00;
      000437 5F               [ 1]  857 	clrw	x
      000438 1F 01            [ 2]  858 	ldw	(0x01, sp), x
                                    859 ;	C:\Users\Admin\.platformio\packages\framework-ststm8spl\Libraries\STM8S_StdPeriph_Driver\src\stm8s_i2c.c: 586: assert_param(IS_I2C_EVENT_OK(I2C_Event));
      00043A 1E 09            [ 2]  860 	ldw	x, (0x09, sp)
      00043C A3 00 04         [ 2]  861 	cpw	x, #0x0004
      00043F 26 03            [ 1]  862 	jrne	00247$
      000441 A6 01            [ 1]  863 	ld	a, #0x01
      000443 21                     864 	.byte 0x21
      000444                        865 00247$:
      000444 4F               [ 1]  866 	clr	a
      000445                        867 00248$:
      000445 A3 06 82         [ 2]  868 	cpw	x, #0x0682
      000448 27 5E            [ 1]  869 	jreq	00110$
      00044A A3 02 02         [ 2]  870 	cpw	x, #0x0202
      00044D 27 59            [ 1]  871 	jreq	00110$
      00044F A3 12 00         [ 2]  872 	cpw	x, #0x1200
      000452 27 54            [ 1]  873 	jreq	00110$
      000454 A3 02 40         [ 2]  874 	cpw	x, #0x0240
      000457 27 4F            [ 1]  875 	jreq	00110$
      000459 A3 03 50         [ 2]  876 	cpw	x, #0x0350
      00045C 27 4A            [ 1]  877 	jreq	00110$
      00045E A3 06 84         [ 2]  878 	cpw	x, #0x0684
      000461 27 45            [ 1]  879 	jreq	00110$
      000463 A3 07 94         [ 2]  880 	cpw	x, #0x0794
      000466 27 40            [ 1]  881 	jreq	00110$
      000468 4D               [ 1]  882 	tnz	a
      000469 26 3D            [ 1]  883 	jrne	00110$
      00046B A3 00 10         [ 2]  884 	cpw	x, #0x0010
      00046E 27 38            [ 1]  885 	jreq	00110$
      000470 A3 03 01         [ 2]  886 	cpw	x, #0x0301
      000473 27 33            [ 1]  887 	jreq	00110$
      000475 A3 07 82         [ 2]  888 	cpw	x, #0x0782
      000478 27 2E            [ 1]  889 	jreq	00110$
      00047A A3 03 02         [ 2]  890 	cpw	x, #0x0302
      00047D 27 29            [ 1]  891 	jreq	00110$
      00047F A3 03 40         [ 2]  892 	cpw	x, #0x0340
      000482 27 24            [ 1]  893 	jreq	00110$
      000484 A3 07 84         [ 2]  894 	cpw	x, #0x0784
      000487 27 1F            [ 1]  895 	jreq	00110$
      000489 A3 07 80         [ 2]  896 	cpw	x, #0x0780
      00048C 27 1A            [ 1]  897 	jreq	00110$
      00048E A3 03 08         [ 2]  898 	cpw	x, #0x0308
      000491 27 15            [ 1]  899 	jreq	00110$
      000493 88               [ 1]  900 	push	a
      000494 89               [ 2]  901 	pushw	x
      000495 4B 4A            [ 1]  902 	push	#0x4a
      000497 4B 02            [ 1]  903 	push	#0x02
      000499 4B 00            [ 1]  904 	push	#0x00
      00049B 4B 00            [ 1]  905 	push	#0x00
      00049D 4Br00            [ 1]  906 	push	#<(___str_0+0)
      00049F 4Bs00            [ 1]  907 	push	#((___str_0+0) >> 8)
      0004A1 CDr00r00         [ 4]  908 	call	_assert_failed
      0004A4 5B 06            [ 2]  909 	addw	sp, #6
      0004A6 85               [ 2]  910 	popw	x
      0004A7 84               [ 1]  911 	pop	a
      0004A8                        912 00110$:
                                    913 ;	C:\Users\Admin\.platformio\packages\framework-ststm8spl\Libraries\STM8S_StdPeriph_Driver\src\stm8s_i2c.c: 588: if (I2C_Event == I2C_EVENT_SLAVE_ACK_FAILURE)
      0004A8 4D               [ 1]  914 	tnz	a
      0004A9 27 0D            [ 1]  915 	jreq	00102$
                                    916 ;	C:\Users\Admin\.platformio\packages\framework-ststm8spl\Libraries\STM8S_StdPeriph_Driver\src\stm8s_i2c.c: 590: lastevent = I2C->SR2 & I2C_SR2_AF;
      0004AB C6 52 18         [ 1]  917 	ld	a, 0x5218
      0004AE A4 04            [ 1]  918 	and	a, #0x04
      0004B0 90 5F            [ 1]  919 	clrw	y
      0004B2 90 97            [ 1]  920 	ld	yl, a
      0004B4 17 01            [ 2]  921 	ldw	(0x01, sp), y
      0004B6 20 1A            [ 2]  922 	jra	00103$
      0004B8                        923 00102$:
                                    924 ;	C:\Users\Admin\.platformio\packages\framework-ststm8spl\Libraries\STM8S_StdPeriph_Driver\src\stm8s_i2c.c: 594: flag1 = I2C->SR1;
      0004B8 C6 52 17         [ 1]  925 	ld	a, 0x5217
      0004BB 6B 06            [ 1]  926 	ld	(0x06, sp), a
                                    927 ;	C:\Users\Admin\.platformio\packages\framework-ststm8spl\Libraries\STM8S_StdPeriph_Driver\src\stm8s_i2c.c: 595: flag2 = I2C->SR3;
      0004BD C6 52 19         [ 1]  928 	ld	a, 0x5219
                                    929 ;	C:\Users\Admin\.platformio\packages\framework-ststm8spl\Libraries\STM8S_StdPeriph_Driver\src\stm8s_i2c.c: 596: lastevent = ((uint16_t)((uint16_t)flag2 << (uint16_t)8) | (uint16_t)flag1);
      0004C0 90 95            [ 1]  930 	ld	yh, a
      0004C2 0F 04            [ 1]  931 	clr	(0x04, sp)
      0004C4 7B 06            [ 1]  932 	ld	a, (0x06, sp)
      0004C6 0F 05            [ 1]  933 	clr	(0x05, sp)
      0004C8 1A 04            [ 1]  934 	or	a, (0x04, sp)
      0004CA 90 02            [ 1]  935 	rlwa	y
      0004CC 1A 05            [ 1]  936 	or	a, (0x05, sp)
      0004CE 90 95            [ 1]  937 	ld	yh, a
      0004D0 17 01            [ 2]  938 	ldw	(0x01, sp), y
      0004D2                        939 00103$:
                                    940 ;	C:\Users\Admin\.platformio\packages\framework-ststm8spl\Libraries\STM8S_StdPeriph_Driver\src\stm8s_i2c.c: 599: if (((uint16_t)lastevent & (uint16_t)I2C_Event) == (uint16_t)I2C_Event)
      0004D2 9F               [ 1]  941 	ld	a, xl
      0004D3 14 02            [ 1]  942 	and	a, (0x02, sp)
      0004D5 6B 06            [ 1]  943 	ld	(0x06, sp), a
      0004D7 9E               [ 1]  944 	ld	a, xh
      0004D8 14 01            [ 1]  945 	and	a, (0x01, sp)
      0004DA 6B 05            [ 1]  946 	ld	(0x05, sp), a
      0004DC 13 05            [ 2]  947 	cpw	x, (0x05, sp)
      0004DE 26 03            [ 1]  948 	jrne	00105$
                                    949 ;	C:\Users\Admin\.platformio\packages\framework-ststm8spl\Libraries\STM8S_StdPeriph_Driver\src\stm8s_i2c.c: 602: status = SUCCESS;
      0004E0 A6 01            [ 1]  950 	ld	a, #0x01
                                    951 ;	C:\Users\Admin\.platformio\packages\framework-ststm8spl\Libraries\STM8S_StdPeriph_Driver\src\stm8s_i2c.c: 607: status = ERROR;
      0004E2 21                     952 	.byte 0x21
      0004E3                        953 00105$:
      0004E3 4F               [ 1]  954 	clr	a
      0004E4                        955 00106$:
                                    956 ;	C:\Users\Admin\.platformio\packages\framework-ststm8spl\Libraries\STM8S_StdPeriph_Driver\src\stm8s_i2c.c: 611: return status;
                                    957 ;	C:\Users\Admin\.platformio\packages\framework-ststm8spl\Libraries\STM8S_StdPeriph_Driver\src\stm8s_i2c.c: 612: }
      0004E4 5B 06            [ 2]  958 	addw	sp, #6
      0004E6 81               [ 4]  959 	ret
                                    960 ;	C:\Users\Admin\.platformio\packages\framework-ststm8spl\Libraries\STM8S_StdPeriph_Driver\src\stm8s_i2c.c: 628: I2C_Event_TypeDef I2C_GetLastEvent(void)
                                    961 ;	-----------------------------------------
                                    962 ;	 function I2C_GetLastEvent
                                    963 ;	-----------------------------------------
      0004E7                        964 _I2C_GetLastEvent:
      0004E7 52 04            [ 2]  965 	sub	sp, #4
                                    966 ;	C:\Users\Admin\.platformio\packages\framework-ststm8spl\Libraries\STM8S_StdPeriph_Driver\src\stm8s_i2c.c: 630: __IO uint16_t lastevent = 0;
      0004E9 5F               [ 1]  967 	clrw	x
      0004EA 1F 01            [ 2]  968 	ldw	(0x01, sp), x
                                    969 ;	C:\Users\Admin\.platformio\packages\framework-ststm8spl\Libraries\STM8S_StdPeriph_Driver\src\stm8s_i2c.c: 634: if ((I2C->SR2 & I2C_SR2_AF) != 0x00)
      0004EC C6 52 18         [ 1]  970 	ld	a, 0x5218
      0004EF A5 04            [ 1]  971 	bcp	a, #0x04
      0004F1 27 07            [ 1]  972 	jreq	00102$
                                    973 ;	C:\Users\Admin\.platformio\packages\framework-ststm8spl\Libraries\STM8S_StdPeriph_Driver\src\stm8s_i2c.c: 636: lastevent = I2C_EVENT_SLAVE_ACK_FAILURE;
      0004F3 AE 00 04         [ 2]  974 	ldw	x, #0x0004
      0004F6 1F 01            [ 2]  975 	ldw	(0x01, sp), x
      0004F8 20 13            [ 2]  976 	jra	00103$
      0004FA                        977 00102$:
                                    978 ;	C:\Users\Admin\.platformio\packages\framework-ststm8spl\Libraries\STM8S_StdPeriph_Driver\src\stm8s_i2c.c: 641: flag1 = I2C->SR1;
      0004FA C6 52 17         [ 1]  979 	ld	a, 0x5217
      0004FD 5F               [ 1]  980 	clrw	x
      0004FE 97               [ 1]  981 	ld	xl, a
      0004FF 1F 03            [ 2]  982 	ldw	(0x03, sp), x
                                    983 ;	C:\Users\Admin\.platformio\packages\framework-ststm8spl\Libraries\STM8S_StdPeriph_Driver\src\stm8s_i2c.c: 642: flag2 = I2C->SR3;
      000501 C6 52 19         [ 1]  984 	ld	a, 0x5219
                                    985 ;	C:\Users\Admin\.platformio\packages\framework-ststm8spl\Libraries\STM8S_StdPeriph_Driver\src\stm8s_i2c.c: 645: lastevent = ((uint16_t)((uint16_t)flag2 << 8) | (uint16_t)flag1);
      000504 95               [ 1]  986 	ld	xh, a
      000505 7B 04            [ 1]  987 	ld	a, (0x04, sp)
      000507 02               [ 1]  988 	rlwa	x
      000508 1A 03            [ 1]  989 	or	a, (0x03, sp)
      00050A 95               [ 1]  990 	ld	xh, a
      00050B 1F 01            [ 2]  991 	ldw	(0x01, sp), x
      00050D                        992 00103$:
                                    993 ;	C:\Users\Admin\.platformio\packages\framework-ststm8spl\Libraries\STM8S_StdPeriph_Driver\src\stm8s_i2c.c: 648: return (I2C_Event_TypeDef)lastevent;
      00050D 1E 01            [ 2]  994 	ldw	x, (0x01, sp)
                                    995 ;	C:\Users\Admin\.platformio\packages\framework-ststm8spl\Libraries\STM8S_StdPeriph_Driver\src\stm8s_i2c.c: 649: }
      00050F 5B 04            [ 2]  996 	addw	sp, #4
      000511 81               [ 4]  997 	ret
                                    998 ;	C:\Users\Admin\.platformio\packages\framework-ststm8spl\Libraries\STM8S_StdPeriph_Driver\src\stm8s_i2c.c: 679: FlagStatus I2C_GetFlagStatus(I2C_Flag_TypeDef I2C_Flag)
                                    999 ;	-----------------------------------------
                                   1000 ;	 function I2C_GetFlagStatus
                                   1001 ;	-----------------------------------------
      000512                       1002 _I2C_GetFlagStatus:
      000512 88               [ 1] 1003 	push	a
                                   1004 ;	C:\Users\Admin\.platformio\packages\framework-ststm8spl\Libraries\STM8S_StdPeriph_Driver\src\stm8s_i2c.c: 681: uint8_t tempreg = 0;
      000513 0F 01            [ 1] 1005 	clr	(0x01, sp)
                                   1006 ;	C:\Users\Admin\.platformio\packages\framework-ststm8spl\Libraries\STM8S_StdPeriph_Driver\src\stm8s_i2c.c: 686: assert_param(IS_I2C_FLAG_OK(I2C_Flag));
      000515 1E 04            [ 2] 1007 	ldw	x, (0x04, sp)
      000517 A3 01 80         [ 2] 1008 	cpw	x, #0x0180
      00051A 27 5E            [ 1] 1009 	jreq	00112$
      00051C A3 01 40         [ 2] 1010 	cpw	x, #0x0140
      00051F 27 59            [ 1] 1011 	jreq	00112$
      000521 A3 01 10         [ 2] 1012 	cpw	x, #0x0110
      000524 27 54            [ 1] 1013 	jreq	00112$
      000526 A3 01 08         [ 2] 1014 	cpw	x, #0x0108
      000529 27 4F            [ 1] 1015 	jreq	00112$
      00052B A3 01 04         [ 2] 1016 	cpw	x, #0x0104
      00052E 27 4A            [ 1] 1017 	jreq	00112$
      000530 A3 01 02         [ 2] 1018 	cpw	x, #0x0102
      000533 27 45            [ 1] 1019 	jreq	00112$
      000535 A3 01 01         [ 2] 1020 	cpw	x, #0x0101
      000538 27 40            [ 1] 1021 	jreq	00112$
      00053A A3 02 20         [ 2] 1022 	cpw	x, #0x0220
      00053D 27 3B            [ 1] 1023 	jreq	00112$
      00053F A3 02 08         [ 2] 1024 	cpw	x, #0x0208
      000542 27 36            [ 1] 1025 	jreq	00112$
      000544 A3 02 04         [ 2] 1026 	cpw	x, #0x0204
      000547 27 31            [ 1] 1027 	jreq	00112$
      000549 A3 02 02         [ 2] 1028 	cpw	x, #0x0202
      00054C 27 2C            [ 1] 1029 	jreq	00112$
      00054E A3 02 01         [ 2] 1030 	cpw	x, #0x0201
      000551 27 27            [ 1] 1031 	jreq	00112$
      000553 A3 03 10         [ 2] 1032 	cpw	x, #0x0310
      000556 27 22            [ 1] 1033 	jreq	00112$
      000558 A3 03 04         [ 2] 1034 	cpw	x, #0x0304
      00055B 27 1D            [ 1] 1035 	jreq	00112$
      00055D A3 03 02         [ 2] 1036 	cpw	x, #0x0302
      000560 27 18            [ 1] 1037 	jreq	00112$
      000562 A3 03 01         [ 2] 1038 	cpw	x, #0x0301
      000565 27 13            [ 1] 1039 	jreq	00112$
      000567 89               [ 2] 1040 	pushw	x
      000568 4B AE            [ 1] 1041 	push	#0xae
      00056A 4B 02            [ 1] 1042 	push	#0x02
      00056C 4B 00            [ 1] 1043 	push	#0x00
      00056E 4B 00            [ 1] 1044 	push	#0x00
      000570 4Br00            [ 1] 1045 	push	#<(___str_0+0)
      000572 4Bs00            [ 1] 1046 	push	#((___str_0+0) >> 8)
      000574 CDr00r00         [ 4] 1047 	call	_assert_failed
      000577 5B 06            [ 2] 1048 	addw	sp, #6
      000579 85               [ 2] 1049 	popw	x
      00057A                       1050 00112$:
                                   1051 ;	C:\Users\Admin\.platformio\packages\framework-ststm8spl\Libraries\STM8S_StdPeriph_Driver\src\stm8s_i2c.c: 689: regindex = (uint8_t)((uint16_t)I2C_Flag >> 8);
      00057A 9E               [ 1] 1052 	ld	a, xh
      00057B 5F               [ 1] 1053 	clrw	x
                                   1054 ;	C:\Users\Admin\.platformio\packages\framework-ststm8spl\Libraries\STM8S_StdPeriph_Driver\src\stm8s_i2c.c: 691: switch (regindex)
      00057C A1 01            [ 1] 1055 	cp	a, #0x01
      00057E 27 0A            [ 1] 1056 	jreq	00101$
      000580 A1 02            [ 1] 1057 	cp	a, #0x02
      000582 27 0D            [ 1] 1058 	jreq	00102$
      000584 A1 03            [ 1] 1059 	cp	a, #0x03
      000586 27 10            [ 1] 1060 	jreq	00103$
      000588 20 13            [ 2] 1061 	jra	00105$
                                   1062 ;	C:\Users\Admin\.platformio\packages\framework-ststm8spl\Libraries\STM8S_StdPeriph_Driver\src\stm8s_i2c.c: 694: case 0x01:
      00058A                       1063 00101$:
                                   1064 ;	C:\Users\Admin\.platformio\packages\framework-ststm8spl\Libraries\STM8S_StdPeriph_Driver\src\stm8s_i2c.c: 695: tempreg = (uint8_t)I2C->SR1;
      00058A C6 52 17         [ 1] 1065 	ld	a, 0x5217
      00058D 6B 01            [ 1] 1066 	ld	(0x01, sp), a
                                   1067 ;	C:\Users\Admin\.platformio\packages\framework-ststm8spl\Libraries\STM8S_StdPeriph_Driver\src\stm8s_i2c.c: 696: break;
      00058F 20 0C            [ 2] 1068 	jra	00105$
                                   1069 ;	C:\Users\Admin\.platformio\packages\framework-ststm8spl\Libraries\STM8S_StdPeriph_Driver\src\stm8s_i2c.c: 699: case 0x02:
      000591                       1070 00102$:
                                   1071 ;	C:\Users\Admin\.platformio\packages\framework-ststm8spl\Libraries\STM8S_StdPeriph_Driver\src\stm8s_i2c.c: 700: tempreg = (uint8_t)I2C->SR2;
      000591 C6 52 18         [ 1] 1072 	ld	a, 0x5218
      000594 6B 01            [ 1] 1073 	ld	(0x01, sp), a
                                   1074 ;	C:\Users\Admin\.platformio\packages\framework-ststm8spl\Libraries\STM8S_StdPeriph_Driver\src\stm8s_i2c.c: 701: break;
      000596 20 05            [ 2] 1075 	jra	00105$
                                   1076 ;	C:\Users\Admin\.platformio\packages\framework-ststm8spl\Libraries\STM8S_StdPeriph_Driver\src\stm8s_i2c.c: 704: case 0x03:
      000598                       1077 00103$:
                                   1078 ;	C:\Users\Admin\.platformio\packages\framework-ststm8spl\Libraries\STM8S_StdPeriph_Driver\src\stm8s_i2c.c: 705: tempreg = (uint8_t)I2C->SR3;
      000598 C6 52 19         [ 1] 1079 	ld	a, 0x5219
      00059B 6B 01            [ 1] 1080 	ld	(0x01, sp), a
                                   1081 ;	C:\Users\Admin\.platformio\packages\framework-ststm8spl\Libraries\STM8S_StdPeriph_Driver\src\stm8s_i2c.c: 710: }
      00059D                       1082 00105$:
                                   1083 ;	C:\Users\Admin\.platformio\packages\framework-ststm8spl\Libraries\STM8S_StdPeriph_Driver\src\stm8s_i2c.c: 713: if ((tempreg & (uint8_t)I2C_Flag ) != 0)
      00059D 7B 05            [ 1] 1084 	ld	a, (0x05, sp)
      00059F 14 01            [ 1] 1085 	and	a, (0x01, sp)
      0005A1 27 03            [ 1] 1086 	jreq	00107$
                                   1087 ;	C:\Users\Admin\.platformio\packages\framework-ststm8spl\Libraries\STM8S_StdPeriph_Driver\src\stm8s_i2c.c: 716: bitstatus = SET;
      0005A3 A6 01            [ 1] 1088 	ld	a, #0x01
                                   1089 ;	C:\Users\Admin\.platformio\packages\framework-ststm8spl\Libraries\STM8S_StdPeriph_Driver\src\stm8s_i2c.c: 721: bitstatus = RESET;
      0005A5 21                    1090 	.byte 0x21
      0005A6                       1091 00107$:
      0005A6 4F               [ 1] 1092 	clr	a
      0005A7                       1093 00108$:
                                   1094 ;	C:\Users\Admin\.platformio\packages\framework-ststm8spl\Libraries\STM8S_StdPeriph_Driver\src\stm8s_i2c.c: 724: return bitstatus;
                                   1095 ;	C:\Users\Admin\.platformio\packages\framework-ststm8spl\Libraries\STM8S_StdPeriph_Driver\src\stm8s_i2c.c: 725: }
      0005A7 5B 01            [ 2] 1096 	addw	sp, #1
      0005A9 81               [ 4] 1097 	ret
                                   1098 ;	C:\Users\Admin\.platformio\packages\framework-ststm8spl\Libraries\STM8S_StdPeriph_Driver\src\stm8s_i2c.c: 759: void I2C_ClearFlag(I2C_Flag_TypeDef I2C_FLAG)
                                   1099 ;	-----------------------------------------
                                   1100 ;	 function I2C_ClearFlag
                                   1101 ;	-----------------------------------------
      0005AA                       1102 _I2C_ClearFlag:
                                   1103 ;	C:\Users\Admin\.platformio\packages\framework-ststm8spl\Libraries\STM8S_StdPeriph_Driver\src\stm8s_i2c.c: 763: assert_param(IS_I2C_CLEAR_FLAG_OK(I2C_FLAG));
      0005AA 1E 03            [ 2] 1104 	ldw	x, (0x03, sp)
      0005AC 9E               [ 1] 1105 	ld	a, xh
      0005AD A5 FD            [ 1] 1106 	bcp	a, #0xfd
      0005AF 26 03            [ 1] 1107 	jrne	00103$
      0005B1 5D               [ 2] 1108 	tnzw	x
      0005B2 26 13            [ 1] 1109 	jrne	00104$
      0005B4                       1110 00103$:
      0005B4 89               [ 2] 1111 	pushw	x
      0005B5 4B FB            [ 1] 1112 	push	#0xfb
      0005B7 4B 02            [ 1] 1113 	push	#0x02
      0005B9 4B 00            [ 1] 1114 	push	#0x00
      0005BB 4B 00            [ 1] 1115 	push	#0x00
      0005BD 4Br00            [ 1] 1116 	push	#<(___str_0+0)
      0005BF 4Bs00            [ 1] 1117 	push	#((___str_0+0) >> 8)
      0005C1 CDr00r00         [ 4] 1118 	call	_assert_failed
      0005C4 5B 06            [ 2] 1119 	addw	sp, #6
      0005C6 85               [ 2] 1120 	popw	x
      0005C7                       1121 00104$:
                                   1122 ;	C:\Users\Admin\.platformio\packages\framework-ststm8spl\Libraries\STM8S_StdPeriph_Driver\src\stm8s_i2c.c: 766: flagpos = (uint16_t)I2C_FLAG & FLAG_Mask;
      0005C7 4F               [ 1] 1123 	clr	a
      0005C8 95               [ 1] 1124 	ld	xh, a
                                   1125 ;	C:\Users\Admin\.platformio\packages\framework-ststm8spl\Libraries\STM8S_StdPeriph_Driver\src\stm8s_i2c.c: 768: I2C->SR2 = (uint8_t)((uint16_t)(~flagpos));
      0005C9 53               [ 2] 1126 	cplw	x
      0005CA 9F               [ 1] 1127 	ld	a, xl
      0005CB C7 52 18         [ 1] 1128 	ld	0x5218, a
                                   1129 ;	C:\Users\Admin\.platformio\packages\framework-ststm8spl\Libraries\STM8S_StdPeriph_Driver\src\stm8s_i2c.c: 769: }
      0005CE 81               [ 4] 1130 	ret
                                   1131 ;	C:\Users\Admin\.platformio\packages\framework-ststm8spl\Libraries\STM8S_StdPeriph_Driver\src\stm8s_i2c.c: 791: ITStatus I2C_GetITStatus(I2C_ITPendingBit_TypeDef I2C_ITPendingBit)
                                   1132 ;	-----------------------------------------
                                   1133 ;	 function I2C_GetITStatus
                                   1134 ;	-----------------------------------------
      0005CF                       1135 _I2C_GetITStatus:
      0005CF 52 04            [ 2] 1136 	sub	sp, #4
                                   1137 ;	C:\Users\Admin\.platformio\packages\framework-ststm8spl\Libraries\STM8S_StdPeriph_Driver\src\stm8s_i2c.c: 794: __IO uint8_t enablestatus = 0;
      0005D1 0F 03            [ 1] 1138 	clr	(0x03, sp)
                                   1139 ;	C:\Users\Admin\.platformio\packages\framework-ststm8spl\Libraries\STM8S_StdPeriph_Driver\src\stm8s_i2c.c: 798: assert_param(IS_I2C_ITPENDINGBIT_OK(I2C_ITPendingBit));
      0005D3 1E 07            [ 2] 1140 	ldw	x, (0x07, sp)
      0005D5 A3 16 80         [ 2] 1141 	cpw	x, #0x1680
      0005D8 27 4A            [ 1] 1142 	jreq	00115$
      0005DA A3 16 40         [ 2] 1143 	cpw	x, #0x1640
      0005DD 27 45            [ 1] 1144 	jreq	00115$
      0005DF A3 12 10         [ 2] 1145 	cpw	x, #0x1210
      0005E2 27 40            [ 1] 1146 	jreq	00115$
      0005E4 A3 12 08         [ 2] 1147 	cpw	x, #0x1208
      0005E7 27 3B            [ 1] 1148 	jreq	00115$
      0005E9 A3 12 04         [ 2] 1149 	cpw	x, #0x1204
      0005EC 27 36            [ 1] 1150 	jreq	00115$
      0005EE A3 12 02         [ 2] 1151 	cpw	x, #0x1202
      0005F1 27 31            [ 1] 1152 	jreq	00115$
      0005F3 A3 12 01         [ 2] 1153 	cpw	x, #0x1201
      0005F6 27 2C            [ 1] 1154 	jreq	00115$
      0005F8 A3 22 20         [ 2] 1155 	cpw	x, #0x2220
      0005FB 27 27            [ 1] 1156 	jreq	00115$
      0005FD A3 21 08         [ 2] 1157 	cpw	x, #0x2108
      000600 27 22            [ 1] 1158 	jreq	00115$
      000602 A3 21 04         [ 2] 1159 	cpw	x, #0x2104
      000605 27 1D            [ 1] 1160 	jreq	00115$
      000607 A3 21 02         [ 2] 1161 	cpw	x, #0x2102
      00060A 27 18            [ 1] 1162 	jreq	00115$
      00060C A3 21 01         [ 2] 1163 	cpw	x, #0x2101
      00060F 27 13            [ 1] 1164 	jreq	00115$
      000611 89               [ 2] 1165 	pushw	x
      000612 4B 1E            [ 1] 1166 	push	#0x1e
      000614 4B 03            [ 1] 1167 	push	#0x03
      000616 4B 00            [ 1] 1168 	push	#0x00
      000618 4B 00            [ 1] 1169 	push	#0x00
      00061A 4Br00            [ 1] 1170 	push	#<(___str_0+0)
      00061C 4Bs00            [ 1] 1171 	push	#((___str_0+0) >> 8)
      00061E CDr00r00         [ 4] 1172 	call	_assert_failed
      000621 5B 06            [ 2] 1173 	addw	sp, #6
      000623 85               [ 2] 1174 	popw	x
      000624                       1175 00115$:
                                   1176 ;	C:\Users\Admin\.platformio\packages\framework-ststm8spl\Libraries\STM8S_StdPeriph_Driver\src\stm8s_i2c.c: 800: tempregister = (uint8_t)( ((uint16_t)((uint16_t)I2C_ITPendingBit & ITEN_Mask)) >> 8);
      000624 0F 02            [ 1] 1177 	clr	(0x02, sp)
      000626 9E               [ 1] 1178 	ld	a, xh
      000627 A4 07            [ 1] 1179 	and	a, #0x07
      000629 6B 04            [ 1] 1180 	ld	(0x04, sp), a
                                   1181 ;	C:\Users\Admin\.platformio\packages\framework-ststm8spl\Libraries\STM8S_StdPeriph_Driver\src\stm8s_i2c.c: 803: enablestatus = (uint8_t)(I2C->ITR & ( uint8_t)tempregister);
      00062B C6 52 1A         [ 1] 1182 	ld	a, 0x521a
      00062E 14 04            [ 1] 1183 	and	a, (0x04, sp)
      000630 6B 03            [ 1] 1184 	ld	(0x03, sp), a
                                   1185 ;	C:\Users\Admin\.platformio\packages\framework-ststm8spl\Libraries\STM8S_StdPeriph_Driver\src\stm8s_i2c.c: 805: if ((uint16_t)((uint16_t)I2C_ITPendingBit & REGISTER_Mask) == REGISTER_SR1_Index)
      000632 4F               [ 1] 1186 	clr	a
      000633 02               [ 1] 1187 	rlwa	x
      000634 A4 30            [ 1] 1188 	and	a, #0x30
      000636 95               [ 1] 1189 	ld	xh, a
                                   1190 ;	C:\Users\Admin\.platformio\packages\framework-ststm8spl\Libraries\STM8S_StdPeriph_Driver\src\stm8s_i2c.c: 808: if (((I2C->SR1 & (uint8_t)I2C_ITPendingBit) != RESET) && enablestatus)
      000637 7B 08            [ 1] 1191 	ld	a, (0x08, sp)
      000639 6B 04            [ 1] 1192 	ld	(0x04, sp), a
                                   1193 ;	C:\Users\Admin\.platformio\packages\framework-ststm8spl\Libraries\STM8S_StdPeriph_Driver\src\stm8s_i2c.c: 805: if ((uint16_t)((uint16_t)I2C_ITPendingBit & REGISTER_Mask) == REGISTER_SR1_Index)
      00063B A3 01 00         [ 2] 1194 	cpw	x, #0x0100
      00063E 26 12            [ 1] 1195 	jrne	00110$
                                   1196 ;	C:\Users\Admin\.platformio\packages\framework-ststm8spl\Libraries\STM8S_StdPeriph_Driver\src\stm8s_i2c.c: 808: if (((I2C->SR1 & (uint8_t)I2C_ITPendingBit) != RESET) && enablestatus)
      000640 C6 52 17         [ 1] 1197 	ld	a, 0x5217
      000643 14 04            [ 1] 1198 	and	a, (0x04, sp)
      000645 27 08            [ 1] 1199 	jreq	00102$
      000647 0D 03            [ 1] 1200 	tnz	(0x03, sp)
      000649 27 04            [ 1] 1201 	jreq	00102$
                                   1202 ;	C:\Users\Admin\.platformio\packages\framework-ststm8spl\Libraries\STM8S_StdPeriph_Driver\src\stm8s_i2c.c: 811: bitstatus = SET;
      00064B A6 01            [ 1] 1203 	ld	a, #0x01
      00064D 20 12            [ 2] 1204 	jra	00111$
      00064F                       1205 00102$:
                                   1206 ;	C:\Users\Admin\.platformio\packages\framework-ststm8spl\Libraries\STM8S_StdPeriph_Driver\src\stm8s_i2c.c: 816: bitstatus = RESET;
      00064F 4F               [ 1] 1207 	clr	a
      000650 20 0F            [ 2] 1208 	jra	00111$
      000652                       1209 00110$:
                                   1210 ;	C:\Users\Admin\.platformio\packages\framework-ststm8spl\Libraries\STM8S_StdPeriph_Driver\src\stm8s_i2c.c: 822: if (((I2C->SR2 & (uint8_t)I2C_ITPendingBit) != RESET) && enablestatus)
      000652 C6 52 18         [ 1] 1211 	ld	a, 0x5218
      000655 14 04            [ 1] 1212 	and	a, (0x04, sp)
      000657 27 07            [ 1] 1213 	jreq	00106$
      000659 0D 03            [ 1] 1214 	tnz	(0x03, sp)
      00065B 27 03            [ 1] 1215 	jreq	00106$
                                   1216 ;	C:\Users\Admin\.platformio\packages\framework-ststm8spl\Libraries\STM8S_StdPeriph_Driver\src\stm8s_i2c.c: 825: bitstatus = SET;
      00065D A6 01            [ 1] 1217 	ld	a, #0x01
                                   1218 ;	C:\Users\Admin\.platformio\packages\framework-ststm8spl\Libraries\STM8S_StdPeriph_Driver\src\stm8s_i2c.c: 830: bitstatus = RESET;
      00065F 21                    1219 	.byte 0x21
      000660                       1220 00106$:
      000660 4F               [ 1] 1221 	clr	a
      000661                       1222 00111$:
                                   1223 ;	C:\Users\Admin\.platformio\packages\framework-ststm8spl\Libraries\STM8S_StdPeriph_Driver\src\stm8s_i2c.c: 834: return  bitstatus;
                                   1224 ;	C:\Users\Admin\.platformio\packages\framework-ststm8spl\Libraries\STM8S_StdPeriph_Driver\src\stm8s_i2c.c: 835: }
      000661 5B 04            [ 2] 1225 	addw	sp, #4
      000663 81               [ 4] 1226 	ret
                                   1227 ;	C:\Users\Admin\.platformio\packages\framework-ststm8spl\Libraries\STM8S_StdPeriph_Driver\src\stm8s_i2c.c: 871: void I2C_ClearITPendingBit(I2C_ITPendingBit_TypeDef I2C_ITPendingBit)
                                   1228 ;	-----------------------------------------
                                   1229 ;	 function I2C_ClearITPendingBit
                                   1230 ;	-----------------------------------------
      000664                       1231 _I2C_ClearITPendingBit:
                                   1232 ;	C:\Users\Admin\.platformio\packages\framework-ststm8spl\Libraries\STM8S_StdPeriph_Driver\src\stm8s_i2c.c: 876: assert_param(IS_I2C_CLEAR_ITPENDINGBIT_OK(I2C_ITPendingBit));
      000664 1E 03            [ 2] 1233 	ldw	x, (0x03, sp)
      000666 A3 22 20         [ 2] 1234 	cpw	x, #0x2220
      000669 27 27            [ 1] 1235 	jreq	00104$
      00066B A3 21 08         [ 2] 1236 	cpw	x, #0x2108
      00066E 27 22            [ 1] 1237 	jreq	00104$
      000670 A3 21 04         [ 2] 1238 	cpw	x, #0x2104
      000673 27 1D            [ 1] 1239 	jreq	00104$
      000675 A3 21 02         [ 2] 1240 	cpw	x, #0x2102
      000678 27 18            [ 1] 1241 	jreq	00104$
      00067A A3 21 01         [ 2] 1242 	cpw	x, #0x2101
      00067D 27 13            [ 1] 1243 	jreq	00104$
      00067F 89               [ 2] 1244 	pushw	x
      000680 4B 6C            [ 1] 1245 	push	#0x6c
      000682 4B 03            [ 1] 1246 	push	#0x03
      000684 4B 00            [ 1] 1247 	push	#0x00
      000686 4B 00            [ 1] 1248 	push	#0x00
      000688 4Br00            [ 1] 1249 	push	#<(___str_0+0)
      00068A 4Bs00            [ 1] 1250 	push	#((___str_0+0) >> 8)
      00068C CDr00r00         [ 4] 1251 	call	_assert_failed
      00068F 5B 06            [ 2] 1252 	addw	sp, #6
      000691 85               [ 2] 1253 	popw	x
      000692                       1254 00104$:
                                   1255 ;	C:\Users\Admin\.platformio\packages\framework-ststm8spl\Libraries\STM8S_StdPeriph_Driver\src\stm8s_i2c.c: 879: flagpos = (uint16_t)I2C_ITPendingBit & FLAG_Mask;
      000692 4F               [ 1] 1256 	clr	a
      000693 95               [ 1] 1257 	ld	xh, a
                                   1258 ;	C:\Users\Admin\.platformio\packages\framework-ststm8spl\Libraries\STM8S_StdPeriph_Driver\src\stm8s_i2c.c: 882: I2C->SR2 = (uint8_t)((uint16_t)~flagpos);
      000694 53               [ 2] 1259 	cplw	x
      000695 9F               [ 1] 1260 	ld	a, xl
      000696 C7 52 18         [ 1] 1261 	ld	0x5218, a
                                   1262 ;	C:\Users\Admin\.platformio\packages\framework-ststm8spl\Libraries\STM8S_StdPeriph_Driver\src\stm8s_i2c.c: 883: }
      000699 81               [ 4] 1263 	ret
                                   1264 	.area CODE
                                   1265 	.area CONST
                                   1266 	.area CONST
      000000                       1267 ___str_0:
      000000 43 3A                 1268 	.ascii "C:"
      000002 5C                    1269 	.db 0x5c
      000003 55 73 65 72 73        1270 	.ascii "Users"
      000008 5C                    1271 	.db 0x5c
      000009 41 64 6D 69 6E        1272 	.ascii "Admin"
      00000E 5C                    1273 	.db 0x5c
      00000F 2E 70 6C 61 74 66 6F  1274 	.ascii ".platformio"
             72 6D 69 6F
      00001A 5C                    1275 	.db 0x5c
      00001B 70 61 63 6B 61 67 65  1276 	.ascii "packages"
             73
      000023 5C                    1277 	.db 0x5c
      000024 66 72 61 6D 65 77 6F  1278 	.ascii "framework-ststm8spl"
             72 6B 2D 73 74 73 74
             6D 38 73 70 6C
      000037 5C                    1279 	.db 0x5c
      000038 4C 69 62 72 61 72 69  1280 	.ascii "Libraries"
             65 73
      000041 5C                    1281 	.db 0x5c
      000042 53 54 4D 38 53 5F 53  1282 	.ascii "STM8S_StdPeriph_Driver"
             74 64 50 65 72 69 70
             68 5F 44 72 69 76 65
             72
      000058 5C                    1283 	.db 0x5c
      000059 73 72 63              1284 	.ascii "src"
      00005C 5C                    1285 	.db 0x5c
      00005D 73 74 6D 38 73 5F 69  1286 	.ascii "stm8s_i2c.c"
             32 63 2E 63
      000068 00                    1287 	.db 0x00
                                   1288 	.area CODE
                                   1289 	.area INITIALIZER
                                   1290 	.area CABS (ABS)
