                                      1 ;--------------------------------------------------------
                                      2 ; File Created by SDCC : free open source ANSI-C Compiler
                                      3 ; Version 4.1.0 #12072 (MINGW64)
                                      4 ;--------------------------------------------------------
                                      5 	.module stm8s_rst
                                      6 	.optsdcc -mstm8
                                      7 	
                                      8 ;--------------------------------------------------------
                                      9 ; Public variables in this module
                                     10 ;--------------------------------------------------------
                                     11 	.globl _assert_failed
                                     12 	.globl _RST_GetFlagStatus
                                     13 	.globl _RST_ClearFlag
                                     14 ;--------------------------------------------------------
                                     15 ; ram data
                                     16 ;--------------------------------------------------------
                                     17 	.area DATA
                                     18 ;--------------------------------------------------------
                                     19 ; ram data
                                     20 ;--------------------------------------------------------
                                     21 	.area INITIALIZED
                                     22 ;--------------------------------------------------------
                                     23 ; absolute external ram data
                                     24 ;--------------------------------------------------------
                                     25 	.area DABS (ABS)
                                     26 
                                     27 ; default segment ordering for linker
                                     28 	.area HOME
                                     29 	.area GSINIT
                                     30 	.area GSFINAL
                                     31 	.area CONST
                                     32 	.area INITIALIZER
                                     33 	.area CODE
                                     34 
                                     35 ;--------------------------------------------------------
                                     36 ; global & static initialisations
                                     37 ;--------------------------------------------------------
                                     38 	.area HOME
                                     39 	.area GSINIT
                                     40 	.area GSFINAL
                                     41 	.area GSINIT
                                     42 ;--------------------------------------------------------
                                     43 ; Home
                                     44 ;--------------------------------------------------------
                                     45 	.area HOME
                                     46 	.area HOME
                                     47 ;--------------------------------------------------------
                                     48 ; code
                                     49 ;--------------------------------------------------------
                                     50 	.area CODE
                                     51 ;	C:\Users\Admin\.platformio\packages\framework-ststm8spl\Libraries\STM8S_StdPeriph_Driver\src\stm8s_rst.c: 54: FlagStatus RST_GetFlagStatus(RST_Flag_TypeDef RST_Flag)
                                     52 ;	-----------------------------------------
                                     53 ;	 function RST_GetFlagStatus
                                     54 ;	-----------------------------------------
      000000                         55 _RST_GetFlagStatus:
                                     56 ;	C:\Users\Admin\.platformio\packages\framework-ststm8spl\Libraries\STM8S_StdPeriph_Driver\src\stm8s_rst.c: 57: assert_param(IS_RST_FLAG_OK(RST_Flag));
      000000 7B 03            [ 1]   57 	ld	a, (0x03, sp)
      000002 A1 10            [ 1]   58 	cp	a, #0x10
      000004 27 26            [ 1]   59 	jreq	00104$
      000006 7B 03            [ 1]   60 	ld	a, (0x03, sp)
      000008 A1 08            [ 1]   61 	cp	a, #0x08
      00000A 27 20            [ 1]   62 	jreq	00104$
      00000C 7B 03            [ 1]   63 	ld	a, (0x03, sp)
      00000E A1 04            [ 1]   64 	cp	a, #0x04
      000010 27 1A            [ 1]   65 	jreq	00104$
      000012 7B 03            [ 1]   66 	ld	a, (0x03, sp)
      000014 A1 02            [ 1]   67 	cp	a, #0x02
      000016 27 14            [ 1]   68 	jreq	00104$
      000018 7B 03            [ 1]   69 	ld	a, (0x03, sp)
      00001A 4A               [ 1]   70 	dec	a
      00001B 27 0F            [ 1]   71 	jreq	00104$
      00001D 4B 39            [ 1]   72 	push	#0x39
      00001F 5F               [ 1]   73 	clrw	x
      000020 89               [ 2]   74 	pushw	x
      000021 4B 00            [ 1]   75 	push	#0x00
      000023 4Br00            [ 1]   76 	push	#<(___str_0+0)
      000025 4Bs00            [ 1]   77 	push	#((___str_0+0) >> 8)
      000027 CDr00r00         [ 4]   78 	call	_assert_failed
      00002A 5B 06            [ 2]   79 	addw	sp, #6
      00002C                         80 00104$:
                                     81 ;	C:\Users\Admin\.platformio\packages\framework-ststm8spl\Libraries\STM8S_StdPeriph_Driver\src\stm8s_rst.c: 60: return((FlagStatus)(((uint8_t)(RST->SR & RST_Flag) == (uint8_t)0x00) ? RESET : SET));
      00002C C6 50 B3         [ 1]   82 	ld	a, 0x50b3
      00002F 14 03            [ 1]   83 	and	a, (0x03, sp)
      000031 26 02            [ 1]   84 	jrne	00117$
      000033 5F               [ 1]   85 	clrw	x
      000034 C5                      86 	.byte 0xc5
      000035                         87 00117$:
      000035 5F               [ 1]   88 	clrw	x
      000036 5C               [ 1]   89 	incw	x
      000037                         90 00118$:
      000037 9F               [ 1]   91 	ld	a, xl
                                     92 ;	C:\Users\Admin\.platformio\packages\framework-ststm8spl\Libraries\STM8S_StdPeriph_Driver\src\stm8s_rst.c: 61: }
      000038 81               [ 4]   93 	ret
                                     94 ;	C:\Users\Admin\.platformio\packages\framework-ststm8spl\Libraries\STM8S_StdPeriph_Driver\src\stm8s_rst.c: 69: void RST_ClearFlag(RST_Flag_TypeDef RST_Flag)
                                     95 ;	-----------------------------------------
                                     96 ;	 function RST_ClearFlag
                                     97 ;	-----------------------------------------
      000039                         98 _RST_ClearFlag:
                                     99 ;	C:\Users\Admin\.platformio\packages\framework-ststm8spl\Libraries\STM8S_StdPeriph_Driver\src\stm8s_rst.c: 72: assert_param(IS_RST_FLAG_OK(RST_Flag));
      000039 7B 03            [ 1]  100 	ld	a, (0x03, sp)
      00003B A1 10            [ 1]  101 	cp	a, #0x10
      00003D 27 26            [ 1]  102 	jreq	00104$
      00003F 7B 03            [ 1]  103 	ld	a, (0x03, sp)
      000041 A1 08            [ 1]  104 	cp	a, #0x08
      000043 27 20            [ 1]  105 	jreq	00104$
      000045 7B 03            [ 1]  106 	ld	a, (0x03, sp)
      000047 A1 04            [ 1]  107 	cp	a, #0x04
      000049 27 1A            [ 1]  108 	jreq	00104$
      00004B 7B 03            [ 1]  109 	ld	a, (0x03, sp)
      00004D A1 02            [ 1]  110 	cp	a, #0x02
      00004F 27 14            [ 1]  111 	jreq	00104$
      000051 7B 03            [ 1]  112 	ld	a, (0x03, sp)
      000053 4A               [ 1]  113 	dec	a
      000054 27 0F            [ 1]  114 	jreq	00104$
      000056 4B 48            [ 1]  115 	push	#0x48
      000058 5F               [ 1]  116 	clrw	x
      000059 89               [ 2]  117 	pushw	x
      00005A 4B 00            [ 1]  118 	push	#0x00
      00005C 4Br00            [ 1]  119 	push	#<(___str_0+0)
      00005E 4Bs00            [ 1]  120 	push	#((___str_0+0) >> 8)
      000060 CDr00r00         [ 4]  121 	call	_assert_failed
      000063 5B 06            [ 2]  122 	addw	sp, #6
      000065                        123 00104$:
                                    124 ;	C:\Users\Admin\.platformio\packages\framework-ststm8spl\Libraries\STM8S_StdPeriph_Driver\src\stm8s_rst.c: 74: RST->SR = (uint8_t)RST_Flag;
      000065 AE 50 B3         [ 2]  125 	ldw	x, #0x50b3
      000068 7B 03            [ 1]  126 	ld	a, (0x03, sp)
      00006A F7               [ 1]  127 	ld	(x), a
                                    128 ;	C:\Users\Admin\.platformio\packages\framework-ststm8spl\Libraries\STM8S_StdPeriph_Driver\src\stm8s_rst.c: 75: }
      00006B 81               [ 4]  129 	ret
                                    130 	.area CODE
                                    131 	.area CONST
                                    132 	.area CONST
      000000                        133 ___str_0:
      000000 43 3A                  134 	.ascii "C:"
      000002 5C                     135 	.db 0x5c
      000003 55 73 65 72 73         136 	.ascii "Users"
      000008 5C                     137 	.db 0x5c
      000009 41 64 6D 69 6E         138 	.ascii "Admin"
      00000E 5C                     139 	.db 0x5c
      00000F 2E 70 6C 61 74 66 6F   140 	.ascii ".platformio"
             72 6D 69 6F
      00001A 5C                     141 	.db 0x5c
      00001B 70 61 63 6B 61 67 65   142 	.ascii "packages"
             73
      000023 5C                     143 	.db 0x5c
      000024 66 72 61 6D 65 77 6F   144 	.ascii "framework-ststm8spl"
             72 6B 2D 73 74 73 74
             6D 38 73 70 6C
      000037 5C                     145 	.db 0x5c
      000038 4C 69 62 72 61 72 69   146 	.ascii "Libraries"
             65 73
      000041 5C                     147 	.db 0x5c
      000042 53 54 4D 38 53 5F 53   148 	.ascii "STM8S_StdPeriph_Driver"
             74 64 50 65 72 69 70
             68 5F 44 72 69 76 65
             72
      000058 5C                     149 	.db 0x5c
      000059 73 72 63               150 	.ascii "src"
      00005C 5C                     151 	.db 0x5c
      00005D 73 74 6D 38 73 5F 72   152 	.ascii "stm8s_rst.c"
             73 74 2E 63
      000068 00                     153 	.db 0x00
                                    154 	.area CODE
                                    155 	.area INITIALIZER
                                    156 	.area CABS (ABS)
