ARM GAS  C:\Users\Vento\AppData\Local\Temp\cc3QmbM4.s 			page 1


   1              		.cpu cortex-m3
   2              		.eabi_attribute 20, 1
   3              		.eabi_attribute 21, 1
   4              		.eabi_attribute 23, 3
   5              		.eabi_attribute 24, 1
   6              		.eabi_attribute 25, 1
   7              		.eabi_attribute 26, 1
   8              		.eabi_attribute 30, 1
   9              		.eabi_attribute 34, 1
  10              		.eabi_attribute 18, 4
  11              		.file	"adc.c"
  12              		.text
  13              	.Ltext0:
  14              		.cfi_sections	.debug_frame
  15              		.section	.text.MX_ADC1_Init,"ax",%progbits
  16              		.align	1
  17              		.global	MX_ADC1_Init
  18              		.arch armv7-m
  19              		.syntax unified
  20              		.thumb
  21              		.thumb_func
  22              		.fpu softvfp
  24              	MX_ADC1_Init:
  25              	.LFB65:
  26              		.file 1 "Core/Src/adc.c"
   1:Core/Src/adc.c **** /* USER CODE BEGIN Header */
   2:Core/Src/adc.c **** /**
   3:Core/Src/adc.c ****   ******************************************************************************
   4:Core/Src/adc.c ****   * @file    adc.c
   5:Core/Src/adc.c ****   * @brief   This file provides code for the configuration
   6:Core/Src/adc.c ****   *          of the ADC instances.
   7:Core/Src/adc.c ****   ******************************************************************************
   8:Core/Src/adc.c ****   * @attention
   9:Core/Src/adc.c ****   *
  10:Core/Src/adc.c ****   * Copyright (c) 2022 STMicroelectronics.
  11:Core/Src/adc.c ****   * All rights reserved.
  12:Core/Src/adc.c ****   *
  13:Core/Src/adc.c ****   * This software is licensed under terms that can be found in the LICENSE file
  14:Core/Src/adc.c ****   * in the root directory of this software component.
  15:Core/Src/adc.c ****   * If no LICENSE file comes with this software, it is provided AS-IS.
  16:Core/Src/adc.c ****   *
  17:Core/Src/adc.c ****   ******************************************************************************
  18:Core/Src/adc.c ****   */
  19:Core/Src/adc.c **** /* USER CODE END Header */
  20:Core/Src/adc.c **** /* Includes ------------------------------------------------------------------*/
  21:Core/Src/adc.c **** #include "adc.h"
  22:Core/Src/adc.c **** 
  23:Core/Src/adc.c **** /* USER CODE BEGIN 0 */
  24:Core/Src/adc.c **** 
  25:Core/Src/adc.c **** /* USER CODE END 0 */
  26:Core/Src/adc.c **** 
  27:Core/Src/adc.c **** ADC_HandleTypeDef hadc1;
  28:Core/Src/adc.c **** DMA_HandleTypeDef hdma_adc1;
  29:Core/Src/adc.c **** 
  30:Core/Src/adc.c **** /* ADC1 init function */
  31:Core/Src/adc.c **** void MX_ADC1_Init(void)
  32:Core/Src/adc.c **** {
ARM GAS  C:\Users\Vento\AppData\Local\Temp\cc3QmbM4.s 			page 2


  27              		.loc 1 32 1 view -0
  28              		.cfi_startproc
  29              		@ args = 0, pretend = 0, frame = 16
  30              		@ frame_needed = 0, uses_anonymous_args = 0
  31 0000 00B5     		push	{lr}
  32              	.LCFI0:
  33              		.cfi_def_cfa_offset 4
  34              		.cfi_offset 14, -4
  35 0002 85B0     		sub	sp, sp, #20
  36              	.LCFI1:
  37              		.cfi_def_cfa_offset 24
  33:Core/Src/adc.c **** 
  34:Core/Src/adc.c ****   /* USER CODE BEGIN ADC1_Init 0 */
  35:Core/Src/adc.c **** 
  36:Core/Src/adc.c ****   /* USER CODE END ADC1_Init 0 */
  37:Core/Src/adc.c **** 
  38:Core/Src/adc.c ****   ADC_ChannelConfTypeDef sConfig = {0};
  38              		.loc 1 38 3 view .LVU1
  39              		.loc 1 38 26 is_stmt 0 view .LVU2
  40 0004 0023     		movs	r3, #0
  41 0006 0193     		str	r3, [sp, #4]
  42 0008 0293     		str	r3, [sp, #8]
  43 000a 0393     		str	r3, [sp, #12]
  39:Core/Src/adc.c **** 
  40:Core/Src/adc.c ****   /* USER CODE BEGIN ADC1_Init 1 */
  41:Core/Src/adc.c **** 
  42:Core/Src/adc.c ****   /* USER CODE END ADC1_Init 1 */
  43:Core/Src/adc.c ****   /** Common config
  44:Core/Src/adc.c ****   */
  45:Core/Src/adc.c ****   hadc1.Instance = ADC1;
  44              		.loc 1 45 3 is_stmt 1 view .LVU3
  45              		.loc 1 45 18 is_stmt 0 view .LVU4
  46 000c 1848     		ldr	r0, .L9
  47 000e 194A     		ldr	r2, .L9+4
  48 0010 0260     		str	r2, [r0]
  46:Core/Src/adc.c ****   hadc1.Init.ScanConvMode = ADC_SCAN_ENABLE;
  49              		.loc 1 46 3 is_stmt 1 view .LVU5
  50              		.loc 1 46 27 is_stmt 0 view .LVU6
  51 0012 4FF48072 		mov	r2, #256
  52 0016 8260     		str	r2, [r0, #8]
  47:Core/Src/adc.c ****   hadc1.Init.ContinuousConvMode = DISABLE;
  53              		.loc 1 47 3 is_stmt 1 view .LVU7
  54              		.loc 1 47 33 is_stmt 0 view .LVU8
  55 0018 0373     		strb	r3, [r0, #12]
  48:Core/Src/adc.c ****   hadc1.Init.DiscontinuousConvMode = DISABLE;
  56              		.loc 1 48 3 is_stmt 1 view .LVU9
  57              		.loc 1 48 36 is_stmt 0 view .LVU10
  58 001a 0375     		strb	r3, [r0, #20]
  49:Core/Src/adc.c ****   hadc1.Init.ExternalTrigConv = ADC_SOFTWARE_START;
  59              		.loc 1 49 3 is_stmt 1 view .LVU11
  60              		.loc 1 49 31 is_stmt 0 view .LVU12
  61 001c 4FF46022 		mov	r2, #917504
  62 0020 C261     		str	r2, [r0, #28]
  50:Core/Src/adc.c ****   hadc1.Init.DataAlign = ADC_DATAALIGN_RIGHT;
  63              		.loc 1 50 3 is_stmt 1 view .LVU13
  64              		.loc 1 50 24 is_stmt 0 view .LVU14
  65 0022 4360     		str	r3, [r0, #4]
ARM GAS  C:\Users\Vento\AppData\Local\Temp\cc3QmbM4.s 			page 3


  51:Core/Src/adc.c ****   hadc1.Init.NbrOfConversion = 2;
  66              		.loc 1 51 3 is_stmt 1 view .LVU15
  67              		.loc 1 51 30 is_stmt 0 view .LVU16
  68 0024 0223     		movs	r3, #2
  69 0026 0361     		str	r3, [r0, #16]
  52:Core/Src/adc.c ****   if (HAL_ADC_Init(&hadc1) != HAL_OK)
  70              		.loc 1 52 3 is_stmt 1 view .LVU17
  71              		.loc 1 52 7 is_stmt 0 view .LVU18
  72 0028 FFF7FEFF 		bl	HAL_ADC_Init
  73              	.LVL0:
  74              		.loc 1 52 6 view .LVU19
  75 002c B0B9     		cbnz	r0, .L6
  76              	.L2:
  53:Core/Src/adc.c ****   {
  54:Core/Src/adc.c ****     Error_Handler();
  55:Core/Src/adc.c ****   }
  56:Core/Src/adc.c ****   /** Configure Regular Channel
  57:Core/Src/adc.c ****   */
  58:Core/Src/adc.c ****   sConfig.Channel = ADC_CHANNEL_0;
  77              		.loc 1 58 3 is_stmt 1 view .LVU20
  78              		.loc 1 58 19 is_stmt 0 view .LVU21
  79 002e 0023     		movs	r3, #0
  80 0030 0193     		str	r3, [sp, #4]
  59:Core/Src/adc.c ****   sConfig.Rank = ADC_REGULAR_RANK_1;
  81              		.loc 1 59 3 is_stmt 1 view .LVU22
  82              		.loc 1 59 16 is_stmt 0 view .LVU23
  83 0032 0123     		movs	r3, #1
  84 0034 0293     		str	r3, [sp, #8]
  60:Core/Src/adc.c ****   sConfig.SamplingTime = ADC_SAMPLETIME_239CYCLES_5;
  85              		.loc 1 60 3 is_stmt 1 view .LVU24
  86              		.loc 1 60 24 is_stmt 0 view .LVU25
  87 0036 0723     		movs	r3, #7
  88 0038 0393     		str	r3, [sp, #12]
  61:Core/Src/adc.c ****   if (HAL_ADC_ConfigChannel(&hadc1, &sConfig) != HAL_OK)
  89              		.loc 1 61 3 is_stmt 1 view .LVU26
  90              		.loc 1 61 7 is_stmt 0 view .LVU27
  91 003a 01A9     		add	r1, sp, #4
  92 003c 0C48     		ldr	r0, .L9
  93 003e FFF7FEFF 		bl	HAL_ADC_ConfigChannel
  94              	.LVL1:
  95              		.loc 1 61 6 view .LVU28
  96 0042 70B9     		cbnz	r0, .L7
  97              	.L3:
  62:Core/Src/adc.c ****   {
  63:Core/Src/adc.c ****     Error_Handler();
  64:Core/Src/adc.c ****   }
  65:Core/Src/adc.c ****   /** Configure Regular Channel
  66:Core/Src/adc.c ****   */
  67:Core/Src/adc.c ****   sConfig.Channel = ADC_CHANNEL_1;
  98              		.loc 1 67 3 is_stmt 1 view .LVU29
  99              		.loc 1 67 19 is_stmt 0 view .LVU30
 100 0044 0123     		movs	r3, #1
 101 0046 0193     		str	r3, [sp, #4]
  68:Core/Src/adc.c ****   sConfig.Rank = ADC_REGULAR_RANK_2;
 102              		.loc 1 68 3 is_stmt 1 view .LVU31
 103              		.loc 1 68 16 is_stmt 0 view .LVU32
 104 0048 0223     		movs	r3, #2
ARM GAS  C:\Users\Vento\AppData\Local\Temp\cc3QmbM4.s 			page 4


 105 004a 0293     		str	r3, [sp, #8]
  69:Core/Src/adc.c ****   if (HAL_ADC_ConfigChannel(&hadc1, &sConfig) != HAL_OK)
 106              		.loc 1 69 3 is_stmt 1 view .LVU33
 107              		.loc 1 69 7 is_stmt 0 view .LVU34
 108 004c 01A9     		add	r1, sp, #4
 109 004e 0848     		ldr	r0, .L9
 110 0050 FFF7FEFF 		bl	HAL_ADC_ConfigChannel
 111              	.LVL2:
 112              		.loc 1 69 6 view .LVU35
 113 0054 40B9     		cbnz	r0, .L8
 114              	.L1:
  70:Core/Src/adc.c ****   {
  71:Core/Src/adc.c ****     Error_Handler();
  72:Core/Src/adc.c ****   }
  73:Core/Src/adc.c ****   /* USER CODE BEGIN ADC1_Init 2 */
  74:Core/Src/adc.c **** 
  75:Core/Src/adc.c ****   /* USER CODE END ADC1_Init 2 */
  76:Core/Src/adc.c **** 
  77:Core/Src/adc.c **** }
 115              		.loc 1 77 1 view .LVU36
 116 0056 05B0     		add	sp, sp, #20
 117              	.LCFI2:
 118              		.cfi_remember_state
 119              		.cfi_def_cfa_offset 4
 120              		@ sp needed
 121 0058 5DF804FB 		ldr	pc, [sp], #4
 122              	.L6:
 123              	.LCFI3:
 124              		.cfi_restore_state
  54:Core/Src/adc.c ****   }
 125              		.loc 1 54 5 is_stmt 1 view .LVU37
 126 005c FFF7FEFF 		bl	Error_Handler
 127              	.LVL3:
 128 0060 E5E7     		b	.L2
 129              	.L7:
  63:Core/Src/adc.c ****   }
 130              		.loc 1 63 5 view .LVU38
 131 0062 FFF7FEFF 		bl	Error_Handler
 132              	.LVL4:
 133 0066 EDE7     		b	.L3
 134              	.L8:
  71:Core/Src/adc.c ****   }
 135              		.loc 1 71 5 view .LVU39
 136 0068 FFF7FEFF 		bl	Error_Handler
 137              	.LVL5:
 138              		.loc 1 77 1 is_stmt 0 view .LVU40
 139 006c F3E7     		b	.L1
 140              	.L10:
 141 006e 00BF     		.align	2
 142              	.L9:
 143 0070 00000000 		.word	.LANCHOR0
 144 0074 00240140 		.word	1073816576
 145              		.cfi_endproc
 146              	.LFE65:
 148              		.section	.text.HAL_ADC_MspInit,"ax",%progbits
 149              		.align	1
 150              		.global	HAL_ADC_MspInit
ARM GAS  C:\Users\Vento\AppData\Local\Temp\cc3QmbM4.s 			page 5


 151              		.syntax unified
 152              		.thumb
 153              		.thumb_func
 154              		.fpu softvfp
 156              	HAL_ADC_MspInit:
 157              	.LVL6:
 158              	.LFB66:
  78:Core/Src/adc.c **** 
  79:Core/Src/adc.c **** void HAL_ADC_MspInit(ADC_HandleTypeDef* adcHandle)
  80:Core/Src/adc.c **** {
 159              		.loc 1 80 1 is_stmt 1 view -0
 160              		.cfi_startproc
 161              		@ args = 0, pretend = 0, frame = 24
 162              		@ frame_needed = 0, uses_anonymous_args = 0
 163              		.loc 1 80 1 is_stmt 0 view .LVU42
 164 0000 10B5     		push	{r4, lr}
 165              	.LCFI4:
 166              		.cfi_def_cfa_offset 8
 167              		.cfi_offset 4, -8
 168              		.cfi_offset 14, -4
 169 0002 86B0     		sub	sp, sp, #24
 170              	.LCFI5:
 171              		.cfi_def_cfa_offset 32
  81:Core/Src/adc.c **** 
  82:Core/Src/adc.c ****   GPIO_InitTypeDef GPIO_InitStruct = {0};
 172              		.loc 1 82 3 is_stmt 1 view .LVU43
 173              		.loc 1 82 20 is_stmt 0 view .LVU44
 174 0004 0023     		movs	r3, #0
 175 0006 0293     		str	r3, [sp, #8]
 176 0008 0393     		str	r3, [sp, #12]
 177 000a 0493     		str	r3, [sp, #16]
 178 000c 0593     		str	r3, [sp, #20]
  83:Core/Src/adc.c ****   if(adcHandle->Instance==ADC1)
 179              		.loc 1 83 3 is_stmt 1 view .LVU45
 180              		.loc 1 83 15 is_stmt 0 view .LVU46
 181 000e 0268     		ldr	r2, [r0]
 182              		.loc 1 83 5 view .LVU47
 183 0010 1D4B     		ldr	r3, .L17
 184 0012 9A42     		cmp	r2, r3
 185 0014 01D0     		beq	.L15
 186              	.LVL7:
 187              	.L11:
  84:Core/Src/adc.c ****   {
  85:Core/Src/adc.c ****   /* USER CODE BEGIN ADC1_MspInit 0 */
  86:Core/Src/adc.c **** 
  87:Core/Src/adc.c ****   /* USER CODE END ADC1_MspInit 0 */
  88:Core/Src/adc.c ****     /* ADC1 clock enable */
  89:Core/Src/adc.c ****     __HAL_RCC_ADC1_CLK_ENABLE();
  90:Core/Src/adc.c **** 
  91:Core/Src/adc.c ****     __HAL_RCC_GPIOA_CLK_ENABLE();
  92:Core/Src/adc.c ****     /**ADC1 GPIO Configuration
  93:Core/Src/adc.c ****     PA0-WKUP     ------> ADC1_IN0
  94:Core/Src/adc.c ****     PA1     ------> ADC1_IN1
  95:Core/Src/adc.c ****     */
  96:Core/Src/adc.c ****     GPIO_InitStruct.Pin = ADC_CN1_Pin|ADC_CN2_Pin;
  97:Core/Src/adc.c ****     GPIO_InitStruct.Mode = GPIO_MODE_ANALOG;
  98:Core/Src/adc.c ****     HAL_GPIO_Init(GPIOA, &GPIO_InitStruct);
ARM GAS  C:\Users\Vento\AppData\Local\Temp\cc3QmbM4.s 			page 6


  99:Core/Src/adc.c **** 
 100:Core/Src/adc.c ****     /* ADC1 DMA Init */
 101:Core/Src/adc.c ****     /* ADC1 Init */
 102:Core/Src/adc.c ****     hdma_adc1.Instance = DMA1_Channel1;
 103:Core/Src/adc.c ****     hdma_adc1.Init.Direction = DMA_PERIPH_TO_MEMORY;
 104:Core/Src/adc.c ****     hdma_adc1.Init.PeriphInc = DMA_PINC_DISABLE;
 105:Core/Src/adc.c ****     hdma_adc1.Init.MemInc = DMA_MINC_ENABLE;
 106:Core/Src/adc.c ****     hdma_adc1.Init.PeriphDataAlignment = DMA_PDATAALIGN_HALFWORD;
 107:Core/Src/adc.c ****     hdma_adc1.Init.MemDataAlignment = DMA_MDATAALIGN_HALFWORD;
 108:Core/Src/adc.c ****     hdma_adc1.Init.Mode = DMA_CIRCULAR;
 109:Core/Src/adc.c ****     hdma_adc1.Init.Priority = DMA_PRIORITY_LOW;
 110:Core/Src/adc.c ****     if (HAL_DMA_Init(&hdma_adc1) != HAL_OK)
 111:Core/Src/adc.c ****     {
 112:Core/Src/adc.c ****       Error_Handler();
 113:Core/Src/adc.c ****     }
 114:Core/Src/adc.c **** 
 115:Core/Src/adc.c ****     __HAL_LINKDMA(adcHandle,DMA_Handle,hdma_adc1);
 116:Core/Src/adc.c **** 
 117:Core/Src/adc.c ****   /* USER CODE BEGIN ADC1_MspInit 1 */
 118:Core/Src/adc.c **** 
 119:Core/Src/adc.c ****   /* USER CODE END ADC1_MspInit 1 */
 120:Core/Src/adc.c ****   }
 121:Core/Src/adc.c **** }
 188              		.loc 1 121 1 view .LVU48
 189 0016 06B0     		add	sp, sp, #24
 190              	.LCFI6:
 191              		.cfi_remember_state
 192              		.cfi_def_cfa_offset 8
 193              		@ sp needed
 194 0018 10BD     		pop	{r4, pc}
 195              	.LVL8:
 196              	.L15:
 197              	.LCFI7:
 198              		.cfi_restore_state
 199              		.loc 1 121 1 view .LVU49
 200 001a 0446     		mov	r4, r0
  89:Core/Src/adc.c **** 
 201              		.loc 1 89 5 is_stmt 1 view .LVU50
 202              	.LBB2:
  89:Core/Src/adc.c **** 
 203              		.loc 1 89 5 view .LVU51
  89:Core/Src/adc.c **** 
 204              		.loc 1 89 5 view .LVU52
 205 001c 03F56C43 		add	r3, r3, #60416
 206 0020 9A69     		ldr	r2, [r3, #24]
 207 0022 42F40072 		orr	r2, r2, #512
 208 0026 9A61     		str	r2, [r3, #24]
  89:Core/Src/adc.c **** 
 209              		.loc 1 89 5 view .LVU53
 210 0028 9A69     		ldr	r2, [r3, #24]
 211 002a 02F40072 		and	r2, r2, #512
 212 002e 0092     		str	r2, [sp]
  89:Core/Src/adc.c **** 
 213              		.loc 1 89 5 view .LVU54
 214 0030 009A     		ldr	r2, [sp]
 215              	.LBE2:
  89:Core/Src/adc.c **** 
ARM GAS  C:\Users\Vento\AppData\Local\Temp\cc3QmbM4.s 			page 7


 216              		.loc 1 89 5 view .LVU55
  91:Core/Src/adc.c ****     /**ADC1 GPIO Configuration
 217              		.loc 1 91 5 view .LVU56
 218              	.LBB3:
  91:Core/Src/adc.c ****     /**ADC1 GPIO Configuration
 219              		.loc 1 91 5 view .LVU57
  91:Core/Src/adc.c ****     /**ADC1 GPIO Configuration
 220              		.loc 1 91 5 view .LVU58
 221 0032 9A69     		ldr	r2, [r3, #24]
 222 0034 42F00402 		orr	r2, r2, #4
 223 0038 9A61     		str	r2, [r3, #24]
  91:Core/Src/adc.c ****     /**ADC1 GPIO Configuration
 224              		.loc 1 91 5 view .LVU59
 225 003a 9B69     		ldr	r3, [r3, #24]
 226 003c 03F00403 		and	r3, r3, #4
 227 0040 0193     		str	r3, [sp, #4]
  91:Core/Src/adc.c ****     /**ADC1 GPIO Configuration
 228              		.loc 1 91 5 view .LVU60
 229 0042 019B     		ldr	r3, [sp, #4]
 230              	.LBE3:
  91:Core/Src/adc.c ****     /**ADC1 GPIO Configuration
 231              		.loc 1 91 5 view .LVU61
  96:Core/Src/adc.c ****     GPIO_InitStruct.Mode = GPIO_MODE_ANALOG;
 232              		.loc 1 96 5 view .LVU62
  96:Core/Src/adc.c ****     GPIO_InitStruct.Mode = GPIO_MODE_ANALOG;
 233              		.loc 1 96 25 is_stmt 0 view .LVU63
 234 0044 0323     		movs	r3, #3
 235 0046 0293     		str	r3, [sp, #8]
  97:Core/Src/adc.c ****     HAL_GPIO_Init(GPIOA, &GPIO_InitStruct);
 236              		.loc 1 97 5 is_stmt 1 view .LVU64
  97:Core/Src/adc.c ****     HAL_GPIO_Init(GPIOA, &GPIO_InitStruct);
 237              		.loc 1 97 26 is_stmt 0 view .LVU65
 238 0048 0393     		str	r3, [sp, #12]
  98:Core/Src/adc.c **** 
 239              		.loc 1 98 5 is_stmt 1 view .LVU66
 240 004a 02A9     		add	r1, sp, #8
 241 004c 0F48     		ldr	r0, .L17+4
 242              	.LVL9:
  98:Core/Src/adc.c **** 
 243              		.loc 1 98 5 is_stmt 0 view .LVU67
 244 004e FFF7FEFF 		bl	HAL_GPIO_Init
 245              	.LVL10:
 102:Core/Src/adc.c ****     hdma_adc1.Init.Direction = DMA_PERIPH_TO_MEMORY;
 246              		.loc 1 102 5 is_stmt 1 view .LVU68
 102:Core/Src/adc.c ****     hdma_adc1.Init.Direction = DMA_PERIPH_TO_MEMORY;
 247              		.loc 1 102 24 is_stmt 0 view .LVU69
 248 0052 0F48     		ldr	r0, .L17+8
 249 0054 0F4B     		ldr	r3, .L17+12
 250 0056 0360     		str	r3, [r0]
 103:Core/Src/adc.c ****     hdma_adc1.Init.PeriphInc = DMA_PINC_DISABLE;
 251              		.loc 1 103 5 is_stmt 1 view .LVU70
 103:Core/Src/adc.c ****     hdma_adc1.Init.PeriphInc = DMA_PINC_DISABLE;
 252              		.loc 1 103 30 is_stmt 0 view .LVU71
 253 0058 0023     		movs	r3, #0
 254 005a 4360     		str	r3, [r0, #4]
 104:Core/Src/adc.c ****     hdma_adc1.Init.MemInc = DMA_MINC_ENABLE;
 255              		.loc 1 104 5 is_stmt 1 view .LVU72
ARM GAS  C:\Users\Vento\AppData\Local\Temp\cc3QmbM4.s 			page 8


 104:Core/Src/adc.c ****     hdma_adc1.Init.MemInc = DMA_MINC_ENABLE;
 256              		.loc 1 104 30 is_stmt 0 view .LVU73
 257 005c 8360     		str	r3, [r0, #8]
 105:Core/Src/adc.c ****     hdma_adc1.Init.PeriphDataAlignment = DMA_PDATAALIGN_HALFWORD;
 258              		.loc 1 105 5 is_stmt 1 view .LVU74
 105:Core/Src/adc.c ****     hdma_adc1.Init.PeriphDataAlignment = DMA_PDATAALIGN_HALFWORD;
 259              		.loc 1 105 27 is_stmt 0 view .LVU75
 260 005e 8022     		movs	r2, #128
 261 0060 C260     		str	r2, [r0, #12]
 106:Core/Src/adc.c ****     hdma_adc1.Init.MemDataAlignment = DMA_MDATAALIGN_HALFWORD;
 262              		.loc 1 106 5 is_stmt 1 view .LVU76
 106:Core/Src/adc.c ****     hdma_adc1.Init.MemDataAlignment = DMA_MDATAALIGN_HALFWORD;
 263              		.loc 1 106 40 is_stmt 0 view .LVU77
 264 0062 4FF48072 		mov	r2, #256
 265 0066 0261     		str	r2, [r0, #16]
 107:Core/Src/adc.c ****     hdma_adc1.Init.Mode = DMA_CIRCULAR;
 266              		.loc 1 107 5 is_stmt 1 view .LVU78
 107:Core/Src/adc.c ****     hdma_adc1.Init.Mode = DMA_CIRCULAR;
 267              		.loc 1 107 37 is_stmt 0 view .LVU79
 268 0068 4FF48062 		mov	r2, #1024
 269 006c 4261     		str	r2, [r0, #20]
 108:Core/Src/adc.c ****     hdma_adc1.Init.Priority = DMA_PRIORITY_LOW;
 270              		.loc 1 108 5 is_stmt 1 view .LVU80
 108:Core/Src/adc.c ****     hdma_adc1.Init.Priority = DMA_PRIORITY_LOW;
 271              		.loc 1 108 25 is_stmt 0 view .LVU81
 272 006e 2022     		movs	r2, #32
 273 0070 8261     		str	r2, [r0, #24]
 109:Core/Src/adc.c ****     if (HAL_DMA_Init(&hdma_adc1) != HAL_OK)
 274              		.loc 1 109 5 is_stmt 1 view .LVU82
 109:Core/Src/adc.c ****     if (HAL_DMA_Init(&hdma_adc1) != HAL_OK)
 275              		.loc 1 109 29 is_stmt 0 view .LVU83
 276 0072 C361     		str	r3, [r0, #28]
 110:Core/Src/adc.c ****     {
 277              		.loc 1 110 5 is_stmt 1 view .LVU84
 110:Core/Src/adc.c ****     {
 278              		.loc 1 110 9 is_stmt 0 view .LVU85
 279 0074 FFF7FEFF 		bl	HAL_DMA_Init
 280              	.LVL11:
 110:Core/Src/adc.c ****     {
 281              		.loc 1 110 8 view .LVU86
 282 0078 18B9     		cbnz	r0, .L16
 283              	.L13:
 115:Core/Src/adc.c **** 
 284              		.loc 1 115 5 is_stmt 1 view .LVU87
 115:Core/Src/adc.c **** 
 285              		.loc 1 115 5 view .LVU88
 286 007a 054B     		ldr	r3, .L17+8
 287 007c 2362     		str	r3, [r4, #32]
 115:Core/Src/adc.c **** 
 288              		.loc 1 115 5 view .LVU89
 289 007e 5C62     		str	r4, [r3, #36]
 115:Core/Src/adc.c **** 
 290              		.loc 1 115 5 view .LVU90
 291              		.loc 1 121 1 is_stmt 0 view .LVU91
 292 0080 C9E7     		b	.L11
 293              	.L16:
 112:Core/Src/adc.c ****     }
ARM GAS  C:\Users\Vento\AppData\Local\Temp\cc3QmbM4.s 			page 9


 294              		.loc 1 112 7 is_stmt 1 view .LVU92
 295 0082 FFF7FEFF 		bl	Error_Handler
 296              	.LVL12:
 297 0086 F8E7     		b	.L13
 298              	.L18:
 299              		.align	2
 300              	.L17:
 301 0088 00240140 		.word	1073816576
 302 008c 00080140 		.word	1073809408
 303 0090 00000000 		.word	.LANCHOR1
 304 0094 08000240 		.word	1073872904
 305              		.cfi_endproc
 306              	.LFE66:
 308              		.section	.text.HAL_ADC_MspDeInit,"ax",%progbits
 309              		.align	1
 310              		.global	HAL_ADC_MspDeInit
 311              		.syntax unified
 312              		.thumb
 313              		.thumb_func
 314              		.fpu softvfp
 316              	HAL_ADC_MspDeInit:
 317              	.LVL13:
 318              	.LFB67:
 122:Core/Src/adc.c **** 
 123:Core/Src/adc.c **** void HAL_ADC_MspDeInit(ADC_HandleTypeDef* adcHandle)
 124:Core/Src/adc.c **** {
 319              		.loc 1 124 1 view -0
 320              		.cfi_startproc
 321              		@ args = 0, pretend = 0, frame = 0
 322              		@ frame_needed = 0, uses_anonymous_args = 0
 125:Core/Src/adc.c **** 
 126:Core/Src/adc.c ****   if(adcHandle->Instance==ADC1)
 323              		.loc 1 126 3 view .LVU94
 324              		.loc 1 126 15 is_stmt 0 view .LVU95
 325 0000 0268     		ldr	r2, [r0]
 326              		.loc 1 126 5 view .LVU96
 327 0002 094B     		ldr	r3, .L26
 328 0004 9A42     		cmp	r2, r3
 329 0006 00D0     		beq	.L25
 330 0008 7047     		bx	lr
 331              	.L25:
 124:Core/Src/adc.c **** 
 332              		.loc 1 124 1 view .LVU97
 333 000a 10B5     		push	{r4, lr}
 334              	.LCFI8:
 335              		.cfi_def_cfa_offset 8
 336              		.cfi_offset 4, -8
 337              		.cfi_offset 14, -4
 338 000c 0446     		mov	r4, r0
 127:Core/Src/adc.c ****   {
 128:Core/Src/adc.c ****   /* USER CODE BEGIN ADC1_MspDeInit 0 */
 129:Core/Src/adc.c **** 
 130:Core/Src/adc.c ****   /* USER CODE END ADC1_MspDeInit 0 */
 131:Core/Src/adc.c ****     /* Peripheral clock disable */
 132:Core/Src/adc.c ****     __HAL_RCC_ADC1_CLK_DISABLE();
 339              		.loc 1 132 5 is_stmt 1 view .LVU98
 340 000e 074A     		ldr	r2, .L26+4
ARM GAS  C:\Users\Vento\AppData\Local\Temp\cc3QmbM4.s 			page 10


 341 0010 9369     		ldr	r3, [r2, #24]
 342 0012 23F40073 		bic	r3, r3, #512
 343 0016 9361     		str	r3, [r2, #24]
 133:Core/Src/adc.c **** 
 134:Core/Src/adc.c ****     /**ADC1 GPIO Configuration
 135:Core/Src/adc.c ****     PA0-WKUP     ------> ADC1_IN0
 136:Core/Src/adc.c ****     PA1     ------> ADC1_IN1
 137:Core/Src/adc.c ****     */
 138:Core/Src/adc.c ****     HAL_GPIO_DeInit(GPIOA, ADC_CN1_Pin|ADC_CN2_Pin);
 344              		.loc 1 138 5 view .LVU99
 345 0018 0321     		movs	r1, #3
 346 001a 0548     		ldr	r0, .L26+8
 347              	.LVL14:
 348              		.loc 1 138 5 is_stmt 0 view .LVU100
 349 001c FFF7FEFF 		bl	HAL_GPIO_DeInit
 350              	.LVL15:
 139:Core/Src/adc.c **** 
 140:Core/Src/adc.c ****     /* ADC1 DMA DeInit */
 141:Core/Src/adc.c ****     HAL_DMA_DeInit(adcHandle->DMA_Handle);
 351              		.loc 1 141 5 is_stmt 1 view .LVU101
 352 0020 206A     		ldr	r0, [r4, #32]
 353 0022 FFF7FEFF 		bl	HAL_DMA_DeInit
 354              	.LVL16:
 142:Core/Src/adc.c ****   /* USER CODE BEGIN ADC1_MspDeInit 1 */
 143:Core/Src/adc.c **** 
 144:Core/Src/adc.c ****   /* USER CODE END ADC1_MspDeInit 1 */
 145:Core/Src/adc.c ****   }
 146:Core/Src/adc.c **** }
 355              		.loc 1 146 1 is_stmt 0 view .LVU102
 356 0026 10BD     		pop	{r4, pc}
 357              	.LVL17:
 358              	.L27:
 359              		.loc 1 146 1 view .LVU103
 360              		.align	2
 361              	.L26:
 362 0028 00240140 		.word	1073816576
 363 002c 00100240 		.word	1073876992
 364 0030 00080140 		.word	1073809408
 365              		.cfi_endproc
 366              	.LFE67:
 368              		.global	hdma_adc1
 369              		.global	hadc1
 370              		.section	.bss.hadc1,"aw",%nobits
 371              		.align	2
 372              		.set	.LANCHOR0,. + 0
 375              	hadc1:
 376 0000 00000000 		.space	48
 376      00000000 
 376      00000000 
 376      00000000 
 376      00000000 
 377              		.section	.bss.hdma_adc1,"aw",%nobits
 378              		.align	2
 379              		.set	.LANCHOR1,. + 0
 382              	hdma_adc1:
 383 0000 00000000 		.space	68
 383      00000000 
ARM GAS  C:\Users\Vento\AppData\Local\Temp\cc3QmbM4.s 			page 11


 383      00000000 
 383      00000000 
 383      00000000 
 384              		.text
 385              	.Letext0:
 386              		.file 2 "d:\\tools\\gcc-arm-none-eabi-10.3-2021.07\\arm-none-eabi\\include\\machine\\_default_type
 387              		.file 3 "d:\\tools\\gcc-arm-none-eabi-10.3-2021.07\\arm-none-eabi\\include\\sys\\_stdint.h"
 388              		.file 4 "Drivers/CMSIS/Device/ST/STM32F1xx/Include/stm32f103xb.h"
 389              		.file 5 "Drivers/CMSIS/Device/ST/STM32F1xx/Include/stm32f1xx.h"
 390              		.file 6 "Drivers/STM32F1xx_HAL_Driver/Inc/stm32f1xx_hal_def.h"
 391              		.file 7 "Drivers/STM32F1xx_HAL_Driver/Inc/stm32f1xx_hal_gpio.h"
 392              		.file 8 "Drivers/STM32F1xx_HAL_Driver/Inc/stm32f1xx_hal_dma.h"
 393              		.file 9 "Drivers/STM32F1xx_HAL_Driver/Inc/stm32f1xx_hal_adc.h"
 394              		.file 10 "Core/Inc/adc.h"
 395              		.file 11 "Core/Inc/main.h"
ARM GAS  C:\Users\Vento\AppData\Local\Temp\cc3QmbM4.s 			page 12


DEFINED SYMBOLS
                            *ABS*:00000000 adc.c
C:\Users\Vento\AppData\Local\Temp\cc3QmbM4.s:16     .text.MX_ADC1_Init:00000000 $t
C:\Users\Vento\AppData\Local\Temp\cc3QmbM4.s:24     .text.MX_ADC1_Init:00000000 MX_ADC1_Init
C:\Users\Vento\AppData\Local\Temp\cc3QmbM4.s:143    .text.MX_ADC1_Init:00000070 $d
C:\Users\Vento\AppData\Local\Temp\cc3QmbM4.s:149    .text.HAL_ADC_MspInit:00000000 $t
C:\Users\Vento\AppData\Local\Temp\cc3QmbM4.s:156    .text.HAL_ADC_MspInit:00000000 HAL_ADC_MspInit
C:\Users\Vento\AppData\Local\Temp\cc3QmbM4.s:301    .text.HAL_ADC_MspInit:00000088 $d
C:\Users\Vento\AppData\Local\Temp\cc3QmbM4.s:309    .text.HAL_ADC_MspDeInit:00000000 $t
C:\Users\Vento\AppData\Local\Temp\cc3QmbM4.s:316    .text.HAL_ADC_MspDeInit:00000000 HAL_ADC_MspDeInit
C:\Users\Vento\AppData\Local\Temp\cc3QmbM4.s:362    .text.HAL_ADC_MspDeInit:00000028 $d
C:\Users\Vento\AppData\Local\Temp\cc3QmbM4.s:382    .bss.hdma_adc1:00000000 hdma_adc1
C:\Users\Vento\AppData\Local\Temp\cc3QmbM4.s:375    .bss.hadc1:00000000 hadc1
C:\Users\Vento\AppData\Local\Temp\cc3QmbM4.s:371    .bss.hadc1:00000000 $d
C:\Users\Vento\AppData\Local\Temp\cc3QmbM4.s:378    .bss.hdma_adc1:00000000 $d

UNDEFINED SYMBOLS
HAL_ADC_Init
HAL_ADC_ConfigChannel
Error_Handler
HAL_GPIO_Init
HAL_DMA_Init
HAL_GPIO_DeInit
HAL_DMA_DeInit
