ARM GAS  C:\Users\Admin\AppData\Local\Temp\ccHPEjJk.s 			page 1


   1              		.cpu cortex-m3
   2              		.eabi_attribute 20, 1
   3              		.eabi_attribute 21, 1
   4              		.eabi_attribute 23, 3
   5              		.eabi_attribute 24, 1
   6              		.eabi_attribute 25, 1
   7              		.eabi_attribute 26, 1
   8              		.eabi_attribute 30, 1
   9              		.eabi_attribute 34, 1
  10              		.eabi_attribute 18, 4
  11              		.file	"plc.c"
  12              		.text
  13              	.Ltext0:
  14              		.cfi_sections	.debug_frame
  15              		.section	.text.PLC_MessageChecking,"ax",%progbits
  16              		.align	1
  17              		.arch armv7-m
  18              		.syntax unified
  19              		.thumb
  20              		.thumb_func
  21              		.fpu softvfp
  23              	PLC_MessageChecking:
  24              	.LVL0:
  25              	.LFB68:
  26              		.file 1 "Core/Src/plc.c"
   1:Core/Src/plc.c **** #include "plc.h"
   2:Core/Src/plc.c **** #include "stdio.h"
   3:Core/Src/plc.c **** #include "usart.h"
   4:Core/Src/plc.c **** extern UART_HandleTypeDef huart1;
   5:Core/Src/plc.c **** static HAL_StatusTypeDef PLC_MessageChecking(uint8_t* buffer)
   6:Core/Src/plc.c **** {
  27              		.loc 1 6 1 view -0
  28              		.cfi_startproc
  29              		@ args = 0, pretend = 0, frame = 0
  30              		@ frame_needed = 0, uses_anonymous_args = 0
  31              		@ link register save eliminated.
   7:Core/Src/plc.c ****     if ((buffer[0] != '$') || (buffer[1] != PLC_LEN_OF_MESSAGE))
  32              		.loc 1 7 5 view .LVU1
  33              		.loc 1 7 16 is_stmt 0 view .LVU2
  34 0000 0378     		ldrb	r3, [r0]	@ zero_extendqisi2
  35              		.loc 1 7 8 view .LVU3
  36 0002 242B     		cmp	r3, #36
  37 0004 04D1     		bne	.L3
  38              		.loc 1 7 38 discriminator 1 view .LVU4
  39 0006 4378     		ldrb	r3, [r0, #1]	@ zero_extendqisi2
  40              		.loc 1 7 28 discriminator 1 view .LVU5
  41 0008 082B     		cmp	r3, #8
  42 000a 03D1     		bne	.L4
   8:Core/Src/plc.c ****     {
   9:Core/Src/plc.c ****         return HAL_ERROR;
  10:Core/Src/plc.c ****     }
  11:Core/Src/plc.c ****     return HAL_OK;
  43              		.loc 1 11 12 view .LVU6
  44 000c 0020     		movs	r0, #0
  45              	.LVL1:
  46              		.loc 1 11 12 view .LVU7
  47 000e 7047     		bx	lr
ARM GAS  C:\Users\Admin\AppData\Local\Temp\ccHPEjJk.s 			page 2


  48              	.LVL2:
  49              	.L3:
   9:Core/Src/plc.c ****     }
  50              		.loc 1 9 16 view .LVU8
  51 0010 0120     		movs	r0, #1
  52              	.LVL3:
   9:Core/Src/plc.c ****     }
  53              		.loc 1 9 16 view .LVU9
  54 0012 7047     		bx	lr
  55              	.LVL4:
  56              	.L4:
   9:Core/Src/plc.c ****     }
  57              		.loc 1 9 16 view .LVU10
  58 0014 0120     		movs	r0, #1
  59              	.LVL5:
  12:Core/Src/plc.c **** }
  60              		.loc 1 12 1 view .LVU11
  61 0016 7047     		bx	lr
  62              		.cfi_endproc
  63              	.LFE68:
  65              		.section	.text.PLC_getCRC16,"ax",%progbits
  66              		.align	1
  67              		.syntax unified
  68              		.thumb
  69              		.thumb_func
  70              		.fpu softvfp
  72              	PLC_getCRC16:
  73              	.LVL6:
  74              	.LFB69:
  13:Core/Src/plc.c **** static uint16_t PLC_getCRC16(uint8_t* data)
  14:Core/Src/plc.c **** {
  75              		.loc 1 14 1 is_stmt 1 view -0
  76              		.cfi_startproc
  77              		@ args = 0, pretend = 0, frame = 8
  78              		@ frame_needed = 0, uses_anonymous_args = 0
  79              		@ link register save eliminated.
  80              		.loc 1 14 1 is_stmt 0 view .LVU13
  81 0000 10B4     		push	{r4}
  82              	.LCFI0:
  83              		.cfi_def_cfa_offset 4
  84              		.cfi_offset 4, -4
  85 0002 83B0     		sub	sp, sp, #12
  86              	.LCFI1:
  87              		.cfi_def_cfa_offset 16
  15:Core/Src/plc.c ****   uint16_t crc = 0xFFFF;
  88              		.loc 1 15 3 is_stmt 1 view .LVU14
  89              		.loc 1 15 12 is_stmt 0 view .LVU15
  90 0004 4FF6FF73 		movw	r3, #65535
  91 0008 ADF80630 		strh	r3, [sp, #6]	@ movhi
  16:Core/Src/plc.c ****   uint8_t i;
  92              		.loc 1 16 3 is_stmt 1 view .LVU16
  17:Core/Src/plc.c ****   uint8_t len = 6;
  93              		.loc 1 17 3 view .LVU17
  94              	.LVL7:
  18:Core/Src/plc.c ****   while (len--) {
  95              		.loc 1 18 3 view .LVU18
  17:Core/Src/plc.c ****   uint8_t len = 6;
ARM GAS  C:\Users\Admin\AppData\Local\Temp\ccHPEjJk.s 			page 3


  96              		.loc 1 17 11 is_stmt 0 view .LVU19
  97 000c 0624     		movs	r4, #6
  98              	.LVL8:
  99              	.L6:
 100              		.loc 1 18 9 is_stmt 1 view .LVU20
 101 000e 2346     		mov	r3, r4
 102              		.loc 1 18 13 is_stmt 0 view .LVU21
 103 0010 013C     		subs	r4, r4, #1
 104              	.LVL9:
 105              		.loc 1 18 13 view .LVU22
 106 0012 E4B2     		uxtb	r4, r4
 107              	.LVL10:
 108              		.loc 1 18 9 view .LVU23
 109 0014 DBB1     		cbz	r3, .L13
  19:Core/Src/plc.c ****       i = *data++;
 110              		.loc 1 19 7 is_stmt 1 view .LVU24
 111              	.LVL11:
 112              		.loc 1 19 9 is_stmt 0 view .LVU25
 113 0016 10F8013B 		ldrb	r3, [r0], #1	@ zero_extendqisi2
 114              	.LVL12:
  20:Core/Src/plc.c ****       *(uint8_t *)&crc  ^= i;
 115              		.loc 1 20 7 is_stmt 1 view .LVU26
 116              		.loc 1 20 25 is_stmt 0 view .LVU27
 117 001a 9DF80620 		ldrb	r2, [sp, #6]	@ zero_extendqisi2
 118 001e 5340     		eors	r3, r3, r2
 119              	.LVL13:
 120              		.loc 1 20 25 view .LVU28
 121 0020 8DF80630 		strb	r3, [sp, #6]
 122              	.LVL14:
  21:Core/Src/plc.c **** 
  22:Core/Src/plc.c ****       for (i = 0; i != 8; i++) {
 123              		.loc 1 22 7 is_stmt 1 view .LVU29
 124              		.loc 1 22 14 is_stmt 0 view .LVU30
 125 0024 0023     		movs	r3, #0
 126              		.loc 1 22 7 view .LVU31
 127 0026 04E0     		b	.L7
 128              	.LVL15:
 129              	.L8:
  23:Core/Src/plc.c ****           if (crc & 0x0001) {
  24:Core/Src/plc.c ****               crc = (crc >> 1);
  25:Core/Src/plc.c ****               crc ^= 0xA001;
  26:Core/Src/plc.c ****           } else {
  27:Core/Src/plc.c ****               crc = (crc >> 1);
 130              		.loc 1 27 15 is_stmt 1 view .LVU32
 131              		.loc 1 27 19 is_stmt 0 view .LVU33
 132 0028 5208     		lsrs	r2, r2, #1
 133 002a ADF80620 		strh	r2, [sp, #6]	@ movhi
 134              	.L9:
  22:Core/Src/plc.c ****           if (crc & 0x0001) {
 135              		.loc 1 22 27 is_stmt 1 discriminator 2 view .LVU34
  22:Core/Src/plc.c ****           if (crc & 0x0001) {
 136              		.loc 1 22 28 is_stmt 0 discriminator 2 view .LVU35
 137 002e 0133     		adds	r3, r3, #1
 138              	.LVL16:
  22:Core/Src/plc.c ****           if (crc & 0x0001) {
 139              		.loc 1 22 28 discriminator 2 view .LVU36
 140 0030 DBB2     		uxtb	r3, r3
ARM GAS  C:\Users\Admin\AppData\Local\Temp\ccHPEjJk.s 			page 4


 141              	.LVL17:
 142              	.L7:
  22:Core/Src/plc.c ****           if (crc & 0x0001) {
 143              		.loc 1 22 19 is_stmt 1 discriminator 1 view .LVU37
  22:Core/Src/plc.c ****           if (crc & 0x0001) {
 144              		.loc 1 22 7 is_stmt 0 discriminator 1 view .LVU38
 145 0032 082B     		cmp	r3, #8
 146 0034 EBD0     		beq	.L6
  23:Core/Src/plc.c ****           if (crc & 0x0001) {
 147              		.loc 1 23 11 is_stmt 1 view .LVU39
  23:Core/Src/plc.c ****           if (crc & 0x0001) {
 148              		.loc 1 23 19 is_stmt 0 view .LVU40
 149 0036 BDF80620 		ldrh	r2, [sp, #6]
  23:Core/Src/plc.c ****           if (crc & 0x0001) {
 150              		.loc 1 23 14 view .LVU41
 151 003a 12F0010F 		tst	r2, #1
 152 003e F3D0     		beq	.L8
  24:Core/Src/plc.c ****               crc ^= 0xA001;
 153              		.loc 1 24 15 is_stmt 1 view .LVU42
  25:Core/Src/plc.c ****           } else {
 154              		.loc 1 25 15 view .LVU43
  25:Core/Src/plc.c ****           } else {
 155              		.loc 1 25 19 is_stmt 0 view .LVU44
 156 0040 4AF20101 		movw	r1, #40961
 157 0044 81EA5202 		eor	r2, r1, r2, lsr #1
 158 0048 ADF80620 		strh	r2, [sp, #6]	@ movhi
 159 004c EFE7     		b	.L9
 160              	.LVL18:
 161              	.L13:
  28:Core/Src/plc.c ****           }
  29:Core/Src/plc.c ****       }
  30:Core/Src/plc.c ****   }
  31:Core/Src/plc.c ****   return crc;
 162              		.loc 1 31 3 is_stmt 1 view .LVU45
  32:Core/Src/plc.c **** }
 163              		.loc 1 32 1 is_stmt 0 view .LVU46
 164 004e BDF80600 		ldrh	r0, [sp, #6]
 165              	.LVL19:
 166              		.loc 1 32 1 view .LVU47
 167 0052 03B0     		add	sp, sp, #12
 168              	.LCFI2:
 169              		.cfi_def_cfa_offset 4
 170              		@ sp needed
 171 0054 10BC     		pop	{r4}
 172              	.LCFI3:
 173              		.cfi_restore 4
 174              		.cfi_def_cfa_offset 0
 175              	.LVL20:
 176              		.loc 1 32 1 view .LVU48
 177 0056 7047     		bx	lr
 178              		.cfi_endproc
 179              	.LFE69:
 181              		.section	.text.PLC_MessageGenerate,"ax",%progbits
 182              		.align	1
 183              		.global	PLC_MessageGenerate
 184              		.syntax unified
 185              		.thumb
ARM GAS  C:\Users\Admin\AppData\Local\Temp\ccHPEjJk.s 			page 5


 186              		.thumb_func
 187              		.fpu softvfp
 189              	PLC_MessageGenerate:
 190              	.LVL21:
 191              	.LFB70:
  33:Core/Src/plc.c **** void PLC_MessageGenerate(uint8_t* buffer, PLCMessage message)
  34:Core/Src/plc.c **** {
 192              		.loc 1 34 1 is_stmt 1 view -0
 193              		.cfi_startproc
 194              		@ args = 0, pretend = 0, frame = 8
 195              		@ frame_needed = 0, uses_anonymous_args = 0
 196              		.loc 1 34 1 is_stmt 0 view .LVU50
 197 0000 10B5     		push	{r4, lr}
 198              	.LCFI4:
 199              		.cfi_def_cfa_offset 8
 200              		.cfi_offset 4, -8
 201              		.cfi_offset 14, -4
 202 0002 82B0     		sub	sp, sp, #8
 203              	.LCFI5:
 204              		.cfi_def_cfa_offset 16
 205 0004 0446     		mov	r4, r0
 206 0006 02AB     		add	r3, sp, #8
 207 0008 03E90600 		stmdb	r3, {r1, r2}
  35:Core/Src/plc.c ****   
  36:Core/Src/plc.c ****   buffer[0] = '$';
 208              		.loc 1 36 3 is_stmt 1 view .LVU51
 209              		.loc 1 36 13 is_stmt 0 view .LVU52
 210 000c 2423     		movs	r3, #36
 211 000e 0370     		strb	r3, [r0]
  37:Core/Src/plc.c ****   buffer[1] = PLC_LEN_OF_MESSAGE;
 212              		.loc 1 37 3 is_stmt 1 view .LVU53
 213              		.loc 1 37 13 is_stmt 0 view .LVU54
 214 0010 0823     		movs	r3, #8
 215 0012 4370     		strb	r3, [r0, #1]
  38:Core/Src/plc.c ****   buffer[2] = message.messageType;
 216              		.loc 1 38 3 is_stmt 1 view .LVU55
 217              		.loc 1 38 22 is_stmt 0 view .LVU56
 218 0014 9DF80030 		ldrb	r3, [sp]	@ zero_extendqisi2
 219              		.loc 1 38 13 view .LVU57
 220 0018 8370     		strb	r3, [r0, #2]
  39:Core/Src/plc.c ****   buffer[3] = (message.device.roomAddr << 4 ) 
 221              		.loc 1 39 3 is_stmt 1 view .LVU58
 222              		.loc 1 39 30 is_stmt 0 view .LVU59
 223 001a 9DF80420 		ldrb	r2, [sp, #4]	@ zero_extendqisi2
 224 001e 02F00F01 		and	r1, r2, #15
  40:Core/Src/plc.c ****               | (message.device.deviceAddr << 2)
 225              		.loc 1 40 32 view .LVU60
 226 0022 C2F30113 		ubfx	r3, r2, #4, #2
 227              		.loc 1 40 44 view .LVU61
 228 0026 9B00     		lsls	r3, r3, #2
 229              		.loc 1 40 15 view .LVU62
 230 0028 43EA0113 		orr	r3, r3, r1, lsl #4
 231 002c 5BB2     		sxtb	r3, r3
  41:Core/Src/plc.c ****               | (message.device.channel);
 232              		.loc 1 41 15 view .LVU63
 233 002e 43EA9213 		orr	r3, r3, r2, lsr #6
  39:Core/Src/plc.c ****   buffer[3] = (message.device.roomAddr << 4 ) 
ARM GAS  C:\Users\Admin\AppData\Local\Temp\ccHPEjJk.s 			page 6


 234              		.loc 1 39 13 view .LVU64
 235 0032 C370     		strb	r3, [r0, #3]
  42:Core/Src/plc.c ****   buffer[4] = (message.payload >> 8) & (0xFF);
 236              		.loc 1 42 3 is_stmt 1 view .LVU65
 237              		.loc 1 42 23 is_stmt 0 view .LVU66
 238 0034 BDF80230 		ldrh	r3, [sp, #2]
 239              		.loc 1 42 13 view .LVU67
 240 0038 1A0A     		lsrs	r2, r3, #8
 241 003a 0271     		strb	r2, [r0, #4]
  43:Core/Src/plc.c ****   buffer[5] = (message.payload & 0xFF); 
 242              		.loc 1 43 3 is_stmt 1 view .LVU68
 243              		.loc 1 43 13 is_stmt 0 view .LVU69
 244 003c 4371     		strb	r3, [r0, #5]
  44:Core/Src/plc.c ****   uint16_t crc = PLC_getCRC16(buffer);
 245              		.loc 1 44 3 is_stmt 1 view .LVU70
 246              		.loc 1 44 18 is_stmt 0 view .LVU71
 247 003e FFF7FEFF 		bl	PLC_getCRC16
 248              	.LVL22:
  45:Core/Src/plc.c ****   buffer[6] = (crc >> 8) & (0xFF);
 249              		.loc 1 45 3 is_stmt 1 view .LVU72
 250              		.loc 1 45 13 is_stmt 0 view .LVU73
 251 0042 030A     		lsrs	r3, r0, #8
 252 0044 A371     		strb	r3, [r4, #6]
  46:Core/Src/plc.c ****   buffer[7] = (crc & 0xFF);
 253              		.loc 1 46 3 is_stmt 1 view .LVU74
 254              		.loc 1 46 13 is_stmt 0 view .LVU75
 255 0046 E071     		strb	r0, [r4, #7]
  47:Core/Src/plc.c **** }
 256              		.loc 1 47 1 view .LVU76
 257 0048 02B0     		add	sp, sp, #8
 258              	.LCFI6:
 259              		.cfi_def_cfa_offset 8
 260              		@ sp needed
 261 004a 10BD     		pop	{r4, pc}
 262              		.loc 1 47 1 view .LVU77
 263              		.cfi_endproc
 264              	.LFE70:
 266              		.section	.text.PLC_MessageParser,"ax",%progbits
 267              		.align	1
 268              		.global	PLC_MessageParser
 269              		.syntax unified
 270              		.thumb
 271              		.thumb_func
 272              		.fpu softvfp
 274              	PLC_MessageParser:
 275              	.LVL23:
 276              	.LFB71:
  48:Core/Src/plc.c **** 
  49:Core/Src/plc.c **** HAL_StatusTypeDef PLC_MessageParser(uint8_t* buffer, PLCMessage* message)
  50:Core/Src/plc.c **** {
 277              		.loc 1 50 1 is_stmt 1 view -0
 278              		.cfi_startproc
 279              		@ args = 0, pretend = 0, frame = 0
 280              		@ frame_needed = 0, uses_anonymous_args = 0
 281              		.loc 1 50 1 is_stmt 0 view .LVU79
 282 0000 70B5     		push	{r4, r5, r6, lr}
 283              	.LCFI7:
ARM GAS  C:\Users\Admin\AppData\Local\Temp\ccHPEjJk.s 			page 7


 284              		.cfi_def_cfa_offset 16
 285              		.cfi_offset 4, -16
 286              		.cfi_offset 5, -12
 287              		.cfi_offset 6, -8
 288              		.cfi_offset 14, -4
 289 0002 0446     		mov	r4, r0
 290 0004 0D46     		mov	r5, r1
  51:Core/Src/plc.c ****     if (PLC_MessageChecking(buffer) != HAL_OK)
 291              		.loc 1 51 5 is_stmt 1 view .LVU80
 292              		.loc 1 51 9 is_stmt 0 view .LVU81
 293 0006 FFF7FEFF 		bl	PLC_MessageChecking
 294              	.LVL24:
 295              		.loc 1 51 8 view .LVU82
 296 000a 10B1     		cbz	r0, .L21
  52:Core/Src/plc.c ****     {
  53:Core/Src/plc.c ****         return HAL_ERROR;
 297              		.loc 1 53 16 view .LVU83
 298 000c 0126     		movs	r6, #1
 299              	.L17:
  54:Core/Src/plc.c ****     }
  55:Core/Src/plc.c ****     message->messageType = buffer[2];
  56:Core/Src/plc.c ****     message->device.roomAddr = buffer[3] >> 4;
  57:Core/Src/plc.c ****     message->device.deviceAddr = (buffer[3] >> 2) & 0x03;
  58:Core/Src/plc.c ****     message->device.channel = buffer[3] & 0x03;
  59:Core/Src/plc.c ****     message->payload = (buffer[4] << 8) | (buffer[5]);
  60:Core/Src/plc.c ****     uint16_t crc = PLC_getCRC16(buffer);
  61:Core/Src/plc.c ****     if (crc != ((buffer[6] << 8) | (buffer[7])))
  62:Core/Src/plc.c ****     {
  63:Core/Src/plc.c ****         return HAL_ERROR;
  64:Core/Src/plc.c ****     }
  65:Core/Src/plc.c ****     return HAL_OK;
  66:Core/Src/plc.c **** }
 300              		.loc 1 66 1 view .LVU84
 301 000e 3046     		mov	r0, r6
 302 0010 70BD     		pop	{r4, r5, r6, pc}
 303              	.LVL25:
 304              	.L21:
 305              		.loc 1 66 1 view .LVU85
 306 0012 0646     		mov	r6, r0
  55:Core/Src/plc.c ****     message->device.roomAddr = buffer[3] >> 4;
 307              		.loc 1 55 5 is_stmt 1 view .LVU86
  55:Core/Src/plc.c ****     message->device.roomAddr = buffer[3] >> 4;
 308              		.loc 1 55 26 is_stmt 0 view .LVU87
 309 0014 A378     		ldrb	r3, [r4, #2]	@ zero_extendqisi2
 310 0016 2B70     		strb	r3, [r5]
  56:Core/Src/plc.c ****     message->device.deviceAddr = (buffer[3] >> 2) & 0x03;
 311              		.loc 1 56 5 is_stmt 1 view .LVU88
  56:Core/Src/plc.c ****     message->device.deviceAddr = (buffer[3] >> 2) & 0x03;
 312              		.loc 1 56 38 is_stmt 0 view .LVU89
 313 0018 E378     		ldrb	r3, [r4, #3]	@ zero_extendqisi2
  56:Core/Src/plc.c ****     message->device.deviceAddr = (buffer[3] >> 2) & 0x03;
 314              		.loc 1 56 42 view .LVU90
 315 001a 1B09     		lsrs	r3, r3, #4
  56:Core/Src/plc.c ****     message->device.deviceAddr = (buffer[3] >> 2) & 0x03;
 316              		.loc 1 56 30 view .LVU91
 317 001c 2A79     		ldrb	r2, [r5, #4]	@ zero_extendqisi2
 318 001e 63F30302 		bfi	r2, r3, #0, #4
ARM GAS  C:\Users\Admin\AppData\Local\Temp\ccHPEjJk.s 			page 8


 319 0022 2A71     		strb	r2, [r5, #4]
  57:Core/Src/plc.c ****     message->device.channel = buffer[3] & 0x03;
 320              		.loc 1 57 5 is_stmt 1 view .LVU92
  57:Core/Src/plc.c ****     message->device.channel = buffer[3] & 0x03;
 321              		.loc 1 57 41 is_stmt 0 view .LVU93
 322 0024 E378     		ldrb	r3, [r4, #3]	@ zero_extendqisi2
  57:Core/Src/plc.c ****     message->device.channel = buffer[3] & 0x03;
 323              		.loc 1 57 51 view .LVU94
 324 0026 C3F38103 		ubfx	r3, r3, #2, #2
  57:Core/Src/plc.c ****     message->device.channel = buffer[3] & 0x03;
 325              		.loc 1 57 32 view .LVU95
 326 002a D2B2     		uxtb	r2, r2
 327 002c 63F30512 		bfi	r2, r3, #4, #2
 328 0030 2A71     		strb	r2, [r5, #4]
  58:Core/Src/plc.c ****     message->payload = (buffer[4] << 8) | (buffer[5]);
 329              		.loc 1 58 5 is_stmt 1 view .LVU96
  58:Core/Src/plc.c ****     message->payload = (buffer[4] << 8) | (buffer[5]);
 330              		.loc 1 58 37 is_stmt 0 view .LVU97
 331 0032 E278     		ldrb	r2, [r4, #3]	@ zero_extendqisi2
  58:Core/Src/plc.c ****     message->payload = (buffer[4] << 8) | (buffer[5]);
 332              		.loc 1 58 29 view .LVU98
 333 0034 2B79     		ldrb	r3, [r5, #4]	@ zero_extendqisi2
 334 0036 62F38713 		bfi	r3, r2, #6, #2
 335 003a 2B71     		strb	r3, [r5, #4]
  59:Core/Src/plc.c ****     uint16_t crc = PLC_getCRC16(buffer);
 336              		.loc 1 59 5 is_stmt 1 view .LVU99
  59:Core/Src/plc.c ****     uint16_t crc = PLC_getCRC16(buffer);
 337              		.loc 1 59 31 is_stmt 0 view .LVU100
 338 003c 2279     		ldrb	r2, [r4, #4]	@ zero_extendqisi2
  59:Core/Src/plc.c ****     uint16_t crc = PLC_getCRC16(buffer);
 339              		.loc 1 59 50 view .LVU101
 340 003e 6379     		ldrb	r3, [r4, #5]	@ zero_extendqisi2
  59:Core/Src/plc.c ****     uint16_t crc = PLC_getCRC16(buffer);
 341              		.loc 1 59 41 view .LVU102
 342 0040 43EA0223 		orr	r3, r3, r2, lsl #8
  59:Core/Src/plc.c ****     uint16_t crc = PLC_getCRC16(buffer);
 343              		.loc 1 59 22 view .LVU103
 344 0044 6B80     		strh	r3, [r5, #2]	@ movhi
  60:Core/Src/plc.c ****     if (crc != ((buffer[6] << 8) | (buffer[7])))
 345              		.loc 1 60 5 is_stmt 1 view .LVU104
  60:Core/Src/plc.c ****     if (crc != ((buffer[6] << 8) | (buffer[7])))
 346              		.loc 1 60 20 is_stmt 0 view .LVU105
 347 0046 2046     		mov	r0, r4
 348 0048 FFF7FEFF 		bl	PLC_getCRC16
 349              	.LVL26:
  61:Core/Src/plc.c ****     {
 350              		.loc 1 61 5 is_stmt 1 view .LVU106
  61:Core/Src/plc.c ****     {
 351              		.loc 1 61 24 is_stmt 0 view .LVU107
 352 004c A279     		ldrb	r2, [r4, #6]	@ zero_extendqisi2
  61:Core/Src/plc.c ****     {
 353              		.loc 1 61 43 view .LVU108
 354 004e E379     		ldrb	r3, [r4, #7]	@ zero_extendqisi2
  61:Core/Src/plc.c ****     {
 355              		.loc 1 61 34 view .LVU109
 356 0050 43EA0223 		orr	r3, r3, r2, lsl #8
  61:Core/Src/plc.c ****     {
ARM GAS  C:\Users\Admin\AppData\Local\Temp\ccHPEjJk.s 			page 9


 357              		.loc 1 61 8 view .LVU110
 358 0054 9842     		cmp	r0, r3
 359 0056 DAD0     		beq	.L17
  63:Core/Src/plc.c ****     }
 360              		.loc 1 63 16 view .LVU111
 361 0058 0126     		movs	r6, #1
 362 005a D8E7     		b	.L17
 363              		.cfi_endproc
 364              	.LFE71:
 366              		.section	.text.PLC_ResponseMessageGenerate,"ax",%progbits
 367              		.align	1
 368              		.global	PLC_ResponseMessageGenerate
 369              		.syntax unified
 370              		.thumb
 371              		.thumb_func
 372              		.fpu softvfp
 374              	PLC_ResponseMessageGenerate:
 375              	.LVL27:
 376              	.LFB72:
  67:Core/Src/plc.c **** 
  68:Core/Src/plc.c **** void PLC_ResponseMessageGenerate(uint8_t* buffer, PLCMessage message)
  69:Core/Src/plc.c **** {
 377              		.loc 1 69 1 is_stmt 1 view -0
 378              		.cfi_startproc
 379              		@ args = 0, pretend = 0, frame = 8
 380              		@ frame_needed = 0, uses_anonymous_args = 0
 381              		.loc 1 69 1 is_stmt 0 view .LVU113
 382 0000 30B5     		push	{r4, r5, lr}
 383              	.LCFI8:
 384              		.cfi_def_cfa_offset 12
 385              		.cfi_offset 4, -12
 386              		.cfi_offset 5, -8
 387              		.cfi_offset 14, -4
 388 0002 83B0     		sub	sp, sp, #12
 389              	.LCFI9:
 390              		.cfi_def_cfa_offset 24
 391 0004 0446     		mov	r4, r0
 392 0006 02AB     		add	r3, sp, #8
 393 0008 03E90600 		stmdb	r3, {r1, r2}
  70:Core/Src/plc.c ****   
  71:Core/Src/plc.c ****   buffer[0] = '$';
 394              		.loc 1 71 3 is_stmt 1 view .LVU114
 395              		.loc 1 71 13 is_stmt 0 view .LVU115
 396 000c 2423     		movs	r3, #36
 397 000e 0370     		strb	r3, [r0]
  72:Core/Src/plc.c ****   buffer[1] = PLC_LEN_OF_MESSAGE;
 398              		.loc 1 72 3 is_stmt 1 view .LVU116
 399              		.loc 1 72 13 is_stmt 0 view .LVU117
 400 0010 0823     		movs	r3, #8
 401 0012 4370     		strb	r3, [r0, #1]
  73:Core/Src/plc.c ****   buffer[2] = PLC_RESPONSE_MESSAGE;
 402              		.loc 1 73 3 is_stmt 1 view .LVU118
 403              		.loc 1 73 13 is_stmt 0 view .LVU119
 404 0014 0121     		movs	r1, #1
 405 0016 8170     		strb	r1, [r0, #2]
  74:Core/Src/plc.c ****   buffer[3] = (message.device.roomAddr << 4 ) 
 406              		.loc 1 74 3 is_stmt 1 view .LVU120
ARM GAS  C:\Users\Admin\AppData\Local\Temp\ccHPEjJk.s 			page 10


 407              		.loc 1 74 30 is_stmt 0 view .LVU121
 408 0018 9DF80420 		ldrb	r2, [sp, #4]	@ zero_extendqisi2
 409 001c 02F00F05 		and	r5, r2, #15
  75:Core/Src/plc.c ****               | (message.device.deviceAddr << 2)
 410              		.loc 1 75 32 view .LVU122
 411 0020 C2F30113 		ubfx	r3, r2, #4, #2
 412              		.loc 1 75 44 view .LVU123
 413 0024 9B00     		lsls	r3, r3, #2
 414              		.loc 1 75 15 view .LVU124
 415 0026 43EA0513 		orr	r3, r3, r5, lsl #4
 416 002a 5BB2     		sxtb	r3, r3
  76:Core/Src/plc.c ****               | (message.device.channel);
 417              		.loc 1 76 15 view .LVU125
 418 002c 43EA9213 		orr	r3, r3, r2, lsr #6
  74:Core/Src/plc.c ****   buffer[3] = (message.device.roomAddr << 4 ) 
 419              		.loc 1 74 13 view .LVU126
 420 0030 C370     		strb	r3, [r0, #3]
  77:Core/Src/plc.c ****   buffer[4] = 0x00;
 421              		.loc 1 77 3 is_stmt 1 view .LVU127
 422              		.loc 1 77 13 is_stmt 0 view .LVU128
 423 0032 0023     		movs	r3, #0
 424 0034 0371     		strb	r3, [r0, #4]
  78:Core/Src/plc.c ****   buffer[5] = 0x01; 
 425              		.loc 1 78 3 is_stmt 1 view .LVU129
 426              		.loc 1 78 13 is_stmt 0 view .LVU130
 427 0036 4171     		strb	r1, [r0, #5]
  79:Core/Src/plc.c ****   uint16_t crc = PLC_getCRC16(buffer);
 428              		.loc 1 79 3 is_stmt 1 view .LVU131
 429              		.loc 1 79 18 is_stmt 0 view .LVU132
 430 0038 FFF7FEFF 		bl	PLC_getCRC16
 431              	.LVL28:
  80:Core/Src/plc.c ****   buffer[6] = (crc >> 8) & (0xFF);
 432              		.loc 1 80 3 is_stmt 1 view .LVU133
 433              		.loc 1 80 13 is_stmt 0 view .LVU134
 434 003c 030A     		lsrs	r3, r0, #8
 435 003e A371     		strb	r3, [r4, #6]
  81:Core/Src/plc.c ****   buffer[7] = (crc & 0xFF);
 436              		.loc 1 81 3 is_stmt 1 view .LVU135
 437              		.loc 1 81 13 is_stmt 0 view .LVU136
 438 0040 E071     		strb	r0, [r4, #7]
  82:Core/Src/plc.c **** }
 439              		.loc 1 82 1 view .LVU137
 440 0042 03B0     		add	sp, sp, #12
 441              	.LCFI10:
 442              		.cfi_def_cfa_offset 12
 443              		@ sp needed
 444 0044 30BD     		pop	{r4, r5, pc}
 445              		.loc 1 82 1 view .LVU138
 446              		.cfi_endproc
 447              	.LFE72:
 449              		.text
 450              	.Letext0:
 451              		.file 2 "c:\\program files (x86)\\gnu arm embedded toolchain\\9 2020-q2-update\\arm-none-eabi\\inc
 452              		.file 3 "c:\\program files (x86)\\gnu arm embedded toolchain\\9 2020-q2-update\\arm-none-eabi\\inc
 453              		.file 4 "c:\\program files (x86)\\gnu arm embedded toolchain\\9 2020-q2-update\\lib\\gcc\\arm-none
 454              		.file 5 "c:\\program files (x86)\\gnu arm embedded toolchain\\9 2020-q2-update\\arm-none-eabi\\inc
 455              		.file 6 "c:\\program files (x86)\\gnu arm embedded toolchain\\9 2020-q2-update\\arm-none-eabi\\inc
ARM GAS  C:\Users\Admin\AppData\Local\Temp\ccHPEjJk.s 			page 11


 456              		.file 7 "c:\\program files (x86)\\gnu arm embedded toolchain\\9 2020-q2-update\\arm-none-eabi\\inc
 457              		.file 8 "Drivers/CMSIS/Include/core_cm3.h"
 458              		.file 9 "Drivers/CMSIS/Device/ST/STM32F1xx/Include/system_stm32f1xx.h"
 459              		.file 10 "Drivers/CMSIS/Device/ST/STM32F1xx/Include/stm32f103xb.h"
 460              		.file 11 "Drivers/STM32F1xx_HAL_Driver/Inc/stm32f1xx_hal_def.h"
 461              		.file 12 "Drivers/STM32F1xx_HAL_Driver/Inc/stm32f1xx_hal_dma.h"
 462              		.file 13 "Drivers/STM32F1xx_HAL_Driver/Inc/stm32f1xx_hal_uart.h"
 463              		.file 14 "Drivers/STM32F1xx_HAL_Driver/Inc/stm32f1xx_hal.h"
 464              		.file 15 "Core/Inc/plc.h"
 465              		.file 16 "Core/Inc/usart.h"
ARM GAS  C:\Users\Admin\AppData\Local\Temp\ccHPEjJk.s 			page 12


DEFINED SYMBOLS
                            *ABS*:00000000 plc.c
C:\Users\Admin\AppData\Local\Temp\ccHPEjJk.s:16     .text.PLC_MessageChecking:00000000 $t
C:\Users\Admin\AppData\Local\Temp\ccHPEjJk.s:23     .text.PLC_MessageChecking:00000000 PLC_MessageChecking
C:\Users\Admin\AppData\Local\Temp\ccHPEjJk.s:66     .text.PLC_getCRC16:00000000 $t
C:\Users\Admin\AppData\Local\Temp\ccHPEjJk.s:72     .text.PLC_getCRC16:00000000 PLC_getCRC16
C:\Users\Admin\AppData\Local\Temp\ccHPEjJk.s:182    .text.PLC_MessageGenerate:00000000 $t
C:\Users\Admin\AppData\Local\Temp\ccHPEjJk.s:189    .text.PLC_MessageGenerate:00000000 PLC_MessageGenerate
C:\Users\Admin\AppData\Local\Temp\ccHPEjJk.s:267    .text.PLC_MessageParser:00000000 $t
C:\Users\Admin\AppData\Local\Temp\ccHPEjJk.s:274    .text.PLC_MessageParser:00000000 PLC_MessageParser
C:\Users\Admin\AppData\Local\Temp\ccHPEjJk.s:367    .text.PLC_ResponseMessageGenerate:00000000 $t
C:\Users\Admin\AppData\Local\Temp\ccHPEjJk.s:374    .text.PLC_ResponseMessageGenerate:00000000 PLC_ResponseMessageGenerate

NO UNDEFINED SYMBOLS
